#
# There is insufficient memory for the Java Runtime Environment to continue.
# Native memory allocation (malloc) failed to allocate 277872 bytes. Error detail: Chunk::new
# Possible reasons:
#   The system is out of physical RAM or swap space
#   This process is running with CompressedOops enabled, and the Java Heap may be blocking the growth of the native heap
# Possible solutions:
#   Reduce memory load on the system
#   Increase physical memory or swap space
#   Check if swap backing store is full
#   Decrease Java heap size (-Xmx/-Xms)
#   Decrease number of Java threads
#   Decrease Java thread stack sizes (-Xss)
#   Set larger code cache with -XX:ReservedCodeCacheSize=
#   JVM is running with Zero Based Compressed Oops mode in which the Java heap is
#     placed in the first 32GB address space. The Java Heap base address is the
#     maximum limit for the native heap growth. Please use -XX:HeapBaseMinAddress
#     to set the Java Heap base and to place the Java Heap above 32GB virtual address.
# This output file may be truncated or incomplete.
#
#  Out of Memory Error (arena.cpp:150), pid=14220, tid=22960
#
# JRE version: Java(TM) SE Runtime Environment (22.0+36) (build 22+36-2370)
# Java VM: Java HotSpot(TM) 64-Bit Server VM (22+36-2370, mixed mode, sharing, tiered, compressed oops, compressed class ptrs, g1 gc, windows-amd64)
# No core dump will be written. Minidumps are not enabled by default on client versions of Windows
#

---------------  S U M M A R Y ------------

Command Line: -Dfile.encoding=UTF-8 --module-path=E:\IE003\UITravel\build\classes uitravel.UserSearch

Host: 11th Gen Intel(R) Core(TM) i7-11800H @ 2.30GHz, 16 cores, 15G,  Windows 11 , 64 bit Build 22621 (10.0.22621.3527)
Time: Fri May 31 15:29:02 2024 SE Asia Standard Time elapsed time: 1.783012 seconds (0d 0h 0m 1s)

---------------  T H R E A D  ---------------

Current thread (0x0000018642efa790):  JavaThread "C2 CompilerThread7" daemon [_thread_in_native, id=22960, stack(0x0000007290a00000,0x0000007290b00000) (1024K)]


Current CompileTask:
C2:1783 3606       4       net.miginfocom.layout.Grid$CompWrap::<init> (298 bytes)

Stack: [0x0000007290a00000,0x0000007290b00000]
Native frames: (J=compiled Java code, j=interpreted, Vv=VM code, C=native code)
V  [jvm.dll+0x6e2349]  (no source info available)
V  [jvm.dll+0x874ed3]  (no source info available)
V  [jvm.dll+0x8772fe]  (no source info available)
V  [jvm.dll+0x8779d3]  (no source info available)
V  [jvm.dll+0x27fcb6]  (no source info available)
V  [jvm.dll+0xc3d0f]  (no source info available)
V  [jvm.dll+0xc3f6b]  (no source info available)
V  [jvm.dll+0x1d789f]  (no source info available)
V  [jvm.dll+0x66cbb2]  (no source info available)
V  [jvm.dll+0x670e77]  (no source info available)
V  [jvm.dll+0x247787]  (no source info available)
V  [jvm.dll+0x246faf]  (no source info available)
V  [jvm.dll+0x1c4e90]  (no source info available)
V  [jvm.dll+0x25699e]  (no source info available)
V  [jvm.dll+0x254c5a]  (no source info available)
V  [jvm.dll+0x3f5426]  (no source info available)
V  [jvm.dll+0x81d50b]  (no source info available)
V  [jvm.dll+0x6e09e5]  (no source info available)
C  [ucrtbase.dll+0x29333]  (no source info available)
C  [KERNEL32.DLL+0x1257d]  (no source info available)
C  [ntdll.dll+0x5aa48]  (no source info available)


---------------  P R O C E S S  ---------------

Threads class SMR info:
_java_thread_list=0x0000018643dd9100, length=27, elements={
0x0000018666c95f10, 0x0000018666c96ed0, 0x0000018666c99f00, 0x0000018666c9ade0,
0x0000018666c9d380, 0x0000018666c9df90, 0x0000018666ca71c0, 0x0000018641161c10,
0x0000018666c48380, 0x00000186411629b0, 0x0000018641345970, 0x0000018641160e70,
0x00000186415544a0, 0x00000186416c1d10, 0x00000186416c2fb0, 0x0000018641161540,
0x00000186411622e0, 0x0000018641b23e50, 0x00000186471d9380, 0x0000018642b3e550,
0x0000018641eae7e0, 0x0000018641163080, 0x0000018641163750, 0x00000186411607a0,
0x0000018642ef6370, 0x0000018642ef7110, 0x0000018642efa790
}

Java Threads: ( => current thread )
  0x0000018666c95f10 JavaThread "Reference Handler"          daemon [_thread_blocked, id=9404, stack(0x000000728e200000,0x000000728e300000) (1024K)]
  0x0000018666c96ed0 JavaThread "Finalizer"                  daemon [_thread_blocked, id=14804, stack(0x000000728e300000,0x000000728e400000) (1024K)]
  0x0000018666c99f00 JavaThread "Signal Dispatcher"          daemon [_thread_blocked, id=7416, stack(0x000000728e400000,0x000000728e500000) (1024K)]
  0x0000018666c9ade0 JavaThread "Attach Listener"            daemon [_thread_blocked, id=21208, stack(0x000000728e500000,0x000000728e600000) (1024K)]
  0x0000018666c9d380 JavaThread "Service Thread"             daemon [_thread_blocked, id=23568, stack(0x000000728e600000,0x000000728e700000) (1024K)]
  0x0000018666c9df90 JavaThread "Monitor Deflation Thread"   daemon [_thread_blocked, id=4160, stack(0x000000728e700000,0x000000728e800000) (1024K)]
  0x0000018666ca71c0 JavaThread "C2 CompilerThread0"         daemon [_thread_in_native, id=22720, stack(0x000000728e800000,0x000000728e900000) (1024K)]
  0x0000018641161c10 JavaThread "C1 CompilerThread0"         daemon [_thread_blocked, id=20200, stack(0x000000728e900000,0x000000728ea00000) (1024K)]
  0x0000018666c48380 JavaThread "Common-Cleaner"             daemon [_thread_blocked, id=12524, stack(0x000000728ea00000,0x000000728eb00000) (1024K)]
  0x00000186411629b0 JavaThread "C1 CompilerThread1"         daemon [_thread_blocked, id=16012, stack(0x000000728eb00000,0x000000728ec00000) (1024K)]
  0x0000018641345970 JavaThread "Notification Thread"        daemon [_thread_blocked, id=11104, stack(0x000000728ec00000,0x000000728ed00000) (1024K)]
  0x0000018641160e70 JavaThread "C2 CompilerThread1"         daemon [_thread_in_native, id=2280, stack(0x000000728ed00000,0x000000728ee00000) (1024K)]
  0x00000186415544a0 JavaThread "Java2D Disposer"            daemon [_thread_blocked, id=19284, stack(0x000000728ee00000,0x000000728ef00000) (1024K)]
  0x00000186416c1d10 JavaThread "AWT-Shutdown"                      [_thread_blocked, id=14144, stack(0x000000728ef00000,0x000000728f000000) (1024K)]
  0x00000186416c2fb0 JavaThread "AWT-Windows"                daemon [_thread_in_native, id=23764, stack(0x000000728f000000,0x000000728f100000) (1024K)]
  0x0000018641161540 JavaThread "C2 CompilerThread2"         daemon [_thread_in_native, id=14328, stack(0x000000728f100000,0x000000728f200000) (1024K)]
  0x00000186411622e0 JavaThread "C1 CompilerThread2"         daemon [_thread_blocked, id=19288, stack(0x000000728f200000,0x000000728f300000) (1024K)]
  0x0000018641b23e50 JavaThread "AWT-EventQueue-0"                  [_thread_blocked, id=18456, stack(0x000000728f300000,0x000000728f400000) (1024K)]
  0x00000186471d9380 JavaThread "DestroyJavaVM"                     [_thread_blocked, id=3552, stack(0x000000728da00000,0x000000728db00000) (1024K)]
  0x0000018642b3e550 JavaThread "TimerQueue"                 daemon [_thread_blocked, id=11896, stack(0x000000728f400000,0x000000728f500000) (1024K)]
  0x0000018641eae7e0 JavaThread "Image Fetcher 0"            daemon [_thread_blocked, id=236, stack(0x000000728f500000,0x000000728f600000) (1024K)]
  0x0000018641163080 JavaThread "C1 CompilerThread3"         daemon [_thread_blocked, id=19596, stack(0x000000728f600000,0x000000728f700000) (1024K)]
  0x0000018641163750 JavaThread "C2 CompilerThread3"         daemon [_thread_in_native, id=20400, stack(0x0000007290600000,0x0000007290700000) (1024K)]
  0x00000186411607a0 JavaThread "C2 CompilerThread4"         daemon [_thread_in_native, id=23024, stack(0x0000007290700000,0x0000007290800000) (1024K)]
  0x0000018642ef6370 JavaThread "C2 CompilerThread5"         daemon [_thread_in_native, id=22880, stack(0x0000007290800000,0x0000007290900000) (1024K)]
  0x0000018642ef7110 JavaThread "C2 CompilerThread6"         daemon [_thread_in_native, id=21272, stack(0x0000007290900000,0x0000007290a00000) (1024K)]
=>0x0000018642efa790 JavaThread "C2 CompilerThread7"         daemon [_thread_in_native, id=22960, stack(0x0000007290a00000,0x0000007290b00000) (1024K)]
Total: 27

Other Threads:
  0x0000018666c80140 VMThread "VM Thread"                           [id=10440, stack(0x000000728e100000,0x000000728e200000) (1024K)]
  0x0000018666c473c0 WatcherThread "VM Periodic Task Thread"        [id=6876, stack(0x000000728e000000,0x000000728e100000) (1024K)]
  0x0000018647246400 WorkerThread "GC Thread#0"                     [id=18964, stack(0x000000728db00000,0x000000728dc00000) (1024K)]
  0x0000018642bd59e0 WorkerThread "GC Thread#1"                     [id=2332, stack(0x000000728f700000,0x000000728f800000) (1024K)]
  0x0000018642bd6c50 WorkerThread "GC Thread#2"                     [id=15992, stack(0x000000728f800000,0x000000728f900000) (1024K)]
  0x0000018642bd6140 WorkerThread "GC Thread#3"                     [id=14068, stack(0x000000728f900000,0x000000728fa00000) (1024K)]
  0x0000018642bd5d90 WorkerThread "GC Thread#4"                     [id=5612, stack(0x000000728fa00000,0x000000728fb00000) (1024K)]
  0x0000018642bd64f0 WorkerThread "GC Thread#5"                     [id=10596, stack(0x000000728fb00000,0x000000728fc00000) (1024K)]
  0x0000018642bd7000 WorkerThread "GC Thread#6"                     [id=16616, stack(0x000000728fc00000,0x000000728fd00000) (1024K)]
  0x0000018642bd68a0 WorkerThread "GC Thread#7"                     [id=4004, stack(0x000000728fd00000,0x000000728fe00000) (1024K)]
  0x0000018642bd5630 WorkerThread "GC Thread#8"                     [id=21052, stack(0x000000728fe00000,0x000000728ff00000) (1024K)]
  0x0000018642e35df0 WorkerThread "GC Thread#9"                     [id=10284, stack(0x000000728ff00000,0x0000007290000000) (1024K)]
  0x0000018642e352e0 WorkerThread "GC Thread#10"                    [id=11964, stack(0x0000007290000000,0x0000007290100000) (1024K)]
  0x0000018642e347d0 WorkerThread "GC Thread#11"                    [id=17440, stack(0x0000007290100000,0x0000007290200000) (1024K)]
  0x0000018642e36900 WorkerThread "GC Thread#12"                    [id=12212, stack(0x0000007290200000,0x0000007290300000) (1024K)]
  0x0000018647257130 ConcurrentGCThread "G1 Main Marker"            [id=20740, stack(0x000000728dc00000,0x000000728dd00000) (1024K)]
  0x00000186472582e0 WorkerThread "G1 Conc#0"                       [id=22932, stack(0x000000728dd00000,0x000000728de00000) (1024K)]
  0x0000018666b1b090 ConcurrentGCThread "G1 Refine#0"               [id=12948, stack(0x000000728de00000,0x000000728df00000) (1024K)]
  0x0000018666b1bb10 ConcurrentGCThread "G1 Service"                [id=7568, stack(0x000000728df00000,0x000000728e000000) (1024K)]
Total: 19

Threads with active compile tasks:
C2 CompilerThread0  1822 3420   !   4       java.awt.Container::preferredSize (88 bytes)
C2 CompilerThread1  1822 3301       4       javax.swing.JComponent::getPreferredSize (43 bytes)
C2 CompilerThread2  1822 3668       4       sun.java2d.marlin.MarlinTileGenerator::getAlphaRLE (1749 bytes)
C2 CompilerThread3  1822 3414       4       net.miginfocom.layout.Grid$CompWrap::getSize (179 bytes)
C2 CompilerThread4  1822 3615       4       net.miginfocom.swing.SwingComponentWrapper::getPreferredWidth (59 bytes)
C2 CompilerThread5  1822 3635       4       net.miginfocom.swing.SwingComponentWrapper::getPreferredHeight (59 bytes)
C2 CompilerThread6  1822 3667 %     4       sun.java2d.marlin.Renderer::_endRendering @ 1815 (2646 bytes)
C2 CompilerThread7  1822 3606       4       net.miginfocom.layout.Grid$CompWrap::<init> (298 bytes)
Total: 8

VM state: not at safepoint (normal execution)

VM Mutex/Monitor currently owned by a thread: None

Heap address: 0x0000000703600000, size: 4042 MB, Compressed Oops mode: Zero based, Oop shift amount: 3

CDS archive(s) mapped at: [0x0000018600000000-0x0000018600c60000-0x0000018600c60000), size 12976128, SharedBaseAddress: 0x0000018600000000, ArchiveRelocationMode: 1.
Compressed class space mapped at: 0x0000018601000000-0x0000018641000000, reserved size: 1073741824
Narrow klass base: 0x0000018600000000, Narrow klass shift: 0, Narrow klass range: 0x41000000

GC Precious Log:
 CardTable entry size: 512
 Card Set container configuration: InlinePtr #cards 4 size 8 Array Of Cards #cards 16 size 48 Howl #buckets 8 coarsen threshold 3686 Howl Bitmap #cards 512 size 80 coarsen threshold 460 Card regions per heap region 1 cards per card region 4096
 CPUs: 16 total, 16 available
 Memory: 16163M
 Large Page Support: Disabled
 NUMA Support: Disabled
 Compressed Oops: Enabled (Zero based)
 Heap Region Size: 2M
 Heap Min Capacity: 8M
 Heap Initial Capacity: 254M
 Heap Max Capacity: 4042M
 Pre-touch: Disabled
 Parallel Workers: 13
 Concurrent Workers: 3
 Concurrent Refinement Workers: 13
 Periodic GC: Disabled

Heap:
 garbage-first heap   total reserved 4139008K, committed 260096K, used 56268K [0x0000000703600000, 0x0000000800000000)
  region size 2048K, 12 young (24576K), 2 survivors (4096K)
 Metaspace       used 17187K, committed 17408K, reserved 1114112K
  class space    used 1947K, committed 2048K, reserved 1048576K

Heap Regions: E=young(eden), S=young(survivor), O=old, HS=humongous(starts), HC=humongous(continues), CS=collection set, F=free, TAMS=top-at-mark-start, PB=parsable bottom
|   0|0x0000000703600000, 0x0000000703800000, 0x0000000703800000|100%|HS|  |TAMS 0x0000000703600000| PB 0x0000000703600000| Complete |  0
|   1|0x0000000703800000, 0x0000000703a00000, 0x0000000703a00000|100%|HC|  |TAMS 0x0000000703800000| PB 0x0000000703800000| Complete |  0
|   2|0x0000000703a00000, 0x0000000703c00000, 0x0000000703c00000|100%|HS|  |TAMS 0x0000000703a00000| PB 0x0000000703a00000| Complete |  0
|   3|0x0000000703c00000, 0x0000000703e00000, 0x0000000703e00000|100%|HC|  |TAMS 0x0000000703c00000| PB 0x0000000703c00000| Complete |  0
|   4|0x0000000703e00000, 0x0000000704000000, 0x0000000704000000|100%|HC|  |TAMS 0x0000000703e00000| PB 0x0000000703e00000| Complete |  0
|   5|0x0000000704000000, 0x0000000704200000, 0x0000000704200000|100%|HC|  |TAMS 0x0000000704000000| PB 0x0000000704000000| Complete |  0
|   6|0x0000000704200000, 0x0000000704400000, 0x0000000704400000|100%|HC|  |TAMS 0x0000000704200000| PB 0x0000000704200000| Complete |  0
|   7|0x0000000704400000, 0x0000000704600000, 0x0000000704600000|100%|HC|  |TAMS 0x0000000704400000| PB 0x0000000704400000| Complete |  0
|   8|0x0000000704600000, 0x0000000704800000, 0x0000000704800000|100%|HC|  |TAMS 0x0000000704600000| PB 0x0000000704600000| Complete |  0
|   9|0x0000000704800000, 0x0000000704a00000, 0x0000000704a00000|100%|HC|  |TAMS 0x0000000704800000| PB 0x0000000704800000| Complete |  0
|  10|0x0000000704a00000, 0x0000000704c00000, 0x0000000704c00000|100%| O|  |TAMS 0x0000000704a00000| PB 0x0000000704a00000| Untracked |  0
|  11|0x0000000704c00000, 0x0000000704e00000, 0x0000000704e00000|100%|HS|  |TAMS 0x0000000704c00000| PB 0x0000000704c00000| Complete |  0
|  12|0x0000000704e00000, 0x0000000705000000, 0x0000000705000000|100%|HC|  |TAMS 0x0000000704e00000| PB 0x0000000704e00000| Complete |  0
|  13|0x0000000705000000, 0x0000000705200000, 0x0000000705200000|100%|HC|  |TAMS 0x0000000705000000| PB 0x0000000705000000| Complete |  0
|  14|0x0000000705200000, 0x0000000705400000, 0x0000000705400000|100%|HC|  |TAMS 0x0000000705200000| PB 0x0000000705200000| Complete |  0
|  15|0x0000000705400000, 0x0000000705600000, 0x0000000705600000|100%| O|  |TAMS 0x0000000705400000| PB 0x0000000705400000| Untracked |  0
|  16|0x0000000705600000, 0x0000000705700f20, 0x0000000705800000| 50%| O|  |TAMS 0x0000000705600000| PB 0x0000000705600000| Untracked |  0
|  17|0x0000000705800000, 0x0000000705800000, 0x0000000705a00000|  0%| F|  |TAMS 0x0000000705800000| PB 0x0000000705800000| Untracked |  0
|  18|0x0000000705a00000, 0x0000000705a00000, 0x0000000705c00000|  0%| F|  |TAMS 0x0000000705a00000| PB 0x0000000705a00000| Untracked |  0
|  19|0x0000000705c00000, 0x0000000705c00000, 0x0000000705e00000|  0%| F|  |TAMS 0x0000000705c00000| PB 0x0000000705c00000| Untracked |  0
|  20|0x0000000705e00000, 0x0000000705e00000, 0x0000000706000000|  0%| F|  |TAMS 0x0000000705e00000| PB 0x0000000705e00000| Untracked |  0
|  21|0x0000000706000000, 0x0000000706000000, 0x0000000706200000|  0%| F|  |TAMS 0x0000000706000000| PB 0x0000000706000000| Untracked |  0
|  22|0x0000000706200000, 0x0000000706200000, 0x0000000706400000|  0%| F|  |TAMS 0x0000000706200000| PB 0x0000000706200000| Untracked |  0
|  23|0x0000000706400000, 0x0000000706400000, 0x0000000706600000|  0%| F|  |TAMS 0x0000000706400000| PB 0x0000000706400000| Untracked |  0
|  24|0x0000000706600000, 0x0000000706600000, 0x0000000706800000|  0%| F|  |TAMS 0x0000000706600000| PB 0x0000000706600000| Untracked |  0
|  25|0x0000000706800000, 0x0000000706800000, 0x0000000706a00000|  0%| F|  |TAMS 0x0000000706800000| PB 0x0000000706800000| Untracked |  0
|  26|0x0000000706a00000, 0x0000000706a00000, 0x0000000706c00000|  0%| F|  |TAMS 0x0000000706a00000| PB 0x0000000706a00000| Untracked |  0
|  27|0x0000000706c00000, 0x0000000706c00000, 0x0000000706e00000|  0%| F|  |TAMS 0x0000000706c00000| PB 0x0000000706c00000| Untracked |  0
|  28|0x0000000706e00000, 0x0000000706e00000, 0x0000000707000000|  0%| F|  |TAMS 0x0000000706e00000| PB 0x0000000706e00000| Untracked |  0
|  29|0x0000000707000000, 0x0000000707000000, 0x0000000707200000|  0%| F|  |TAMS 0x0000000707000000| PB 0x0000000707000000| Untracked |  0
|  30|0x0000000707200000, 0x0000000707200000, 0x0000000707400000|  0%| F|  |TAMS 0x0000000707200000| PB 0x0000000707200000| Untracked |  0
|  31|0x0000000707400000, 0x0000000707400000, 0x0000000707600000|  0%| F|  |TAMS 0x0000000707400000| PB 0x0000000707400000| Untracked |  0
|  32|0x0000000707600000, 0x0000000707600000, 0x0000000707800000|  0%| F|  |TAMS 0x0000000707600000| PB 0x0000000707600000| Untracked |  0
|  33|0x0000000707800000, 0x0000000707800000, 0x0000000707a00000|  0%| F|  |TAMS 0x0000000707800000| PB 0x0000000707800000| Untracked |  0
|  34|0x0000000707a00000, 0x0000000707a00000, 0x0000000707c00000|  0%| F|  |TAMS 0x0000000707a00000| PB 0x0000000707a00000| Untracked |  0
|  35|0x0000000707c00000, 0x0000000707c00000, 0x0000000707e00000|  0%| F|  |TAMS 0x0000000707c00000| PB 0x0000000707c00000| Untracked |  0
|  36|0x0000000707e00000, 0x0000000707e00000, 0x0000000708000000|  0%| F|  |TAMS 0x0000000707e00000| PB 0x0000000707e00000| Untracked |  0
|  37|0x0000000708000000, 0x0000000708000000, 0x0000000708200000|  0%| F|  |TAMS 0x0000000708000000| PB 0x0000000708000000| Untracked |  0
|  38|0x0000000708200000, 0x0000000708200000, 0x0000000708400000|  0%| F|  |TAMS 0x0000000708200000| PB 0x0000000708200000| Untracked |  0
|  39|0x0000000708400000, 0x0000000708400000, 0x0000000708600000|  0%| F|  |TAMS 0x0000000708400000| PB 0x0000000708400000| Untracked |  0
|  40|0x0000000708600000, 0x0000000708600000, 0x0000000708800000|  0%| F|  |TAMS 0x0000000708600000| PB 0x0000000708600000| Untracked |  0
|  41|0x0000000708800000, 0x0000000708800000, 0x0000000708a00000|  0%| F|  |TAMS 0x0000000708800000| PB 0x0000000708800000| Untracked |  0
|  42|0x0000000708a00000, 0x0000000708a00000, 0x0000000708c00000|  0%| F|  |TAMS 0x0000000708a00000| PB 0x0000000708a00000| Untracked |  0
|  43|0x0000000708c00000, 0x0000000708c00000, 0x0000000708e00000|  0%| F|  |TAMS 0x0000000708c00000| PB 0x0000000708c00000| Untracked |  0
|  44|0x0000000708e00000, 0x0000000708e00000, 0x0000000709000000|  0%| F|  |TAMS 0x0000000708e00000| PB 0x0000000708e00000| Untracked |  0
|  45|0x0000000709000000, 0x0000000709000000, 0x0000000709200000|  0%| F|  |TAMS 0x0000000709000000| PB 0x0000000709000000| Untracked |  0
|  46|0x0000000709200000, 0x0000000709200000, 0x0000000709400000|  0%| F|  |TAMS 0x0000000709200000| PB 0x0000000709200000| Untracked |  0
|  47|0x0000000709400000, 0x0000000709400000, 0x0000000709600000|  0%| F|  |TAMS 0x0000000709400000| PB 0x0000000709400000| Untracked |  0
|  48|0x0000000709600000, 0x0000000709600000, 0x0000000709800000|  0%| F|  |TAMS 0x0000000709600000| PB 0x0000000709600000| Untracked |  0
|  49|0x0000000709800000, 0x0000000709800000, 0x0000000709a00000|  0%| F|  |TAMS 0x0000000709800000| PB 0x0000000709800000| Untracked |  0
|  50|0x0000000709a00000, 0x0000000709a00000, 0x0000000709c00000|  0%| F|  |TAMS 0x0000000709a00000| PB 0x0000000709a00000| Untracked |  0
|  51|0x0000000709c00000, 0x0000000709c00000, 0x0000000709e00000|  0%| F|  |TAMS 0x0000000709c00000| PB 0x0000000709c00000| Untracked |  0
|  52|0x0000000709e00000, 0x0000000709e00000, 0x000000070a000000|  0%| F|  |TAMS 0x0000000709e00000| PB 0x0000000709e00000| Untracked |  0
|  53|0x000000070a000000, 0x000000070a000000, 0x000000070a200000|  0%| F|  |TAMS 0x000000070a000000| PB 0x000000070a000000| Untracked |  0
|  54|0x000000070a200000, 0x000000070a200000, 0x000000070a400000|  0%| F|  |TAMS 0x000000070a200000| PB 0x000000070a200000| Untracked |  0
|  55|0x000000070a400000, 0x000000070a400000, 0x000000070a600000|  0%| F|  |TAMS 0x000000070a400000| PB 0x000000070a400000| Untracked |  0
|  56|0x000000070a600000, 0x000000070a600000, 0x000000070a800000|  0%| F|  |TAMS 0x000000070a600000| PB 0x000000070a600000| Untracked |  0
|  57|0x000000070a800000, 0x000000070a800000, 0x000000070aa00000|  0%| F|  |TAMS 0x000000070a800000| PB 0x000000070a800000| Untracked |  0
|  58|0x000000070aa00000, 0x000000070aa00000, 0x000000070ac00000|  0%| F|  |TAMS 0x000000070aa00000| PB 0x000000070aa00000| Untracked |  0
|  59|0x000000070ac00000, 0x000000070ac00000, 0x000000070ae00000|  0%| F|  |TAMS 0x000000070ac00000| PB 0x000000070ac00000| Untracked |  0
|  60|0x000000070ae00000, 0x000000070ae00000, 0x000000070b000000|  0%| F|  |TAMS 0x000000070ae00000| PB 0x000000070ae00000| Untracked |  0
|  61|0x000000070b000000, 0x000000070b000000, 0x000000070b200000|  0%| F|  |TAMS 0x000000070b000000| PB 0x000000070b000000| Untracked |  0
|  62|0x000000070b200000, 0x000000070b200000, 0x000000070b400000|  0%| F|  |TAMS 0x000000070b200000| PB 0x000000070b200000| Untracked |  0
|  63|0x000000070b400000, 0x000000070b400000, 0x000000070b600000|  0%| F|  |TAMS 0x000000070b400000| PB 0x000000070b400000| Untracked |  0
|  64|0x000000070b600000, 0x000000070b600000, 0x000000070b800000|  0%| F|  |TAMS 0x000000070b600000| PB 0x000000070b600000| Untracked |  0
|  65|0x000000070b800000, 0x000000070b800000, 0x000000070ba00000|  0%| F|  |TAMS 0x000000070b800000| PB 0x000000070b800000| Untracked |  0
|  66|0x000000070ba00000, 0x000000070ba00000, 0x000000070bc00000|  0%| F|  |TAMS 0x000000070ba00000| PB 0x000000070ba00000| Untracked |  0
|  67|0x000000070bc00000, 0x000000070bc00000, 0x000000070be00000|  0%| F|  |TAMS 0x000000070bc00000| PB 0x000000070bc00000| Untracked |  0
|  68|0x000000070be00000, 0x000000070be00000, 0x000000070c000000|  0%| F|  |TAMS 0x000000070be00000| PB 0x000000070be00000| Untracked |  0
|  69|0x000000070c000000, 0x000000070c000000, 0x000000070c200000|  0%| F|  |TAMS 0x000000070c000000| PB 0x000000070c000000| Untracked |  0
|  70|0x000000070c200000, 0x000000070c200000, 0x000000070c400000|  0%| F|  |TAMS 0x000000070c200000| PB 0x000000070c200000| Untracked |  0
|  71|0x000000070c400000, 0x000000070c400000, 0x000000070c600000|  0%| F|  |TAMS 0x000000070c400000| PB 0x000000070c400000| Untracked |  0
|  72|0x000000070c600000, 0x000000070c600000, 0x000000070c800000|  0%| F|  |TAMS 0x000000070c600000| PB 0x000000070c600000| Untracked |  0
|  73|0x000000070c800000, 0x000000070c800000, 0x000000070ca00000|  0%| F|  |TAMS 0x000000070c800000| PB 0x000000070c800000| Untracked |  0
|  74|0x000000070ca00000, 0x000000070ca00000, 0x000000070cc00000|  0%| F|  |TAMS 0x000000070ca00000| PB 0x000000070ca00000| Untracked |  0
|  75|0x000000070cc00000, 0x000000070cc00000, 0x000000070ce00000|  0%| F|  |TAMS 0x000000070cc00000| PB 0x000000070cc00000| Untracked |  0
|  76|0x000000070ce00000, 0x000000070ce00000, 0x000000070d000000|  0%| F|  |TAMS 0x000000070ce00000| PB 0x000000070ce00000| Untracked |  0
|  77|0x000000070d000000, 0x000000070d000000, 0x000000070d200000|  0%| F|  |TAMS 0x000000070d000000| PB 0x000000070d000000| Untracked |  0
|  78|0x000000070d200000, 0x000000070d200000, 0x000000070d400000|  0%| F|  |TAMS 0x000000070d200000| PB 0x000000070d200000| Untracked |  0
|  79|0x000000070d400000, 0x000000070d400000, 0x000000070d600000|  0%| F|  |TAMS 0x000000070d400000| PB 0x000000070d400000| Untracked |  0
|  80|0x000000070d600000, 0x000000070d600000, 0x000000070d800000|  0%| F|  |TAMS 0x000000070d600000| PB 0x000000070d600000| Untracked |  0
|  81|0x000000070d800000, 0x000000070d800000, 0x000000070da00000|  0%| F|  |TAMS 0x000000070d800000| PB 0x000000070d800000| Untracked |  0
|  82|0x000000070da00000, 0x000000070da00000, 0x000000070dc00000|  0%| F|  |TAMS 0x000000070da00000| PB 0x000000070da00000| Untracked |  0
|  83|0x000000070dc00000, 0x000000070dc00000, 0x000000070de00000|  0%| F|  |TAMS 0x000000070dc00000| PB 0x000000070dc00000| Untracked |  0
|  84|0x000000070de00000, 0x000000070de00000, 0x000000070e000000|  0%| F|  |TAMS 0x000000070de00000| PB 0x000000070de00000| Untracked |  0
|  85|0x000000070e000000, 0x000000070e000000, 0x000000070e200000|  0%| F|  |TAMS 0x000000070e000000| PB 0x000000070e000000| Untracked |  0
|  86|0x000000070e200000, 0x000000070e200000, 0x000000070e400000|  0%| F|  |TAMS 0x000000070e200000| PB 0x000000070e200000| Untracked |  0
|  87|0x000000070e400000, 0x000000070e400000, 0x000000070e600000|  0%| F|  |TAMS 0x000000070e400000| PB 0x000000070e400000| Untracked |  0
|  88|0x000000070e600000, 0x000000070e600000, 0x000000070e800000|  0%| F|  |TAMS 0x000000070e600000| PB 0x000000070e600000| Untracked |  0
|  89|0x000000070e800000, 0x000000070e800000, 0x000000070ea00000|  0%| F|  |TAMS 0x000000070e800000| PB 0x000000070e800000| Untracked |  0
|  90|0x000000070ea00000, 0x000000070ea00000, 0x000000070ec00000|  0%| F|  |TAMS 0x000000070ea00000| PB 0x000000070ea00000| Untracked |  0
|  91|0x000000070ec00000, 0x000000070ec00000, 0x000000070ee00000|  0%| F|  |TAMS 0x000000070ec00000| PB 0x000000070ec00000| Untracked |  0
|  92|0x000000070ee00000, 0x000000070ee00000, 0x000000070f000000|  0%| F|  |TAMS 0x000000070ee00000| PB 0x000000070ee00000| Untracked |  0
|  93|0x000000070f000000, 0x000000070f000000, 0x000000070f200000|  0%| F|  |TAMS 0x000000070f000000| PB 0x000000070f000000| Untracked |  0
|  94|0x000000070f200000, 0x000000070f200000, 0x000000070f400000|  0%| F|  |TAMS 0x000000070f200000| PB 0x000000070f200000| Untracked |  0
|  95|0x000000070f400000, 0x000000070f400000, 0x000000070f600000|  0%| F|  |TAMS 0x000000070f400000| PB 0x000000070f400000| Untracked |  0
|  96|0x000000070f600000, 0x000000070f600000, 0x000000070f800000|  0%| F|  |TAMS 0x000000070f600000| PB 0x000000070f600000| Untracked |  0
|  97|0x000000070f800000, 0x000000070f800000, 0x000000070fa00000|  0%| F|  |TAMS 0x000000070f800000| PB 0x000000070f800000| Untracked |  0
|  98|0x000000070fa00000, 0x000000070fa00000, 0x000000070fc00000|  0%| F|  |TAMS 0x000000070fa00000| PB 0x000000070fa00000| Untracked |  0
|  99|0x000000070fc00000, 0x000000070fc00000, 0x000000070fe00000|  0%| F|  |TAMS 0x000000070fc00000| PB 0x000000070fc00000| Untracked |  0
| 100|0x000000070fe00000, 0x000000070fe00000, 0x0000000710000000|  0%| F|  |TAMS 0x000000070fe00000| PB 0x000000070fe00000| Untracked |  0
| 101|0x0000000710000000, 0x0000000710000000, 0x0000000710200000|  0%| F|  |TAMS 0x0000000710000000| PB 0x0000000710000000| Untracked |  0
| 102|0x0000000710200000, 0x0000000710200000, 0x0000000710400000|  0%| F|  |TAMS 0x0000000710200000| PB 0x0000000710200000| Untracked |  0
| 103|0x0000000710400000, 0x0000000710400000, 0x0000000710600000|  0%| F|  |TAMS 0x0000000710400000| PB 0x0000000710400000| Untracked |  0
| 104|0x0000000710600000, 0x0000000710600000, 0x0000000710800000|  0%| F|  |TAMS 0x0000000710600000| PB 0x0000000710600000| Untracked |  0
| 105|0x0000000710800000, 0x0000000710800000, 0x0000000710a00000|  0%| F|  |TAMS 0x0000000710800000| PB 0x0000000710800000| Untracked |  0
| 106|0x0000000710a00000, 0x0000000710a00000, 0x0000000710c00000|  0%| F|  |TAMS 0x0000000710a00000| PB 0x0000000710a00000| Untracked |  0
| 107|0x0000000710c00000, 0x0000000710df2380, 0x0000000710e00000| 97%| S|CS|TAMS 0x0000000710c00000| PB 0x0000000710c00000| Complete |  0
| 108|0x0000000710e00000, 0x0000000711000000, 0x0000000711000000|100%| S|CS|TAMS 0x0000000710e00000| PB 0x0000000710e00000| Complete |  0
| 109|0x0000000711000000, 0x0000000711000000, 0x0000000711200000|  0%| F|  |TAMS 0x0000000711000000| PB 0x0000000711000000| Untracked |  0
| 110|0x0000000711200000, 0x0000000711200000, 0x0000000711400000|  0%| F|  |TAMS 0x0000000711200000| PB 0x0000000711200000| Untracked |  0
| 111|0x0000000711400000, 0x0000000711400000, 0x0000000711600000|  0%| F|  |TAMS 0x0000000711400000| PB 0x0000000711400000| Untracked |  0
| 112|0x0000000711600000, 0x0000000711600000, 0x0000000711800000|  0%| F|  |TAMS 0x0000000711600000| PB 0x0000000711600000| Untracked |  0
| 113|0x0000000711800000, 0x0000000711800000, 0x0000000711a00000|  0%| F|  |TAMS 0x0000000711800000| PB 0x0000000711800000| Untracked |  0
| 114|0x0000000711a00000, 0x0000000711a00000, 0x0000000711c00000|  0%| F|  |TAMS 0x0000000711a00000| PB 0x0000000711a00000| Untracked |  0
| 115|0x0000000711c00000, 0x0000000711c00000, 0x0000000711e00000|  0%| F|  |TAMS 0x0000000711c00000| PB 0x0000000711c00000| Untracked |  0
| 116|0x0000000711e00000, 0x0000000711e00000, 0x0000000712000000|  0%| F|  |TAMS 0x0000000711e00000| PB 0x0000000711e00000| Untracked |  0
| 117|0x0000000712000000, 0x0000000712200000, 0x0000000712200000|100%| E|  |TAMS 0x0000000712000000| PB 0x0000000712000000| Complete |  0
| 118|0x0000000712200000, 0x0000000712400000, 0x0000000712400000|100%| E|CS|TAMS 0x0000000712200000| PB 0x0000000712200000| Complete |  0
| 119|0x0000000712400000, 0x0000000712600000, 0x0000000712600000|100%| E|CS|TAMS 0x0000000712400000| PB 0x0000000712400000| Complete |  0
| 120|0x0000000712600000, 0x0000000712800000, 0x0000000712800000|100%| E|CS|TAMS 0x0000000712600000| PB 0x0000000712600000| Complete |  0
| 121|0x0000000712800000, 0x0000000712a00000, 0x0000000712a00000|100%| E|CS|TAMS 0x0000000712800000| PB 0x0000000712800000| Complete |  0
| 122|0x0000000712a00000, 0x0000000712c00000, 0x0000000712c00000|100%| E|CS|TAMS 0x0000000712a00000| PB 0x0000000712a00000| Complete |  0
| 123|0x0000000712c00000, 0x0000000712e00000, 0x0000000712e00000|100%| E|CS|TAMS 0x0000000712c00000| PB 0x0000000712c00000| Complete |  0
| 124|0x0000000712e00000, 0x0000000713000000, 0x0000000713000000|100%| E|CS|TAMS 0x0000000712e00000| PB 0x0000000712e00000| Complete |  0
| 125|0x0000000713000000, 0x0000000713200000, 0x0000000713200000|100%| E|CS|TAMS 0x0000000713000000| PB 0x0000000713000000| Complete |  0
| 126|0x0000000713200000, 0x0000000713400000, 0x0000000713400000|100%| E|CS|TAMS 0x0000000713200000| PB 0x0000000713200000| Complete |  0

Card table byte_map: [0x000001865f5b0000,0x000001865fda0000] _byte_map_base: 0x000001865bd95000

Marking Bits: (CMBitMap*) 0x0000018647246a10
 Bits: [0x000001865fda0000, 0x0000018663cc8000)

Polling page: 0x0000018645150000

Metaspace:

Usage:
  Non-class:     14.88 MB used.
      Class:      1.90 MB used.
       Both:     16.79 MB used.

Virtual space:
  Non-class space:       64.00 MB reserved,      15.00 MB ( 23%) committed,  1 nodes.
      Class space:        1.00 GB reserved,       2.00 MB ( <1%) committed,  1 nodes.
             Both:        1.06 GB reserved,      17.00 MB (  2%) committed. 

Chunk freelists:
   Non-Class:  832.00 KB
       Class:  14.03 MB
        Both:  14.84 MB

MaxMetaspaceSize: unlimited
CompressedClassSpaceSize: 1.00 GB
Initial GC threshold: 21.00 MB
Current GC threshold: 21.00 MB
CDS: on
 - commit_granule_bytes: 65536.
 - commit_granule_words: 8192.
 - virtual_space_node_default_size: 8388608.
 - enlarge_chunks_in_place: 1.
 - use_allocation_guard: 0.


Internal statistics:

num_allocs_failed_limit: 0.
num_arena_births: 240.
num_arena_deaths: 0.
num_vsnodes_births: 2.
num_vsnodes_deaths: 0.
num_space_committed: 272.
num_space_uncommitted: 0.
num_chunks_returned_to_freelist: 0.
num_chunks_taken_from_freelist: 418.
num_chunk_merges: 0.
num_chunk_splits: 245.
num_chunks_enlarged: 136.
num_inconsistent_stats: 0.

CodeHeap 'non-profiled nmethods': size=119168Kb used=1671Kb max_used=1671Kb free=117496Kb
 bounds [0x00000186570c0000, 0x0000018657330000, 0x000001865e520000]
CodeHeap 'profiled nmethods': size=119104Kb used=7471Kb max_used=7471Kb free=111633Kb
 bounds [0x000001864f520000, 0x000001864fc70000, 0x0000018656970000]
CodeHeap 'non-nmethods': size=7488Kb used=3647Kb max_used=3692Kb free=3840Kb
 bounds [0x0000018656970000, 0x0000018656d20000, 0x00000186570c0000]
 total_blobs=4481 nmethods=3711 adapters=669
 compilation: enabled
              stopped_count=0, restarted_count=0
 full_count=0

Compilation events (20 events):
Event: 1.733 Thread 0x0000018642ef6370 nmethod 3613 0x000001865725f090 code [0x000001865725f220, 0x000001865725f508]
Event: 1.733 Thread 0x00000186411607a0 nmethod 3623 0x000001865725f590 code [0x000001865725f780, 0x000001865725fc68]
Event: 1.734 Thread 0x0000018642ef6370 3628       4       java.util.TreeMap::navigableKeySet (27 bytes)
Event: 1.735 Thread 0x00000186411607a0 3629       4       java.util.TreeMap$KeySet::iterator (32 bytes)
Event: 1.738 Thread 0x0000018642ef6370 nmethod 3628 0x000001865725ff90 code [0x0000018657260120, 0x0000018657260310]
Event: 1.739 Thread 0x0000018642ef6370 3609       4       net.miginfocom.layout.LayoutUtil::getIndexSafe (25 bytes)
Event: 1.741 Thread 0x0000018642ef6370 nmethod 3609 0x0000018657260410 code [0x0000018657260580, 0x0000018657260638]
Event: 1.742 Thread 0x0000018642ef6370 3605       4       net.miginfocom.layout.UnitValue::getPixels (11 bytes)
Event: 1.744 Thread 0x0000018642ef6370 nmethod 3605 0x0000018657260710 code [0x00000186572608a0, 0x00000186572609b8]
Event: 1.745 Thread 0x0000018642ef6370 3622       4       net.miginfocom.layout.CC::isWrap (13 bytes)
Event: 1.745 Thread 0x00000186411607a0 nmethod 3629 0x0000018657260a90 code [0x0000018657260c40, 0x0000018657260fc8]
Event: 1.746 Thread 0x00000186411607a0 3615       4       net.miginfocom.swing.SwingComponentWrapper::getPreferredWidth (59 bytes)
Event: 1.747 Thread 0x0000018642ef6370 nmethod 3622 0x0000018657261190 code [0x0000018657261300, 0x00000186572613a8]
Event: 1.747 Thread 0x0000018642ef6370 3619       4       net.miginfocom.layout.Grid::getPos (113 bytes)
Event: 1.750 Thread 0x0000018642ef6370 nmethod 3619 0x0000018657261490 code [0x0000018657261620, 0x0000018657261708]
Event: 1.750 Thread 0x0000018642ef6370 3620       4       net.miginfocom.layout.CC::getPos (52 bytes)
Event: 1.752 Thread 0x0000018642ef6370 nmethod 3620 0x0000018657261810 code [0x0000018657261980, 0x0000018657261a30]
Event: 1.753 Thread 0x0000018642ef6370 3621       4       net.miginfocom.layout.Grid::getCallbackSize (54 bytes)
Event: 1.754 Thread 0x0000018642ef6370 nmethod 3621 0x0000018657261b10 code [0x0000018657261c80, 0x0000018657261d30]
Event: 1.755 Thread 0x0000018642ef6370 3635       4       net.miginfocom.swing.SwingComponentWrapper::getPreferredHeight (59 bytes)

GC Heap History (4 events):
Event: 0.574 GC heap before
{Heap before GC invocations=0 (full 0):
 garbage-first heap   total reserved 4139008K, committed 260096K, used 45056K [0x0000000703600000, 0x0000000800000000)
  region size 2048K, 12 young (24576K), 0 survivors (0K)
 Metaspace       used 12102K, committed 12352K, reserved 1114112K
  class space    used 1404K, committed 1536K, reserved 1048576K
}
Event: 0.580 GC heap after
{Heap after GC invocations=1 (full 0):
 garbage-first heap   total reserved 4139008K, committed 260096K, used 25485K [0x0000000703600000, 0x0000000800000000)
  region size 2048K, 2 young (4096K), 2 survivors (4096K)
 Metaspace       used 12102K, committed 12352K, reserved 1114112K
  class space    used 1404K, committed 1536K, reserved 1048576K
}
Event: 1.414 GC heap before
{Heap before GC invocations=1 (full 0):
 garbage-first heap   total reserved 4139008K, committed 260096K, used 66445K [0x0000000703600000, 0x0000000800000000)
  region size 2048K, 18 young (36864K), 2 survivors (4096K)
 Metaspace       used 16868K, committed 17088K, reserved 1114112K
  class space    used 1930K, committed 2048K, reserved 1048576K
}
Event: 1.420 GC heap after
{Heap after GC invocations=2 (full 0):
 garbage-first heap   total reserved 4139008K, committed 260096K, used 37836K [0x0000000703600000, 0x0000000800000000)
  region size 2048K, 2 young (4096K), 2 survivors (4096K)
 Metaspace       used 16868K, committed 17088K, reserved 1114112K
  class space    used 1930K, committed 2048K, reserved 1048576K
}

Dll operation events (11 events):
Event: 0.005 Loaded shared library C:\Program Files\Java\jdk-22\bin\java.dll
Event: 0.026 Loaded shared library C:\Program Files\Java\jdk-22\bin\jsvml.dll
Event: 0.044 Loaded shared library C:\Program Files\Java\jdk-22\bin\net.dll
Event: 0.046 Loaded shared library C:\Program Files\Java\jdk-22\bin\nio.dll
Event: 0.058 Loaded shared library C:\Program Files\Java\jdk-22\bin\zip.dll
Event: 0.073 Loaded shared library C:\Program Files\Java\jdk-22\bin\jimage.dll
Event: 0.082 Loaded shared library C:\Program Files\Java\jdk-22\bin\awt.dll
Event: 0.149 Loaded shared library C:\Program Files\Java\jdk-22\bin\freetype.dll
Event: 0.150 Loaded shared library C:\Program Files\Java\jdk-22\bin\fontmanager.dll
Event: 0.289 Loaded shared library C:\Users\ACER\AppData\Local\Temp\flatlaf.temp\flatlaf-windows-x86_64-209818114146000.dll
Event: 0.301 Loaded shared library C:\Program Files\Java\jdk-22\bin\verify.dll

Deoptimization events (20 events):
Event: 1.648 Thread 0x0000018641b23e50 DEOPT PACKING pc=0x000001864fb6d243 sp=0x000000728f3fce00
Event: 1.648 Thread 0x0000018641b23e50 DEOPT UNPACKING pc=0x00000186569c88e2 sp=0x000000728f3fc2b0 mode 0
Event: 1.649 Thread 0x0000018641b23e50 DEOPT PACKING pc=0x000001864fb6d243 sp=0x000000728f3fc820
Event: 1.649 Thread 0x0000018641b23e50 DEOPT UNPACKING pc=0x00000186569c88e2 sp=0x000000728f3fbcd0 mode 0
Event: 1.651 Thread 0x0000018641b23e50 DEOPT PACKING pc=0x000001864fb69273 sp=0x000000728f3fc5f0
Event: 1.651 Thread 0x0000018641b23e50 DEOPT UNPACKING pc=0x00000186569c88e2 sp=0x000000728f3fb9e8 mode 0
Event: 1.652 Thread 0x0000018641b23e50 DEOPT PACKING pc=0x000001864fb559b7 sp=0x000000728f3fc8d0
Event: 1.652 Thread 0x0000018641b23e50 DEOPT UNPACKING pc=0x00000186569c88e2 sp=0x000000728f3fbcd0 mode 0
Event: 1.652 Thread 0x0000018641b23e50 DEOPT PACKING pc=0x000001864fb6d243 sp=0x000000728f3fc820
Event: 1.652 Thread 0x0000018641b23e50 DEOPT UNPACKING pc=0x00000186569c88e2 sp=0x000000728f3fbcd0 mode 0
Event: 1.654 Thread 0x0000018641b23e50 DEOPT PACKING pc=0x000001864fb6d243 sp=0x000000728f3fc4b0
Event: 1.654 Thread 0x0000018641b23e50 DEOPT UNPACKING pc=0x00000186569c88e2 sp=0x000000728f3fb940 mode 0
Event: 1.655 Thread 0x0000018641b23e50 DEOPT PACKING pc=0x000001864fb69273 sp=0x000000728f3fc5e0
Event: 1.655 Thread 0x0000018641b23e50 DEOPT UNPACKING pc=0x00000186569c88e2 sp=0x000000728f3fb9d8 mode 0
Event: 1.655 Thread 0x0000018641b23e50 Uncommon trap: trap_request=0xffffff45 fr.pc=0x000001865722d878 relative=0x00000000000022d8
Event: 1.655 Thread 0x0000018641b23e50 Uncommon trap: reason=unstable_if action=reinterpret pc=0x000001865722d878 method=sun.java2d.marlin.Renderer._endRendering(II)V @ 2109 c2
Event: 1.655 Thread 0x0000018641b23e50 DEOPT PACKING pc=0x000001865722d878 sp=0x000000728f3fc600
Event: 1.655 Thread 0x0000018641b23e50 DEOPT UNPACKING pc=0x00000186569c7da2 sp=0x000000728f3fc4d8 mode 2
Event: 1.657 Thread 0x0000018641b23e50 DEOPT PACKING pc=0x000001864fb6d243 sp=0x000000728f3fc830
Event: 1.657 Thread 0x0000018641b23e50 DEOPT UNPACKING pc=0x00000186569c88e2 sp=0x000000728f3fbce0 mode 0

Classes loaded (20 events):
Event: 1.638 Loading class java/awt/TextComponent
Event: 1.639 Loading class java/awt/TextComponent done
Event: 1.639 Loading class javax/swing/TimerQueue$DelayedTimer
Event: 1.639 Loading class java/util/concurrent/Delayed
Event: 1.639 Loading class java/util/concurrent/Delayed done
Event: 1.639 Loading class javax/swing/TimerQueue$DelayedTimer done
Event: 1.641 Loading class javax/swing/RepaintManager$3
Event: 1.641 Loading class javax/swing/RepaintManager$3 done
Event: 1.662 Loading class java/awt/geom/Path2D$Float$CopyIterator
Event: 1.663 Loading class java/awt/geom/Path2D$Float$CopyIterator done
Event: 1.678 Loading class java/awt/KeyboardFocusManager$3
Event: 1.679 Loading class java/awt/KeyboardFocusManager$3 done
Event: 1.684 Loading class sun/awt/im/CompositionAreaHandler
Event: 1.684 Loading class sun/awt/im/CompositionAreaHandler done
Event: 1.684 Loading class java/text/AttributedString
Event: 1.685 Loading class java/text/AttributedString done
Event: 1.685 Loading class java/text/AttributedString$AttributedStringIterator
Event: 1.685 Loading class java/text/AttributedCharacterIterator
Event: 1.685 Loading class java/text/AttributedCharacterIterator done
Event: 1.685 Loading class java/text/AttributedString$AttributedStringIterator done

Classes unloaded (0 events):
No events

Classes redefined (0 events):
No events

Internal exceptions (20 events):
Event: 0.306 Thread 0x0000018641b23e50 Exception <a 'java/lang/NoSuchMethodError'{0x000000071266c0a8}: 'java.lang.Object java.lang.invoke.DirectMethodHandle$Holder.invokeVirtual(java.lang.Object, java.lang.Object, java.lang.Object, java.lang.Object)'> (0x000000071266c0a8) 
thrown [s\open\src\hotspot\share\interpreter\linkResolver.cpp, line 774]
Event: 0.355 Thread 0x0000018641b23e50 Exception <a 'java/lang/ClassNotFoundException'{0x00000007127a3858}: java/lang/ObjectCustomizer> (0x00000007127a3858) 
thrown [s\open\src\hotspot\share\classfile\systemDictionary.cpp, line 313]
Event: 0.357 Thread 0x0000018641b23e50 Exception <a 'java/lang/NoSuchMethodError'{0x00000007127aa808}: 'java.lang.Object java.lang.invoke.DirectMethodHandle$Holder.invokeInterface(java.lang.Object, java.lang.Object)'> (0x00000007127aa808) 
thrown [s\open\src\hotspot\share\interpreter\linkResolver.cpp, line 774]
Event: 0.357 Thread 0x0000018641b23e50 Exception <a 'java/lang/IncompatibleClassChangeError'{0x00000007127add30}: Found class java.lang.Object, but interface was expected> (0x00000007127add30) 
thrown [s\open\src\hotspot\share\interpreter\linkResolver.cpp, line 841]
Event: 0.366 Thread 0x0000018641b23e50 Exception <a 'java/lang/ClassNotFoundException'{0x00000007127ebdb8}: net/miginfocom/layout/UnitValueCustomizer> (0x00000007127ebdb8) 
thrown [s\open\src\hotspot\share\classfile\systemDictionary.cpp, line 313]
Event: 0.368 Thread 0x0000018641b23e50 Exception <a 'java/lang/ClassNotFoundException'{0x000000071240a7a0}: java/lang/ObjectCustomizer> (0x000000071240a7a0) 
thrown [s\open\src\hotspot\share\classfile\systemDictionary.cpp, line 313]
Event: 0.368 Thread 0x0000018641b23e50 Exception <a 'java/lang/ClassNotFoundException'{0x000000071240fac8}: net/miginfocom/layout/BoundSizeCustomizer> (0x000000071240fac8) 
thrown [s\open\src\hotspot\share\classfile\systemDictionary.cpp, line 313]
Event: 0.376 Thread 0x0000018641b23e50 Exception <a 'java/lang/NoSuchMethodError'{0x000000071244ca30}: 'void java.lang.invoke.DirectMethodHandle$Holder.invokeVirtual(java.lang.Object, java.lang.Object)'> (0x000000071244ca30) 
thrown [s\open\src\hotspot\share\interpreter\linkResolver.cpp, line 774]
Event: 0.378 Thread 0x0000018641b23e50 Exception <a 'java/lang/NoSuchMethodError'{0x000000071245af18}: 'int java.lang.invoke.DirectMethodHandle$Holder.invokeSpecial(java.lang.Object, java.lang.Object, java.lang.Object)'> (0x000000071245af18) 
thrown [s\open\src\hotspot\share\interpreter\linkResolver.cpp, line 774]
Event: 0.427 Thread 0x0000018641eae7e0 Implicit null exception at 0x00000186571284a4 to 0x0000018657128ab0
Event: 0.427 Thread 0x0000018641eae7e0 Implicit null exception at 0x00000186571275a0 to 0x0000018657127ba0
Event: 0.454 Thread 0x0000018641eae7e0 Exception <a 'java/lang/NoSuchMethodError'{0x00000007120b9848}: 'java.lang.Object java.lang.invoke.DirectMethodHandle$Holder.newInvokeSpecial(java.lang.Object, java.lang.Object, java.lang.Object, int, int, int, int, int)'> (0x00000007120b9848) 
thrown [s\open\src\hotspot\share\interpreter\linkResolver.cpp, line 774]
Event: 0.749 Thread 0x0000018641b23e50 Exception <a 'java/lang/NoSuchMethodError'{0x00000007127c4aa8}: 'void java.lang.invoke.DirectMethodHandle$Holder.invokeStaticInit(java.lang.Object)'> (0x00000007127c4aa8) 
thrown [s\open\src\hotspot\share\interpreter\linkResolver.cpp, line 774]
Event: 0.844 Thread 0x0000018641b23e50 Exception <a 'java/lang/NoSuchMethodError'{0x00000007122fa858}: 'int java.lang.invoke.DirectMethodHandle$Holder.invokeVirtual(java.lang.Object, java.lang.Object)'> (0x00000007122fa858) 
thrown [s\open\src\hotspot\share\interpreter\linkResolver.cpp, line 774]
Event: 0.849 Thread 0x0000018641b23e50 Implicit null exception at 0x00000186571100dd to 0x0000018657110258
Event: 0.906 Thread 0x0000018641b23e50 Exception <a 'java/lang/NoSuchMethodError'{0x00000007120becf8}: 'void java.lang.invoke.DirectMethodHandle$Holder.invokeStatic(java.lang.Object, java.lang.Object, java.lang.Object)'> (0x00000007120becf8) 
thrown [s\open\src\hotspot\share\interpreter\linkResolver.cpp, line 774]
Event: 0.938 Thread 0x0000018641b23e50 Implicit null exception at 0x000001865717b3e9 to 0x000001865717c418
Event: 0.938 Thread 0x0000018641b23e50 Implicit null exception at 0x000001865717ffac to 0x0000018657181b38
Event: 0.938 Thread 0x0000018641b23e50 Implicit null exception at 0x00000186571772a3 to 0x000001865717767c
Event: 0.953 Thread 0x0000018641b23e50 Exception <a 'java/lang/NoSuchMethodError'{0x0000000711e1ef28}: 'void java.lang.invoke.Invokers$Holder.invokeExact_MT(java.lang.Object, java.lang.Object, java.lang.Object, java.lang.Object)'> (0x0000000711e1ef28) 
thrown [s\open\src\hotspot\share\interpreter\linkResolver.cpp, line 774]

ZGC Phase Switch (0 events):
No events

VM Operations (20 events):
Event: 0.844 Executing VM operation: ICBufferFull
Event: 0.845 Executing VM operation: ICBufferFull done
Event: 0.959 Executing VM operation: HandshakeAllThreads (Deoptimize)
Event: 0.959 Executing VM operation: HandshakeAllThreads (Deoptimize) done
Event: 1.030 Executing VM operation: ICBufferFull
Event: 1.030 Executing VM operation: ICBufferFull done
Event: 1.117 Executing VM operation: ICBufferFull
Event: 1.117 Executing VM operation: ICBufferFull done
Event: 1.294 Executing VM operation: HandshakeAllThreads (Deoptimize)
Event: 1.294 Executing VM operation: HandshakeAllThreads (Deoptimize) done
Event: 1.299 Executing VM operation: HandshakeAllThreads (Deoptimize)
Event: 1.299 Executing VM operation: HandshakeAllThreads (Deoptimize) done
Event: 1.309 Executing VM operation: HandshakeAllThreads (Deoptimize)
Event: 1.309 Executing VM operation: HandshakeAllThreads (Deoptimize) done
Event: 1.387 Executing VM operation: ICBufferFull
Event: 1.387 Executing VM operation: ICBufferFull done
Event: 1.414 Executing VM operation: G1CollectForAllocation (G1 Evacuation Pause)
Event: 1.420 Executing VM operation: G1CollectForAllocation (G1 Evacuation Pause) done
Event: 1.623 Executing VM operation: HandshakeAllThreads (Deoptimize)
Event: 1.623 Executing VM operation: HandshakeAllThreads (Deoptimize) done

Events (20 events):
Event: 0.038 Thread 0x0000018666c48380 Thread added: 0x0000018666c48380
Event: 0.043 Thread 0x00000186411629b0 Thread added: 0x00000186411629b0
Event: 0.055 Thread 0x0000018641345970 Thread added: 0x0000018641345970
Event: 0.057 Thread 0x0000018641160e70 Thread added: 0x0000018641160e70
Event: 0.112 Thread 0x00000186415544a0 Thread added: 0x00000186415544a0
Event: 0.113 Thread 0x00000186416c1d10 Thread added: 0x00000186416c1d10
Event: 0.114 Thread 0x00000186416c2fb0 Thread added: 0x00000186416c2fb0
Event: 0.210 Thread 0x0000018641161540 Thread added: 0x0000018641161540
Event: 0.216 Thread 0x00000186411622e0 Thread added: 0x00000186411622e0
Event: 0.252 Thread 0x0000018641b23e50 Thread added: 0x0000018641b23e50
Event: 0.252 Thread 0x00000186471d9380 Thread exited: 0x00000186471d9380
Event: 0.252 Thread 0x00000186471d9380 Thread added: 0x00000186471d9380
Event: 0.349 Thread 0x0000018642b3e550 Thread added: 0x0000018642b3e550
Event: 0.425 Thread 0x0000018641eae7e0 Thread added: 0x0000018641eae7e0
Event: 0.440 Thread 0x0000018641163080 Thread added: 0x0000018641163080
Event: 0.830 Thread 0x0000018641163750 Thread added: 0x0000018641163750
Event: 0.830 Thread 0x00000186411607a0 Thread added: 0x00000186411607a0
Event: 0.831 Thread 0x0000018642ef6370 Thread added: 0x0000018642ef6370
Event: 1.513 Thread 0x0000018642ef7110 Thread added: 0x0000018642ef7110
Event: 1.514 Thread 0x0000018642efa790 Thread added: 0x0000018642efa790


Dynamic libraries:
0x00007ff783a00000 - 0x00007ff783a10000 	C:\Program Files\Java\jdk-22\bin\java.exe
0x00007ffdb9090000 - 0x00007ffdb92a7000 	C:\WINDOWS\SYSTEM32\ntdll.dll
0x00007ffdb87f0000 - 0x00007ffdb88b4000 	C:\WINDOWS\System32\KERNEL32.DLL
0x00007ffdb6510000 - 0x00007ffdb68b7000 	C:\WINDOWS\System32\KERNELBASE.dll
0x00007ffdb68c0000 - 0x00007ffdb69d1000 	C:\WINDOWS\System32\ucrtbase.dll
0x00007ffdaca80000 - 0x00007ffdaca9b000 	C:\Program Files\Java\jdk-22\bin\VCRUNTIME140.dll
0x00007ffdacac0000 - 0x00007ffdacad7000 	C:\Program Files\Java\jdk-22\bin\jli.dll
0x00007ffdb86b0000 - 0x00007ffdb8762000 	C:\WINDOWS\System32\ADVAPI32.dll
0x00007ffdb7fc0000 - 0x00007ffdb8067000 	C:\WINDOWS\System32\msvcrt.dll
0x00007ffdb8190000 - 0x00007ffdb8238000 	C:\WINDOWS\System32\sechost.dll
0x00007ffdb6d90000 - 0x00007ffdb6db8000 	C:\WINDOWS\System32\bcrypt.dll
0x00007ffdb8070000 - 0x00007ffdb8185000 	C:\WINDOWS\System32\RPCRT4.dll
0x00007ffdb83a0000 - 0x00007ffdb854e000 	C:\WINDOWS\System32\USER32.dll
0x00007ffdb6ad0000 - 0x00007ffdb6af6000 	C:\WINDOWS\System32\win32u.dll
0x00007ffd9c4d0000 - 0x00007ffd9c763000 	C:\WINDOWS\WinSxS\amd64_microsoft.windows.common-controls_6595b64144ccf1df_6.0.22621.3527_none_270e469b73872a76\COMCTL32.dll
0x00007ffdb6dd0000 - 0x00007ffdb6df9000 	C:\WINDOWS\System32\GDI32.dll
0x00007ffdb6c70000 - 0x00007ffdb6d89000 	C:\WINDOWS\System32\gdi32full.dll
0x00007ffdb63b0000 - 0x00007ffdb644a000 	C:\WINDOWS\System32\msvcp_win.dll
0x00007ffdaabb0000 - 0x00007ffdaabba000 	C:\WINDOWS\SYSTEM32\VERSION.dll
0x00007ffdb88c0000 - 0x00007ffdb88f1000 	C:\WINDOWS\System32\IMM32.DLL
0x00007ffdae660000 - 0x00007ffdae66c000 	C:\Program Files\Java\jdk-22\bin\vcruntime140_1.dll
0x00007ffd67890000 - 0x00007ffd6791e000 	C:\Program Files\Java\jdk-22\bin\msvcp140.dll
0x00007ffd11960000 - 0x00007ffd126a8000 	C:\Program Files\Java\jdk-22\bin\server\jvm.dll
0x00007ffdb8d60000 - 0x00007ffdb8dd1000 	C:\WINDOWS\System32\WS2_32.dll
0x00007ffdb51f0000 - 0x00007ffdb523d000 	C:\WINDOWS\SYSTEM32\POWRPROF.dll
0x00007ffdac930000 - 0x00007ffdac964000 	C:\WINDOWS\SYSTEM32\WINMM.dll
0x00007ffdb51d0000 - 0x00007ffdb51e3000 	C:\WINDOWS\SYSTEM32\UMPDC.dll
0x00007ffdb5480000 - 0x00007ffdb5498000 	C:\WINDOWS\SYSTEM32\kernel.appcore.dll
0x00007ffdada10000 - 0x00007ffdada1a000 	C:\Program Files\Java\jdk-22\bin\jimage.dll
0x00007ffdb3c40000 - 0x00007ffdb3e72000 	C:\WINDOWS\SYSTEM32\DBGHELP.DLL
0x00007ffdb7c30000 - 0x00007ffdb7fb8000 	C:\WINDOWS\System32\combase.dll
0x00007ffdb8240000 - 0x00007ffdb8317000 	C:\WINDOWS\System32\OLEAUT32.dll
0x00007ffda96c0000 - 0x00007ffda96f2000 	C:\WINDOWS\SYSTEM32\dbgcore.DLL
0x00007ffdb6a50000 - 0x00007ffdb6ac9000 	C:\WINDOWS\System32\bcryptPrimitives.dll
0x00007ffdaca20000 - 0x00007ffdaca3e000 	C:\Program Files\Java\jdk-22\bin\java.dll
0x00007ffdb6eb0000 - 0x00007ffdb770c000 	C:\WINDOWS\System32\SHELL32.dll
0x00007ffdb8a90000 - 0x00007ffdb8c35000 	C:\WINDOWS\System32\ole32.dll
0x00007ffdb42b0000 - 0x00007ffdb4ba6000 	C:\WINDOWS\SYSTEM32\windows.storage.dll
0x00007ffdb4170000 - 0x00007ffdb42ae000 	C:\WINDOWS\SYSTEM32\wintypes.dll
0x00007ffdb8990000 - 0x00007ffdb8a85000 	C:\WINDOWS\System32\SHCORE.dll
0x00007ffdb8340000 - 0x00007ffdb839e000 	C:\WINDOWS\System32\shlwapi.dll
0x00007ffdb62e0000 - 0x00007ffdb6301000 	C:\WINDOWS\SYSTEM32\profapi.dll
0x00007ffd67ef0000 - 0x00007ffd67fc7000 	C:\Program Files\Java\jdk-22\bin\jsvml.dll
0x00007ffd81f30000 - 0x00007ffd81f40000 	C:\Program Files\Java\jdk-22\bin\net.dll
0x00007ffdb58f0000 - 0x00007ffdb5959000 	C:\WINDOWS\system32\mswsock.dll
0x00007ffd77f70000 - 0x00007ffd77f86000 	C:\Program Files\Java\jdk-22\bin\nio.dll
0x00007ffd77f50000 - 0x00007ffd77f67000 	C:\Program Files\Java\jdk-22\bin\zip.dll
0x00007ffd18280000 - 0x00007ffd1840e000 	C:\Program Files\Java\jdk-22\bin\awt.dll
0x00007ffdb0b10000 - 0x00007ffdb0ba7000 	C:\WINDOWS\SYSTEM32\apphelp.dll
0x00007ffdb0bd0000 - 0x00007ffdb0c7b000 	C:\WINDOWS\system32\uxtheme.dll
0x00007ffdb8550000 - 0x00007ffdb86a3000 	C:\WINDOWS\System32\MSCTF.dll
0x00007ffdb0dd0000 - 0x00007ffdb0dfb000 	C:\WINDOWS\system32\DWMAPI.DLL
0x00007ffd67800000 - 0x00007ffd67887000 	C:\Program Files\Java\jdk-22\bin\freetype.dll
0x00007ffd64960000 - 0x00007ffd64a37000 	C:\Program Files\Java\jdk-22\bin\fontmanager.dll
0x00007ffd78540000 - 0x00007ffd78640000 	C:\WINDOWS\system32\opengl32.dll
0x00007ffd78b60000 - 0x00007ffd78b8d000 	C:\WINDOWS\SYSTEM32\GLU32.dll
0x00007ffdb3500000 - 0x00007ffdb3539000 	C:\WINDOWS\SYSTEM32\dxcore.dll
0x00007ffdacab0000 - 0x00007ffdacab6000 	C:\Users\ACER\AppData\Local\Temp\flatlaf.temp\flatlaf-windows-x86_64-209818114146000.dll
0x00007ffd7c020000 - 0x00007ffd7c030000 	C:\Program Files\Java\jdk-22\bin\verify.dll
0x00007ffdb6e00000 - 0x00007ffdb6eb0000 	C:\WINDOWS\System32\clbcatq.dll
0x00007ffdaf410000 - 0x00007ffdaf5c0000 	C:\WINDOWS\SYSTEM32\WindowsCodecs.dll
0x00007ffd77580000 - 0x00007ffd775de000 	C:\WINDOWS\system32\dataexchange.dll
0x00007ffdae010000 - 0x00007ffdae29b000 	C:\WINDOWS\system32\twinapi.appcore.dll
0x00007ffd77850000 - 0x00007ffd77857000 	C:\Program Files\Java\jdk-22\bin\jawt.dll
0x00007ffd9f850000 - 0x00007ffd9f99b000 	C:\WINDOWS\SYSTEM32\textinputframework.dll
0x00007ffdb0730000 - 0x00007ffdb0863000 	C:\WINDOWS\SYSTEM32\CoreMessaging.dll
0x00007ffda81e0000 - 0x00007ffda854c000 	C:\WINDOWS\SYSTEM32\CoreUIComponents.dll
0x00007ffdb5b90000 - 0x00007ffdb5b9c000 	C:\WINDOWS\SYSTEM32\CRYPTBASE.DLL

dbghelp: loaded successfully - version: 4.0.5 - missing functions: none
symbol engine: initialized successfully - sym options: 0x614 - pdb path: .;C:\Program Files\Java\jdk-22\bin;C:\WINDOWS\SYSTEM32;C:\WINDOWS\WinSxS\amd64_microsoft.windows.common-controls_6595b64144ccf1df_6.0.22621.3527_none_270e469b73872a76;C:\Program Files\Java\jdk-22\bin\server;C:\Users\ACER\AppData\Local\Temp\flatlaf.temp

VM Arguments:
jvm_args: -Dfile.encoding=UTF-8 --module-path=E:\IE003\UITravel\build\classes 
java_command: uitravel.UserSearch
java_class_path (initial): E:\IE003\UITravel\TimingFramework-0.55.jar;E:\IE003\UITravel\library\TimingFramework-0.55.jar;E:\IE003\UITravel\library\datechooser-swing-1.4.1.jar;E:\IE003\UITravel\library\flatlaf-3.4.1.jar;E:\IE003\UITravel\library\flatlaf-extras-3.4.1.jar;E:\IE003\UITravel\library\jsvg-1.4.0.jar;E:\IE003\UITravel\library\miglayout-4.0.jar;E:\IE003\UITravel\library\miglayout-core.jar;E:\IE003\UITravel\library\miglayout-swing.jar;E:\IE003\UITravel\library\svgSalamander-1.1.4.jar;E:\IE003\UITravel\library\swing-datetime-picker-1.2.0.jar;E:\IE003\UITravel\library\adyen-java-api-library-25.1.0.jar;C:\Program Files\NetBeans-21\netbeans\java\modules\ext\AbsoluteLayout.jar;E:\IE003\UITravel\build\classes
Launcher Type: SUN_STANDARD

[Global flags]
     intx CICompilerCount                          = 12                                        {product} {ergonomic}
     uint ConcGCThreads                            = 3                                         {product} {ergonomic}
     uint G1ConcRefinementThreads                  = 13                                        {product} {ergonomic}
   size_t G1HeapRegionSize                         = 2097152                                   {product} {ergonomic}
   size_t InitialHeapSize                          = 266338304                                 {product} {ergonomic}
   size_t MarkStackSize                            = 4194304                                   {product} {ergonomic}
   size_t MaxHeapSize                              = 4238344192                                {product} {ergonomic}
   size_t MaxNewSize                               = 2541748224                                {product} {ergonomic}
   size_t MinHeapDeltaBytes                        = 2097152                                   {product} {ergonomic}
   size_t MinHeapSize                              = 8388608                                   {product} {ergonomic}
    uintx NonNMethodCodeHeapSize                   = 7602480                                {pd product} {ergonomic}
    uintx NonProfiledCodeHeapSize                  = 122027880                              {pd product} {ergonomic}
    uintx ProfiledCodeHeapSize                     = 122027880                              {pd product} {ergonomic}
    uintx ReservedCodeCacheSize                    = 251658240                              {pd product} {ergonomic}
     bool SegmentedCodeCache                       = true                                      {product} {ergonomic}
   size_t SoftMaxHeapSize                          = 4238344192                             {manageable} {ergonomic}
     bool UseCompressedOops                        = true                           {product lp64_product} {ergonomic}
     bool UseG1GC                                  = true                                      {product} {ergonomic}
     bool UseLargePagesIndividualAllocation        = false                                  {pd product} {ergonomic}

Logging:
Log output configuration:
 #0: stdout all=warning uptime,level,tags foldmultilines=false
 #1: stderr all=off uptime,level,tags foldmultilines=false

Environment Variables:
JAVA_HOME=C:\Program Files\Java\jdk-22
PATH=C:\Program Files\Eclipse Adoptium\jdk-21.0.3.9-hotspot\bin;C:\Program Files\Common Files\Oracle\Java\javapath;C:\Program Files (x86)\Common Files\Oracle\Java\javapath;C:\Program Files\Eclipse Adoptium\jdk-21.0.2.13-hotspot\bin;C:\Program Files (x86)\Common Files\Intel\Shared Libraries\redist\intel64\compiler;C:\Program Files (x86)\Common Files\Intel\Shared Libraries\redist\ia32\compiler;C:\Windows\system32;C:\Windows;C:\Windows\System32\Wbem;C:\Windows\System32\WindowsPowerShell\v1.0\;C:\Windows\System32\OpenSSH\;C:\Program Files (x86)\NVIDIA Corporation\PhysX\Common;C:\Program Files\NVIDIA Corporation\NVIDIA NvDLISR;C:\Program Files (x86)\mingw-w64\i686-8.1.0-posix-dwarf-rt_v6-rev0\mingw32\bin;C:\WINDOWS\system32;C:\WINDOWS;C:\WINDOWS\System32\Wbem;C:\WINDOWS\System32\WindowsPowerShell\v1.0\;C:\WINDOWS\System32\OpenSSH\;C:\Program Files\Microsoft SQL Server\Client SDK\ODBC\170\Tools\Binn\;C:\Program Files (x86)\Microsoft SQL Server\150\Tools\Binn\;C:\Program Files\Microsoft SQL Server\150\Tools\Binn\;C:\Program Files\Microsoft SQL Server\150\DTS\Binn\;C:\Program Files (x86)\Microsoft SQL Server\150\DTS\Binn\;C:\Program Files\CMake\bin;C:\Program Files\Docker\Docker\resources\bin;C:\Program Files\dotnet\;C:\Program Files\nodejs\;C:\Program Files\Git\cmd;C:\Program Files\Cloudflare\Cloudflare WARP\;C:\Users\ACER\AppData\Local\Programs\Python\Python310\Scripts\;C:\Users\ACER\AppData\Local\Programs\Python\Python310\;C:\Users\ACER\AppData\Local\Microsoft\WindowsApps;C:\Users\ACER\AppData\Local\Programs\Microsoft VS Code\bin;C:\Program Files\Azure Data Studio\bin;C:\Users\ACER\AppData\Local\GitHubDesktop\bin;E:\Barebone\Compiler\win_flex_bison-2.5.4;C:\Users\ACER\AppData\Roaming\Microsoft\Windows\Start Menu\Programs\Python 3.10;C:\Users\ACER\.dotnet\tools;C:\Users\ACER\AppData\Roaming\npm;C:\Program Files (x86)\GnuWin32\bin;E:\nlp;E:\nlp\access;C:\Users\ACER\AppData\Local\Android\Sdk\emulator;C:\Users\ACER\AppData\Local\Android\android-sdk;C:\Users\ACER\AppData\Local\Android\Sdk\platform-tools;C:\Users\ACER\AppData\Local\Android\Sdk;C:\Users\ACER\AppData\Local\Android\android-sdk;C:\Program Files\Java\jdk-22\bin;C:\Program Files\Java\jre-1.8\bin;
USERNAME=ACER
OS=Windows_NT
PROCESSOR_IDENTIFIER=Intel64 Family 6 Model 141 Stepping 1, GenuineIntel
TMP=C:\Users\ACER\AppData\Local\Temp
TEMP=C:\Users\ACER\AppData\Local\Temp




Periodic native trim disabled

---------------  S Y S T E M  ---------------

OS:
 Windows 11 , 64 bit Build 22621 (10.0.22621.3527)
OS uptime: 0 days 5:49 hours
Hyper-V role detected

CPU: total 16 (initial active 16) (8 cores per cpu, 2 threads per core) family 6 model 141 stepping 1 microcode 0x3c, cx8, cmov, fxsr, ht, mmx, 3dnowpref, sse, sse2, sse3, ssse3, sse4.1, sse4.2, popcnt, lzcnt, tsc, tscinvbit, avx, avx2, aes, erms, clmul, bmi1, bmi2, adx, avx512f, avx512dq, avx512cd, avx512bw, avx512vl, sha, fma, vzeroupper, avx512_vpopcntdq, avx512_vpclmulqdq, avx512_vaes, avx512_vnni, clflush, clflushopt, clwb, avx512_vbmi2, avx512_vbmi, hv, rdtscp, rdpid, fsrm, gfni, avx512_bitalg, f16c, cet_ibt, cet_ss, avx512_ifma
Processor Information for all 16 processors :
  Max Mhz: 2304, Current Mhz: 2304, Mhz Limit: 2304

Memory: 4k page, system-wide physical 16163M (4910M free)
TotalPageFile size 18211M (AvailPageFile size 3M)
current process WorkingSet (physical memory assigned to process): 246M, peak: 246M
current process commit charge ("private bytes"): 481M, peak: 481M

vm_info: Java HotSpot(TM) 64-Bit Server VM (22+36-2370) for windows-amd64 JRE (22+36-2370), built on 2024-02-15T22:15:19Z by "mach5one" with MS VC++ 17.6 (VS2022)

END.
