#
# There is insufficient memory for the Java Runtime Environment to continue.
# Native memory allocation (mmap) failed to map 65536 bytes. Error detail: Failed to commit metaspace.
# Possible reasons:
#   The system is out of physical RAM or swap space
#   This process is running with CompressedOops enabled, and the Java Heap may be blocking the growth of the native heap
# Possible solutions:
#   Reduce memory load on the system
#   Increase physical memory or swap space
#   Check if swap backing store is full
#   Decrease Java heap size (-Xmx/-Xms)
#   Decrease number of Java threads
#   Decrease Java thread stack sizes (-Xss)
#   Set larger code cache with -XX:ReservedCodeCacheSize=
#   JVM is running with Zero Based Compressed Oops mode in which the Java heap is
#     placed in the first 32GB address space. The Java Heap base address is the
#     maximum limit for the native heap growth. Please use -XX:HeapBaseMinAddress
#     to set the Java Heap base and to place the Java Heap above 32GB virtual address.
# This output file may be truncated or incomplete.
#
#  Out of Memory Error (virtualSpaceNode.cpp:112), pid=24292, tid=22600
#
# JRE version: Java(TM) SE Runtime Environment (22.0+36) (build 22+36-2370)
# Java VM: Java HotSpot(TM) 64-Bit Server VM (22+36-2370, mixed mode, sharing, tiered, compressed oops, compressed class ptrs, g1 gc, windows-amd64)
# No core dump will be written. Minidumps are not enabled by default on client versions of Windows
#

---------------  S U M M A R Y ------------

Command Line: -Dfile.encoding=UTF-8 --module-path=F:\IE003\UITravel\build\classes uitravel.UITravel

Host: 11th Gen Intel(R) Core(TM) i7-11800H @ 2.30GHz, 16 cores, 15G,  Windows 11 , 64 bit Build 22621 (10.0.22621.3527)
Time: Thu Jun  6 23:37:46 2024 SE Asia Standard Time elapsed time: 0.234313 seconds (0d 0h 0m 0s)

---------------  T H R E A D  ---------------

Current thread (0x000001cce9265570):  JavaThread "main"             [_thread_in_vm, id=22600, stack(0x0000007de9f00000,0x0000007dea000000) (1024K)]

Stack: [0x0000007de9f00000,0x0000007dea000000]
Native frames: (J=compiled Java code, j=interpreted, Vv=VM code, C=native code)
V  [jvm.dll+0x6e2349]  (no source info available)
V  [jvm.dll+0x874ed3]  (no source info available)
V  [jvm.dll+0x8772fe]  (no source info available)
V  [jvm.dll+0x8779d3]  (no source info available)
V  [jvm.dll+0x27fcb6]  (no source info available)
V  [jvm.dll+0x870b1e]  (no source info available)
V  [jvm.dll+0x6853b5]  (no source info available)
V  [jvm.dll+0x68541a]  (no source info available)
V  [jvm.dll+0x687c5a]  (no source info available)
V  [jvm.dll+0x22509c]  (no source info available)
V  [jvm.dll+0x685dce]  (no source info available)
V  [jvm.dll+0x27ca9d]  (no source info available)
V  [jvm.dll+0x27ce61]  (no source info available)
V  [jvm.dll+0x73ab0f]  (no source info available)
V  [jvm.dll+0x73b8ff]  (no source info available)
V  [jvm.dll+0x3c8a4f]  (no source info available)
V  [jvm.dll+0x3c784c]  (no source info available)
V  [jvm.dll+0x3c77e8]  (no source info available)
V  [jvm.dll+0x5ebec9]  (no source info available)
V  [jvm.dll+0x5eae34]  (no source info available)
V  [jvm.dll+0x3dd7ed]  (no source info available)
V  [jvm.dll+0x3dcded]  (no source info available)
C  0x000001cc8746a291  (no source info available)

The last pc belongs to invokestatic (printed below).
Java frames: (J=compiled Java code, j=interpreted, Vv=VM code)
j  javax.swing.text.html.HTMLEditorKit.<clinit>()V+2 java.desktop@22
v  ~StubRoutines::call_stub 0x000001cc8745100d
j  com.formdev.flatlaf.FlatLaf.lambda$initialize$2(Ljavax/swing/UIDefaults;)V+12
j  com.formdev.flatlaf.FlatLaf$$Lambda+0x000001cc9000e000.accept(Ljava/lang/Object;)V+4
j  com.formdev.flatlaf.FlatLaf.getDefaults()Ljavax/swing/UIDefaults;+496
j  javax.swing.UIManager.setLookAndFeel(Ljavax/swing/LookAndFeel;)V+66 java.desktop@22
j  com.formdev.flatlaf.FlatLaf.setup(Ljavax/swing/LookAndFeel;)Z+1
j  com.formdev.flatlaf.FlatIntelliJLaf.setup()Z+7
j  uitravel.UITravel.main([Ljava/lang/String;)V+0
v  ~StubRoutines::call_stub 0x000001cc8745100d
invokestatic  184 invokestatic  [0x000001cc8746a1e0, 0x000001cc8746a4c0]  736 bytes
[MachCode]
  0x000001cc8746a1e0: 4883 ec08 | c5fa 1104 | 24eb 1f48 | 83ec 10c5 | fb11 0424 | eb14 4883 | ec10 4889 | 0424 48c7 
  0x000001cc8746a200: 4424 0800 | 0000 00eb | 0150 488b | 4dd0 410f | b755 0148 | 8b49 306b | d218 488d | 4c11 080f 
  0x000001cc8746a220: b659 1681 | fbb8 0000 | 000f 84bd | 0000 00bb | b800 0000 | e805 0000 | 00e9 9900 | 0000 488b 
  0x000001cc8746a240: d348 8d44 | 2408 4c89 | 6dc0 498b | cfc5 f877 | 4989 afb0 | 0300 0049 | 8987 a003 | 0000 4883 
  0x000001cc8746a260: ec20 40f6 | c40f 0f84 | 1900 0000 | 4883 ec08 | 48b8 80cd | 0c69 f97f | 0000 ffd0 | 4883 c408 
  0x000001cc8746a280: e90c 0000 | 0048 b880 | cd0c 69f9 | 7f00 00ff | d048 83c4 | 2049 c787 | a003 0000 | 0000 0000 
  0x000001cc8746a2a0: 49c7 87b0 | 0300 0000 | 0000 0049 | c787 a803 | 0000 0000 | 0000 c5f8 | 7749 837f | 0800 0f84 
  0x000001cc8746a2c0: 0500 0000 | e937 6cfe | ff4c 8b6d | c04c 8b75 | c84e 8d74 | f500 c348 | 8b4d d041 | 0fb7 5501 
  0x000001cc8746a2e0: 488b 4930 | 6bd2 1848 | 8d4c 1108 | 488b 1948 | 8b5b 0848 | 8b5b 0848 | 8b5b 1880 | bb20 0100 
  0x000001cc8746a300: 0005 0f84 | 0d00 0000 | 4c3b bb30 | 0100 000f | 851a ffff | ff0f b651 | 1548 8b19 | 4c89 6dc0 
  0x000001cc8746a320: 448b ea0f | b651 1449 | ba00 c996 | 69f9 7f00 | 0049 8b14 | d252 418b | d54c 8b6d | c048 8b45 
  0x000001cc8746a340: d848 85c0 | 0f84 1200 | 0000 4883 | 4008 0148 | 8358 0800 | 4883 c010 | 4889 45d8 | 488b 45d8 
  0x000001cc8746a360: 4885 c00f | 843d 0100 | 0080 78f0 | 0a0f 8533 | 0100 0048 | 83c0 084c | 8b68 f841 | 83ed 0041 
  0x000001cc8746a380: 83fd 020f | 8c12 0100 | 004c 8b6b | 0845 0fb7 | 6d2e 4c2b | 2841 83ed | 014e 8b6c | ec08 4d85 
  0x000001cc8746a3a0: ed75 0ef6 | 4008 0175 | 58f0 4883 | 4808 01eb | 5045 8b6d | 0849 ba00 | 0000 8fcc | 0100 004d 
  0x000001cc8746a3c0: 03ea 4d8b | d54c 3368 | 0849 f7c5 | fcff ffff | 742f 41f6 | c502 7529 | 4883 7808 | 0074 1e48 
  0x000001cc8746a3e0: 8378 0801 | 7417 4d8b | ea4c 3368 | 0849 f7c5 | fcff ffff | 740b 4883 | 4808 02eb | 044c 8968 
  0x000001cc8746a400: 0848 83c0 | 104c 8b68 | e841 83ed | 0241 83fd | 020f 8c84 | 0000 004c | 8b6b 0845 | 0fb7 6d2e 
  0x000001cc8746a420: 4c2b 2841 | 83ed 014e | 8b6c ec08 | 4d85 ed75 | 0ef6 4008 | 0175 58f0 | 4883 4808 | 01eb 5045 
  0x000001cc8746a440: 8b6d 0849 | ba00 0000 | 8fcc 0100 | 004d 03ea | 4d8b d54c | 3368 0849 | f7c5 fcff | ffff 742f 
  0x000001cc8746a460: 41f6 c502 | 7529 4883 | 7808 0074 | 1e48 8378 | 0801 7417 | 4d8b ea4c | 3368 0849 | f7c5 fcff 
  0x000001cc8746a480: ffff 740b | 4883 4808 | 02eb 044c | 8968 0848 | 83c0 104c | 8b68 d841 | 83ed 0441 | c1e5 0349 
  0x000001cc8746a4a0: 03c5 4889 | 45d8 4c8d | 6c24 0849 | 8bcd 482b | cd48 c1f9 | 0348 894d | f0ff 6350 | 0f1f 4000 
[/MachCode]

---------------  P R O C E S S  ---------------

Threads class SMR info:
_java_thread_list=0x000001ccd4919a70, length=18, elements={
0x000001cce9265570, 0x000001ccf9775d60, 0x000001ccf9776f20, 0x000001ccf9779450,
0x000001ccf977c1e0, 0x000001ccf977d370, 0x000001ccd416ab30, 0x000001ccd416d260,
0x000001ccd41741d0, 0x000001ccd416c570, 0x000001ccd41748a0, 0x000001ccd4169780,
0x000001ccd4174f70, 0x000001ccd4175d10, 0x000001ccd4169e10, 0x000001ccd416b1c0,
0x000001ccd416b850, 0x000001ccd4173430
}

Java Threads: ( => current thread )
=>0x000001cce9265570 JavaThread "main"                              [_thread_in_vm, id=22600, stack(0x0000007de9f00000,0x0000007dea000000) (1024K)]
  0x000001ccf9775d60 JavaThread "Reference Handler"          daemon [_thread_blocked, id=25476, stack(0x0000007dea700000,0x0000007dea800000) (1024K)]
  0x000001ccf9776f20 JavaThread "Finalizer"                  daemon [_thread_blocked, id=21116, stack(0x0000007dea800000,0x0000007dea900000) (1024K)]
  0x000001ccf9779450 JavaThread "Signal Dispatcher"          daemon [_thread_blocked, id=7228, stack(0x0000007dea900000,0x0000007deaa00000) (1024K)]
  0x000001ccf977c1e0 JavaThread "Attach Listener"            daemon [_thread_blocked, id=25464, stack(0x0000007deaa00000,0x0000007deab00000) (1024K)]
  0x000001ccf977d370 JavaThread "Service Thread"             daemon [_thread_blocked, id=12656, stack(0x0000007deab00000,0x0000007deac00000) (1024K)]
  0x000001ccd416ab30 JavaThread "Monitor Deflation Thread"   daemon [_thread_blocked, id=1672, stack(0x0000007deac00000,0x0000007dead00000) (1024K)]
  0x000001ccd416d260 JavaThread "C2 CompilerThread0"         daemon [_thread_blocked, id=24092, stack(0x0000007dead00000,0x0000007deae00000) (1024K)]
  0x000001ccd41741d0 JavaThread "C1 CompilerThread0"         daemon [_thread_blocked, id=19868, stack(0x0000007deae00000,0x0000007deaf00000) (1024K)]
  0x000001ccd416c570 JavaThread "Common-Cleaner"             daemon [_thread_blocked, id=17648, stack(0x0000007deaf00000,0x0000007deb000000) (1024K)]
  0x000001ccd41748a0 JavaThread "C1 CompilerThread1"         daemon [_thread_blocked, id=20192, stack(0x0000007deb000000,0x0000007deb100000) (1024K)]
  0x000001ccd4169780 JavaThread "Notification Thread"        daemon [_thread_blocked, id=13884, stack(0x0000007deb100000,0x0000007deb200000) (1024K)]
  0x000001ccd4174f70 JavaThread "C2 CompilerThread1"         daemon [_thread_blocked, id=16236, stack(0x0000007deb200000,0x0000007deb300000) (1024K)]
  0x000001ccd4175d10 JavaThread "C1 CompilerThread2"         daemon [_thread_blocked, id=8260, stack(0x0000007deb300000,0x0000007deb400000) (1024K)]
  0x000001ccd4169e10 JavaThread "Java2D Disposer"            daemon [_thread_blocked, id=24104, stack(0x0000007deb400000,0x0000007deb500000) (1024K)]
  0x000001ccd416b1c0 JavaThread "AWT-Shutdown"                      [_thread_blocked, id=15268, stack(0x0000007deb500000,0x0000007deb600000) (1024K)]
  0x000001ccd416b850 JavaThread "AWT-Windows"                daemon [_thread_in_native, id=18212, stack(0x0000007deb600000,0x0000007deb700000) (1024K)]
  0x000001ccd4173430 JavaThread "C2 CompilerThread2"         daemon [_thread_blocked, id=8464, stack(0x0000007deb700000,0x0000007deb800000) (1024K)]
Total: 18

Other Threads:
  0x000001ccf975f310 VMThread "VM Thread"                           [id=25460, stack(0x0000007dea600000,0x0000007dea700000) (1024K)]
  0x000001ccf9747420 WatcherThread "VM Periodic Task Thread"        [id=2880, stack(0x0000007dea500000,0x0000007dea600000) (1024K)]
  0x000001cce92cb6f0 WorkerThread "GC Thread#0"                     [id=11916, stack(0x0000007dea000000,0x0000007dea100000) (1024K)]
  0x000001cce92dc3f0 ConcurrentGCThread "G1 Main Marker"            [id=22724, stack(0x0000007dea100000,0x0000007dea200000) (1024K)]
  0x000001cce92dd8c0 WorkerThread "G1 Conc#0"                       [id=23000, stack(0x0000007dea200000,0x0000007dea300000) (1024K)]
  0x000001ccf96188f0 ConcurrentGCThread "G1 Refine#0"               [id=23520, stack(0x0000007dea300000,0x0000007dea400000) (1024K)]
  0x000001ccf9619470 ConcurrentGCThread "G1 Service"                [id=21948, stack(0x0000007dea400000,0x0000007dea500000) (1024K)]
Total: 7

Threads with active compile tasks:
Total: 0

VM state: not at safepoint (normal execution)

VM Mutex/Monitor currently owned by a thread:  ([mutex/lock_event])
[0x00007ff96995ab48] Metaspace_lock - owner thread: 0x000001cce9265570

Heap address: 0x0000000703600000, size: 4042 MB, Compressed Oops mode: Zero based, Oop shift amount: 3

CDS archive(s) mapped at: [0x000001cc8f000000-0x000001cc8fc60000-0x000001cc8fc60000), size 12976128, SharedBaseAddress: 0x000001cc8f000000, ArchiveRelocationMode: 1.
Compressed class space mapped at: 0x000001cc90000000-0x000001ccd0000000, reserved size: 1073741824
Narrow klass base: 0x000001cc8f000000, Narrow klass shift: 0, Narrow klass range: 0x41000000

GC Precious Log:
 CardTable entry size: 512
 Card Set container configuration: InlinePtr #cards 4 size 8 Array Of Cards #cards 16 size 48 Howl #buckets 8 coarsen threshold 3686 Howl Bitmap #cards 512 size 80 coarsen threshold 460 Card regions per heap region 1 cards per card region 4096
 CPUs: 16 total, 16 available
 Memory: 16163M
 Large Page Support: Disabled
 NUMA Support: Disabled
 Compressed Oops: Enabled (Zero based)
 Heap Region Size: 2M
 Heap Min Capacity: 8M
 Heap Initial Capacity: 254M
 Heap Max Capacity: 4042M
 Pre-touch: Disabled
 Parallel Workers: 13
 Concurrent Workers: 3
 Concurrent Refinement Workers: 13
 Periodic GC: Disabled

Heap:
 garbage-first heap   total reserved 4139008K, committed 260096K, used 10240K [0x0000000703600000, 0x0000000800000000)
  region size 2048K, 7 young (14336K), 0 survivors (0K)
 Metaspace       used 5119K, committed 5248K, reserved 1114112K
  class space    used 503K, committed 576K, reserved 1048576K

Heap Regions: E=young(eden), S=young(survivor), O=old, HS=humongous(starts), HC=humongous(continues), CS=collection set, F=free, TAMS=top-at-mark-start, PB=parsable bottom
|   0|0x0000000703600000, 0x0000000703600000, 0x0000000703800000|  0%| F|  |TAMS 0x0000000703600000| PB 0x0000000703600000| Untracked |  0
|   1|0x0000000703800000, 0x0000000703800000, 0x0000000703a00000|  0%| F|  |TAMS 0x0000000703800000| PB 0x0000000703800000| Untracked |  0
|   2|0x0000000703a00000, 0x0000000703a00000, 0x0000000703c00000|  0%| F|  |TAMS 0x0000000703a00000| PB 0x0000000703a00000| Untracked |  0
|   3|0x0000000703c00000, 0x0000000703c00000, 0x0000000703e00000|  0%| F|  |TAMS 0x0000000703c00000| PB 0x0000000703c00000| Untracked |  0
|   4|0x0000000703e00000, 0x0000000703e00000, 0x0000000704000000|  0%| F|  |TAMS 0x0000000703e00000| PB 0x0000000703e00000| Untracked |  0
|   5|0x0000000704000000, 0x0000000704000000, 0x0000000704200000|  0%| F|  |TAMS 0x0000000704000000| PB 0x0000000704000000| Untracked |  0
|   6|0x0000000704200000, 0x0000000704200000, 0x0000000704400000|  0%| F|  |TAMS 0x0000000704200000| PB 0x0000000704200000| Untracked |  0
|   7|0x0000000704400000, 0x0000000704400000, 0x0000000704600000|  0%| F|  |TAMS 0x0000000704400000| PB 0x0000000704400000| Untracked |  0
|   8|0x0000000704600000, 0x0000000704600000, 0x0000000704800000|  0%| F|  |TAMS 0x0000000704600000| PB 0x0000000704600000| Untracked |  0
|   9|0x0000000704800000, 0x0000000704800000, 0x0000000704a00000|  0%| F|  |TAMS 0x0000000704800000| PB 0x0000000704800000| Untracked |  0
|  10|0x0000000704a00000, 0x0000000704a00000, 0x0000000704c00000|  0%| F|  |TAMS 0x0000000704a00000| PB 0x0000000704a00000| Untracked |  0
|  11|0x0000000704c00000, 0x0000000704c00000, 0x0000000704e00000|  0%| F|  |TAMS 0x0000000704c00000| PB 0x0000000704c00000| Untracked |  0
|  12|0x0000000704e00000, 0x0000000704e00000, 0x0000000705000000|  0%| F|  |TAMS 0x0000000704e00000| PB 0x0000000704e00000| Untracked |  0
|  13|0x0000000705000000, 0x0000000705000000, 0x0000000705200000|  0%| F|  |TAMS 0x0000000705000000| PB 0x0000000705000000| Untracked |  0
|  14|0x0000000705200000, 0x0000000705200000, 0x0000000705400000|  0%| F|  |TAMS 0x0000000705200000| PB 0x0000000705200000| Untracked |  0
|  15|0x0000000705400000, 0x0000000705400000, 0x0000000705600000|  0%| F|  |TAMS 0x0000000705400000| PB 0x0000000705400000| Untracked |  0
|  16|0x0000000705600000, 0x0000000705600000, 0x0000000705800000|  0%| F|  |TAMS 0x0000000705600000| PB 0x0000000705600000| Untracked |  0
|  17|0x0000000705800000, 0x0000000705800000, 0x0000000705a00000|  0%| F|  |TAMS 0x0000000705800000| PB 0x0000000705800000| Untracked |  0
|  18|0x0000000705a00000, 0x0000000705a00000, 0x0000000705c00000|  0%| F|  |TAMS 0x0000000705a00000| PB 0x0000000705a00000| Untracked |  0
|  19|0x0000000705c00000, 0x0000000705c00000, 0x0000000705e00000|  0%| F|  |TAMS 0x0000000705c00000| PB 0x0000000705c00000| Untracked |  0
|  20|0x0000000705e00000, 0x0000000705e00000, 0x0000000706000000|  0%| F|  |TAMS 0x0000000705e00000| PB 0x0000000705e00000| Untracked |  0
|  21|0x0000000706000000, 0x0000000706000000, 0x0000000706200000|  0%| F|  |TAMS 0x0000000706000000| PB 0x0000000706000000| Untracked |  0
|  22|0x0000000706200000, 0x0000000706200000, 0x0000000706400000|  0%| F|  |TAMS 0x0000000706200000| PB 0x0000000706200000| Untracked |  0
|  23|0x0000000706400000, 0x0000000706400000, 0x0000000706600000|  0%| F|  |TAMS 0x0000000706400000| PB 0x0000000706400000| Untracked |  0
|  24|0x0000000706600000, 0x0000000706600000, 0x0000000706800000|  0%| F|  |TAMS 0x0000000706600000| PB 0x0000000706600000| Untracked |  0
|  25|0x0000000706800000, 0x0000000706800000, 0x0000000706a00000|  0%| F|  |TAMS 0x0000000706800000| PB 0x0000000706800000| Untracked |  0
|  26|0x0000000706a00000, 0x0000000706a00000, 0x0000000706c00000|  0%| F|  |TAMS 0x0000000706a00000| PB 0x0000000706a00000| Untracked |  0
|  27|0x0000000706c00000, 0x0000000706c00000, 0x0000000706e00000|  0%| F|  |TAMS 0x0000000706c00000| PB 0x0000000706c00000| Untracked |  0
|  28|0x0000000706e00000, 0x0000000706e00000, 0x0000000707000000|  0%| F|  |TAMS 0x0000000706e00000| PB 0x0000000706e00000| Untracked |  0
|  29|0x0000000707000000, 0x0000000707000000, 0x0000000707200000|  0%| F|  |TAMS 0x0000000707000000| PB 0x0000000707000000| Untracked |  0
|  30|0x0000000707200000, 0x0000000707200000, 0x0000000707400000|  0%| F|  |TAMS 0x0000000707200000| PB 0x0000000707200000| Untracked |  0
|  31|0x0000000707400000, 0x0000000707400000, 0x0000000707600000|  0%| F|  |TAMS 0x0000000707400000| PB 0x0000000707400000| Untracked |  0
|  32|0x0000000707600000, 0x0000000707600000, 0x0000000707800000|  0%| F|  |TAMS 0x0000000707600000| PB 0x0000000707600000| Untracked |  0
|  33|0x0000000707800000, 0x0000000707800000, 0x0000000707a00000|  0%| F|  |TAMS 0x0000000707800000| PB 0x0000000707800000| Untracked |  0
|  34|0x0000000707a00000, 0x0000000707a00000, 0x0000000707c00000|  0%| F|  |TAMS 0x0000000707a00000| PB 0x0000000707a00000| Untracked |  0
|  35|0x0000000707c00000, 0x0000000707c00000, 0x0000000707e00000|  0%| F|  |TAMS 0x0000000707c00000| PB 0x0000000707c00000| Untracked |  0
|  36|0x0000000707e00000, 0x0000000707e00000, 0x0000000708000000|  0%| F|  |TAMS 0x0000000707e00000| PB 0x0000000707e00000| Untracked |  0
|  37|0x0000000708000000, 0x0000000708000000, 0x0000000708200000|  0%| F|  |TAMS 0x0000000708000000| PB 0x0000000708000000| Untracked |  0
|  38|0x0000000708200000, 0x0000000708200000, 0x0000000708400000|  0%| F|  |TAMS 0x0000000708200000| PB 0x0000000708200000| Untracked |  0
|  39|0x0000000708400000, 0x0000000708400000, 0x0000000708600000|  0%| F|  |TAMS 0x0000000708400000| PB 0x0000000708400000| Untracked |  0
|  40|0x0000000708600000, 0x0000000708600000, 0x0000000708800000|  0%| F|  |TAMS 0x0000000708600000| PB 0x0000000708600000| Untracked |  0
|  41|0x0000000708800000, 0x0000000708800000, 0x0000000708a00000|  0%| F|  |TAMS 0x0000000708800000| PB 0x0000000708800000| Untracked |  0
|  42|0x0000000708a00000, 0x0000000708a00000, 0x0000000708c00000|  0%| F|  |TAMS 0x0000000708a00000| PB 0x0000000708a00000| Untracked |  0
|  43|0x0000000708c00000, 0x0000000708c00000, 0x0000000708e00000|  0%| F|  |TAMS 0x0000000708c00000| PB 0x0000000708c00000| Untracked |  0
|  44|0x0000000708e00000, 0x0000000708e00000, 0x0000000709000000|  0%| F|  |TAMS 0x0000000708e00000| PB 0x0000000708e00000| Untracked |  0
|  45|0x0000000709000000, 0x0000000709000000, 0x0000000709200000|  0%| F|  |TAMS 0x0000000709000000| PB 0x0000000709000000| Untracked |  0
|  46|0x0000000709200000, 0x0000000709200000, 0x0000000709400000|  0%| F|  |TAMS 0x0000000709200000| PB 0x0000000709200000| Untracked |  0
|  47|0x0000000709400000, 0x0000000709400000, 0x0000000709600000|  0%| F|  |TAMS 0x0000000709400000| PB 0x0000000709400000| Untracked |  0
|  48|0x0000000709600000, 0x0000000709600000, 0x0000000709800000|  0%| F|  |TAMS 0x0000000709600000| PB 0x0000000709600000| Untracked |  0
|  49|0x0000000709800000, 0x0000000709800000, 0x0000000709a00000|  0%| F|  |TAMS 0x0000000709800000| PB 0x0000000709800000| Untracked |  0
|  50|0x0000000709a00000, 0x0000000709a00000, 0x0000000709c00000|  0%| F|  |TAMS 0x0000000709a00000| PB 0x0000000709a00000| Untracked |  0
|  51|0x0000000709c00000, 0x0000000709c00000, 0x0000000709e00000|  0%| F|  |TAMS 0x0000000709c00000| PB 0x0000000709c00000| Untracked |  0
|  52|0x0000000709e00000, 0x0000000709e00000, 0x000000070a000000|  0%| F|  |TAMS 0x0000000709e00000| PB 0x0000000709e00000| Untracked |  0
|  53|0x000000070a000000, 0x000000070a000000, 0x000000070a200000|  0%| F|  |TAMS 0x000000070a000000| PB 0x000000070a000000| Untracked |  0
|  54|0x000000070a200000, 0x000000070a200000, 0x000000070a400000|  0%| F|  |TAMS 0x000000070a200000| PB 0x000000070a200000| Untracked |  0
|  55|0x000000070a400000, 0x000000070a400000, 0x000000070a600000|  0%| F|  |TAMS 0x000000070a400000| PB 0x000000070a400000| Untracked |  0
|  56|0x000000070a600000, 0x000000070a600000, 0x000000070a800000|  0%| F|  |TAMS 0x000000070a600000| PB 0x000000070a600000| Untracked |  0
|  57|0x000000070a800000, 0x000000070a800000, 0x000000070aa00000|  0%| F|  |TAMS 0x000000070a800000| PB 0x000000070a800000| Untracked |  0
|  58|0x000000070aa00000, 0x000000070aa00000, 0x000000070ac00000|  0%| F|  |TAMS 0x000000070aa00000| PB 0x000000070aa00000| Untracked |  0
|  59|0x000000070ac00000, 0x000000070ac00000, 0x000000070ae00000|  0%| F|  |TAMS 0x000000070ac00000| PB 0x000000070ac00000| Untracked |  0
|  60|0x000000070ae00000, 0x000000070ae00000, 0x000000070b000000|  0%| F|  |TAMS 0x000000070ae00000| PB 0x000000070ae00000| Untracked |  0
|  61|0x000000070b000000, 0x000000070b000000, 0x000000070b200000|  0%| F|  |TAMS 0x000000070b000000| PB 0x000000070b000000| Untracked |  0
|  62|0x000000070b200000, 0x000000070b200000, 0x000000070b400000|  0%| F|  |TAMS 0x000000070b200000| PB 0x000000070b200000| Untracked |  0
|  63|0x000000070b400000, 0x000000070b400000, 0x000000070b600000|  0%| F|  |TAMS 0x000000070b400000| PB 0x000000070b400000| Untracked |  0
|  64|0x000000070b600000, 0x000000070b600000, 0x000000070b800000|  0%| F|  |TAMS 0x000000070b600000| PB 0x000000070b600000| Untracked |  0
|  65|0x000000070b800000, 0x000000070b800000, 0x000000070ba00000|  0%| F|  |TAMS 0x000000070b800000| PB 0x000000070b800000| Untracked |  0
|  66|0x000000070ba00000, 0x000000070ba00000, 0x000000070bc00000|  0%| F|  |TAMS 0x000000070ba00000| PB 0x000000070ba00000| Untracked |  0
|  67|0x000000070bc00000, 0x000000070bc00000, 0x000000070be00000|  0%| F|  |TAMS 0x000000070bc00000| PB 0x000000070bc00000| Untracked |  0
|  68|0x000000070be00000, 0x000000070be00000, 0x000000070c000000|  0%| F|  |TAMS 0x000000070be00000| PB 0x000000070be00000| Untracked |  0
|  69|0x000000070c000000, 0x000000070c000000, 0x000000070c200000|  0%| F|  |TAMS 0x000000070c000000| PB 0x000000070c000000| Untracked |  0
|  70|0x000000070c200000, 0x000000070c200000, 0x000000070c400000|  0%| F|  |TAMS 0x000000070c200000| PB 0x000000070c200000| Untracked |  0
|  71|0x000000070c400000, 0x000000070c400000, 0x000000070c600000|  0%| F|  |TAMS 0x000000070c400000| PB 0x000000070c400000| Untracked |  0
|  72|0x000000070c600000, 0x000000070c600000, 0x000000070c800000|  0%| F|  |TAMS 0x000000070c600000| PB 0x000000070c600000| Untracked |  0
|  73|0x000000070c800000, 0x000000070c800000, 0x000000070ca00000|  0%| F|  |TAMS 0x000000070c800000| PB 0x000000070c800000| Untracked |  0
|  74|0x000000070ca00000, 0x000000070ca00000, 0x000000070cc00000|  0%| F|  |TAMS 0x000000070ca00000| PB 0x000000070ca00000| Untracked |  0
|  75|0x000000070cc00000, 0x000000070cc00000, 0x000000070ce00000|  0%| F|  |TAMS 0x000000070cc00000| PB 0x000000070cc00000| Untracked |  0
|  76|0x000000070ce00000, 0x000000070ce00000, 0x000000070d000000|  0%| F|  |TAMS 0x000000070ce00000| PB 0x000000070ce00000| Untracked |  0
|  77|0x000000070d000000, 0x000000070d000000, 0x000000070d200000|  0%| F|  |TAMS 0x000000070d000000| PB 0x000000070d000000| Untracked |  0
|  78|0x000000070d200000, 0x000000070d200000, 0x000000070d400000|  0%| F|  |TAMS 0x000000070d200000| PB 0x000000070d200000| Untracked |  0
|  79|0x000000070d400000, 0x000000070d400000, 0x000000070d600000|  0%| F|  |TAMS 0x000000070d400000| PB 0x000000070d400000| Untracked |  0
|  80|0x000000070d600000, 0x000000070d600000, 0x000000070d800000|  0%| F|  |TAMS 0x000000070d600000| PB 0x000000070d600000| Untracked |  0
|  81|0x000000070d800000, 0x000000070d800000, 0x000000070da00000|  0%| F|  |TAMS 0x000000070d800000| PB 0x000000070d800000| Untracked |  0
|  82|0x000000070da00000, 0x000000070da00000, 0x000000070dc00000|  0%| F|  |TAMS 0x000000070da00000| PB 0x000000070da00000| Untracked |  0
|  83|0x000000070dc00000, 0x000000070dc00000, 0x000000070de00000|  0%| F|  |TAMS 0x000000070dc00000| PB 0x000000070dc00000| Untracked |  0
|  84|0x000000070de00000, 0x000000070de00000, 0x000000070e000000|  0%| F|  |TAMS 0x000000070de00000| PB 0x000000070de00000| Untracked |  0
|  85|0x000000070e000000, 0x000000070e000000, 0x000000070e200000|  0%| F|  |TAMS 0x000000070e000000| PB 0x000000070e000000| Untracked |  0
|  86|0x000000070e200000, 0x000000070e200000, 0x000000070e400000|  0%| F|  |TAMS 0x000000070e200000| PB 0x000000070e200000| Untracked |  0
|  87|0x000000070e400000, 0x000000070e400000, 0x000000070e600000|  0%| F|  |TAMS 0x000000070e400000| PB 0x000000070e400000| Untracked |  0
|  88|0x000000070e600000, 0x000000070e600000, 0x000000070e800000|  0%| F|  |TAMS 0x000000070e600000| PB 0x000000070e600000| Untracked |  0
|  89|0x000000070e800000, 0x000000070e800000, 0x000000070ea00000|  0%| F|  |TAMS 0x000000070e800000| PB 0x000000070e800000| Untracked |  0
|  90|0x000000070ea00000, 0x000000070ea00000, 0x000000070ec00000|  0%| F|  |TAMS 0x000000070ea00000| PB 0x000000070ea00000| Untracked |  0
|  91|0x000000070ec00000, 0x000000070ec00000, 0x000000070ee00000|  0%| F|  |TAMS 0x000000070ec00000| PB 0x000000070ec00000| Untracked |  0
|  92|0x000000070ee00000, 0x000000070ee00000, 0x000000070f000000|  0%| F|  |TAMS 0x000000070ee00000| PB 0x000000070ee00000| Untracked |  0
|  93|0x000000070f000000, 0x000000070f000000, 0x000000070f200000|  0%| F|  |TAMS 0x000000070f000000| PB 0x000000070f000000| Untracked |  0
|  94|0x000000070f200000, 0x000000070f200000, 0x000000070f400000|  0%| F|  |TAMS 0x000000070f200000| PB 0x000000070f200000| Untracked |  0
|  95|0x000000070f400000, 0x000000070f400000, 0x000000070f600000|  0%| F|  |TAMS 0x000000070f400000| PB 0x000000070f400000| Untracked |  0
|  96|0x000000070f600000, 0x000000070f600000, 0x000000070f800000|  0%| F|  |TAMS 0x000000070f600000| PB 0x000000070f600000| Untracked |  0
|  97|0x000000070f800000, 0x000000070f800000, 0x000000070fa00000|  0%| F|  |TAMS 0x000000070f800000| PB 0x000000070f800000| Untracked |  0
|  98|0x000000070fa00000, 0x000000070fa00000, 0x000000070fc00000|  0%| F|  |TAMS 0x000000070fa00000| PB 0x000000070fa00000| Untracked |  0
|  99|0x000000070fc00000, 0x000000070fc00000, 0x000000070fe00000|  0%| F|  |TAMS 0x000000070fc00000| PB 0x000000070fc00000| Untracked |  0
| 100|0x000000070fe00000, 0x000000070fe00000, 0x0000000710000000|  0%| F|  |TAMS 0x000000070fe00000| PB 0x000000070fe00000| Untracked |  0
| 101|0x0000000710000000, 0x0000000710000000, 0x0000000710200000|  0%| F|  |TAMS 0x0000000710000000| PB 0x0000000710000000| Untracked |  0
| 102|0x0000000710200000, 0x0000000710200000, 0x0000000710400000|  0%| F|  |TAMS 0x0000000710200000| PB 0x0000000710200000| Untracked |  0
| 103|0x0000000710400000, 0x0000000710400000, 0x0000000710600000|  0%| F|  |TAMS 0x0000000710400000| PB 0x0000000710400000| Untracked |  0
| 104|0x0000000710600000, 0x0000000710600000, 0x0000000710800000|  0%| F|  |TAMS 0x0000000710600000| PB 0x0000000710600000| Untracked |  0
| 105|0x0000000710800000, 0x0000000710800000, 0x0000000710a00000|  0%| F|  |TAMS 0x0000000710800000| PB 0x0000000710800000| Untracked |  0
| 106|0x0000000710a00000, 0x0000000710a00000, 0x0000000710c00000|  0%| F|  |TAMS 0x0000000710a00000| PB 0x0000000710a00000| Untracked |  0
| 107|0x0000000710c00000, 0x0000000710c00000, 0x0000000710e00000|  0%| F|  |TAMS 0x0000000710c00000| PB 0x0000000710c00000| Untracked |  0
| 108|0x0000000710e00000, 0x0000000710e00000, 0x0000000711000000|  0%| F|  |TAMS 0x0000000710e00000| PB 0x0000000710e00000| Untracked |  0
| 109|0x0000000711000000, 0x0000000711000000, 0x0000000711200000|  0%| F|  |TAMS 0x0000000711000000| PB 0x0000000711000000| Untracked |  0
| 110|0x0000000711200000, 0x0000000711200000, 0x0000000711400000|  0%| F|  |TAMS 0x0000000711200000| PB 0x0000000711200000| Untracked |  0
| 111|0x0000000711400000, 0x0000000711400000, 0x0000000711600000|  0%| F|  |TAMS 0x0000000711400000| PB 0x0000000711400000| Untracked |  0
| 112|0x0000000711600000, 0x0000000711600000, 0x0000000711800000|  0%| F|  |TAMS 0x0000000711600000| PB 0x0000000711600000| Untracked |  0
| 113|0x0000000711800000, 0x0000000711800000, 0x0000000711a00000|  0%| F|  |TAMS 0x0000000711800000| PB 0x0000000711800000| Untracked |  0
| 114|0x0000000711a00000, 0x0000000711a00000, 0x0000000711c00000|  0%| F|  |TAMS 0x0000000711a00000| PB 0x0000000711a00000| Untracked |  0
| 115|0x0000000711c00000, 0x0000000711c00000, 0x0000000711e00000|  0%| F|  |TAMS 0x0000000711c00000| PB 0x0000000711c00000| Untracked |  0
| 116|0x0000000711e00000, 0x0000000711e00000, 0x0000000712000000|  0%| F|  |TAMS 0x0000000711e00000| PB 0x0000000711e00000| Untracked |  0
| 117|0x0000000712000000, 0x0000000712000000, 0x0000000712200000|  0%| F|  |TAMS 0x0000000712000000| PB 0x0000000712000000| Untracked |  0
| 118|0x0000000712200000, 0x0000000712200000, 0x0000000712400000|  0%| F|  |TAMS 0x0000000712200000| PB 0x0000000712200000| Untracked |  0
| 119|0x0000000712400000, 0x0000000712400000, 0x0000000712600000|  0%| F|  |TAMS 0x0000000712400000| PB 0x0000000712400000| Untracked |  0
| 120|0x0000000712600000, 0x00000007127715f0, 0x0000000712800000| 72%| E|  |TAMS 0x0000000712600000| PB 0x0000000712600000| Complete |  0
| 121|0x0000000712800000, 0x0000000712a00000, 0x0000000712a00000|100%| E|CS|TAMS 0x0000000712800000| PB 0x0000000712800000| Complete |  0
| 122|0x0000000712a00000, 0x0000000712c00000, 0x0000000712c00000|100%| E|CS|TAMS 0x0000000712a00000| PB 0x0000000712a00000| Complete |  0
| 123|0x0000000712c00000, 0x0000000712e00000, 0x0000000712e00000|100%| E|CS|TAMS 0x0000000712c00000| PB 0x0000000712c00000| Complete |  0
| 124|0x0000000712e00000, 0x0000000713000000, 0x0000000713000000|100%| E|  |TAMS 0x0000000712e00000| PB 0x0000000712e00000| Complete |  0
| 125|0x0000000713000000, 0x0000000713200000, 0x0000000713200000|100%| E|CS|TAMS 0x0000000713000000| PB 0x0000000713000000| Complete |  0
| 126|0x0000000713200000, 0x0000000713400000, 0x0000000713400000|100%| E|CS|TAMS 0x0000000713200000| PB 0x0000000713200000| Complete |  0

Card table byte_map: [0x000001ccf2610000,0x000001ccf2e00000] _byte_map_base: 0x000001cceedf5000

Marking Bits: (CMBitMap*) 0x000001cce92cbe00
 Bits: [0x000001ccf2e00000, 0x000001ccf6d28000)

Polling page: 0x000001cce7220000

Metaspace:

Usage:
  Non-class:      4.51 MB used.
      Class:    503.25 KB used.
       Both:      5.00 MB used.

Virtual space:
  Non-class space:       64.00 MB reserved,       4.56 MB (  7%) committed,  1 nodes.
      Class space:        1.00 GB reserved,     576.00 KB ( <1%) committed,  1 nodes.
             Both:        1.06 GB reserved,       5.12 MB ( <1%) committed. 

Chunk freelists:
   Non-Class:  10.57 MB
       Class:  15.25 MB
        Both:  25.82 MB

MaxMetaspaceSize: unlimited
CompressedClassSpaceSize: 1.00 GB
Initial GC threshold: 21.00 MB
Current GC threshold: 21.00 MB
CDS: on
 - commit_granule_bytes: 65536.
 - commit_granule_words: 8192.
 - virtual_space_node_default_size: 8388608.
 - enlarge_chunks_in_place: 1.
 - use_allocation_guard: 0.


Internal statistics:

num_allocs_failed_limit: 0.
num_arena_births: 126.
num_arena_deaths: 0.
num_vsnodes_births: 2.
num_vsnodes_deaths: 0.
num_space_committed: 82.
num_space_uncommitted: 0.
num_chunks_returned_to_freelist: 0.
num_chunks_taken_from_freelist: 165.
num_chunk_merges: 0.
num_chunk_splits: 104.
num_chunks_enlarged: 53.
num_inconsistent_stats: 0.

CodeHeap 'non-profiled nmethods': size=119168Kb used=276Kb max_used=276Kb free=118892Kb
 bounds [0x000001cc87ba0000, 0x000001cc87e10000, 0x000001cc8f000000]
CodeHeap 'profiled nmethods': size=119104Kb used=1486Kb max_used=1486Kb free=117617Kb
 bounds [0x000001cc80000000, 0x000001cc80270000, 0x000001cc87450000]
CodeHeap 'non-nmethods': size=7488Kb used=2734Kb max_used=2746Kb free=4753Kb
 bounds [0x000001cc87450000, 0x000001cc87710000, 0x000001cc87ba0000]
 total_blobs=1460 nmethods=921 adapters=442
 compilation: enabled
              stopped_count=0, restarted_count=0
 full_count=0

Compilation events (20 events):
Event: 0.228 Thread 0x000001ccd4175d10 nmethod 914 0x000001cc8016b610 code [0x000001cc8016b7a0, 0x000001cc8016b8b0]
Event: 0.228 Thread 0x000001ccd4175d10  913       3       java.nio.Buffer::hasRemaining (17 bytes)
Event: 0.228 Thread 0x000001ccd4175d10 nmethod 913 0x000001cc8016b910 code [0x000001cc8016baa0, 0x000001cc8016bc08]
Event: 0.228 Thread 0x000001ccd4175d10  916       3       java.nio.HeapByteBuffer::get (14 bytes)
Event: 0.228 Thread 0x000001ccd416d260 nmethod 874 0x000001cc87be3b90 code [0x000001cc87be3d80, 0x000001cc87be4a00]
Event: 0.228 Thread 0x000001ccd4175d10 nmethod 916 0x000001cc8016bc90 code [0x000001cc8016be60, 0x000001cc8016c138]
Event: 0.228 Thread 0x000001ccd41741d0 nmethod 911 0x000001cc8016c310 code [0x000001cc8016c560, 0x000001cc8016cea8]
Event: 0.228 Thread 0x000001ccd4175d10  915       3       java.nio.Buffer::position (52 bytes)
Event: 0.228 Thread 0x000001ccd4175d10 nmethod 915 0x000001cc8016d310 code [0x000001cc8016d4c0, 0x000001cc8016d718]
Event: 0.229 Thread 0x000001ccd41748a0 nmethod 904 0x000001cc8016d810 code [0x000001cc8016dd60, 0x000001cc80170c28]
Event: 0.229 Thread 0x000001ccd4175d10  917       3       java.lang.invoke.BoundMethodHandle::editor (8 bytes)
Event: 0.230 Thread 0x000001ccd4175d10 nmethod 917 0x000001cc80171b10 code [0x000001cc80171ce0, 0x000001cc80172088]
Event: 0.230 Thread 0x000001ccd41748a0  918       3       java.lang.invoke.DirectMethodHandle$Holder::invokeStatic (14 bytes)
Event: 0.230 Thread 0x000001ccd41741d0  919       3       java.lang.invoke.DirectMethodHandle$Holder::invokeStatic (17 bytes)
Event: 0.230 Thread 0x000001ccd41741d0 nmethod 919 0x000001cc80172210 code [0x000001cc801723e0, 0x000001cc80172870]
Event: 0.230 Thread 0x000001ccd41748a0 nmethod 918 0x000001cc80172990 code [0x000001cc80172b60, 0x000001cc80173018]
Event: 0.230 Thread 0x000001ccd4173430  920       4       java.lang.String::toString (2 bytes)
Event: 0.230 Thread 0x000001ccd4173430 nmethod 920 0x000001cc87be4d10 code [0x000001cc87be4e80, 0x000001cc87be4f08]
Event: 0.231 Thread 0x000001ccd41741d0  921       3       sun.invoke.util.VerifyAccess::isTypeVisible (47 bytes)
Event: 0.231 Thread 0x000001ccd41741d0 nmethod 921 0x000001cc80173110 code [0x000001cc80173300, 0x000001cc801736f8]

GC Heap History (0 events):
No events

Dll operation events (9 events):
Event: 0.005 Loaded shared library C:\Program Files\Java\jdk-22\bin\java.dll
Event: 0.026 Loaded shared library C:\Program Files\Java\jdk-22\bin\jsvml.dll
Event: 0.054 Loaded shared library C:\Program Files\Java\jdk-22\bin\net.dll
Event: 0.055 Loaded shared library C:\Program Files\Java\jdk-22\bin\nio.dll
Event: 0.066 Loaded shared library C:\Program Files\Java\jdk-22\bin\zip.dll
Event: 0.113 Loaded shared library C:\Program Files\Java\jdk-22\bin\jimage.dll
Event: 0.115 Loaded shared library C:\Program Files\Java\jdk-22\bin\awt.dll
Event: 0.209 Loaded shared library C:\Program Files\Java\jdk-22\bin\freetype.dll
Event: 0.210 Loaded shared library C:\Program Files\Java\jdk-22\bin\fontmanager.dll

Deoptimization events (20 events):
Event: 0.196 Thread 0x000001cce9265570 Uncommon trap: trap_request=0xffffff45 fr.pc=0x000001cc87baddcc relative=0x00000000000000ac
Event: 0.196 Thread 0x000001cce9265570 Uncommon trap: reason=unstable_if action=reinterpret pc=0x000001cc87baddcc method=java.lang.String.isLatin1()Z @ 10 c2
Event: 0.196 Thread 0x000001cce9265570 DEOPT PACKING pc=0x000001cc87baddcc sp=0x0000007de9fff250
Event: 0.196 Thread 0x000001cce9265570 DEOPT UNPACKING pc=0x000001cc874a7da2 sp=0x0000007de9fff188 mode 2
Event: 0.196 Thread 0x000001cce9265570 Uncommon trap: trap_request=0xffffff45 fr.pc=0x000001cc87ba1d64 relative=0x00000000000000c4
Event: 0.196 Thread 0x000001cce9265570 Uncommon trap: reason=unstable_if action=reinterpret pc=0x000001cc87ba1d64 method=java.lang.String.isLatin1()Z @ 10 c2
Event: 0.196 Thread 0x000001cce9265570 DEOPT PACKING pc=0x000001cc87ba1d64 sp=0x0000007de9fff1f0
Event: 0.196 Thread 0x000001cce9265570 DEOPT UNPACKING pc=0x000001cc874a7da2 sp=0x0000007de9fff130 mode 2
Event: 0.219 Thread 0x000001cce9265570 Uncommon trap: trap_request=0xffffff45 fr.pc=0x000001cc87bd7888 relative=0x00000000000001e8
Event: 0.219 Thread 0x000001cce9265570 Uncommon trap: reason=unstable_if action=reinterpret pc=0x000001cc87bd7888 method=java.lang.StringUTF16.compress([CI[BII)I @ 20 c2
Event: 0.219 Thread 0x000001cce9265570 DEOPT PACKING pc=0x000001cc87bd7888 sp=0x0000007de9ffea70
Event: 0.219 Thread 0x000001cce9265570 DEOPT UNPACKING pc=0x000001cc874a7da2 sp=0x0000007de9ffe9e0 mode 2
Event: 0.219 Thread 0x000001cce9265570 Uncommon trap: trap_request=0xffffff45 fr.pc=0x000001cc87bab66c relative=0x000000000000006c
Event: 0.219 Thread 0x000001cce9265570 Uncommon trap: reason=unstable_if action=reinterpret pc=0x000001cc87bab66c method=java.lang.String.isLatin1()Z @ 10 c2
Event: 0.219 Thread 0x000001cce9265570 DEOPT PACKING pc=0x000001cc87bab66c sp=0x0000007de9ffec40
Event: 0.219 Thread 0x000001cce9265570 DEOPT UNPACKING pc=0x000001cc874a7da2 sp=0x0000007de9ffebd0 mode 2
Event: 0.230 Thread 0x000001cce9265570 Uncommon trap: trap_request=0xffffffde fr.pc=0x000001cc87be30b4 relative=0x0000000000000194
Event: 0.230 Thread 0x000001cce9265570 Uncommon trap: reason=class_check action=maybe_recompile pc=0x000001cc87be30b4 method=java.lang.String.equals(Ljava/lang/Object;)Z @ 8 c2
Event: 0.230 Thread 0x000001cce9265570 DEOPT PACKING pc=0x000001cc87be30b4 sp=0x0000007de9fff1a0
Event: 0.230 Thread 0x000001cce9265570 DEOPT UNPACKING pc=0x000001cc874a7da2 sp=0x0000007de9fff138 mode 2

Classes loaded (20 events):
Event: 0.233 Loading class javax/swing/text/ViewFactory done
Event: 0.233 Loading class javax/swing/text/StyledEditorKit$StyledViewFactory done
Event: 0.233 Loading class javax/swing/text/StyledEditorKit$FontFamilyAction
Event: 0.233 Loading class javax/swing/text/StyledEditorKit$StyledTextAction
Event: 0.233 Loading class javax/swing/text/StyledEditorKit$StyledTextAction done
Event: 0.233 Loading class javax/swing/text/StyledEditorKit$FontFamilyAction done
Event: 0.233 Loading class javax/swing/text/StyledEditorKit$FontSizeAction
Event: 0.233 Loading class javax/swing/text/StyledEditorKit$FontSizeAction done
Event: 0.233 Loading class javax/swing/text/StyledEditorKit$AlignmentAction
Event: 0.233 Loading class javax/swing/text/StyledEditorKit$AlignmentAction done
Event: 0.233 Loading class javax/swing/text/StyledEditorKit$BoldAction
Event: 0.233 Loading class javax/swing/text/StyledEditorKit$BoldAction done
Event: 0.233 Loading class javax/swing/text/StyledEditorKit$ItalicAction
Event: 0.233 Loading class javax/swing/text/StyledEditorKit$ItalicAction done
Event: 0.233 Loading class javax/swing/text/StyledEditorKit$StyledInsertBreakAction
Event: 0.233 Loading class javax/swing/text/StyledEditorKit$StyledInsertBreakAction done
Event: 0.233 Loading class javax/swing/text/StyledEditorKit$UnderlineAction
Event: 0.233 Loading class javax/swing/text/StyledEditorKit$UnderlineAction done
Event: 0.233 Loading class java/awt/Cursor
Event: 0.234 Loading class java/awt/Cursor done

Classes unloaded (0 events):
No events

Classes redefined (0 events):
No events

Internal exceptions (15 events):
Event: 0.055 Thread 0x000001cce9265570 Exception <a 'sun/nio/fs/WindowsException'{0x000000071303ff78}> (0x000000071303ff78) 
thrown [s\open\src\hotspot\share\prims\jni.cpp, line 520]
Event: 0.056 Thread 0x000001cce9265570 Exception <a 'sun/nio/fs/WindowsException'{0x0000000713041e00}> (0x0000000713041e00) 
thrown [s\open\src\hotspot\share\prims\jni.cpp, line 520]
Event: 0.057 Thread 0x000001cce9265570 Exception <a 'sun/nio/fs/WindowsException'{0x00000007130426f8}> (0x00000007130426f8) 
thrown [s\open\src\hotspot\share\prims\jni.cpp, line 520]
Event: 0.057 Thread 0x000001cce9265570 Exception <a 'sun/nio/fs/WindowsException'{0x0000000713043010}> (0x0000000713043010) 
thrown [s\open\src\hotspot\share\prims\jni.cpp, line 520]
Event: 0.057 Thread 0x000001cce9265570 Exception <a 'sun/nio/fs/WindowsException'{0x0000000713043908}> (0x0000000713043908) 
thrown [s\open\src\hotspot\share\prims\jni.cpp, line 520]
Event: 0.109 Thread 0x000001cce9265570 Exception <a 'java/lang/ClassNotFoundException'{0x0000000712aed760}: sun/awt/resources/spi/awtProvider> (0x0000000712aed760) 
thrown [s\open\src\hotspot\share\classfile\systemDictionary.cpp, line 313]
Event: 0.119 Thread 0x000001cce9265570 Exception <a 'java/io/FileNotFoundException'{0x0000000712b35ba8}> (0x0000000712b35ba8) 
thrown [s\open\src\hotspot\share\prims\jni.cpp, line 520]
Event: 0.123 Thread 0x000001cce9265570 Exception <a 'java/io/FileNotFoundException'{0x0000000712b63dc8}> (0x0000000712b63dc8) 
thrown [s\open\src\hotspot\share\prims\jni.cpp, line 520]
Event: 0.154 Thread 0x000001cce9265570 Exception <a 'java/lang/NoSuchMethodError'{0x00000007128267c0}: 'void java.lang.invoke.DirectMethodHandle$Holder.invokeSpecial(java.lang.Object, java.lang.Object, java.lang.Object)'> (0x00000007128267c0) 
thrown [s\open\src\hotspot\share\interpreter\linkResolver.cpp, line 774]
Event: 0.163 Thread 0x000001cce9265570 Exception <a 'java/lang/NoSuchMethodError'{0x000000071284ed80}: 'void java.lang.invoke.DirectMethodHandle$Holder.invokeStatic(java.lang.Object, java.lang.Object)'> (0x000000071284ed80) 
thrown [s\open\src\hotspot\share\interpreter\linkResolver.cpp, line 774]
Event: 0.166 Thread 0x000001cce9265570 Exception <a 'java/lang/NoSuchMethodError'{0x0000000712871618}: 'java.lang.Object java.lang.invoke.DirectMethodHandle$Holder.newInvokeSpecial(java.lang.Object, java.lang.Object, java.lang.Object, java.lang.Object, java.lang.Object)'> (0x0000000712871618) 
thrown [s\open\src\hotspot\share\interpreter\linkResolver.cpp, line 774]
Event: 0.169 Thread 0x000001cce9265570 Exception <a 'java/lang/NoSuchMethodError'{0x0000000712918cb8}: 'java.lang.Object java.lang.invoke.DirectMethodHandle$Holder.invokeStatic(java.lang.Object, int, java.lang.Object)'> (0x0000000712918cb8) 
thrown [s\open\src\hotspot\share\interpreter\linkResolver.cpp, line 774]
Event: 0.175 Thread 0x000001cce9265570 Exception <a 'java/lang/ClassNotFoundException'{0x000000071295aae0}: com/sun/swing/internal/plaf/basic/resources/spi/basicProvider> (0x000000071295aae0) 
thrown [s\open\src\hotspot\share\classfile\systemDictionary.cpp, line 313]
Event: 0.178 Thread 0x000001cce9265570 Exception <a 'java/lang/NoSuchMethodError'{0x000000071297a550}: 'int java.lang.invoke.DirectMethodHandle$Holder.invokeStatic(java.lang.Object)'> (0x000000071297a550) 
thrown [s\open\src\hotspot\share\interpreter\linkResolver.cpp, line 774]
Event: 0.216 Thread 0x000001cce9265570 Exception <a 'java/io/FileNotFoundException'{0x00000007126be110}> (0x00000007126be110) 
thrown [s\open\src\hotspot\share\prims\jni.cpp, line 520]

ZGC Phase Switch (0 events):
No events

VM Operations (8 events):
Event: 0.057 Executing VM operation: HandshakeAllThreads (Deoptimize)
Event: 0.057 Executing VM operation: HandshakeAllThreads (Deoptimize) done
Event: 0.152 Executing VM operation: HandshakeAllThreads (Deoptimize)
Event: 0.152 Executing VM operation: HandshakeAllThreads (Deoptimize) done
Event: 0.173 Executing VM operation: HandshakeAllThreads (Deoptimize)
Event: 0.173 Executing VM operation: HandshakeAllThreads (Deoptimize) done
Event: 0.226 Executing VM operation: HandshakeAllThreads (Deoptimize)
Event: 0.226 Executing VM operation: HandshakeAllThreads (Deoptimize) done

Events (18 events):
Event: 0.016 Thread 0x000001cce9265570 Thread added: 0x000001cce9265570
Event: 0.025 Thread 0x000001ccf9775d60 Thread added: 0x000001ccf9775d60
Event: 0.025 Thread 0x000001ccf9776f20 Thread added: 0x000001ccf9776f20
Event: 0.025 Thread 0x000001ccf9779450 Thread added: 0x000001ccf9779450
Event: 0.025 Thread 0x000001ccf977c1e0 Thread added: 0x000001ccf977c1e0
Event: 0.025 Thread 0x000001ccf977d370 Thread added: 0x000001ccf977d370
Event: 0.025 Thread 0x000001ccd416ab30 Thread added: 0x000001ccd416ab30
Event: 0.025 Thread 0x000001ccd416d260 Thread added: 0x000001ccd416d260
Event: 0.025 Thread 0x000001ccd41741d0 Thread added: 0x000001ccd41741d0
Event: 0.048 Thread 0x000001ccd416c570 Thread added: 0x000001ccd416c570
Event: 0.052 Thread 0x000001ccd41748a0 Thread added: 0x000001ccd41748a0
Event: 0.063 Thread 0x000001ccd4169780 Thread added: 0x000001ccd4169780
Event: 0.066 Thread 0x000001ccd4174f70 Thread added: 0x000001ccd4174f70
Event: 0.067 Thread 0x000001ccd4175d10 Thread added: 0x000001ccd4175d10
Event: 0.140 Thread 0x000001ccd4169e10 Thread added: 0x000001ccd4169e10
Event: 0.141 Thread 0x000001ccd416b1c0 Thread added: 0x000001ccd416b1c0
Event: 0.141 Thread 0x000001ccd416b850 Thread added: 0x000001ccd416b850
Event: 0.199 Thread 0x000001ccd4173430 Thread added: 0x000001ccd4173430


Dynamic libraries:
0x00007ff7721d0000 - 0x00007ff7721e0000 	C:\Program Files\Java\jdk-22\bin\java.exe
0x00007ffa02330000 - 0x00007ffa02547000 	C:\WINDOWS\SYSTEM32\ntdll.dll
0x00007ffa019b0000 - 0x00007ffa01a74000 	C:\WINDOWS\System32\KERNEL32.DLL
0x00007ff9ff980000 - 0x00007ff9ffd27000 	C:\WINDOWS\System32\KERNELBASE.dll
0x00007ff9ffe50000 - 0x00007ff9fff61000 	C:\WINDOWS\System32\ucrtbase.dll
0x00007ff9b2670000 - 0x00007ff9b268b000 	C:\Program Files\Java\jdk-22\bin\VCRUNTIME140.dll
0x00007ff9f7160000 - 0x00007ff9f7177000 	C:\Program Files\Java\jdk-22\bin\jli.dll
0x00007ffa01ce0000 - 0x00007ffa01d92000 	C:\WINDOWS\System32\ADVAPI32.dll
0x00007ffa01320000 - 0x00007ffa013c7000 	C:\WINDOWS\System32\msvcrt.dll
0x00007ffa01900000 - 0x00007ffa019a8000 	C:\WINDOWS\System32\sechost.dll
0x00007ff9fff70000 - 0x00007ff9fff98000 	C:\WINDOWS\System32\bcrypt.dll
0x00007ffa00d30000 - 0x00007ffa00e45000 	C:\WINDOWS\System32\RPCRT4.dll
0x00007ffa01b30000 - 0x00007ffa01cde000 	C:\WINDOWS\System32\USER32.dll
0x00007ff9ff6c0000 - 0x00007ff9ff6e6000 	C:\WINDOWS\System32\win32u.dll
0x00007ff9eb0d0000 - 0x00007ff9eb363000 	C:\WINDOWS\WinSxS\amd64_microsoft.windows.common-controls_6595b64144ccf1df_6.0.22621.3527_none_270e469b73872a76\COMCTL32.dll
0x00007ffa012e0000 - 0x00007ffa01309000 	C:\WINDOWS\System32\GDI32.dll
0x00007ff9ffd30000 - 0x00007ff9ffe49000 	C:\WINDOWS\System32\gdi32full.dll
0x00007ff9ff8e0000 - 0x00007ff9ff97a000 	C:\WINDOWS\System32\msvcp_win.dll
0x00007ff9f4060000 - 0x00007ff9f406a000 	C:\WINDOWS\SYSTEM32\VERSION.dll
0x00007ffa002b0000 - 0x00007ffa002e1000 	C:\WINDOWS\System32\IMM32.DLL
0x00007ff9b9fa0000 - 0x00007ff9b9fac000 	C:\Program Files\Java\jdk-22\bin\vcruntime140_1.dll
0x00007ff9a48a0000 - 0x00007ff9a492e000 	C:\Program Files\Java\jdk-22\bin\msvcp140.dll
0x00007ff968cf0000 - 0x00007ff969a38000 	C:\Program Files\Java\jdk-22\bin\server\jvm.dll
0x00007ffa01a80000 - 0x00007ffa01af1000 	C:\WINDOWS\System32\WS2_32.dll
0x00007ff9fe490000 - 0x00007ff9fe4dd000 	C:\WINDOWS\SYSTEM32\POWRPROF.dll
0x00007ff9f5b00000 - 0x00007ff9f5b34000 	C:\WINDOWS\SYSTEM32\WINMM.dll
0x00007ff9fe470000 - 0x00007ff9fe483000 	C:\WINDOWS\SYSTEM32\UMPDC.dll
0x00007ff9fe720000 - 0x00007ff9fe738000 	C:\WINDOWS\SYSTEM32\kernel.appcore.dll
0x00007ff9b4750000 - 0x00007ff9b475a000 	C:\Program Files\Java\jdk-22\bin\jimage.dll
0x00007ff9fccc0000 - 0x00007ff9fcef2000 	C:\WINDOWS\SYSTEM32\DBGHELP.DLL
0x00007ffa00e50000 - 0x00007ffa011d8000 	C:\WINDOWS\System32\combase.dll
0x00007ffa01480000 - 0x00007ffa01557000 	C:\WINDOWS\System32\OLEAUT32.dll
0x00007ff9f1c30000 - 0x00007ff9f1c62000 	C:\WINDOWS\SYSTEM32\dbgcore.DLL
0x00007ff9ff6f0000 - 0x00007ff9ff769000 	C:\WINDOWS\System32\bcryptPrimitives.dll
0x00007ff9b25c0000 - 0x00007ff9b25de000 	C:\Program Files\Java\jdk-22\bin\java.dll
0x00007ffa004d0000 - 0x00007ffa00d2c000 	C:\WINDOWS\System32\SHELL32.dll
0x00007ffa01750000 - 0x00007ffa018f5000 	C:\WINDOWS\System32\ole32.dll
0x00007ff9fd550000 - 0x00007ff9fde46000 	C:\WINDOWS\SYSTEM32\windows.storage.dll
0x00007ff9fd410000 - 0x00007ff9fd54e000 	C:\WINDOWS\SYSTEM32\wintypes.dll
0x00007ffa00380000 - 0x00007ffa00475000 	C:\WINDOWS\System32\SHCORE.dll
0x00007ffa016f0000 - 0x00007ffa0174e000 	C:\WINDOWS\System32\shlwapi.dll
0x00007ff9ff580000 - 0x00007ff9ff5a1000 	C:\WINDOWS\SYSTEM32\profapi.dll
0x00007ff9a4c20000 - 0x00007ff9a4cf7000 	C:\Program Files\Java\jdk-22\bin\jsvml.dll
0x00007ff9b28a0000 - 0x00007ff9b28b0000 	C:\Program Files\Java\jdk-22\bin\net.dll
0x00007ff9feb90000 - 0x00007ff9febf9000 	C:\WINDOWS\system32\mswsock.dll
0x00007ff9a9620000 - 0x00007ff9a9636000 	C:\Program Files\Java\jdk-22\bin\nio.dll
0x00007ff9a95d0000 - 0x00007ff9a95e7000 	C:\Program Files\Java\jdk-22\bin\zip.dll
0x00007ff99cce0000 - 0x00007ff99ce6e000 	C:\Program Files\Java\jdk-22\bin\awt.dll
0x00007ff9f9db0000 - 0x00007ff9f9e47000 	C:\WINDOWS\SYSTEM32\apphelp.dll
0x00007ff9f9e70000 - 0x00007ff9f9f1b000 	C:\WINDOWS\system32\uxtheme.dll
0x00007ffa01570000 - 0x00007ffa016c3000 	C:\WINDOWS\System32\MSCTF.dll
0x00007ff9fa070000 - 0x00007ff9fa09b000 	C:\WINDOWS\system32\DWMAPI.DLL
0x00007ff99f830000 - 0x00007ff99f8b7000 	C:\Program Files\Java\jdk-22\bin\freetype.dll
0x00007ff99b0e0000 - 0x00007ff99b1b7000 	C:\Program Files\Java\jdk-22\bin\fontmanager.dll

dbghelp: loaded successfully - version: 4.0.5 - missing functions: none
symbol engine: initialized successfully - sym options: 0x614 - pdb path: .;C:\Program Files\Java\jdk-22\bin;C:\WINDOWS\SYSTEM32;C:\WINDOWS\WinSxS\amd64_microsoft.windows.common-controls_6595b64144ccf1df_6.0.22621.3527_none_270e469b73872a76;C:\Program Files\Java\jdk-22\bin\server

VM Arguments:
jvm_args: -Dfile.encoding=UTF-8 --module-path=F:\IE003\UITravel\build\classes 
java_command: uitravel.UITravel
java_class_path (initial): F:\IE003\UITravel\library\TimingFramework-0.55.jar;F:\IE003\UITravel\library\datechooser-swing-1.4.1.jar;F:\IE003\UITravel\library\flatlaf-3.4.1.jar;F:\IE003\UITravel\library\flatlaf-extras-3.4.1.jar;F:\IE003\UITravel\library\jsvg-1.4.0.jar;F:\IE003\UITravel\library\miglayout-4.0.jar;F:\IE003\UITravel\library\miglayout-core.jar;F:\IE003\UITravel\library\miglayout-swing.jar;F:\IE003\UITravel\library\svgSalamander-1.1.4.jar;F:\IE003\UITravel\library\swing-datetime-picker-1.2.0.jar;F:\IE003\UITravel\library\adyen-java-api-library-25.1.0.jar;C:\Program Files\NetBeans-21\netbeans\java\modules\ext\AbsoluteLayout.jar;F:\IE003\UITravel\library\jar_files\animal-sniffer-annotations-1.23.jar;F:\IE003\UITravel\library\jar_files\annotations-4.1.1.4.jar;F:\IE003\UITravel\library\jar_files\api-common-2.31.0.jar;F:\IE003\UITravel\library\jar_files\auto-value-annotations-1.10.4.jar;F:\IE003\UITravel\library\jar_files\checker-qual-3.42.0.jar;F:\IE003\UITravel\library\jar_files\commons-codec-1.16.1.jar;F:\IE003\UITravel\library\jar_files\commons-logging-1.2.jar;F:\IE003\UITravel\library\jar_files\conscrypt-openjdk-uber-2.5.2.jar;F:\IE003\UITravel\library\jar_files\error_prone_annotations-2.23.0.jar;F:\IE003\UITravel\library\jar_files\failureaccess-1.0.2.jar;F:\IE003\UITravel\library\jar_files\firebase-admin-9.3.0.jar;F:\IE003\UITravel\library\jar_files\gapic-google-cloud-storage-v2-2.38.0-alpha.jar;F:\IE003\UITravel\library\jar_files\gax-2.48.0.jar;F:\IE003\UITravel\library\jar_files\gax-grpc-2.48.0.jar;F:\IE003\UITravel\library\jar_files\gax-httpjson-2.48.0.jar;F:\IE003\UITravel\library\jar_files\google-api-client-2.4.0.jar;F:\IE003\UITravel\library\jar_files\google-api-client-gson-2.4.0.jar;F:\IE003\UITravel\library\jar_files\google-api-services-storage-v1-rev20240319-2.0.0.jar;F:\IE003\UITravel\library\jar_files\google-auth-library-credentials-1.23.0.jar;F:\IE003\UITravel\library\jar_files\google-auth-library-oauth2-http-1.23.0.jar;F:\IE003\UITravel\library\jar_files\google-cloud-core-2.38.0.jar;F:\IE003\UITravel\library\jar_files\google-cloud-core-grpc-2.38.0.jar;F:\IE003\UITravel\library\jar_files\google-cloud-core-http-2.38.0.jar;F:\IE003\UITravel\library\jar_files\google-cloud-firestore-3.21.1.jar;F:\IE003\UITravel\library\jar_files\google-cloud-storage-2.38.0.jar;F:\IE003\UITravel\library\jar_files\google-http-client-1.44.1.jar;F:\IE003\UITravel\library\jar_files\google-http-client-apache-v2-1.44.1.jar;F:\IE003\UITravel\library\jar_files\google-http-client-appengine-1.44.1.jar;F:\IE003\UITravel\library\jar_files\google-http-client-gson-1.44.1.jar;F:\IE003\UITravel\library\jar_files\google-http-client-jackson2-1.44.1.jar;F:\IE003\UITravel\library\jar_files\google-oauth-client-1.35.0.jar;F:\IE003\UITravel\library\jar_files\grpc-alts-1.62.2.jar;F:\IE003\UITravel\library\jar_files\grpc-api-1.62.2.jar;F:\IE003\UITravel\library\jar_files\grpc-auth-1.62.2.jar;F:\IE003\UITravel\library\jar_files\grpc-context-1.60.1.jar;F:\IE003\UITravel\library\jar_files\grpc-core-1.62.2.jar;F:\IE003\UITravel\library\jar_files\grpc-google-cloud-storage-v2-2.38.0-alpha.jar;F:\IE003\UITravel\library\jar_files\grpc-googleapis-1.62.2.jar;F:\IE003\UITravel\library\jar_files\grpc-grpclb-1.62.2.jar;F:\IE003\UITravel\library\jar_files\grpc-inprocess-1.62.2.jar;F:\IE003\UITravel\library\jar_files\grpc-netty-shaded-1.62.2.jar;F:\IE003\UITravel\library\jar_files\grpc-protobuf-1.62.2.jar;F:\IE003\UITravel\library\jar_files\grpc-protobuf-lite-1.62.2.jar;F:\IE003\UITravel\library\jar_files\grpc-rls-1.62.2.jar;F:\IE003\UITravel\library\jar_files\grpc-services-1.62.2.jar;F:\IE003\UITravel\library\jar_files\grpc-stub-1.62.2.jar;F:\IE003\UITravel\library\jar_files\grpc-util-1.62.2.jar;F:\IE003\UITravel\library\jar_files\grpc-xds-1.62.2.jar;F:\IE003\UITravel\library\jar_files\gson-2.10.1.jar;F:\IE003\UITravel\library\jar_files\guava-33.1.0-jre.jar;F:\IE003\UITravel\library\jar_files\httpclient-4.5.14.jar;F:\IE003\UITravel\library\jar_files\httpcore-4.4.16.jar;F:\IE003\UITravel\library\jar_files\j2objc-annotations-2.8.jar;F:\IE003\UITravel\library\jar_files\jackson-core-2.17.0.jar;F:\IE003\UITravel\library\jar_files\javax.annotation-api-1.3.2.jar;F:\IE003\UITravel\library\jar_files\jsr305-3.0.2.jar;F:\IE003\UITravel\library\jar_files\listenablefuture-9999.0-empty-to-avoid-conflict-with-guava.jar;F:\IE003\UITravel\library\jar_files\netty-buffer-4.1.109.Final.jar;F:\IE003\UITravel\library\jar_files\netty-codec-4.1.109.Final.jar;F:\IE003\UITravel\library\jar_files\netty-codec-http-4.1.109.Final.jar;F:\IE003\UITravel\library\jar_files\netty-common-4.1.109.Final.jar;F:\IE003\UITravel\library\jar_files\netty-handler-4.1.109.Final.jar;F:\IE003\UITravel\library\jar_files\netty-resolver-4.1.109.Final.jar;F:\IE003\UITravel\library\jar_files\netty-transport-4.1.109.Final.jar;F:\IE003\UITravel\library\jar_files\netty-transport-native-unix-common-4.1.109.Final.jar;F:\IE003\UITravel\library\jar_files\opencensus-api-0.31.1.jar;F:\IE003\UITravel\library\jar_files\opencensus-contrib-grpc-util-0.31.1.jar;F:\IE003\UITravel\library\jar_files\opencensus-contrib-http-util-0.31.1.jar;F:\IE003\UITravel\library\jar_files\opencensus-proto-0.2.0.jar;F:\IE003\UITravel\library\jar_files\perfmark-api-0.27.0.jar;F:\IE003\UITravel\library\jar_files\proto-google-cloud-firestore-bundle-v1-3.21.1.jar;F:\IE003\UITravel\library\jar_files\proto-google-cloud-firestore-v1-3.21.1.jar;F:\IE003\UITravel\library\jar_files\proto-google-cloud-storage-v2-2.38.0-alpha.jar;F:\IE003\UITravel\library\jar_files\proto-google-common-protos-2.39.0.jar;F:\IE003\UITravel\library\jar_files\proto-google-iam-v1-1.34.0.jar;F:\IE003\UITravel\library\jar_files\protobuf-java-3.25.3.jar;F:\IE003\UITravel\library\jar_files\protobuf-java-util-3.25.3.jar;F:\IE003\UITravel\library\jar_files\re2j-1.7.jar;F:\IE003\UITravel\library\jar_files\slf4j-api-2.0.13.jar;F:\IE003\UITravel\library\jar_files\threetenbp-1.6.9.jar;F:\IE003\UITravel\library\commons-lang3-3.14.0-r1.jar;F:\IE003\UITravel\library\json-20240303.jar;F:\IE003\UITravel\library\firebase-admin-5.9.0.jar;F:\IE003\UITravel\build\classes
Launcher Type: SUN_STANDARD

[Global flags]
     intx CICompilerCount                          = 12                                        {product} {ergonomic}
     uint ConcGCThreads                            = 3                                         {product} {ergonomic}
     uint G1ConcRefinementThreads                  = 13                                        {product} {ergonomic}
   size_t G1HeapRegionSize                         = 2097152                                   {product} {ergonomic}
   size_t InitialHeapSize                          = 266338304                                 {product} {ergonomic}
   size_t MarkStackSize                            = 4194304                                   {product} {ergonomic}
   size_t MaxHeapSize                              = 4238344192                                {product} {ergonomic}
   size_t MaxNewSize                               = 2541748224                                {product} {ergonomic}
   size_t MinHeapDeltaBytes                        = 2097152                                   {product} {ergonomic}
   size_t MinHeapSize                              = 8388608                                   {product} {ergonomic}
    uintx NonNMethodCodeHeapSize                   = 7602480                                {pd product} {ergonomic}
    uintx NonProfiledCodeHeapSize                  = 122027880                              {pd product} {ergonomic}
    uintx ProfiledCodeHeapSize                     = 122027880                              {pd product} {ergonomic}
    uintx ReservedCodeCacheSize                    = 251658240                              {pd product} {ergonomic}
     bool SegmentedCodeCache                       = true                                      {product} {ergonomic}
   size_t SoftMaxHeapSize                          = 4238344192                             {manageable} {ergonomic}
     bool UseCompressedOops                        = true                           {product lp64_product} {ergonomic}
     bool UseG1GC                                  = true                                      {product} {ergonomic}
     bool UseLargePagesIndividualAllocation        = false                                  {pd product} {ergonomic}

Logging:
Log output configuration:
 #0: stdout all=warning uptime,level,tags foldmultilines=false
 #1: stderr all=off uptime,level,tags foldmultilines=false

Environment Variables:
JAVA_HOME=C:\Program Files\Java\jdk-22
PATH=C:\Program Files\Common Files\Oracle\Java\javapath;C:\Program Files (x86)\Common Files\Oracle\Java\javapath;C:\Program Files\Eclipse Adoptium\jdk-21.0.2.13-hotspot\bin;C:\Program Files (x86)\Common Files\Intel\Shared Libraries\redist\intel64\compiler;C:\Program Files (x86)\Common Files\Intel\Shared Libraries\redist\ia32\compiler;C:\Windows\system32;C:\Windows;C:\Windows\System32\Wbem;C:\Windows\System32\WindowsPowerShell\v1.0\;C:\Windows\System32\OpenSSH\;C:\Program Files (x86)\NVIDIA Corporation\PhysX\Common;C:\Program Files\NVIDIA Corporation\NVIDIA NvDLISR;C:\Program Files (x86)\mingw-w64\i686-8.1.0-posix-dwarf-rt_v6-rev0\mingw32\bin;C:\WINDOWS\system32;C:\WINDOWS;C:\WINDOWS\System32\Wbem;C:\WINDOWS\System32\WindowsPowerShell\v1.0\;C:\WINDOWS\System32\OpenSSH\;C:\Program Files\Microsoft SQL Server\Client SDK\ODBC\170\Tools\Binn\;C:\Program Files (x86)\Microsoft SQL Server\150\Tools\Binn\;C:\Program Files\Microsoft SQL Server\150\Tools\Binn\;C:\Program Files\Microsoft SQL Server\150\DTS\Binn\;C:\Program Files (x86)\Microsoft SQL Server\150\DTS\Binn\;C:\Program Files\Docker\Docker\resources\bin;C:\Program Files\dotnet\;C:\Program Files\nodejs\;C:\Program Files\Git\cmd;C:\Program Files\Cloudflare\Cloudflare WARP\;C:\Users\ACER\AppData\Local\Programs\Python\Python312;C:\Users\ACER\AppData\Local\Programs\Python\Python312\Scripts;C:\Program Files\heroku\bin;C:\Users\ACER\AppData\Local\Programs\Python\Python312\Scripts\;C:\Users\ACER\AppData\Local\Programs\Python\Python312\;C:\Users\ACER\AppData\Local\Microsoft\WindowsApps;C:\Users\ACER\AppData\Local\Programs\Microsoft VS Code\bin;C:\Program Files\Azure Data Studio\bin;C:\Users\ACER\AppData\Local\GitHubDesktop\bin;E:\Barebone\Compiler\win_flex_bison-2.5.4;C:\Users\ACER\AppData\Roaming\Microsoft\Windows\Start Menu\Programs\Python 3.10;C:\Users\ACER\.dotnet\tools;C:\Users\ACER\AppData\Roaming\npm;C:\Program Files (x86)\GnuWin32\bin;E:\nlp;E:\nlp\access;C:\Users\ACER\AppData\Local\Android\Sdk\emulator;C:\Users\ACER\AppData\Local\Android\android-sdk;C:\Users\ACER\AppData\Local\Android\Sdk\platform-tools;C:\Users\ACER\AppData\Local\Android\Sdk;C:\Users\ACER\AppData\Local\Android\android-sdk;C:\Program Files\Java\jdk-22\bin;C:\Program Files\Java\jre-1.8\bin;C:\Users\ACER\AppData\Local\Programs\Python\Python312;
USERNAME=ACER
OS=Windows_NT
PROCESSOR_IDENTIFIER=Intel64 Family 6 Model 141 Stepping 1, GenuineIntel
TMP=C:\Users\ACER\AppData\Local\Temp
TEMP=C:\Users\ACER\AppData\Local\Temp




Periodic native trim disabled

---------------  S Y S T E M  ---------------

OS:
 Windows 11 , 64 bit Build 22621 (10.0.22621.3527)
OS uptime: 2 days 2:19 hours
Hyper-V role detected

CPU: total 16 (initial active 16) (8 cores per cpu, 2 threads per core) family 6 model 141 stepping 1 microcode 0x3c, cx8, cmov, fxsr, ht, mmx, 3dnowpref, sse, sse2, sse3, ssse3, sse4.1, sse4.2, popcnt, lzcnt, tsc, tscinvbit, avx, avx2, aes, erms, clmul, bmi1, bmi2, adx, avx512f, avx512dq, avx512cd, avx512bw, avx512vl, sha, fma, vzeroupper, avx512_vpopcntdq, avx512_vpclmulqdq, avx512_vaes, avx512_vnni, clflush, clflushopt, clwb, avx512_vbmi2, avx512_vbmi, hv, rdtscp, rdpid, fsrm, gfni, avx512_bitalg, f16c, cet_ibt, cet_ss, avx512_ifma
Processor Information for all 16 processors :
  Max Mhz: 2304, Current Mhz: 2304, Mhz Limit: 2304

Memory: 4k page, system-wide physical 16163M (1336M free)
TotalPageFile size 22307M (AvailPageFile size 4M)
current process WorkingSet (physical memory assigned to process): 70M, peak: 70M
current process commit charge ("private bytes"): 369M, peak: 369M

vm_info: Java HotSpot(TM) 64-Bit Server VM (22+36-2370) for windows-amd64 JRE (22+36-2370), built on 2024-02-15T22:15:19Z by "mach5one" with MS VC++ 17.6 (VS2022)

END.
