#
# There is insufficient memory for the Java Runtime Environment to continue.
# Native memory allocation (malloc) failed to allocate 353136 bytes. Error detail: Chunk::new
# Possible reasons:
#   The system is out of physical RAM or swap space
#   This process is running with CompressedOops enabled, and the Java Heap may be blocking the growth of the native heap
# Possible solutions:
#   Reduce memory load on the system
#   Increase physical memory or swap space
#   Check if swap backing store is full
#   Decrease Java heap size (-Xmx/-Xms)
#   Decrease number of Java threads
#   Decrease Java thread stack sizes (-Xss)
#   Set larger code cache with -XX:ReservedCodeCacheSize=
#   JVM is running with Zero Based Compressed Oops mode in which the Java heap is
#     placed in the first 32GB address space. The Java Heap base address is the
#     maximum limit for the native heap growth. Please use -XX:HeapBaseMinAddress
#     to set the Java Heap base and to place the Java Heap above 32GB virtual address.
# This output file may be truncated or incomplete.
#
#  Out of Memory Error (arena.cpp:150), pid=19908, tid=20084
#
# JRE version: Java(TM) SE Runtime Environment (22.0+36) (build 22+36-2370)
# Java VM: Java HotSpot(TM) 64-Bit Server VM (22+36-2370, mixed mode, sharing, tiered, compressed oops, compressed class ptrs, g1 gc, windows-amd64)
# No core dump will be written. Minidumps are not enabled by default on client versions of Windows
#

---------------  S U M M A R Y ------------

Command Line: -Dfile.encoding=UTF-8 --module-path=E:\IE003\UITravel\build\classes uitravel.UserSearch

Host: 11th Gen Intel(R) Core(TM) i7-11800H @ 2.30GHz, 16 cores, 15G,  Windows 11 , 64 bit Build 22621 (10.0.22621.3527)
Time: Fri May 31 14:56:02 2024 SE Asia Standard Time elapsed time: 1.067374 seconds (0d 0h 0m 1s)

---------------  T H R E A D  ---------------

Current thread (0x000002414bbadf80):  JavaThread "C2 CompilerThread4" daemon [_thread_in_native, id=20084, stack(0x0000008d7f900000,0x0000008d7fa00000) (1024K)]


Current CompileTask:
C2:1067 2513       4       sun.swing.SwingUtilities2::getFontCharsWidth (45 bytes)

Stack: [0x0000008d7f900000,0x0000008d7fa00000]
Native frames: (J=compiled Java code, j=interpreted, Vv=VM code, C=native code)
V  [jvm.dll+0x6e2349]  (no source info available)
V  [jvm.dll+0x874ed3]  (no source info available)
V  [jvm.dll+0x8772fe]  (no source info available)
V  [jvm.dll+0x8779d3]  (no source info available)
V  [jvm.dll+0x27fcb6]  (no source info available)
V  [jvm.dll+0xc3d0f]  (no source info available)
V  [jvm.dll+0xc3f6b]  (no source info available)
V  [jvm.dll+0x3bb022]  (no source info available)
V  [jvm.dll+0x387abb]  (no source info available)
V  [jvm.dll+0x386f2a]  (no source info available)
V  [jvm.dll+0x247908]  (no source info available)
V  [jvm.dll+0x246faf]  (no source info available)
V  [jvm.dll+0x1c4e90]  (no source info available)
V  [jvm.dll+0x25699e]  (no source info available)
V  [jvm.dll+0x254c5a]  (no source info available)
V  [jvm.dll+0x3f5426]  (no source info available)
V  [jvm.dll+0x81d50b]  (no source info available)
V  [jvm.dll+0x6e09e5]  (no source info available)
C  [ucrtbase.dll+0x29333]  (no source info available)
C  [KERNEL32.DLL+0x1257d]  (no source info available)
C  [ntdll.dll+0x5aa48]  (no source info available)


---------------  P R O C E S S  ---------------

Threads class SMR info:
_java_thread_list=0x000002414b67bec0, length=24, elements={
0x0000024104a99d10, 0x0000024104a9ab20, 0x0000024104a9d260, 0x0000024104a9ddb0,
0x0000024104aa7c30, 0x0000024104aa87c0, 0x0000024104aab560, 0x0000024104ab4790,
0x000002414a0fad20, 0x000002414a0fc910, 0x000002414a1cd090, 0x000002414a28bf20,
0x000002414a3a8670, 0x000002414a3ab160, 0x000002414a3b2820, 0x000002414adc28d0,
0x000002414a3f37c0, 0x000002414b3ee600, 0x0000024164f65200, 0x000002414b0b4400,
0x000002414b6835d0, 0x000002414b6a9480, 0x000002414bbad8c0, 0x000002414bbadf80
}

Java Threads: ( => current thread )
  0x0000024104a99d10 JavaThread "Reference Handler"          daemon [_thread_blocked, id=9484, stack(0x0000008d7d700000,0x0000008d7d800000) (1024K)]
  0x0000024104a9ab20 JavaThread "Finalizer"                  daemon [_thread_blocked, id=1752, stack(0x0000008d7d800000,0x0000008d7d900000) (1024K)]
  0x0000024104a9d260 JavaThread "Signal Dispatcher"          daemon [_thread_blocked, id=11272, stack(0x0000008d7d900000,0x0000008d7da00000) (1024K)]
  0x0000024104a9ddb0 JavaThread "Attach Listener"            daemon [_thread_blocked, id=20900, stack(0x0000008d7da00000,0x0000008d7db00000) (1024K)]
  0x0000024104aa7c30 JavaThread "Service Thread"             daemon [_thread_blocked, id=19204, stack(0x0000008d7db00000,0x0000008d7dc00000) (1024K)]
  0x0000024104aa87c0 JavaThread "Monitor Deflation Thread"   daemon [_thread_blocked, id=19468, stack(0x0000008d7dc00000,0x0000008d7dd00000) (1024K)]
  0x0000024104aab560 JavaThread "C2 CompilerThread0"         daemon [_thread_blocked, id=1672, stack(0x0000008d7dd00000,0x0000008d7de00000) (1024K)]
  0x0000024104ab4790 JavaThread "C1 CompilerThread0"         daemon [_thread_blocked, id=14804, stack(0x0000008d7de00000,0x0000008d7df00000) (1024K)]
  0x000002414a0fad20 JavaThread "Common-Cleaner"             daemon [_thread_blocked, id=12996, stack(0x0000008d7df00000,0x0000008d7e000000) (1024K)]
  0x000002414a0fc910 JavaThread "C1 CompilerThread1"         daemon [_thread_blocked, id=16672, stack(0x0000008d7e000000,0x0000008d7e100000) (1024K)]
  0x000002414a1cd090 JavaThread "Notification Thread"        daemon [_thread_blocked, id=10012, stack(0x0000008d7e100000,0x0000008d7e200000) (1024K)]
  0x000002414a28bf20 JavaThread "C2 CompilerThread1"         daemon [_thread_blocked, id=16716, stack(0x0000008d7e200000,0x0000008d7e300000) (1024K)]
  0x000002414a3a8670 JavaThread "Java2D Disposer"            daemon [_thread_blocked, id=12464, stack(0x0000008d7e300000,0x0000008d7e400000) (1024K)]
  0x000002414a3ab160 JavaThread "AWT-Shutdown"                      [_thread_blocked, id=24028, stack(0x0000008d7e400000,0x0000008d7e500000) (1024K)]
  0x000002414a3b2820 JavaThread "AWT-Windows"                daemon [_thread_in_native, id=23476, stack(0x0000008d7e500000,0x0000008d7e600000) (1024K)]
  0x000002414adc28d0 JavaThread "C2 CompilerThread2"         daemon [_thread_blocked, id=13644, stack(0x0000008d7e600000,0x0000008d7e700000) (1024K)]
  0x000002414a3f37c0 JavaThread "C1 CompilerThread2"         daemon [_thread_blocked, id=2152, stack(0x0000008d7e700000,0x0000008d7e800000) (1024K)]
  0x000002414b3ee600 JavaThread "AWT-EventQueue-0"                  [_thread_blocked, id=9288, stack(0x0000008d7e800000,0x0000008d7e900000) (1024K)]
  0x0000024164f65200 JavaThread "DestroyJavaVM"                     [_thread_blocked, id=11280, stack(0x0000008d7cf00000,0x0000008d7d000000) (1024K)]
  0x000002414b0b4400 JavaThread "TimerQueue"                 daemon [_thread_blocked, id=7508, stack(0x0000008d7e900000,0x0000008d7ea00000) (1024K)]
  0x000002414b6835d0 JavaThread "Image Fetcher 0"            daemon [_thread_blocked, id=19048, stack(0x0000008d7ea00000,0x0000008d7eb00000) (1024K)]
  0x000002414b6a9480 JavaThread "C1 CompilerThread3"         daemon [_thread_blocked, id=3552, stack(0x0000008d7eb00000,0x0000008d7ec00000) (1024K)]
  0x000002414bbad8c0 JavaThread "C2 CompilerThread3"         daemon [_thread_blocked, id=9116, stack(0x0000008d7f800000,0x0000008d7f900000) (1024K)]
=>0x000002414bbadf80 JavaThread "C2 CompilerThread4"         daemon [_thread_in_native, id=20084, stack(0x0000008d7f900000,0x0000008d7fa00000) (1024K)]
Total: 24

Other Threads:
  0x0000024104a85680 VMThread "VM Thread"                           [id=10200, stack(0x0000008d7d600000,0x0000008d7d700000) (1024K)]
  0x0000024104a67a10 WatcherThread "VM Periodic Task Thread"        [id=19676, stack(0x0000008d7d500000,0x0000008d7d600000) (1024K)]
  0x0000024164fc4be0 WorkerThread "GC Thread#0"                     [id=18572, stack(0x0000008d7d000000,0x0000008d7d100000) (1024K)]
  0x000002414b60cb70 WorkerThread "GC Thread#1"                     [id=9596, stack(0x0000008d7ec00000,0x0000008d7ed00000) (1024K)]
  0x000002414b791380 WorkerThread "GC Thread#2"                     [id=8876, stack(0x0000008d7ed00000,0x0000008d7ee00000) (1024K)]
  0x000002414b633380 WorkerThread "GC Thread#3"                     [id=23936, stack(0x0000008d7ee00000,0x0000008d7ef00000) (1024K)]
  0x000002414b633730 WorkerThread "GC Thread#4"                     [id=21820, stack(0x0000008d7ef00000,0x0000008d7f000000) (1024K)]
  0x000002414b633ee0 WorkerThread "GC Thread#5"                     [id=13084, stack(0x0000008d7f000000,0x0000008d7f100000) (1024K)]
  0x000002414b62ed70 WorkerThread "GC Thread#6"                     [id=12784, stack(0x0000008d7f100000,0x0000008d7f200000) (1024K)]
  0x000002414b9d9370 WorkerThread "GC Thread#7"                     [id=19556, stack(0x0000008d7f200000,0x0000008d7f300000) (1024K)]
  0x000002414b9d9720 WorkerThread "GC Thread#8"                     [id=15316, stack(0x0000008d7f300000,0x0000008d7f400000) (1024K)]
  0x000002414b9d9ee0 WorkerThread "GC Thread#9"                     [id=3908, stack(0x0000008d7f400000,0x0000008d7f500000) (1024K)]
  0x000002414b9da6a0 WorkerThread "GC Thread#10"                    [id=20160, stack(0x0000008d7f500000,0x0000008d7f600000) (1024K)]
  0x000002414b9dae60 WorkerThread "GC Thread#11"                    [id=11652, stack(0x0000008d7f600000,0x0000008d7f700000) (1024K)]
  0x000002414b9dd620 WorkerThread "GC Thread#12"                    [id=22532, stack(0x0000008d7f700000,0x0000008d7f800000) (1024K)]
  0x0000024164fd6520 ConcurrentGCThread "G1 Main Marker"            [id=16012, stack(0x0000008d7d100000,0x0000008d7d200000) (1024K)]
  0x0000024164fd6f30 WorkerThread "G1 Conc#0"                       [id=4448, stack(0x0000008d7d200000,0x0000008d7d300000) (1024K)]
  0x000002410493c8b0 ConcurrentGCThread "G1 Refine#0"               [id=11980, stack(0x0000008d7d300000,0x0000008d7d400000) (1024K)]
  0x000002410493d0e0 ConcurrentGCThread "G1 Service"                [id=12048, stack(0x0000008d7d400000,0x0000008d7d500000) (1024K)]
Total: 19

Threads with active compile tasks:
C2 CompilerThread4  1108 2513       4       sun.swing.SwingUtilities2::getFontCharsWidth (45 bytes)
Total: 1

VM state: not at safepoint (normal execution)

VM Mutex/Monitor currently owned by a thread: None

Heap address: 0x0000000703600000, size: 4042 MB, Compressed Oops mode: Zero based, Oop shift amount: 3

CDS archive(s) mapped at: [0x0000024105000000-0x0000024105c60000-0x0000024105c60000), size 12976128, SharedBaseAddress: 0x0000024105000000, ArchiveRelocationMode: 1.
Compressed class space mapped at: 0x0000024106000000-0x0000024146000000, reserved size: 1073741824
Narrow klass base: 0x0000024105000000, Narrow klass shift: 0, Narrow klass range: 0x41000000

GC Precious Log:
 CardTable entry size: 512
 Card Set container configuration: InlinePtr #cards 4 size 8 Array Of Cards #cards 16 size 48 Howl #buckets 8 coarsen threshold 3686 Howl Bitmap #cards 512 size 80 coarsen threshold 460 Card regions per heap region 1 cards per card region 4096
 CPUs: 16 total, 16 available
 Memory: 16163M
 Large Page Support: Disabled
 NUMA Support: Disabled
 Compressed Oops: Enabled (Zero based)
 Heap Region Size: 2M
 Heap Min Capacity: 8M
 Heap Initial Capacity: 254M
 Heap Max Capacity: 4042M
 Pre-touch: Disabled
 Parallel Workers: 13
 Concurrent Workers: 3
 Concurrent Refinement Workers: 13
 Periodic GC: Disabled

Heap:
 garbage-first heap   total reserved 4139008K, committed 260096K, used 47921K [0x0000000703600000, 0x0000000800000000)
  region size 2048K, 14 young (28672K), 2 survivors (4096K)
 Metaspace       used 15918K, committed 16192K, reserved 1114112K
  class space    used 1874K, committed 1984K, reserved 1048576K

Heap Regions: E=young(eden), S=young(survivor), O=old, HS=humongous(starts), HC=humongous(continues), CS=collection set, F=free, TAMS=top-at-mark-start, PB=parsable bottom
|   0|0x0000000703600000, 0x0000000703800000, 0x0000000703800000|100%|HS|  |TAMS 0x0000000703600000| PB 0x0000000703600000| Complete |  0
|   1|0x0000000703800000, 0x0000000703a00000, 0x0000000703a00000|100%|HC|  |TAMS 0x0000000703800000| PB 0x0000000703800000| Complete |  0
|   2|0x0000000703a00000, 0x0000000703c00000, 0x0000000703c00000|100%|HS|  |TAMS 0x0000000703a00000| PB 0x0000000703a00000| Complete |  0
|   3|0x0000000703c00000, 0x0000000703e00000, 0x0000000703e00000|100%|HC|  |TAMS 0x0000000703c00000| PB 0x0000000703c00000| Complete |  0
|   4|0x0000000703e00000, 0x0000000704000000, 0x0000000704000000|100%|HC|  |TAMS 0x0000000703e00000| PB 0x0000000703e00000| Complete |  0
|   5|0x0000000704000000, 0x0000000704200000, 0x0000000704200000|100%|HC|  |TAMS 0x0000000704000000| PB 0x0000000704000000| Complete |  0
|   6|0x0000000704200000, 0x0000000704400000, 0x0000000704400000|100%|HC|  |TAMS 0x0000000704200000| PB 0x0000000704200000| Complete |  0
|   7|0x0000000704400000, 0x0000000704600000, 0x0000000704600000|100%|HC|  |TAMS 0x0000000704400000| PB 0x0000000704400000| Complete |  0
|   8|0x0000000704600000, 0x0000000704800000, 0x0000000704800000|100%|HC|  |TAMS 0x0000000704600000| PB 0x0000000704600000| Complete |  0
|   9|0x0000000704800000, 0x0000000704a00000, 0x0000000704a00000|100%|HC|  |TAMS 0x0000000704800000| PB 0x0000000704800000| Complete |  0
|  10|0x0000000704a00000, 0x0000000704acc718, 0x0000000704c00000| 39%| O|  |TAMS 0x0000000704a00000| PB 0x0000000704a00000| Untracked |  0
|  11|0x0000000704c00000, 0x0000000704c00000, 0x0000000704e00000|  0%| F|  |TAMS 0x0000000704c00000| PB 0x0000000704c00000| Untracked |  0
|  12|0x0000000704e00000, 0x0000000704e00000, 0x0000000705000000|  0%| F|  |TAMS 0x0000000704e00000| PB 0x0000000704e00000| Untracked |  0
|  13|0x0000000705000000, 0x0000000705000000, 0x0000000705200000|  0%| F|  |TAMS 0x0000000705000000| PB 0x0000000705000000| Untracked |  0
|  14|0x0000000705200000, 0x0000000705200000, 0x0000000705400000|  0%| F|  |TAMS 0x0000000705200000| PB 0x0000000705200000| Untracked |  0
|  15|0x0000000705400000, 0x0000000705400000, 0x0000000705600000|  0%| F|  |TAMS 0x0000000705400000| PB 0x0000000705400000| Untracked |  0
|  16|0x0000000705600000, 0x0000000705600000, 0x0000000705800000|  0%| F|  |TAMS 0x0000000705600000| PB 0x0000000705600000| Untracked |  0
|  17|0x0000000705800000, 0x0000000705800000, 0x0000000705a00000|  0%| F|  |TAMS 0x0000000705800000| PB 0x0000000705800000| Untracked |  0
|  18|0x0000000705a00000, 0x0000000705a00000, 0x0000000705c00000|  0%| F|  |TAMS 0x0000000705a00000| PB 0x0000000705a00000| Untracked |  0
|  19|0x0000000705c00000, 0x0000000705c00000, 0x0000000705e00000|  0%| F|  |TAMS 0x0000000705c00000| PB 0x0000000705c00000| Untracked |  0
|  20|0x0000000705e00000, 0x0000000705e00000, 0x0000000706000000|  0%| F|  |TAMS 0x0000000705e00000| PB 0x0000000705e00000| Untracked |  0
|  21|0x0000000706000000, 0x0000000706000000, 0x0000000706200000|  0%| F|  |TAMS 0x0000000706000000| PB 0x0000000706000000| Untracked |  0
|  22|0x0000000706200000, 0x0000000706200000, 0x0000000706400000|  0%| F|  |TAMS 0x0000000706200000| PB 0x0000000706200000| Untracked |  0
|  23|0x0000000706400000, 0x0000000706400000, 0x0000000706600000|  0%| F|  |TAMS 0x0000000706400000| PB 0x0000000706400000| Untracked |  0
|  24|0x0000000706600000, 0x0000000706600000, 0x0000000706800000|  0%| F|  |TAMS 0x0000000706600000| PB 0x0000000706600000| Untracked |  0
|  25|0x0000000706800000, 0x0000000706800000, 0x0000000706a00000|  0%| F|  |TAMS 0x0000000706800000| PB 0x0000000706800000| Untracked |  0
|  26|0x0000000706a00000, 0x0000000706a00000, 0x0000000706c00000|  0%| F|  |TAMS 0x0000000706a00000| PB 0x0000000706a00000| Untracked |  0
|  27|0x0000000706c00000, 0x0000000706c00000, 0x0000000706e00000|  0%| F|  |TAMS 0x0000000706c00000| PB 0x0000000706c00000| Untracked |  0
|  28|0x0000000706e00000, 0x0000000706e00000, 0x0000000707000000|  0%| F|  |TAMS 0x0000000706e00000| PB 0x0000000706e00000| Untracked |  0
|  29|0x0000000707000000, 0x0000000707000000, 0x0000000707200000|  0%| F|  |TAMS 0x0000000707000000| PB 0x0000000707000000| Untracked |  0
|  30|0x0000000707200000, 0x0000000707200000, 0x0000000707400000|  0%| F|  |TAMS 0x0000000707200000| PB 0x0000000707200000| Untracked |  0
|  31|0x0000000707400000, 0x0000000707400000, 0x0000000707600000|  0%| F|  |TAMS 0x0000000707400000| PB 0x0000000707400000| Untracked |  0
|  32|0x0000000707600000, 0x0000000707600000, 0x0000000707800000|  0%| F|  |TAMS 0x0000000707600000| PB 0x0000000707600000| Untracked |  0
|  33|0x0000000707800000, 0x0000000707800000, 0x0000000707a00000|  0%| F|  |TAMS 0x0000000707800000| PB 0x0000000707800000| Untracked |  0
|  34|0x0000000707a00000, 0x0000000707a00000, 0x0000000707c00000|  0%| F|  |TAMS 0x0000000707a00000| PB 0x0000000707a00000| Untracked |  0
|  35|0x0000000707c00000, 0x0000000707c00000, 0x0000000707e00000|  0%| F|  |TAMS 0x0000000707c00000| PB 0x0000000707c00000| Untracked |  0
|  36|0x0000000707e00000, 0x0000000707e00000, 0x0000000708000000|  0%| F|  |TAMS 0x0000000707e00000| PB 0x0000000707e00000| Untracked |  0
|  37|0x0000000708000000, 0x0000000708000000, 0x0000000708200000|  0%| F|  |TAMS 0x0000000708000000| PB 0x0000000708000000| Untracked |  0
|  38|0x0000000708200000, 0x0000000708200000, 0x0000000708400000|  0%| F|  |TAMS 0x0000000708200000| PB 0x0000000708200000| Untracked |  0
|  39|0x0000000708400000, 0x0000000708400000, 0x0000000708600000|  0%| F|  |TAMS 0x0000000708400000| PB 0x0000000708400000| Untracked |  0
|  40|0x0000000708600000, 0x0000000708600000, 0x0000000708800000|  0%| F|  |TAMS 0x0000000708600000| PB 0x0000000708600000| Untracked |  0
|  41|0x0000000708800000, 0x0000000708800000, 0x0000000708a00000|  0%| F|  |TAMS 0x0000000708800000| PB 0x0000000708800000| Untracked |  0
|  42|0x0000000708a00000, 0x0000000708a00000, 0x0000000708c00000|  0%| F|  |TAMS 0x0000000708a00000| PB 0x0000000708a00000| Untracked |  0
|  43|0x0000000708c00000, 0x0000000708c00000, 0x0000000708e00000|  0%| F|  |TAMS 0x0000000708c00000| PB 0x0000000708c00000| Untracked |  0
|  44|0x0000000708e00000, 0x0000000708e00000, 0x0000000709000000|  0%| F|  |TAMS 0x0000000708e00000| PB 0x0000000708e00000| Untracked |  0
|  45|0x0000000709000000, 0x0000000709000000, 0x0000000709200000|  0%| F|  |TAMS 0x0000000709000000| PB 0x0000000709000000| Untracked |  0
|  46|0x0000000709200000, 0x0000000709200000, 0x0000000709400000|  0%| F|  |TAMS 0x0000000709200000| PB 0x0000000709200000| Untracked |  0
|  47|0x0000000709400000, 0x0000000709400000, 0x0000000709600000|  0%| F|  |TAMS 0x0000000709400000| PB 0x0000000709400000| Untracked |  0
|  48|0x0000000709600000, 0x0000000709600000, 0x0000000709800000|  0%| F|  |TAMS 0x0000000709600000| PB 0x0000000709600000| Untracked |  0
|  49|0x0000000709800000, 0x0000000709800000, 0x0000000709a00000|  0%| F|  |TAMS 0x0000000709800000| PB 0x0000000709800000| Untracked |  0
|  50|0x0000000709a00000, 0x0000000709a00000, 0x0000000709c00000|  0%| F|  |TAMS 0x0000000709a00000| PB 0x0000000709a00000| Untracked |  0
|  51|0x0000000709c00000, 0x0000000709c00000, 0x0000000709e00000|  0%| F|  |TAMS 0x0000000709c00000| PB 0x0000000709c00000| Untracked |  0
|  52|0x0000000709e00000, 0x0000000709e00000, 0x000000070a000000|  0%| F|  |TAMS 0x0000000709e00000| PB 0x0000000709e00000| Untracked |  0
|  53|0x000000070a000000, 0x000000070a000000, 0x000000070a200000|  0%| F|  |TAMS 0x000000070a000000| PB 0x000000070a000000| Untracked |  0
|  54|0x000000070a200000, 0x000000070a200000, 0x000000070a400000|  0%| F|  |TAMS 0x000000070a200000| PB 0x000000070a200000| Untracked |  0
|  55|0x000000070a400000, 0x000000070a400000, 0x000000070a600000|  0%| F|  |TAMS 0x000000070a400000| PB 0x000000070a400000| Untracked |  0
|  56|0x000000070a600000, 0x000000070a600000, 0x000000070a800000|  0%| F|  |TAMS 0x000000070a600000| PB 0x000000070a600000| Untracked |  0
|  57|0x000000070a800000, 0x000000070a800000, 0x000000070aa00000|  0%| F|  |TAMS 0x000000070a800000| PB 0x000000070a800000| Untracked |  0
|  58|0x000000070aa00000, 0x000000070aa00000, 0x000000070ac00000|  0%| F|  |TAMS 0x000000070aa00000| PB 0x000000070aa00000| Untracked |  0
|  59|0x000000070ac00000, 0x000000070ac00000, 0x000000070ae00000|  0%| F|  |TAMS 0x000000070ac00000| PB 0x000000070ac00000| Untracked |  0
|  60|0x000000070ae00000, 0x000000070ae00000, 0x000000070b000000|  0%| F|  |TAMS 0x000000070ae00000| PB 0x000000070ae00000| Untracked |  0
|  61|0x000000070b000000, 0x000000070b000000, 0x000000070b200000|  0%| F|  |TAMS 0x000000070b000000| PB 0x000000070b000000| Untracked |  0
|  62|0x000000070b200000, 0x000000070b200000, 0x000000070b400000|  0%| F|  |TAMS 0x000000070b200000| PB 0x000000070b200000| Untracked |  0
|  63|0x000000070b400000, 0x000000070b400000, 0x000000070b600000|  0%| F|  |TAMS 0x000000070b400000| PB 0x000000070b400000| Untracked |  0
|  64|0x000000070b600000, 0x000000070b600000, 0x000000070b800000|  0%| F|  |TAMS 0x000000070b600000| PB 0x000000070b600000| Untracked |  0
|  65|0x000000070b800000, 0x000000070b800000, 0x000000070ba00000|  0%| F|  |TAMS 0x000000070b800000| PB 0x000000070b800000| Untracked |  0
|  66|0x000000070ba00000, 0x000000070ba00000, 0x000000070bc00000|  0%| F|  |TAMS 0x000000070ba00000| PB 0x000000070ba00000| Untracked |  0
|  67|0x000000070bc00000, 0x000000070bc00000, 0x000000070be00000|  0%| F|  |TAMS 0x000000070bc00000| PB 0x000000070bc00000| Untracked |  0
|  68|0x000000070be00000, 0x000000070be00000, 0x000000070c000000|  0%| F|  |TAMS 0x000000070be00000| PB 0x000000070be00000| Untracked |  0
|  69|0x000000070c000000, 0x000000070c000000, 0x000000070c200000|  0%| F|  |TAMS 0x000000070c000000| PB 0x000000070c000000| Untracked |  0
|  70|0x000000070c200000, 0x000000070c200000, 0x000000070c400000|  0%| F|  |TAMS 0x000000070c200000| PB 0x000000070c200000| Untracked |  0
|  71|0x000000070c400000, 0x000000070c400000, 0x000000070c600000|  0%| F|  |TAMS 0x000000070c400000| PB 0x000000070c400000| Untracked |  0
|  72|0x000000070c600000, 0x000000070c600000, 0x000000070c800000|  0%| F|  |TAMS 0x000000070c600000| PB 0x000000070c600000| Untracked |  0
|  73|0x000000070c800000, 0x000000070c800000, 0x000000070ca00000|  0%| F|  |TAMS 0x000000070c800000| PB 0x000000070c800000| Untracked |  0
|  74|0x000000070ca00000, 0x000000070ca00000, 0x000000070cc00000|  0%| F|  |TAMS 0x000000070ca00000| PB 0x000000070ca00000| Untracked |  0
|  75|0x000000070cc00000, 0x000000070cc00000, 0x000000070ce00000|  0%| F|  |TAMS 0x000000070cc00000| PB 0x000000070cc00000| Untracked |  0
|  76|0x000000070ce00000, 0x000000070ce00000, 0x000000070d000000|  0%| F|  |TAMS 0x000000070ce00000| PB 0x000000070ce00000| Untracked |  0
|  77|0x000000070d000000, 0x000000070d000000, 0x000000070d200000|  0%| F|  |TAMS 0x000000070d000000| PB 0x000000070d000000| Untracked |  0
|  78|0x000000070d200000, 0x000000070d200000, 0x000000070d400000|  0%| F|  |TAMS 0x000000070d200000| PB 0x000000070d200000| Untracked |  0
|  79|0x000000070d400000, 0x000000070d400000, 0x000000070d600000|  0%| F|  |TAMS 0x000000070d400000| PB 0x000000070d400000| Untracked |  0
|  80|0x000000070d600000, 0x000000070d600000, 0x000000070d800000|  0%| F|  |TAMS 0x000000070d600000| PB 0x000000070d600000| Untracked |  0
|  81|0x000000070d800000, 0x000000070d800000, 0x000000070da00000|  0%| F|  |TAMS 0x000000070d800000| PB 0x000000070d800000| Untracked |  0
|  82|0x000000070da00000, 0x000000070da00000, 0x000000070dc00000|  0%| F|  |TAMS 0x000000070da00000| PB 0x000000070da00000| Untracked |  0
|  83|0x000000070dc00000, 0x000000070dc00000, 0x000000070de00000|  0%| F|  |TAMS 0x000000070dc00000| PB 0x000000070dc00000| Untracked |  0
|  84|0x000000070de00000, 0x000000070de00000, 0x000000070e000000|  0%| F|  |TAMS 0x000000070de00000| PB 0x000000070de00000| Untracked |  0
|  85|0x000000070e000000, 0x000000070e000000, 0x000000070e200000|  0%| F|  |TAMS 0x000000070e000000| PB 0x000000070e000000| Untracked |  0
|  86|0x000000070e200000, 0x000000070e200000, 0x000000070e400000|  0%| F|  |TAMS 0x000000070e200000| PB 0x000000070e200000| Untracked |  0
|  87|0x000000070e400000, 0x000000070e400000, 0x000000070e600000|  0%| F|  |TAMS 0x000000070e400000| PB 0x000000070e400000| Untracked |  0
|  88|0x000000070e600000, 0x000000070e600000, 0x000000070e800000|  0%| F|  |TAMS 0x000000070e600000| PB 0x000000070e600000| Untracked |  0
|  89|0x000000070e800000, 0x000000070e800000, 0x000000070ea00000|  0%| F|  |TAMS 0x000000070e800000| PB 0x000000070e800000| Untracked |  0
|  90|0x000000070ea00000, 0x000000070ea00000, 0x000000070ec00000|  0%| F|  |TAMS 0x000000070ea00000| PB 0x000000070ea00000| Untracked |  0
|  91|0x000000070ec00000, 0x000000070ec00000, 0x000000070ee00000|  0%| F|  |TAMS 0x000000070ec00000| PB 0x000000070ec00000| Untracked |  0
|  92|0x000000070ee00000, 0x000000070ee00000, 0x000000070f000000|  0%| F|  |TAMS 0x000000070ee00000| PB 0x000000070ee00000| Untracked |  0
|  93|0x000000070f000000, 0x000000070f000000, 0x000000070f200000|  0%| F|  |TAMS 0x000000070f000000| PB 0x000000070f000000| Untracked |  0
|  94|0x000000070f200000, 0x000000070f200000, 0x000000070f400000|  0%| F|  |TAMS 0x000000070f200000| PB 0x000000070f200000| Untracked |  0
|  95|0x000000070f400000, 0x000000070f400000, 0x000000070f600000|  0%| F|  |TAMS 0x000000070f400000| PB 0x000000070f400000| Untracked |  0
|  96|0x000000070f600000, 0x000000070f600000, 0x000000070f800000|  0%| F|  |TAMS 0x000000070f600000| PB 0x000000070f600000| Untracked |  0
|  97|0x000000070f800000, 0x000000070f800000, 0x000000070fa00000|  0%| F|  |TAMS 0x000000070f800000| PB 0x000000070f800000| Untracked |  0
|  98|0x000000070fa00000, 0x000000070fa00000, 0x000000070fc00000|  0%| F|  |TAMS 0x000000070fa00000| PB 0x000000070fa00000| Untracked |  0
|  99|0x000000070fc00000, 0x000000070fc00000, 0x000000070fe00000|  0%| F|  |TAMS 0x000000070fc00000| PB 0x000000070fc00000| Untracked |  0
| 100|0x000000070fe00000, 0x000000070fe00000, 0x0000000710000000|  0%| F|  |TAMS 0x000000070fe00000| PB 0x000000070fe00000| Untracked |  0
| 101|0x0000000710000000, 0x0000000710000000, 0x0000000710200000|  0%| F|  |TAMS 0x0000000710000000| PB 0x0000000710000000| Untracked |  0
| 102|0x0000000710200000, 0x0000000710200000, 0x0000000710400000|  0%| F|  |TAMS 0x0000000710200000| PB 0x0000000710200000| Untracked |  0
| 103|0x0000000710400000, 0x0000000710400000, 0x0000000710600000|  0%| F|  |TAMS 0x0000000710400000| PB 0x0000000710400000| Untracked |  0
| 104|0x0000000710600000, 0x0000000710600000, 0x0000000710800000|  0%| F|  |TAMS 0x0000000710600000| PB 0x0000000710600000| Untracked |  0
| 105|0x0000000710800000, 0x0000000710800000, 0x0000000710a00000|  0%| F|  |TAMS 0x0000000710800000| PB 0x0000000710800000| Untracked |  0
| 106|0x0000000710a00000, 0x0000000710a00000, 0x0000000710c00000|  0%| F|  |TAMS 0x0000000710a00000| PB 0x0000000710a00000| Untracked |  0
| 107|0x0000000710c00000, 0x0000000710c00000, 0x0000000710e00000|  0%| F|  |TAMS 0x0000000710c00000| PB 0x0000000710c00000| Untracked |  0
| 108|0x0000000710e00000, 0x0000000710e00000, 0x0000000711000000|  0%| F|  |TAMS 0x0000000710e00000| PB 0x0000000710e00000| Untracked |  0
| 109|0x0000000711000000, 0x0000000711000000, 0x0000000711200000|  0%| F|  |TAMS 0x0000000711000000| PB 0x0000000711000000| Untracked |  0
| 110|0x0000000711200000, 0x0000000711200000, 0x0000000711400000|  0%| F|  |TAMS 0x0000000711200000| PB 0x0000000711200000| Untracked |  0
| 111|0x0000000711400000, 0x0000000711400000, 0x0000000711600000|  0%| F|  |TAMS 0x0000000711400000| PB 0x0000000711400000| Untracked |  0
| 112|0x0000000711600000, 0x0000000711600000, 0x0000000711800000|  0%| F|  |TAMS 0x0000000711600000| PB 0x0000000711600000| Untracked |  0
| 113|0x0000000711800000, 0x0000000711a00000, 0x0000000711a00000|100%| S|CS|TAMS 0x0000000711800000| PB 0x0000000711800000| Complete |  0
| 114|0x0000000711a00000, 0x0000000711c00000, 0x0000000711c00000|100%| S|CS|TAMS 0x0000000711a00000| PB 0x0000000711a00000| Complete |  0
| 115|0x0000000711c00000, 0x0000000711df8048, 0x0000000711e00000| 98%| E|  |TAMS 0x0000000711c00000| PB 0x0000000711c00000| Complete |  0
| 116|0x0000000711e00000, 0x0000000712000000, 0x0000000712000000|100%| E|CS|TAMS 0x0000000711e00000| PB 0x0000000711e00000| Complete |  0
| 117|0x0000000712000000, 0x0000000712200000, 0x0000000712200000|100%| E|CS|TAMS 0x0000000712000000| PB 0x0000000712000000| Complete |  0
| 118|0x0000000712200000, 0x0000000712400000, 0x0000000712400000|100%| E|CS|TAMS 0x0000000712200000| PB 0x0000000712200000| Complete |  0
| 119|0x0000000712400000, 0x0000000712600000, 0x0000000712600000|100%| E|CS|TAMS 0x0000000712400000| PB 0x0000000712400000| Complete |  0
| 120|0x0000000712600000, 0x0000000712800000, 0x0000000712800000|100%| E|CS|TAMS 0x0000000712600000| PB 0x0000000712600000| Complete |  0
| 121|0x0000000712800000, 0x0000000712a00000, 0x0000000712a00000|100%| E|CS|TAMS 0x0000000712800000| PB 0x0000000712800000| Complete |  0
| 122|0x0000000712a00000, 0x0000000712c00000, 0x0000000712c00000|100%| E|CS|TAMS 0x0000000712a00000| PB 0x0000000712a00000| Complete |  0
| 123|0x0000000712c00000, 0x0000000712e00000, 0x0000000712e00000|100%| E|CS|TAMS 0x0000000712c00000| PB 0x0000000712c00000| Complete |  0
| 124|0x0000000712e00000, 0x0000000713000000, 0x0000000713000000|100%| E|CS|TAMS 0x0000000712e00000| PB 0x0000000712e00000| Complete |  0
| 125|0x0000000713000000, 0x0000000713200000, 0x0000000713200000|100%| E|CS|TAMS 0x0000000713000000| PB 0x0000000713000000| Complete |  0
| 126|0x0000000713200000, 0x0000000713400000, 0x0000000713400000|100%| E|CS|TAMS 0x0000000713200000| PB 0x0000000713200000| Complete |  0

Card table byte_map: [0x000002417d320000,0x000002417db10000] _byte_map_base: 0x0000024179b05000

Marking Bits: (CMBitMap*) 0x0000024164fc5e00
 Bits: [0x0000024100000000, 0x0000024103f28000)

Polling page: 0x0000024162ef0000

Metaspace:

Usage:
  Non-class:     13.72 MB used.
      Class:      1.83 MB used.
       Both:     15.55 MB used.

Virtual space:
  Non-class space:       64.00 MB reserved,      13.88 MB ( 22%) committed,  1 nodes.
      Class space:        1.00 GB reserved,       1.94 MB ( <1%) committed,  1 nodes.
             Both:        1.06 GB reserved,      15.81 MB (  1%) committed. 

Chunk freelists:
   Non-Class:  1.72 MB
       Class:  14.08 MB
        Both:  15.80 MB

MaxMetaspaceSize: unlimited
CompressedClassSpaceSize: 1.00 GB
Initial GC threshold: 21.00 MB
Current GC threshold: 21.00 MB
CDS: on
 - commit_granule_bytes: 65536.
 - commit_granule_words: 8192.
 - virtual_space_node_default_size: 8388608.
 - enlarge_chunks_in_place: 1.
 - use_allocation_guard: 0.


Internal statistics:

num_allocs_failed_limit: 0.
num_arena_births: 306.
num_arena_deaths: 0.
num_vsnodes_births: 2.
num_vsnodes_deaths: 0.
num_space_committed: 253.
num_space_uncommitted: 0.
num_chunks_returned_to_freelist: 0.
num_chunks_taken_from_freelist: 491.
num_chunk_merges: 0.
num_chunk_splits: 284.
num_chunks_enlarged: 135.
num_inconsistent_stats: 0.

CodeHeap 'non-profiled nmethods': size=119168Kb used=982Kb max_used=982Kb free=118185Kb
 bounds [0x0000024174e40000, 0x00000241750b0000, 0x000002417c2a0000]
CodeHeap 'profiled nmethods': size=119104Kb used=5194Kb max_used=5194Kb free=113909Kb
 bounds [0x000002416d2a0000, 0x000002416d7c0000, 0x00000241746f0000]
CodeHeap 'non-nmethods': size=7488Kb used=3614Kb max_used=3643Kb free=3873Kb
 bounds [0x00000241746f0000, 0x0000024174a90000, 0x0000024174e40000]
 total_blobs=3411 nmethods=2666 adapters=646
 compilation: enabled
              stopped_count=0, restarted_count=0
 full_count=0

Compilation events (20 events):
Event: 1.052 Thread 0x0000024104ab4790 nmethod 2617 0x000002416d7a0610 code [0x000002416d7a0900, 0x000002416d7a1f40]
Event: 1.052 Thread 0x000002414a3f37c0 2621       3       jdk.internal.org.objectweb.asm.FieldWriter::computeFieldInfoSize (86 bytes)
Event: 1.053 Thread 0x000002414a3f37c0 nmethod 2621 0x000002416d7a2510 code [0x000002416d7a26e0, 0x000002416d7a29d8]
Event: 1.053 Thread 0x0000024104ab4790 2622       3       java.lang.invoke.MethodHandleNatives::refKindIsGetter (32 bytes)
Event: 1.053 Thread 0x000002414a0fc910 2623       3       jdk.internal.org.objectweb.asm.FieldWriter::putFieldInfo (269 bytes)
Event: 1.053 Thread 0x0000024104ab4790 nmethod 2622 0x000002416d7a2b10 code [0x000002416d7a2ca0, 0x000002416d7a2df0]
Event: 1.053 Thread 0x000002414a3f37c0 2624       3       java.lang.invoke.LambdaFormBuffer::indexOf (33 bytes)
Event: 1.053 Thread 0x000002414b6a9480 2625       3       java.lang.invoke.InvokerBytecodeGenerator::assertStaticType (58 bytes)
Event: 1.054 Thread 0x000002414a3f37c0 nmethod 2624 0x000002416d7a2e90 code [0x000002416d7a3060, 0x000002416d7a3410]
Event: 1.054 Thread 0x000002414b6a9480 nmethod 2625 0x000002416d7a3510 code [0x000002416d7a3700, 0x000002416d7a3bc0]
Event: 1.054 Thread 0x000002414a0fc910 nmethod 2623 0x000002416d7a3d90 code [0x000002416d7a4020, 0x000002416d7a4950]
Event: 1.055 Thread 0x000002414bbad8c0 nmethod 2620 0x0000024174f2c490 code [0x0000024174f2c620, 0x0000024174f2c888]
Event: 1.055 Thread 0x000002414a0fc910 2632       3       java.lang.invoke.InvokerBytecodeGenerator::lookupPregenerated (294 bytes)
Event: 1.056 Thread 0x000002414a3f37c0 2633       3       java.lang.invoke.DelegatingMethodHandle::<init> (10 bytes)
Event: 1.056 Thread 0x0000024104ab4790 2634       3       java.lang.invoke.DelegatingMethodHandle::chooseDelegatingForm (24 bytes)
Event: 1.056 Thread 0x000002414b6a9480 2635       3       java.lang.invoke.ClassSpecializer$SpeciesData::factory (14 bytes)
Event: 1.056 Thread 0x0000024104ab4790 nmethod 2634 0x000002416d7a4c90 code [0x000002416d7a4e40, 0x000002416d7a5148]
Event: 1.056 Thread 0x000002414a3f37c0 nmethod 2633 0x000002416d7a5210 code [0x000002416d7a53e0, 0x000002416d7a5788]
Event: 1.056 Thread 0x000002414b6a9480 nmethod 2635 0x000002416d7a5890 code [0x000002416d7a5a40, 0x000002416d7a5cf8]
Event: 1.056 Thread 0x000002414a0fc910 nmethod 2632 0x000002416d7a5e10 code [0x000002416d7a6180, 0x000002416d7a75b0]

GC Heap History (2 events):
Event: 0.541 GC heap before
{Heap before GC invocations=0 (full 0):
 garbage-first heap   total reserved 4139008K, committed 260096K, used 45056K [0x0000000703600000, 0x0000000800000000)
  region size 2048K, 12 young (24576K), 0 survivors (0K)
 Metaspace       used 12092K, committed 12288K, reserved 1114112K
  class space    used 1398K, committed 1472K, reserved 1048576K
}
Event: 0.554 GC heap after
{Heap after GC invocations=1 (full 0):
 garbage-first heap   total reserved 4139008K, committed 260096K, used 25393K [0x0000000703600000, 0x0000000800000000)
  region size 2048K, 2 young (4096K), 2 survivors (4096K)
 Metaspace       used 12092K, committed 12288K, reserved 1114112K
  class space    used 1398K, committed 1472K, reserved 1048576K
}

Dll operation events (11 events):
Event: 0.005 Loaded shared library C:\Program Files\Java\jdk-22\bin\java.dll
Event: 0.026 Loaded shared library C:\Program Files\Java\jdk-22\bin\jsvml.dll
Event: 0.045 Loaded shared library C:\Program Files\Java\jdk-22\bin\net.dll
Event: 0.046 Loaded shared library C:\Program Files\Java\jdk-22\bin\nio.dll
Event: 0.058 Loaded shared library C:\Program Files\Java\jdk-22\bin\zip.dll
Event: 0.072 Loaded shared library C:\Program Files\Java\jdk-22\bin\jimage.dll
Event: 0.081 Loaded shared library C:\Program Files\Java\jdk-22\bin\awt.dll
Event: 0.151 Loaded shared library C:\Program Files\Java\jdk-22\bin\freetype.dll
Event: 0.152 Loaded shared library C:\Program Files\Java\jdk-22\bin\fontmanager.dll
Event: 0.284 Loaded shared library C:\Users\ACER\AppData\Local\Temp\flatlaf.temp\flatlaf-windows-x86_64-190025586193000.dll
Event: 0.297 Loaded shared library C:\Program Files\Java\jdk-22\bin\verify.dll

Deoptimization events (20 events):
Event: 0.873 Thread 0x000002414b3ee600 Uncommon trap: trap_request=0xffffffc6 fr.pc=0x0000024174ec10b4 relative=0x0000000000001cf4
Event: 0.873 Thread 0x000002414b3ee600 Uncommon trap: reason=bimorphic_or_optimized_type_check action=maybe_recompile pc=0x0000024174ec10b4 method=java.io.BufferedInputStream.fill()V @ 185 c2
Event: 0.873 Thread 0x000002414b3ee600 DEOPT PACKING pc=0x0000024174ec10b4 sp=0x0000008d7e8fd260
Event: 0.873 Thread 0x000002414b3ee600 DEOPT UNPACKING pc=0x0000024174747da2 sp=0x0000008d7e8fd1c0 mode 2
Event: 0.878 Thread 0x000002414b3ee600 Uncommon trap: trap_request=0xffffff45 fr.pc=0x0000024174eb2f68 relative=0x0000000000000e68
Event: 0.878 Thread 0x000002414b3ee600 Uncommon trap: reason=unstable_if action=reinterpret pc=0x0000024174eb2f68 method=java.util.concurrent.ConcurrentHashMap.putVal(Ljava/lang/Object;Ljava/lang/Object;Z)Ljava/lang/Object; @ 148 c2
Event: 0.878 Thread 0x000002414b3ee600 DEOPT PACKING pc=0x0000024174eb2f68 sp=0x0000008d7e8fd580
Event: 0.878 Thread 0x000002414b3ee600 DEOPT UNPACKING pc=0x0000024174747da2 sp=0x0000008d7e8fd500 mode 2
Event: 0.879 Thread 0x000002414b3ee600 Uncommon trap: trap_request=0xffffff45 fr.pc=0x0000024174ef3378 relative=0x0000000000000418
Event: 0.879 Thread 0x000002414b3ee600 Uncommon trap: reason=unstable_if action=reinterpret pc=0x0000024174ef3378 method=java.util.regex.Pattern$BmpCharPropertyGreedy.match(Ljava/util/regex/Matcher;ILjava/lang/CharSequence;)Z @ 12 c2
Event: 0.879 Thread 0x000002414b3ee600 DEOPT PACKING pc=0x0000024174ef3378 sp=0x0000008d7e8fd8f0
Event: 0.879 Thread 0x000002414b3ee600 DEOPT UNPACKING pc=0x0000024174747da2 sp=0x0000008d7e8fd878 mode 2
Event: 0.880 Thread 0x000002414b3ee600 Uncommon trap: trap_request=0xffffff45 fr.pc=0x0000024174e85bb8 relative=0x0000000000000118
Event: 0.880 Thread 0x000002414b3ee600 Uncommon trap: reason=unstable_if action=reinterpret pc=0x0000024174e85bb8 method=java.lang.String.getBytes([BIB)V @ 5 c2
Event: 0.880 Thread 0x000002414b3ee600 DEOPT PACKING pc=0x0000024174e85bb8 sp=0x0000008d7e8fe160
Event: 0.880 Thread 0x000002414b3ee600 DEOPT UNPACKING pc=0x0000024174747da2 sp=0x0000008d7e8fe108 mode 2
Event: 1.035 Thread 0x000002414b3ee600 Uncommon trap: trap_request=0xffffff45 fr.pc=0x0000024174e8ec80 relative=0x0000000000000320
Event: 1.035 Thread 0x000002414b3ee600 Uncommon trap: reason=unstable_if action=reinterpret pc=0x0000024174e8ec80 method=java.util.HashMap.getNode(Ljava/lang/Object;)Ljava/util/HashMap$Node; @ 57 c2
Event: 1.035 Thread 0x000002414b3ee600 DEOPT PACKING pc=0x0000024174e8ec80 sp=0x0000008d7e8fddc0
Event: 1.035 Thread 0x000002414b3ee600 DEOPT UNPACKING pc=0x0000024174747da2 sp=0x0000008d7e8fdd30 mode 2

Classes loaded (20 events):
Event: 0.906 Loading class java/text/CalendarBuilder done
Event: 0.925 Loading class javax/swing/text/AbstractDocument$DefaultFilterBypass
Event: 0.925 Loading class javax/swing/text/DocumentFilter$FilterBypass
Event: 0.925 Loading class javax/swing/text/DocumentFilter$FilterBypass done
Event: 0.925 Loading class javax/swing/text/AbstractDocument$DefaultFilterBypass done
Event: 0.973 Loading class java/awt/SentEvent
Event: 0.974 Loading class java/awt/SentEvent done
Event: 1.005 Loading class javax/swing/text/GlyphPainter1
Event: 1.005 Loading class javax/swing/text/GlyphView$GlyphPainter
Event: 1.005 Loading class javax/swing/text/GlyphView$GlyphPainter done
Event: 1.005 Loading class javax/swing/text/GlyphPainter1 done
Event: 1.005 Loading class javax/swing/text/ParagraphView$Row
Event: 1.005 Loading class javax/swing/text/ParagraphView$Row done
Event: 1.006 Loading class javax/swing/text/WhitespaceBasedBreakIterator
Event: 1.006 Loading class java/text/BreakIterator
Event: 1.006 Loading class java/text/BreakIterator done
Event: 1.007 Loading class javax/swing/text/WhitespaceBasedBreakIterator done
Event: 1.009 Loading class javax/swing/JLayer
Event: 1.009 Loading class javax/swing/JLayer done
Event: 1.056 Loading class java/lang/Throwable$WrappedPrintStream

Classes unloaded (0 events):
No events

Classes redefined (0 events):
No events

Internal exceptions (20 events):
Event: 0.265 Thread 0x000002414b3ee600 Exception <a 'java/lang/NoSuchMethodError'{0x000000071291abe0}: 'java.lang.Object java.lang.invoke.Invokers$Holder.invokeExact_MT(java.lang.Object, java.lang.Object, java.lang.Object, java.lang.Object, java.lang.Object, java.lang.Object)'> (0x000000071291abe0) 
thrown [s\open\src\hotspot\share\interpreter\linkResolver.cpp, line 774]
Event: 0.276 Thread 0x000002414b3ee600 Exception <a 'java/lang/NoSuchMethodError'{0x0000000712621e88}: 'int java.lang.invoke.Invokers$Holder.invokeExact_MT(java.lang.Object, java.lang.Object)'> (0x0000000712621e88) 
thrown [s\open\src\hotspot\share\interpreter\linkResolver.cpp, line 774]
Event: 0.279 Thread 0x000002414b3ee600 Exception <a 'sun/nio/fs/WindowsException'{0x0000000712644a58}> (0x0000000712644a58) 
thrown [s\open\src\hotspot\share\prims\jni.cpp, line 520]
Event: 0.302 Thread 0x000002414b3ee600 Exception <a 'java/lang/NoSuchMethodError'{0x00000007126e66e0}: 'java.lang.Object java.lang.invoke.DirectMethodHandle$Holder.invokeVirtual(java.lang.Object, java.lang.Object, java.lang.Object, java.lang.Object)'> (0x00000007126e66e0) 
thrown [s\open\src\hotspot\share\interpreter\linkResolver.cpp, line 774]
Event: 0.349 Thread 0x000002414b3ee600 Exception <a 'java/lang/ClassNotFoundException'{0x0000000712496b40}: java/lang/ObjectCustomizer> (0x0000000712496b40) 
thrown [s\open\src\hotspot\share\classfile\systemDictionary.cpp, line 313]
Event: 0.352 Thread 0x000002414b3ee600 Exception <a 'java/lang/NoSuchMethodError'{0x000000071249daf0}: 'java.lang.Object java.lang.invoke.DirectMethodHandle$Holder.invokeInterface(java.lang.Object, java.lang.Object)'> (0x000000071249daf0) 
thrown [s\open\src\hotspot\share\interpreter\linkResolver.cpp, line 774]
Event: 0.352 Thread 0x000002414b3ee600 Exception <a 'java/lang/IncompatibleClassChangeError'{0x00000007124a1018}: Found class java.lang.Object, but interface was expected> (0x00000007124a1018) 
thrown [s\open\src\hotspot\share\interpreter\linkResolver.cpp, line 841]
Event: 0.361 Thread 0x000002414b3ee600 Exception <a 'java/lang/ClassNotFoundException'{0x00000007124df0a0}: net/miginfocom/layout/UnitValueCustomizer> (0x00000007124df0a0) 
thrown [s\open\src\hotspot\share\classfile\systemDictionary.cpp, line 313]
Event: 0.363 Thread 0x000002414b3ee600 Exception <a 'java/lang/ClassNotFoundException'{0x00000007124f0c20}: java/lang/ObjectCustomizer> (0x00000007124f0c20) 
thrown [s\open\src\hotspot\share\classfile\systemDictionary.cpp, line 313]
Event: 0.363 Thread 0x000002414b3ee600 Exception <a 'java/lang/ClassNotFoundException'{0x00000007124f61b8}: net/miginfocom/layout/BoundSizeCustomizer> (0x00000007124f61b8) 
thrown [s\open\src\hotspot\share\classfile\systemDictionary.cpp, line 313]
Event: 0.371 Thread 0x000002414b3ee600 Exception <a 'java/lang/NoSuchMethodError'{0x0000000712533120}: 'void java.lang.invoke.DirectMethodHandle$Holder.invokeVirtual(java.lang.Object, java.lang.Object)'> (0x0000000712533120) 
thrown [s\open\src\hotspot\share\interpreter\linkResolver.cpp, line 774]
Event: 0.373 Thread 0x000002414b3ee600 Exception <a 'java/lang/NoSuchMethodError'{0x0000000712541608}: 'int java.lang.invoke.DirectMethodHandle$Holder.invokeSpecial(java.lang.Object, java.lang.Object, java.lang.Object)'> (0x0000000712541608) 
thrown [s\open\src\hotspot\share\interpreter\linkResolver.cpp, line 774]
Event: 0.418 Thread 0x000002414b6835d0 Implicit null exception at 0x0000024174ea8ba4 to 0x0000024174ea91b0
Event: 0.418 Thread 0x000002414b6835d0 Implicit null exception at 0x0000024174ea7fa0 to 0x0000024174ea85a0
Event: 0.446 Thread 0x000002414b6835d0 Exception <a 'java/lang/NoSuchMethodError'{0x0000000711e18cb0}: 'java.lang.Object java.lang.invoke.DirectMethodHandle$Holder.newInvokeSpecial(java.lang.Object, java.lang.Object, java.lang.Object, int, int, int, int, int)'> (0x0000000711e18cb0) 
thrown [s\open\src\hotspot\share\interpreter\linkResolver.cpp, line 774]
Event: 0.757 Thread 0x000002414b3ee600 Exception <a 'java/lang/NoSuchMethodError'{0x00000007124f5780}: 'void java.lang.invoke.DirectMethodHandle$Holder.invokeStaticInit(java.lang.Object)'> (0x00000007124f5780) 
thrown [s\open\src\hotspot\share\interpreter\linkResolver.cpp, line 774]
Event: 0.851 Thread 0x000002414b3ee600 Exception <a 'java/lang/NoSuchMethodError'{0x00000007123fa4d0}: 'void java.lang.invoke.DirectMethodHandle$Holder.invokeStatic(java.lang.Object, java.lang.Object, java.lang.Object)'> (0x00000007123fa4d0) 
thrown [s\open\src\hotspot\share\interpreter\linkResolver.cpp, line 774]
Event: 0.899 Thread 0x000002414b3ee600 Exception <a 'java/lang/NoSuchMethodError'{0x000000071215acf8}: 'void java.lang.invoke.Invokers$Holder.invokeExact_MT(java.lang.Object, java.lang.Object, java.lang.Object, java.lang.Object)'> (0x000000071215acf8) 
thrown [s\open\src\hotspot\share\interpreter\linkResolver.cpp, line 774]
Event: 1.031 Thread 0x000002414b3ee600 Exception <a 'java/lang/NoSuchMethodError'{0x0000000711ce0250}: 'int java.lang.invoke.DirectMethodHandle$Holder.invokeVirtual(java.lang.Object, java.lang.Object)'> (0x0000000711ce0250) 
thrown [s\open\src\hotspot\share\interpreter\linkResolver.cpp, line 774]
Event: 1.035 Thread 0x000002414b3ee600 Implicit null exception at 0x0000024174e8eadd to 0x0000024174e8ec58

ZGC Phase Switch (0 events):
No events

VM Operations (20 events):
Event: 0.370 Executing VM operation: HandshakeAllThreads (Deoptimize)
Event: 0.370 Executing VM operation: HandshakeAllThreads (Deoptimize) done
Event: 0.379 Executing VM operation: HandshakeAllThreads (Deoptimize)
Event: 0.379 Executing VM operation: HandshakeAllThreads (Deoptimize) done
Event: 0.414 Executing VM operation: HandshakeAllThreads (Deoptimize)
Event: 0.414 Executing VM operation: HandshakeAllThreads (Deoptimize) done
Event: 0.442 Executing VM operation: HandshakeAllThreads (Deoptimize)
Event: 0.442 Executing VM operation: HandshakeAllThreads (Deoptimize) done
Event: 0.473 Executing VM operation: ICBufferFull
Event: 0.473 Executing VM operation: ICBufferFull done
Event: 0.541 Executing VM operation: G1CollectForAllocation (G1 Evacuation Pause)
Event: 0.554 Executing VM operation: G1CollectForAllocation (G1 Evacuation Pause) done
Event: 0.731 Executing VM operation: HandshakeAllThreads (Deoptimize)
Event: 0.731 Executing VM operation: HandshakeAllThreads (Deoptimize) done
Event: 0.874 Executing VM operation: ICBufferFull
Event: 0.874 Executing VM operation: ICBufferFull done
Event: 0.905 Executing VM operation: HandshakeAllThreads (Deoptimize)
Event: 0.905 Executing VM operation: HandshakeAllThreads (Deoptimize) done
Event: 1.021 Executing VM operation: ICBufferFull
Event: 1.021 Executing VM operation: ICBufferFull done

Events (20 events):
Event: 0.025 Thread 0x0000024104aa87c0 Thread added: 0x0000024104aa87c0
Event: 0.025 Thread 0x0000024104aab560 Thread added: 0x0000024104aab560
Event: 0.025 Thread 0x0000024104ab4790 Thread added: 0x0000024104ab4790
Event: 0.039 Thread 0x000002414a0fad20 Thread added: 0x000002414a0fad20
Event: 0.043 Thread 0x000002414a0fc910 Thread added: 0x000002414a0fc910
Event: 0.055 Thread 0x000002414a1cd090 Thread added: 0x000002414a1cd090
Event: 0.057 Thread 0x000002414a28bf20 Thread added: 0x000002414a28bf20
Event: 0.113 Thread 0x000002414a3a8670 Thread added: 0x000002414a3a8670
Event: 0.113 Thread 0x000002414a3ab160 Thread added: 0x000002414a3ab160
Event: 0.114 Thread 0x000002414a3b2820 Thread added: 0x000002414a3b2820
Event: 0.210 Thread 0x000002414adc28d0 Thread added: 0x000002414adc28d0
Event: 0.218 Thread 0x000002414a3f37c0 Thread added: 0x000002414a3f37c0
Event: 0.256 Thread 0x000002414b3ee600 Thread added: 0x000002414b3ee600
Event: 0.257 Thread 0x0000024164f65200 Thread exited: 0x0000024164f65200
Event: 0.257 Thread 0x0000024164f65200 Thread added: 0x0000024164f65200
Event: 0.344 Thread 0x000002414b0b4400 Thread added: 0x000002414b0b4400
Event: 0.417 Thread 0x000002414b6835d0 Thread added: 0x000002414b6835d0
Event: 0.432 Thread 0x000002414b6a9480 Thread added: 0x000002414b6a9480
Event: 0.976 Thread 0x000002414bbad8c0 Thread added: 0x000002414bbad8c0
Event: 0.976 Thread 0x000002414bbadf80 Thread added: 0x000002414bbadf80


Dynamic libraries:
0x00007ff783a00000 - 0x00007ff783a10000 	C:\Program Files\Java\jdk-22\bin\java.exe
0x00007ffdb9090000 - 0x00007ffdb92a7000 	C:\WINDOWS\SYSTEM32\ntdll.dll
0x00007ffdb87f0000 - 0x00007ffdb88b4000 	C:\WINDOWS\System32\KERNEL32.DLL
0x00007ffdb6510000 - 0x00007ffdb68b7000 	C:\WINDOWS\System32\KERNELBASE.dll
0x00007ffdb68c0000 - 0x00007ffdb69d1000 	C:\WINDOWS\System32\ucrtbase.dll
0x00007ffd7c030000 - 0x00007ffd7c04b000 	C:\Program Files\Java\jdk-22\bin\VCRUNTIME140.dll
0x00007ffdacac0000 - 0x00007ffdacad7000 	C:\Program Files\Java\jdk-22\bin\jli.dll
0x00007ffdb86b0000 - 0x00007ffdb8762000 	C:\WINDOWS\System32\ADVAPI32.dll
0x00007ffdb7fc0000 - 0x00007ffdb8067000 	C:\WINDOWS\System32\msvcrt.dll
0x00007ffdb8190000 - 0x00007ffdb8238000 	C:\WINDOWS\System32\sechost.dll
0x00007ffdb6d90000 - 0x00007ffdb6db8000 	C:\WINDOWS\System32\bcrypt.dll
0x00007ffdb8070000 - 0x00007ffdb8185000 	C:\WINDOWS\System32\RPCRT4.dll
0x00007ffdb83a0000 - 0x00007ffdb854e000 	C:\WINDOWS\System32\USER32.dll
0x00007ffdb6ad0000 - 0x00007ffdb6af6000 	C:\WINDOWS\System32\win32u.dll
0x00007ffd9c4d0000 - 0x00007ffd9c763000 	C:\WINDOWS\WinSxS\amd64_microsoft.windows.common-controls_6595b64144ccf1df_6.0.22621.3527_none_270e469b73872a76\COMCTL32.dll
0x00007ffdb6dd0000 - 0x00007ffdb6df9000 	C:\WINDOWS\System32\GDI32.dll
0x00007ffdb6c70000 - 0x00007ffdb6d89000 	C:\WINDOWS\System32\gdi32full.dll
0x00007ffdb63b0000 - 0x00007ffdb644a000 	C:\WINDOWS\System32\msvcp_win.dll
0x00007ffdaabb0000 - 0x00007ffdaabba000 	C:\WINDOWS\SYSTEM32\VERSION.dll
0x00007ffdb88c0000 - 0x00007ffdb88f1000 	C:\WINDOWS\System32\IMM32.DLL
0x00007ffd81f30000 - 0x00007ffd81f3c000 	C:\Program Files\Java\jdk-22\bin\vcruntime140_1.dll
0x00007ffd172b0000 - 0x00007ffd1733e000 	C:\Program Files\Java\jdk-22\bin\msvcp140.dll
0x00007ffd0dbb0000 - 0x00007ffd0e8f8000 	C:\Program Files\Java\jdk-22\bin\server\jvm.dll
0x00007ffdb8d60000 - 0x00007ffdb8dd1000 	C:\WINDOWS\System32\WS2_32.dll
0x00007ffdb51f0000 - 0x00007ffdb523d000 	C:\WINDOWS\SYSTEM32\POWRPROF.dll
0x00007ffdac930000 - 0x00007ffdac964000 	C:\WINDOWS\SYSTEM32\WINMM.dll
0x00007ffdb51d0000 - 0x00007ffdb51e3000 	C:\WINDOWS\SYSTEM32\UMPDC.dll
0x00007ffdb5480000 - 0x00007ffdb5498000 	C:\WINDOWS\SYSTEM32\kernel.appcore.dll
0x00007ffd7c020000 - 0x00007ffd7c02a000 	C:\Program Files\Java\jdk-22\bin\jimage.dll
0x00007ffdb3c40000 - 0x00007ffdb3e72000 	C:\WINDOWS\SYSTEM32\DBGHELP.DLL
0x00007ffdb7c30000 - 0x00007ffdb7fb8000 	C:\WINDOWS\System32\combase.dll
0x00007ffdb8240000 - 0x00007ffdb8317000 	C:\WINDOWS\System32\OLEAUT32.dll
0x00007ffda96c0000 - 0x00007ffda96f2000 	C:\WINDOWS\SYSTEM32\dbgcore.DLL
0x00007ffdb6a50000 - 0x00007ffdb6ac9000 	C:\WINDOWS\System32\bcryptPrimitives.dll
0x00007ffd77f40000 - 0x00007ffd77f5e000 	C:\Program Files\Java\jdk-22\bin\java.dll
0x00007ffdb6eb0000 - 0x00007ffdb770c000 	C:\WINDOWS\System32\SHELL32.dll
0x00007ffdb8a90000 - 0x00007ffdb8c35000 	C:\WINDOWS\System32\ole32.dll
0x00007ffdb42b0000 - 0x00007ffdb4ba6000 	C:\WINDOWS\SYSTEM32\windows.storage.dll
0x00007ffdb4170000 - 0x00007ffdb42ae000 	C:\WINDOWS\SYSTEM32\wintypes.dll
0x00007ffdb8990000 - 0x00007ffdb8a85000 	C:\WINDOWS\System32\SHCORE.dll
0x00007ffdb8340000 - 0x00007ffdb839e000 	C:\WINDOWS\System32\shlwapi.dll
0x00007ffdb62e0000 - 0x00007ffdb6301000 	C:\WINDOWS\SYSTEM32\profapi.dll
0x00007ffd17340000 - 0x00007ffd17417000 	C:\Program Files\Java\jdk-22\bin\jsvml.dll
0x00007ffdacab0000 - 0x00007ffdacac0000 	C:\Program Files\Java\jdk-22\bin\net.dll
0x00007ffdb58f0000 - 0x00007ffdb5959000 	C:\WINDOWS\system32\mswsock.dll
0x00007ffdaca90000 - 0x00007ffdacaa6000 	C:\Program Files\Java\jdk-22\bin\nio.dll
0x00007ffd77120000 - 0x00007ffd77137000 	C:\Program Files\Java\jdk-22\bin\zip.dll
0x00007ffd16bb0000 - 0x00007ffd16d3e000 	C:\Program Files\Java\jdk-22\bin\awt.dll
0x00007ffdb0b10000 - 0x00007ffdb0ba7000 	C:\WINDOWS\SYSTEM32\apphelp.dll
0x00007ffdb0bd0000 - 0x00007ffdb0c7b000 	C:\WINDOWS\system32\uxtheme.dll
0x00007ffdb8550000 - 0x00007ffdb86a3000 	C:\WINDOWS\System32\MSCTF.dll
0x00007ffdb0dd0000 - 0x00007ffdb0dfb000 	C:\WINDOWS\system32\DWMAPI.DLL
0x00007ffd16e70000 - 0x00007ffd16ef7000 	C:\Program Files\Java\jdk-22\bin\freetype.dll
0x00007ffd12d70000 - 0x00007ffd12e47000 	C:\Program Files\Java\jdk-22\bin\fontmanager.dll
0x00007ffd78540000 - 0x00007ffd78640000 	C:\WINDOWS\system32\opengl32.dll
0x00007ffd78b60000 - 0x00007ffd78b8d000 	C:\WINDOWS\SYSTEM32\GLU32.dll
0x00007ffdb3500000 - 0x00007ffdb3539000 	C:\WINDOWS\SYSTEM32\dxcore.dll
0x00007ffdae660000 - 0x00007ffdae666000 	C:\Users\ACER\AppData\Local\Temp\flatlaf.temp\flatlaf-windows-x86_64-190025586193000.dll
0x00007ffdaca80000 - 0x00007ffdaca90000 	C:\Program Files\Java\jdk-22\bin\verify.dll
0x00007ffd77f80000 - 0x00007ffd77f87000 	C:\Program Files\Java\jdk-22\bin\jawt.dll
0x00007ffdb6e00000 - 0x00007ffdb6eb0000 	C:\WINDOWS\System32\clbcatq.dll
0x00007ffdaf410000 - 0x00007ffdaf5c0000 	C:\WINDOWS\SYSTEM32\WindowsCodecs.dll
0x00007ffd77580000 - 0x00007ffd775de000 	C:\WINDOWS\system32\dataexchange.dll
0x00007ffdae010000 - 0x00007ffdae29b000 	C:\WINDOWS\system32\twinapi.appcore.dll

dbghelp: loaded successfully - version: 4.0.5 - missing functions: none
symbol engine: initialized successfully - sym options: 0x614 - pdb path: .;C:\Program Files\Java\jdk-22\bin;C:\WINDOWS\SYSTEM32;C:\WINDOWS\WinSxS\amd64_microsoft.windows.common-controls_6595b64144ccf1df_6.0.22621.3527_none_270e469b73872a76;C:\Program Files\Java\jdk-22\bin\server;C:\Users\ACER\AppData\Local\Temp\flatlaf.temp

VM Arguments:
jvm_args: -Dfile.encoding=UTF-8 --module-path=E:\IE003\UITravel\build\classes 
java_command: uitravel.UserSearch
java_class_path (initial): E:\IE003\UITravel\TimingFramework-0.55.jar;E:\IE003\UITravel\library\TimingFramework-0.55.jar;E:\IE003\UITravel\library\datechooser-swing-1.4.1.jar;E:\IE003\UITravel\library\flatlaf-3.4.1.jar;E:\IE003\UITravel\library\flatlaf-extras-3.4.1.jar;E:\IE003\UITravel\library\jsvg-1.4.0.jar;E:\IE003\UITravel\library\miglayout-4.0.jar;E:\IE003\UITravel\library\miglayout-core.jar;E:\IE003\UITravel\library\miglayout-swing.jar;E:\IE003\UITravel\library\svgSalamander-1.1.4.jar;E:\IE003\UITravel\library\swing-datetime-picker-1.2.0.jar;E:\IE003\UITravel\library\adyen-java-api-library-25.1.0.jar;C:\Program Files\NetBeans-21\netbeans\java\modules\ext\AbsoluteLayout.jar;E:\IE003\UITravel\build\classes
Launcher Type: SUN_STANDARD

[Global flags]
     intx CICompilerCount                          = 12                                        {product} {ergonomic}
     uint ConcGCThreads                            = 3                                         {product} {ergonomic}
     uint G1ConcRefinementThreads                  = 13                                        {product} {ergonomic}
   size_t G1HeapRegionSize                         = 2097152                                   {product} {ergonomic}
   size_t InitialHeapSize                          = 266338304                                 {product} {ergonomic}
   size_t MarkStackSize                            = 4194304                                   {product} {ergonomic}
   size_t MaxHeapSize                              = 4238344192                                {product} {ergonomic}
   size_t MaxNewSize                               = 2541748224                                {product} {ergonomic}
   size_t MinHeapDeltaBytes                        = 2097152                                   {product} {ergonomic}
   size_t MinHeapSize                              = 8388608                                   {product} {ergonomic}
    uintx NonNMethodCodeHeapSize                   = 7602480                                {pd product} {ergonomic}
    uintx NonProfiledCodeHeapSize                  = 122027880                              {pd product} {ergonomic}
    uintx ProfiledCodeHeapSize                     = 122027880                              {pd product} {ergonomic}
    uintx ReservedCodeCacheSize                    = 251658240                              {pd product} {ergonomic}
     bool SegmentedCodeCache                       = true                                      {product} {ergonomic}
   size_t SoftMaxHeapSize                          = 4238344192                             {manageable} {ergonomic}
     bool UseCompressedOops                        = true                           {product lp64_product} {ergonomic}
     bool UseG1GC                                  = true                                      {product} {ergonomic}
     bool UseLargePagesIndividualAllocation        = false                                  {pd product} {ergonomic}

Logging:
Log output configuration:
 #0: stdout all=warning uptime,level,tags foldmultilines=false
 #1: stderr all=off uptime,level,tags foldmultilines=false

Environment Variables:
JAVA_HOME=C:\Program Files\Java\jdk-22
PATH=C:\Program Files\Eclipse Adoptium\jdk-21.0.3.9-hotspot\bin;C:\Program Files\Common Files\Oracle\Java\javapath;C:\Program Files (x86)\Common Files\Oracle\Java\javapath;C:\Program Files\Eclipse Adoptium\jdk-21.0.2.13-hotspot\bin;C:\Program Files (x86)\Common Files\Intel\Shared Libraries\redist\intel64\compiler;C:\Program Files (x86)\Common Files\Intel\Shared Libraries\redist\ia32\compiler;C:\Windows\system32;C:\Windows;C:\Windows\System32\Wbem;C:\Windows\System32\WindowsPowerShell\v1.0\;C:\Windows\System32\OpenSSH\;C:\Program Files (x86)\NVIDIA Corporation\PhysX\Common;C:\Program Files\NVIDIA Corporation\NVIDIA NvDLISR;C:\Program Files (x86)\mingw-w64\i686-8.1.0-posix-dwarf-rt_v6-rev0\mingw32\bin;C:\WINDOWS\system32;C:\WINDOWS;C:\WINDOWS\System32\Wbem;C:\WINDOWS\System32\WindowsPowerShell\v1.0\;C:\WINDOWS\System32\OpenSSH\;C:\Program Files\Microsoft SQL Server\Client SDK\ODBC\170\Tools\Binn\;C:\Program Files (x86)\Microsoft SQL Server\150\Tools\Binn\;C:\Program Files\Microsoft SQL Server\150\Tools\Binn\;C:\Program Files\Microsoft SQL Server\150\DTS\Binn\;C:\Program Files (x86)\Microsoft SQL Server\150\DTS\Binn\;C:\Program Files\CMake\bin;C:\Program Files\Docker\Docker\resources\bin;C:\Program Files\dotnet\;C:\Program Files\nodejs\;C:\Program Files\Git\cmd;C:\Program Files\Cloudflare\Cloudflare WARP\;C:\Users\ACER\AppData\Local\Programs\Python\Python310\Scripts\;C:\Users\ACER\AppData\Local\Programs\Python\Python310\;C:\Users\ACER\AppData\Local\Microsoft\WindowsApps;C:\Users\ACER\AppData\Local\Programs\Microsoft VS Code\bin;C:\Program Files\Azure Data Studio\bin;C:\Users\ACER\AppData\Local\GitHubDesktop\bin;E:\Barebone\Compiler\win_flex_bison-2.5.4;C:\Users\ACER\AppData\Roaming\Microsoft\Windows\Start Menu\Programs\Python 3.10;C:\Users\ACER\.dotnet\tools;C:\Users\ACER\AppData\Roaming\npm;C:\Program Files (x86)\GnuWin32\bin;E:\nlp;E:\nlp\access;C:\Users\ACER\AppData\Local\Android\Sdk\emulator;C:\Users\ACER\AppData\Local\Android\android-sdk;C:\Users\ACER\AppData\Local\Android\Sdk\platform-tools;C:\Users\ACER\AppData\Local\Android\Sdk;C:\Users\ACER\AppData\Local\Android\android-sdk;C:\Program Files\Java\jdk-22\bin;C:\Program Files\Java\jre-1.8\bin;
USERNAME=ACER
OS=Windows_NT
PROCESSOR_IDENTIFIER=Intel64 Family 6 Model 141 Stepping 1, GenuineIntel
TMP=C:\Users\ACER\AppData\Local\Temp
TEMP=C:\Users\ACER\AppData\Local\Temp




Periodic native trim disabled

---------------  S Y S T E M  ---------------

OS:
 Windows 11 , 64 bit Build 22621 (10.0.22621.3527)
OS uptime: 0 days 5:16 hours
Hyper-V role detected

CPU: total 16 (initial active 16) (8 cores per cpu, 2 threads per core) family 6 model 141 stepping 1 microcode 0x3c, cx8, cmov, fxsr, ht, mmx, 3dnowpref, sse, sse2, sse3, ssse3, sse4.1, sse4.2, popcnt, lzcnt, tsc, tscinvbit, avx, avx2, aes, erms, clmul, bmi1, bmi2, adx, avx512f, avx512dq, avx512cd, avx512bw, avx512vl, sha, fma, vzeroupper, avx512_vpopcntdq, avx512_vpclmulqdq, avx512_vaes, avx512_vnni, clflush, clflushopt, clwb, avx512_vbmi2, avx512_vbmi, hv, rdtscp, rdpid, fsrm, gfni, avx512_bitalg, f16c, cet_ibt, cet_ss, avx512_ifma
Processor Information for all 16 processors :
  Max Mhz: 2304, Current Mhz: 2304, Mhz Limit: 2304

Memory: 4k page, system-wide physical 16163M (3470M free)
TotalPageFile size 18211M (AvailPageFile size 5M)
current process WorkingSet (physical memory assigned to process): 144M, peak: 146M
current process commit charge ("private bytes"): 403M, peak: 404M

vm_info: Java HotSpot(TM) 64-Bit Server VM (22+36-2370) for windows-amd64 JRE (22+36-2370), built on 2024-02-15T22:15:19Z by "mach5one" with MS VC++ 17.6 (VS2022)

END.
