#
# There is insufficient memory for the Java Runtime Environment to continue.
# Native memory allocation (mmap) failed to map 65536 bytes. Error detail: Failed to commit metaspace.
# Possible reasons:
#   The system is out of physical RAM or swap space
#   This process is running with CompressedOops enabled, and the Java Heap may be blocking the growth of the native heap
# Possible solutions:
#   Reduce memory load on the system
#   Increase physical memory or swap space
#   Check if swap backing store is full
#   Decrease Java heap size (-Xmx/-Xms)
#   Decrease number of Java threads
#   Decrease Java thread stack sizes (-Xss)
#   Set larger code cache with -XX:ReservedCodeCacheSize=
#   JVM is running with Zero Based Compressed Oops mode in which the Java heap is
#     placed in the first 32GB address space. The Java Heap base address is the
#     maximum limit for the native heap growth. Please use -XX:HeapBaseMinAddress
#     to set the Java Heap base and to place the Java Heap above 32GB virtual address.
# This output file may be truncated or incomplete.
#
#  Out of Memory Error (virtualSpaceNode.cpp:112), pid=16372, tid=23632
#
# JRE version: Java(TM) SE Runtime Environment (22.0+36) (build 22+36-2370)
# Java VM: Java HotSpot(TM) 64-Bit Server VM (22+36-2370, mixed mode, sharing, tiered, compressed oops, compressed class ptrs, g1 gc, windows-amd64)
# No core dump will be written. Minidumps are not enabled by default on client versions of Windows
#

---------------  S U M M A R Y ------------

Command Line: -Dfile.encoding=UTF-8 --module-path=E:\IE003\UITravel\build\classes uitravel.AdminMain

Host: 11th Gen Intel(R) Core(TM) i7-11800H @ 2.30GHz, 16 cores, 15G,  Windows 11 , 64 bit Build 22621 (10.0.22621.3527)
Time: Tue May 28 20:43:57 2024 SE Asia Standard Time elapsed time: 0.350974 seconds (0d 0h 0m 0s)

---------------  T H R E A D  ---------------

Current thread (0x000002aa5bfe8cc0):  JavaThread "AWT-EventQueue-0"        [_thread_in_vm, id=23632, stack(0x000000d9a7a00000,0x000000d9a7b00000) (1024K)]

Stack: [0x000000d9a7a00000,0x000000d9a7b00000]
Native frames: (J=compiled Java code, j=interpreted, Vv=VM code, C=native code)
V  [jvm.dll+0x6e2349]  (no source info available)
V  [jvm.dll+0x874ed3]  (no source info available)
V  [jvm.dll+0x8772fe]  (no source info available)
V  [jvm.dll+0x8779d3]  (no source info available)
V  [jvm.dll+0x27fcb6]  (no source info available)
V  [jvm.dll+0x870b1e]  (no source info available)
V  [jvm.dll+0x6853b5]  (no source info available)
V  [jvm.dll+0x68541a]  (no source info available)
V  [jvm.dll+0x687c5a]  (no source info available)
V  [jvm.dll+0x22509c]  (no source info available)
V  [jvm.dll+0x685dce]  (no source info available)
V  [jvm.dll+0x26b100]  (no source info available)
V  [jvm.dll+0x215ce7]  (no source info available)
V  [jvm.dll+0x20b4de]  (no source info available)
V  [jvm.dll+0x5c471f]  (no source info available)
V  [jvm.dll+0x21cc5a]  (no source info available)
V  [jvm.dll+0x7eb79c]  (no source info available)
V  [jvm.dll+0x7ec836]  (no source info available)
V  [jvm.dll+0x7ed060]  (no source info available)
V  [jvm.dll+0x21391b]  (no source info available)
V  [jvm.dll+0x2160ee]  (no source info available)
V  [jvm.dll+0x20b4de]  (no source info available)
V  [jvm.dll+0x5c471f]  (no source info available)
V  [jvm.dll+0x21cc5a]  (no source info available)
V  [jvm.dll+0x7eb79c]  (no source info available)
V  [jvm.dll+0x7ec836]  (no source info available)
V  [jvm.dll+0x7ed060]  (no source info available)
V  [jvm.dll+0x21391b]  (no source info available)
V  [jvm.dll+0x2160ee]  (no source info available)
V  [jvm.dll+0x20b4de]  (no source info available)
V  [jvm.dll+0x5c471f]  (no source info available)
V  [jvm.dll+0x21cc5a]  (no source info available)
V  [jvm.dll+0x7eb79c]  (no source info available)
V  [jvm.dll+0x7ec836]  (no source info available)
V  [jvm.dll+0x7ed060]  (no source info available)
V  [jvm.dll+0x21391b]  (no source info available)
V  [jvm.dll+0x2160ee]  (no source info available)
V  [jvm.dll+0x20b4de]  (no source info available)
V  [jvm.dll+0x5c471f]  (no source info available)
V  [jvm.dll+0x21cc5a]  (no source info available)
V  [jvm.dll+0x7eb79c]  (no source info available)
V  [jvm.dll+0x7ec836]  (no source info available)
V  [jvm.dll+0x7ece44]  (no source info available)
V  [jvm.dll+0x7ecac8]  (no source info available)
V  [jvm.dll+0x26d70b]  (no source info available)
V  [jvm.dll+0x3d9a9e]  (no source info available)
C  0x000002aa0746b4f4  (no source info available)

The last pc belongs to new (printed below).
Java frames: (J=compiled Java code, j=interpreted, Vv=VM code)
j  sun.awt.windows.WToolkit.createFrame(Ljava/awt/Frame;)Ljava/awt/peer/FramePeer;+0 java.desktop@22
j  java.awt.Frame.addNotify()V+20 java.desktop@22
j  java.awt.Window.pack()V+28 java.desktop@22
j  uitravel.AdminMain.initComponents()V+1458
j  uitravel.AdminMain.<init>()V+5
j  uitravel.AdminMain$3.run()V+4
j  java.awt.event.InvocationEvent.dispatch()V+47 java.desktop@22
j  java.awt.EventQueue.dispatchEventImpl(Ljava/awt/AWTEvent;Ljava/lang/Object;)V+21 java.desktop@22
j  java.awt.EventQueue$4.run()Ljava/lang/Void;+32 java.desktop@22
j  java.awt.EventQueue$4.run()Ljava/lang/Object;+1 java.desktop@22
j  java.security.AccessController.executePrivileged(Ljava/security/PrivilegedAction;Ljava/security/AccessControlContext;Ljava/lang/Class;)Ljava/lang/Object;+29 java.base@22
j  java.security.AccessController.doPrivileged(Ljava/security/PrivilegedAction;Ljava/security/AccessControlContext;)Ljava/lang/Object;+13 java.base@22
j  java.security.ProtectionDomain$JavaSecurityAccessImpl.doIntersectionPrivilege(Ljava/security/PrivilegedAction;Ljava/security/AccessControlContext;Ljava/security/AccessControlContext;)Ljava/lang/Object;+18 java.base@22
j  java.awt.EventQueue.dispatchEvent(Ljava/awt/AWTEvent;)V+46 java.desktop@22
j  java.awt.EventDispatchThread.pumpOneEventForFilters(I)V+81 java.desktop@22
j  java.awt.EventDispatchThread.pumpEventsForFilter(ILjava/awt/Conditional;Ljava/awt/EventFilter;)V+35 java.desktop@22
j  java.awt.EventDispatchThread.pumpEventsForHierarchy(ILjava/awt/Conditional;Ljava/awt/Component;)V+11 java.desktop@22
j  java.awt.EventDispatchThread.pumpEvents(ILjava/awt/Conditional;)V+4 java.desktop@22
j  java.awt.EventDispatchThread.pumpEvents(Ljava/awt/Conditional;)V+3 java.desktop@22
j  java.awt.EventDispatchThread.run()V+9 java.desktop@22
v  ~StubRoutines::call_stub 0x000002aa0745100d
new  187 new  [0x000002aa0746b360, 0x000002aa0746b568]  520 bytes
[MachCode]
  0x000002aa0746b360: 4883 ec08 | c5fa 1104 | 24eb 1f48 | 83ec 10c5 | fb11 0424 | eb14 4883 | ec10 4889 | 0424 48c7 
  0x000002aa0746b380: 4424 0800 | 0000 00eb | 0150 410f | b755 010f | cac1 ea10 | 488b 4de8 | 488b 4908 | 488b 4908 
  0x000002aa0746b3a0: 488b 4108 | 807c 1004 | 070f 85d3 | 0000 0066 | 8b54 d148 | 488b 4928 | 488b 4cd1 | 0851 80b9 
  0x000002aa0746b3c0: 2001 0000 | 050f 85b6 | 0000 008b | 5108 f6c2 | 010f 85aa | 0000 0049 | 8b87 b801 | 0000 488d 
  0x000002aa0746b3e0: 1c10 493b | 9fc8 0100 | 000f 8792 | 0000 0049 | 899f b801 | 0000 4883 | ea10 0f84 | 0f00 0000 
  0x000002aa0746b400: 33c9 c1ea | 0348 894c | d008 48ff | ca75 f648 | c700 0100 | 0000 5933 | f689 700c | 49ba 0000 
  0x000002aa0746b420: 0016 aa02 | 0000 492b | ca89 4808 | 49ba ad40 | 595a f87f | 0000 4180 | 3a00 0f84 | 3c00 0000 
  0x000002aa0746b440: 5048 8bc8 | 4883 ec20 | 40f6 c40f | 0f84 1900 | 0000 4883 | ec08 48b8 | 40b6 095a | f87f 0000 
  0x000002aa0746b460: ffd0 4883 | c408 e90c | 0000 0048 | b840 b609 | 5af8 7f00 | 00ff d048 | 83c4 2058 | e9cb 0000 
  0x000002aa0746b480: 0059 488b | 55e8 488b | 5208 488b | 5208 450f | b745 0141 | 0fc8 41c1 | e810 e805 | 0000 00e9 
  0x000002aa0746b4a0: a800 0000 | 488d 4424 | 084c 896d | c049 8bcf | c5f8 7749 | 89af b003 | 0000 4989 | 87a0 0300 
  0x000002aa0746b4c0: 0048 83ec | 2040 f6c4 | 0f0f 8419 | 0000 0048 | 83ec 0848 | b850 9ad2 | 59f8 7f00 | 00ff d048 
  0x000002aa0746b4e0: 83c4 08e9 | 0c00 0000 | 48b8 509a | d259 f87f | 0000 ffd0 | 4883 c420 | 49c7 87a0 | 0300 0000 
  0x000002aa0746b500: 0000 0049 | c787 b003 | 0000 0000 | 0000 49c7 | 87a8 0300 | 0000 0000 | 00c5 f877 | 4983 7f08 
  0x000002aa0746b520: 000f 8405 | 0000 00e9 | d459 feff | 498b 87f8 | 0300 0049 | c787 f803 | 0000 0000 | 0000 4c8b 
  0x000002aa0746b540: 6dc0 4c8b | 75c8 4e8d | 74f5 00c3 | 410f b65d | 0349 83c5 | 0349 baf0 | 095d 5af8 | 7f00 0041 
  0x000002aa0746b560: ff24 da0f | 1f44 0000 
[/MachCode]

---------------  P R O C E S S  ---------------

Threads class SMR info:
_java_thread_list=0x000002aa7f688640, length=22, elements={
0x000002aa7f7feff0, 0x000002aa7f800000, 0x000002aa7f802120, 0x000002aa7f805800,
0x000002aa7f807360, 0x000002aa7f807eb0, 0x000002aa7f80b900, 0x000002aa153c8090,
0x000002aa7f7cfd90, 0x000002aa154d7070, 0x000002aa155a21b0, 0x000002aa155b3c90,
0x000002aa1576f5d0, 0x000002aa15772a20, 0x000002aa15773cb0, 0x000002aa157bd330,
0x000002aa1578b370, 0x000002aa5bcd3830, 0x000002aa5bc7c000, 0x000002aa5bfe8cc0,
0x000002aa7356c520, 0x000002aa5bc5c490
}

Java Threads: ( => current thread )
  0x000002aa7f7feff0 JavaThread "Reference Handler"          daemon [_thread_blocked, id=20448, stack(0x000000d9a6700000,0x000000d9a6800000) (1024K)]
  0x000002aa7f800000 JavaThread "Finalizer"                  daemon [_thread_blocked, id=6564, stack(0x000000d9a6800000,0x000000d9a6900000) (1024K)]
  0x000002aa7f802120 JavaThread "Signal Dispatcher"          daemon [_thread_blocked, id=19984, stack(0x000000d9a6900000,0x000000d9a6a00000) (1024K)]
  0x000002aa7f805800 JavaThread "Attach Listener"            daemon [_thread_blocked, id=11352, stack(0x000000d9a6a00000,0x000000d9a6b00000) (1024K)]
  0x000002aa7f807360 JavaThread "Service Thread"             daemon [_thread_blocked, id=7416, stack(0x000000d9a6b00000,0x000000d9a6c00000) (1024K)]
  0x000002aa7f807eb0 JavaThread "Monitor Deflation Thread"   daemon [_thread_blocked, id=10792, stack(0x000000d9a6c00000,0x000000d9a6d00000) (1024K)]
  0x000002aa7f80b900 JavaThread "C2 CompilerThread0"         daemon [_thread_blocked, id=12460, stack(0x000000d9a6d00000,0x000000d9a6e00000) (1024K)]
  0x000002aa153c8090 JavaThread "C1 CompilerThread0"         daemon [_thread_blocked, id=12576, stack(0x000000d9a6e00000,0x000000d9a6f00000) (1024K)]
  0x000002aa7f7cfd90 JavaThread "Common-Cleaner"             daemon [_thread_blocked, id=24380, stack(0x000000d9a6f00000,0x000000d9a7000000) (1024K)]
  0x000002aa154d7070 JavaThread "C1 CompilerThread1"         daemon [_thread_blocked, id=12124, stack(0x000000d9a7000000,0x000000d9a7100000) (1024K)]
  0x000002aa155a21b0 JavaThread "Notification Thread"        daemon [_thread_blocked, id=5908, stack(0x000000d9a7100000,0x000000d9a7200000) (1024K)]
  0x000002aa155b3c90 JavaThread "C2 CompilerThread1"         daemon [_thread_blocked, id=24556, stack(0x000000d9a7200000,0x000000d9a7300000) (1024K)]
  0x000002aa1576f5d0 JavaThread "Java2D Disposer"            daemon [_thread_blocked, id=20108, stack(0x000000d9a7300000,0x000000d9a7400000) (1024K)]
  0x000002aa15772a20 JavaThread "AWT-Shutdown"                      [_thread_blocked, id=7856, stack(0x000000d9a7400000,0x000000d9a7500000) (1024K)]
  0x000002aa15773cb0 JavaThread "AWT-Windows"                daemon [_thread_in_native, id=19228, stack(0x000000d9a7500000,0x000000d9a7600000) (1024K)]
  0x000002aa157bd330 JavaThread "C2 CompilerThread2"         daemon [_thread_blocked, id=17996, stack(0x000000d9a7600000,0x000000d9a7700000) (1024K)]
  0x000002aa1578b370 JavaThread "C2 CompilerThread3"         daemon [_thread_blocked, id=13580, stack(0x000000d9a7700000,0x000000d9a7800000) (1024K)]
  0x000002aa5bcd3830 JavaThread "C1 CompilerThread2"         daemon [_thread_blocked, id=14396, stack(0x000000d9a7800000,0x000000d9a7900000) (1024K)]
  0x000002aa5bc7c000 JavaThread "C1 CompilerThread3"         daemon [_thread_blocked, id=20836, stack(0x000000d9a7900000,0x000000d9a7a00000) (1024K)]
=>0x000002aa5bfe8cc0 JavaThread "AWT-EventQueue-0"                  [_thread_in_vm, id=23632, stack(0x000000d9a7a00000,0x000000d9a7b00000) (1024K)]
  0x000002aa7356c520 JavaThread "DestroyJavaVM"                     [_thread_blocked, id=5092, stack(0x000000d9a5f00000,0x000000d9a6000000) (1024K)]
  0x000002aa5bc5c490 JavaThread "TimerQueue"                 daemon [_thread_blocked, id=12516, stack(0x000000d9a7b00000,0x000000d9a7c00000) (1024K)]
Total: 22

Other Threads:
  0x000002aa7f7e9b30 VMThread "VM Thread"                           [id=19244, stack(0x000000d9a6600000,0x000000d9a6700000) (1024K)]
  0x000002aa7f7cebe0 WatcherThread "VM Periodic Task Thread"        [id=7364, stack(0x000000d9a6500000,0x000000d9a6600000) (1024K)]
  0x000002aa75793080 WorkerThread "GC Thread#0"                     [id=20764, stack(0x000000d9a6000000,0x000000d9a6100000) (1024K)]
  0x000002aa757a4510 ConcurrentGCThread "G1 Main Marker"            [id=5880, stack(0x000000d9a6100000,0x000000d9a6200000) (1024K)]
  0x000002aa757a51d0 WorkerThread "G1 Conc#0"                       [id=14204, stack(0x000000d9a6200000,0x000000d9a6300000) (1024K)]
  0x000002aa757ee550 ConcurrentGCThread "G1 Refine#0"               [id=11424, stack(0x000000d9a6300000,0x000000d9a6400000) (1024K)]
  0x000002aa7f69e160 ConcurrentGCThread "G1 Service"                [id=18080, stack(0x000000d9a6400000,0x000000d9a6500000) (1024K)]
Total: 7

Threads with active compile tasks:
Total: 0

VM state: not at safepoint (normal execution)

VM Mutex/Monitor currently owned by a thread:  ([mutex/lock_event])
[0x00007ff85a5bab48] Metaspace_lock - owner thread: 0x000002aa5bfe8cc0

OutOfMemory and StackOverflow Exception counts:
OutOfMemoryError java_heap_errors=4
LinkageErrors=11

Heap address: 0x0000000703600000, size: 4042 MB, Compressed Oops mode: Zero based, Oop shift amount: 3

CDS archive(s) mapped at: [0x000002aa16000000-0x000002aa16c60000-0x000002aa16c60000), size 12976128, SharedBaseAddress: 0x000002aa16000000, ArchiveRelocationMode: 1.
Compressed class space mapped at: 0x000002aa17000000-0x000002aa57000000, reserved size: 1073741824
Narrow klass base: 0x000002aa16000000, Narrow klass shift: 0, Narrow klass range: 0x41000000

GC Precious Log:
 CardTable entry size: 512
 Card Set container configuration: InlinePtr #cards 4 size 8 Array Of Cards #cards 16 size 48 Howl #buckets 8 coarsen threshold 3686 Howl Bitmap #cards 512 size 80 coarsen threshold 460 Card regions per heap region 1 cards per card region 4096
 CPUs: 16 total, 16 available
 Memory: 16163M
 Large Page Support: Disabled
 NUMA Support: Disabled
 Compressed Oops: Enabled (Zero based)
 Heap Region Size: 2M
 Heap Min Capacity: 8M
 Heap Initial Capacity: 254M
 Heap Max Capacity: 4042M
 Pre-touch: Disabled
 Parallel Workers: 13
 Concurrent Workers: 3
 Concurrent Refinement Workers: 13
 Periodic GC: Disabled

Heap:
 garbage-first heap   total reserved 4139008K, committed 260096K, used 12288K [0x0000000703600000, 0x0000000800000000)
  region size 2048K, 7 young (14336K), 0 survivors (0K)
 Metaspace       used 10209K, committed 10368K, reserved 1114112K
  class space    used 1195K, committed 1280K, reserved 1048576K

Heap Regions: E=young(eden), S=young(survivor), O=old, HS=humongous(starts), HC=humongous(continues), CS=collection set, F=free, TAMS=top-at-mark-start, PB=parsable bottom
|   0|0x0000000703600000, 0x0000000703600000, 0x0000000703800000|  0%| F|  |TAMS 0x0000000703600000| PB 0x0000000703600000| Untracked |  0
|   1|0x0000000703800000, 0x0000000703800000, 0x0000000703a00000|  0%| F|  |TAMS 0x0000000703800000| PB 0x0000000703800000| Untracked |  0
|   2|0x0000000703a00000, 0x0000000703a00000, 0x0000000703c00000|  0%| F|  |TAMS 0x0000000703a00000| PB 0x0000000703a00000| Untracked |  0
|   3|0x0000000703c00000, 0x0000000703c00000, 0x0000000703e00000|  0%| F|  |TAMS 0x0000000703c00000| PB 0x0000000703c00000| Untracked |  0
|   4|0x0000000703e00000, 0x0000000703e00000, 0x0000000704000000|  0%| F|  |TAMS 0x0000000703e00000| PB 0x0000000703e00000| Untracked |  0
|   5|0x0000000704000000, 0x0000000704000000, 0x0000000704200000|  0%| F|  |TAMS 0x0000000704000000| PB 0x0000000704000000| Untracked |  0
|   6|0x0000000704200000, 0x0000000704200000, 0x0000000704400000|  0%| F|  |TAMS 0x0000000704200000| PB 0x0000000704200000| Untracked |  0
|   7|0x0000000704400000, 0x0000000704400000, 0x0000000704600000|  0%| F|  |TAMS 0x0000000704400000| PB 0x0000000704400000| Untracked |  0
|   8|0x0000000704600000, 0x0000000704600000, 0x0000000704800000|  0%| F|  |TAMS 0x0000000704600000| PB 0x0000000704600000| Untracked |  0
|   9|0x0000000704800000, 0x0000000704800000, 0x0000000704a00000|  0%| F|  |TAMS 0x0000000704800000| PB 0x0000000704800000| Untracked |  0
|  10|0x0000000704a00000, 0x0000000704a00000, 0x0000000704c00000|  0%| F|  |TAMS 0x0000000704a00000| PB 0x0000000704a00000| Untracked |  0
|  11|0x0000000704c00000, 0x0000000704c00000, 0x0000000704e00000|  0%| F|  |TAMS 0x0000000704c00000| PB 0x0000000704c00000| Untracked |  0
|  12|0x0000000704e00000, 0x0000000704e00000, 0x0000000705000000|  0%| F|  |TAMS 0x0000000704e00000| PB 0x0000000704e00000| Untracked |  0
|  13|0x0000000705000000, 0x0000000705000000, 0x0000000705200000|  0%| F|  |TAMS 0x0000000705000000| PB 0x0000000705000000| Untracked |  0
|  14|0x0000000705200000, 0x0000000705200000, 0x0000000705400000|  0%| F|  |TAMS 0x0000000705200000| PB 0x0000000705200000| Untracked |  0
|  15|0x0000000705400000, 0x0000000705400000, 0x0000000705600000|  0%| F|  |TAMS 0x0000000705400000| PB 0x0000000705400000| Untracked |  0
|  16|0x0000000705600000, 0x0000000705600000, 0x0000000705800000|  0%| F|  |TAMS 0x0000000705600000| PB 0x0000000705600000| Untracked |  0
|  17|0x0000000705800000, 0x0000000705800000, 0x0000000705a00000|  0%| F|  |TAMS 0x0000000705800000| PB 0x0000000705800000| Untracked |  0
|  18|0x0000000705a00000, 0x0000000705a00000, 0x0000000705c00000|  0%| F|  |TAMS 0x0000000705a00000| PB 0x0000000705a00000| Untracked |  0
|  19|0x0000000705c00000, 0x0000000705c00000, 0x0000000705e00000|  0%| F|  |TAMS 0x0000000705c00000| PB 0x0000000705c00000| Untracked |  0
|  20|0x0000000705e00000, 0x0000000705e00000, 0x0000000706000000|  0%| F|  |TAMS 0x0000000705e00000| PB 0x0000000705e00000| Untracked |  0
|  21|0x0000000706000000, 0x0000000706000000, 0x0000000706200000|  0%| F|  |TAMS 0x0000000706000000| PB 0x0000000706000000| Untracked |  0
|  22|0x0000000706200000, 0x0000000706200000, 0x0000000706400000|  0%| F|  |TAMS 0x0000000706200000| PB 0x0000000706200000| Untracked |  0
|  23|0x0000000706400000, 0x0000000706400000, 0x0000000706600000|  0%| F|  |TAMS 0x0000000706400000| PB 0x0000000706400000| Untracked |  0
|  24|0x0000000706600000, 0x0000000706600000, 0x0000000706800000|  0%| F|  |TAMS 0x0000000706600000| PB 0x0000000706600000| Untracked |  0
|  25|0x0000000706800000, 0x0000000706800000, 0x0000000706a00000|  0%| F|  |TAMS 0x0000000706800000| PB 0x0000000706800000| Untracked |  0
|  26|0x0000000706a00000, 0x0000000706a00000, 0x0000000706c00000|  0%| F|  |TAMS 0x0000000706a00000| PB 0x0000000706a00000| Untracked |  0
|  27|0x0000000706c00000, 0x0000000706c00000, 0x0000000706e00000|  0%| F|  |TAMS 0x0000000706c00000| PB 0x0000000706c00000| Untracked |  0
|  28|0x0000000706e00000, 0x0000000706e00000, 0x0000000707000000|  0%| F|  |TAMS 0x0000000706e00000| PB 0x0000000706e00000| Untracked |  0
|  29|0x0000000707000000, 0x0000000707000000, 0x0000000707200000|  0%| F|  |TAMS 0x0000000707000000| PB 0x0000000707000000| Untracked |  0
|  30|0x0000000707200000, 0x0000000707200000, 0x0000000707400000|  0%| F|  |TAMS 0x0000000707200000| PB 0x0000000707200000| Untracked |  0
|  31|0x0000000707400000, 0x0000000707400000, 0x0000000707600000|  0%| F|  |TAMS 0x0000000707400000| PB 0x0000000707400000| Untracked |  0
|  32|0x0000000707600000, 0x0000000707600000, 0x0000000707800000|  0%| F|  |TAMS 0x0000000707600000| PB 0x0000000707600000| Untracked |  0
|  33|0x0000000707800000, 0x0000000707800000, 0x0000000707a00000|  0%| F|  |TAMS 0x0000000707800000| PB 0x0000000707800000| Untracked |  0
|  34|0x0000000707a00000, 0x0000000707a00000, 0x0000000707c00000|  0%| F|  |TAMS 0x0000000707a00000| PB 0x0000000707a00000| Untracked |  0
|  35|0x0000000707c00000, 0x0000000707c00000, 0x0000000707e00000|  0%| F|  |TAMS 0x0000000707c00000| PB 0x0000000707c00000| Untracked |  0
|  36|0x0000000707e00000, 0x0000000707e00000, 0x0000000708000000|  0%| F|  |TAMS 0x0000000707e00000| PB 0x0000000707e00000| Untracked |  0
|  37|0x0000000708000000, 0x0000000708000000, 0x0000000708200000|  0%| F|  |TAMS 0x0000000708000000| PB 0x0000000708000000| Untracked |  0
|  38|0x0000000708200000, 0x0000000708200000, 0x0000000708400000|  0%| F|  |TAMS 0x0000000708200000| PB 0x0000000708200000| Untracked |  0
|  39|0x0000000708400000, 0x0000000708400000, 0x0000000708600000|  0%| F|  |TAMS 0x0000000708400000| PB 0x0000000708400000| Untracked |  0
|  40|0x0000000708600000, 0x0000000708600000, 0x0000000708800000|  0%| F|  |TAMS 0x0000000708600000| PB 0x0000000708600000| Untracked |  0
|  41|0x0000000708800000, 0x0000000708800000, 0x0000000708a00000|  0%| F|  |TAMS 0x0000000708800000| PB 0x0000000708800000| Untracked |  0
|  42|0x0000000708a00000, 0x0000000708a00000, 0x0000000708c00000|  0%| F|  |TAMS 0x0000000708a00000| PB 0x0000000708a00000| Untracked |  0
|  43|0x0000000708c00000, 0x0000000708c00000, 0x0000000708e00000|  0%| F|  |TAMS 0x0000000708c00000| PB 0x0000000708c00000| Untracked |  0
|  44|0x0000000708e00000, 0x0000000708e00000, 0x0000000709000000|  0%| F|  |TAMS 0x0000000708e00000| PB 0x0000000708e00000| Untracked |  0
|  45|0x0000000709000000, 0x0000000709000000, 0x0000000709200000|  0%| F|  |TAMS 0x0000000709000000| PB 0x0000000709000000| Untracked |  0
|  46|0x0000000709200000, 0x0000000709200000, 0x0000000709400000|  0%| F|  |TAMS 0x0000000709200000| PB 0x0000000709200000| Untracked |  0
|  47|0x0000000709400000, 0x0000000709400000, 0x0000000709600000|  0%| F|  |TAMS 0x0000000709400000| PB 0x0000000709400000| Untracked |  0
|  48|0x0000000709600000, 0x0000000709600000, 0x0000000709800000|  0%| F|  |TAMS 0x0000000709600000| PB 0x0000000709600000| Untracked |  0
|  49|0x0000000709800000, 0x0000000709800000, 0x0000000709a00000|  0%| F|  |TAMS 0x0000000709800000| PB 0x0000000709800000| Untracked |  0
|  50|0x0000000709a00000, 0x0000000709a00000, 0x0000000709c00000|  0%| F|  |TAMS 0x0000000709a00000| PB 0x0000000709a00000| Untracked |  0
|  51|0x0000000709c00000, 0x0000000709c00000, 0x0000000709e00000|  0%| F|  |TAMS 0x0000000709c00000| PB 0x0000000709c00000| Untracked |  0
|  52|0x0000000709e00000, 0x0000000709e00000, 0x000000070a000000|  0%| F|  |TAMS 0x0000000709e00000| PB 0x0000000709e00000| Untracked |  0
|  53|0x000000070a000000, 0x000000070a000000, 0x000000070a200000|  0%| F|  |TAMS 0x000000070a000000| PB 0x000000070a000000| Untracked |  0
|  54|0x000000070a200000, 0x000000070a200000, 0x000000070a400000|  0%| F|  |TAMS 0x000000070a200000| PB 0x000000070a200000| Untracked |  0
|  55|0x000000070a400000, 0x000000070a400000, 0x000000070a600000|  0%| F|  |TAMS 0x000000070a400000| PB 0x000000070a400000| Untracked |  0
|  56|0x000000070a600000, 0x000000070a600000, 0x000000070a800000|  0%| F|  |TAMS 0x000000070a600000| PB 0x000000070a600000| Untracked |  0
|  57|0x000000070a800000, 0x000000070a800000, 0x000000070aa00000|  0%| F|  |TAMS 0x000000070a800000| PB 0x000000070a800000| Untracked |  0
|  58|0x000000070aa00000, 0x000000070aa00000, 0x000000070ac00000|  0%| F|  |TAMS 0x000000070aa00000| PB 0x000000070aa00000| Untracked |  0
|  59|0x000000070ac00000, 0x000000070ac00000, 0x000000070ae00000|  0%| F|  |TAMS 0x000000070ac00000| PB 0x000000070ac00000| Untracked |  0
|  60|0x000000070ae00000, 0x000000070ae00000, 0x000000070b000000|  0%| F|  |TAMS 0x000000070ae00000| PB 0x000000070ae00000| Untracked |  0
|  61|0x000000070b000000, 0x000000070b000000, 0x000000070b200000|  0%| F|  |TAMS 0x000000070b000000| PB 0x000000070b000000| Untracked |  0
|  62|0x000000070b200000, 0x000000070b200000, 0x000000070b400000|  0%| F|  |TAMS 0x000000070b200000| PB 0x000000070b200000| Untracked |  0
|  63|0x000000070b400000, 0x000000070b400000, 0x000000070b600000|  0%| F|  |TAMS 0x000000070b400000| PB 0x000000070b400000| Untracked |  0
|  64|0x000000070b600000, 0x000000070b600000, 0x000000070b800000|  0%| F|  |TAMS 0x000000070b600000| PB 0x000000070b600000| Untracked |  0
|  65|0x000000070b800000, 0x000000070b800000, 0x000000070ba00000|  0%| F|  |TAMS 0x000000070b800000| PB 0x000000070b800000| Untracked |  0
|  66|0x000000070ba00000, 0x000000070ba00000, 0x000000070bc00000|  0%| F|  |TAMS 0x000000070ba00000| PB 0x000000070ba00000| Untracked |  0
|  67|0x000000070bc00000, 0x000000070bc00000, 0x000000070be00000|  0%| F|  |TAMS 0x000000070bc00000| PB 0x000000070bc00000| Untracked |  0
|  68|0x000000070be00000, 0x000000070be00000, 0x000000070c000000|  0%| F|  |TAMS 0x000000070be00000| PB 0x000000070be00000| Untracked |  0
|  69|0x000000070c000000, 0x000000070c000000, 0x000000070c200000|  0%| F|  |TAMS 0x000000070c000000| PB 0x000000070c000000| Untracked |  0
|  70|0x000000070c200000, 0x000000070c200000, 0x000000070c400000|  0%| F|  |TAMS 0x000000070c200000| PB 0x000000070c200000| Untracked |  0
|  71|0x000000070c400000, 0x000000070c400000, 0x000000070c600000|  0%| F|  |TAMS 0x000000070c400000| PB 0x000000070c400000| Untracked |  0
|  72|0x000000070c600000, 0x000000070c600000, 0x000000070c800000|  0%| F|  |TAMS 0x000000070c600000| PB 0x000000070c600000| Untracked |  0
|  73|0x000000070c800000, 0x000000070c800000, 0x000000070ca00000|  0%| F|  |TAMS 0x000000070c800000| PB 0x000000070c800000| Untracked |  0
|  74|0x000000070ca00000, 0x000000070ca00000, 0x000000070cc00000|  0%| F|  |TAMS 0x000000070ca00000| PB 0x000000070ca00000| Untracked |  0
|  75|0x000000070cc00000, 0x000000070cc00000, 0x000000070ce00000|  0%| F|  |TAMS 0x000000070cc00000| PB 0x000000070cc00000| Untracked |  0
|  76|0x000000070ce00000, 0x000000070ce00000, 0x000000070d000000|  0%| F|  |TAMS 0x000000070ce00000| PB 0x000000070ce00000| Untracked |  0
|  77|0x000000070d000000, 0x000000070d000000, 0x000000070d200000|  0%| F|  |TAMS 0x000000070d000000| PB 0x000000070d000000| Untracked |  0
|  78|0x000000070d200000, 0x000000070d200000, 0x000000070d400000|  0%| F|  |TAMS 0x000000070d200000| PB 0x000000070d200000| Untracked |  0
|  79|0x000000070d400000, 0x000000070d400000, 0x000000070d600000|  0%| F|  |TAMS 0x000000070d400000| PB 0x000000070d400000| Untracked |  0
|  80|0x000000070d600000, 0x000000070d600000, 0x000000070d800000|  0%| F|  |TAMS 0x000000070d600000| PB 0x000000070d600000| Untracked |  0
|  81|0x000000070d800000, 0x000000070d800000, 0x000000070da00000|  0%| F|  |TAMS 0x000000070d800000| PB 0x000000070d800000| Untracked |  0
|  82|0x000000070da00000, 0x000000070da00000, 0x000000070dc00000|  0%| F|  |TAMS 0x000000070da00000| PB 0x000000070da00000| Untracked |  0
|  83|0x000000070dc00000, 0x000000070dc00000, 0x000000070de00000|  0%| F|  |TAMS 0x000000070dc00000| PB 0x000000070dc00000| Untracked |  0
|  84|0x000000070de00000, 0x000000070de00000, 0x000000070e000000|  0%| F|  |TAMS 0x000000070de00000| PB 0x000000070de00000| Untracked |  0
|  85|0x000000070e000000, 0x000000070e000000, 0x000000070e200000|  0%| F|  |TAMS 0x000000070e000000| PB 0x000000070e000000| Untracked |  0
|  86|0x000000070e200000, 0x000000070e200000, 0x000000070e400000|  0%| F|  |TAMS 0x000000070e200000| PB 0x000000070e200000| Untracked |  0
|  87|0x000000070e400000, 0x000000070e400000, 0x000000070e600000|  0%| F|  |TAMS 0x000000070e400000| PB 0x000000070e400000| Untracked |  0
|  88|0x000000070e600000, 0x000000070e600000, 0x000000070e800000|  0%| F|  |TAMS 0x000000070e600000| PB 0x000000070e600000| Untracked |  0
|  89|0x000000070e800000, 0x000000070e800000, 0x000000070ea00000|  0%| F|  |TAMS 0x000000070e800000| PB 0x000000070e800000| Untracked |  0
|  90|0x000000070ea00000, 0x000000070ea00000, 0x000000070ec00000|  0%| F|  |TAMS 0x000000070ea00000| PB 0x000000070ea00000| Untracked |  0
|  91|0x000000070ec00000, 0x000000070ec00000, 0x000000070ee00000|  0%| F|  |TAMS 0x000000070ec00000| PB 0x000000070ec00000| Untracked |  0
|  92|0x000000070ee00000, 0x000000070ee00000, 0x000000070f000000|  0%| F|  |TAMS 0x000000070ee00000| PB 0x000000070ee00000| Untracked |  0
|  93|0x000000070f000000, 0x000000070f000000, 0x000000070f200000|  0%| F|  |TAMS 0x000000070f000000| PB 0x000000070f000000| Untracked |  0
|  94|0x000000070f200000, 0x000000070f200000, 0x000000070f400000|  0%| F|  |TAMS 0x000000070f200000| PB 0x000000070f200000| Untracked |  0
|  95|0x000000070f400000, 0x000000070f400000, 0x000000070f600000|  0%| F|  |TAMS 0x000000070f400000| PB 0x000000070f400000| Untracked |  0
|  96|0x000000070f600000, 0x000000070f600000, 0x000000070f800000|  0%| F|  |TAMS 0x000000070f600000| PB 0x000000070f600000| Untracked |  0
|  97|0x000000070f800000, 0x000000070f800000, 0x000000070fa00000|  0%| F|  |TAMS 0x000000070f800000| PB 0x000000070f800000| Untracked |  0
|  98|0x000000070fa00000, 0x000000070fa00000, 0x000000070fc00000|  0%| F|  |TAMS 0x000000070fa00000| PB 0x000000070fa00000| Untracked |  0
|  99|0x000000070fc00000, 0x000000070fc00000, 0x000000070fe00000|  0%| F|  |TAMS 0x000000070fc00000| PB 0x000000070fc00000| Untracked |  0
| 100|0x000000070fe00000, 0x000000070fe00000, 0x0000000710000000|  0%| F|  |TAMS 0x000000070fe00000| PB 0x000000070fe00000| Untracked |  0
| 101|0x0000000710000000, 0x0000000710000000, 0x0000000710200000|  0%| F|  |TAMS 0x0000000710000000| PB 0x0000000710000000| Untracked |  0
| 102|0x0000000710200000, 0x0000000710200000, 0x0000000710400000|  0%| F|  |TAMS 0x0000000710200000| PB 0x0000000710200000| Untracked |  0
| 103|0x0000000710400000, 0x0000000710400000, 0x0000000710600000|  0%| F|  |TAMS 0x0000000710400000| PB 0x0000000710400000| Untracked |  0
| 104|0x0000000710600000, 0x0000000710600000, 0x0000000710800000|  0%| F|  |TAMS 0x0000000710600000| PB 0x0000000710600000| Untracked |  0
| 105|0x0000000710800000, 0x0000000710800000, 0x0000000710a00000|  0%| F|  |TAMS 0x0000000710800000| PB 0x0000000710800000| Untracked |  0
| 106|0x0000000710a00000, 0x0000000710a00000, 0x0000000710c00000|  0%| F|  |TAMS 0x0000000710a00000| PB 0x0000000710a00000| Untracked |  0
| 107|0x0000000710c00000, 0x0000000710c00000, 0x0000000710e00000|  0%| F|  |TAMS 0x0000000710c00000| PB 0x0000000710c00000| Untracked |  0
| 108|0x0000000710e00000, 0x0000000710e00000, 0x0000000711000000|  0%| F|  |TAMS 0x0000000710e00000| PB 0x0000000710e00000| Untracked |  0
| 109|0x0000000711000000, 0x0000000711000000, 0x0000000711200000|  0%| F|  |TAMS 0x0000000711000000| PB 0x0000000711000000| Untracked |  0
| 110|0x0000000711200000, 0x0000000711200000, 0x0000000711400000|  0%| F|  |TAMS 0x0000000711200000| PB 0x0000000711200000| Untracked |  0
| 111|0x0000000711400000, 0x0000000711400000, 0x0000000711600000|  0%| F|  |TAMS 0x0000000711400000| PB 0x0000000711400000| Untracked |  0
| 112|0x0000000711600000, 0x0000000711600000, 0x0000000711800000|  0%| F|  |TAMS 0x0000000711600000| PB 0x0000000711600000| Untracked |  0
| 113|0x0000000711800000, 0x0000000711800000, 0x0000000711a00000|  0%| F|  |TAMS 0x0000000711800000| PB 0x0000000711800000| Untracked |  0
| 114|0x0000000711a00000, 0x0000000711a00000, 0x0000000711c00000|  0%| F|  |TAMS 0x0000000711a00000| PB 0x0000000711a00000| Untracked |  0
| 115|0x0000000711c00000, 0x0000000711c00000, 0x0000000711e00000|  0%| F|  |TAMS 0x0000000711c00000| PB 0x0000000711c00000| Untracked |  0
| 116|0x0000000711e00000, 0x0000000711e00000, 0x0000000712000000|  0%| F|  |TAMS 0x0000000711e00000| PB 0x0000000711e00000| Untracked |  0
| 117|0x0000000712000000, 0x0000000712000000, 0x0000000712200000|  0%| F|  |TAMS 0x0000000712000000| PB 0x0000000712000000| Untracked |  0
| 118|0x0000000712200000, 0x0000000712200000, 0x0000000712400000|  0%| F|  |TAMS 0x0000000712200000| PB 0x0000000712200000| Untracked |  0
| 119|0x0000000712400000, 0x0000000712400000, 0x0000000712600000|  0%| F|  |TAMS 0x0000000712400000| PB 0x0000000712400000| Untracked |  0
| 120|0x0000000712600000, 0x0000000712800000, 0x0000000712800000|100%| E|  |TAMS 0x0000000712600000| PB 0x0000000712600000| Complete |  0
| 121|0x0000000712800000, 0x0000000712a00000, 0x0000000712a00000|100%| E|CS|TAMS 0x0000000712800000| PB 0x0000000712800000| Complete |  0
| 122|0x0000000712a00000, 0x0000000712c00000, 0x0000000712c00000|100%| E|CS|TAMS 0x0000000712a00000| PB 0x0000000712a00000| Complete |  0
| 123|0x0000000712c00000, 0x0000000712e00000, 0x0000000712e00000|100%| E|CS|TAMS 0x0000000712c00000| PB 0x0000000712c00000| Complete |  0
| 124|0x0000000712e00000, 0x0000000713000000, 0x0000000713000000|100%| E|CS|TAMS 0x0000000712e00000| PB 0x0000000712e00000| Complete |  0
| 125|0x0000000713000000, 0x0000000713200000, 0x0000000713200000|100%| E|CS|TAMS 0x0000000713000000| PB 0x0000000713000000| Complete |  0
| 126|0x0000000713200000, 0x0000000713400000, 0x0000000713400000|100%| E|CS|TAMS 0x0000000713200000| PB 0x0000000713200000| Complete |  0

Card table byte_map: [0x000002aa7eaf0000,0x000002aa7f2e0000] _byte_map_base: 0x000002aa7b2d5000

Marking Bits: (CMBitMap*) 0x000002aa75793fa0
 Bits: [0x000002aa0f000000, 0x000002aa12f28000)

Polling page: 0x000002aa73530000

Metaspace:

Usage:
  Non-class:      8.80 MB used.
      Class:      1.17 MB used.
       Both:      9.97 MB used.

Virtual space:
  Non-class space:       64.00 MB reserved,       8.88 MB ( 14%) committed,  1 nodes.
      Class space:        1.00 GB reserved,       1.25 MB ( <1%) committed,  1 nodes.
             Both:        1.06 GB reserved,      10.12 MB ( <1%) committed. 

Chunk freelists:
   Non-Class:  6.95 MB
       Class:  14.70 MB
        Both:  21.64 MB

MaxMetaspaceSize: unlimited
CompressedClassSpaceSize: 1.00 GB
Initial GC threshold: 21.00 MB
Current GC threshold: 21.00 MB
CDS: on
 - commit_granule_bytes: 65536.
 - commit_granule_words: 8192.
 - virtual_space_node_default_size: 8388608.
 - enlarge_chunks_in_place: 1.
 - use_allocation_guard: 0.


Internal statistics:

num_allocs_failed_limit: 0.
num_arena_births: 160.
num_arena_deaths: 0.
num_vsnodes_births: 2.
num_vsnodes_deaths: 0.
num_space_committed: 162.
num_space_uncommitted: 0.
num_chunks_returned_to_freelist: 0.
num_chunks_taken_from_freelist: 244.
num_chunk_merges: 0.
num_chunk_splits: 149.
num_chunks_enlarged: 85.
num_inconsistent_stats: 0.

CodeHeap 'non-profiled nmethods': size=119168Kb used=345Kb max_used=345Kb free=118822Kb
 bounds [0x000002aa07ba0000, 0x000002aa07e10000, 0x000002aa0f000000]
CodeHeap 'profiled nmethods': size=119104Kb used=2019Kb max_used=2019Kb free=117084Kb
 bounds [0x000002aa00000000, 0x000002aa00270000, 0x000002aa07450000]
CodeHeap 'non-nmethods': size=7488Kb used=3453Kb max_used=3470Kb free=4035Kb
 bounds [0x000002aa07450000, 0x000002aa077c0000, 0x000002aa07ba0000]
 total_blobs=1827 nmethods=1185 adapters=544
 compilation: enabled
              stopped_count=0, restarted_count=0
 full_count=0

Compilation events (20 events):
Event: 0.349 Thread 0x000002aa5bcd3830 nmethod 1174 0x000002aa001f0710 code [0x000002aa001f08a0, 0x000002aa001f0a60]
Event: 0.349 Thread 0x000002aa5bc7c000 nmethod 1176 0x000002aa001f0b10 code [0x000002aa001f0d00, 0x000002aa001f12a8]
Event: 0.349 Thread 0x000002aa5bc7c000 1179       3       java.awt.Component::getTreeLock (4 bytes)
Event: 0.349 Thread 0x000002aa154d7070 nmethod 1178 0x000002aa001f1590 code [0x000002aa001f1780, 0x000002aa001f1c50]
Event: 0.349 Thread 0x000002aa154d7070 1175       3       java.lang.invoke.InvokerBytecodeGenerator::emitStaticInvoke (258 bytes)
Event: 0.349 Thread 0x000002aa5bcd3830 1177       3       java.lang.invoke.InvokerBytecodeGenerator::refKindOpcode (112 bytes)
Event: 0.349 Thread 0x000002aa5bc7c000 nmethod 1179 0x000002aa001f1d90 code [0x000002aa001f1f20, 0x000002aa001f2038]
Event: 0.349 Thread 0x000002aa5bc7c000 1180       3       java.util.ArrayList$Itr::next (66 bytes)
Event: 0.350 Thread 0x000002aa5bcd3830 nmethod 1177 0x000002aa001f2110 code [0x000002aa001f2380, 0x000002aa001f2b98]
Event: 0.350 Thread 0x000002aa5bc7c000 nmethod 1180 0x000002aa001f2e10 code [0x000002aa001f3000, 0x000002aa001f3410]
Event: 0.350 Thread 0x000002aa5bcd3830 1181       3       java.util.ArrayList$Itr::checkForComodification (23 bytes)
Event: 0.350 Thread 0x000002aa5bcd3830 nmethod 1181 0x000002aa001f3610 code [0x000002aa001f37c0, 0x000002aa001f3988]
Event: 0.350 Thread 0x000002aa153c8090 nmethod 1173 0x000002aa001f3a90 code [0x000002aa001f3e40, 0x000002aa001f51c0]
Event: 0.350 Thread 0x000002aa154d7070 nmethod 1175 0x000002aa001f5710 code [0x000002aa001f5a40, 0x000002aa001f6900]
Event: 0.350 Thread 0x000002aa153c8090 1182   !   3       java.awt.Component::firePropertyChange (59 bytes)
Event: 0.350 Thread 0x000002aa5bc7c000 1183       3       java.beans.PropertyChangeSupport::firePropertyChange (35 bytes)
Event: 0.350 Thread 0x000002aa154d7070 1184  s    3       java.beans.ChangeListenerMap::get (25 bytes)
Event: 0.350 Thread 0x000002aa5bcd3830 1185       3       java.beans.PropertyChangeSupport::fire (39 bytes)
Event: 0.350 Thread 0x000002aa154d7070 nmethod 1184 0x000002aa001f6e90 code [0x000002aa001f7040, 0x000002aa001f7418]
Event: 0.350 Thread 0x000002aa5bcd3830 nmethod 1185 0x000002aa001f7510 code [0x000002aa001f76c0, 0x000002aa001f7988]

GC Heap History (0 events):
No events

Dll operation events (11 events):
Event: 0.005 Loaded shared library C:\Program Files\Java\jdk-22\bin\java.dll
Event: 0.030 Loaded shared library C:\Program Files\Java\jdk-22\bin\jsvml.dll
Event: 0.051 Loaded shared library C:\Program Files\Java\jdk-22\bin\net.dll
Event: 0.052 Loaded shared library C:\Program Files\Java\jdk-22\bin\nio.dll
Event: 0.064 Loaded shared library C:\Program Files\Java\jdk-22\bin\zip.dll
Event: 0.076 Loaded shared library C:\Program Files\Java\jdk-22\bin\jimage.dll
Event: 0.084 Loaded shared library C:\Program Files\Java\jdk-22\bin\awt.dll
Event: 0.152 Loaded shared library C:\Program Files\Java\jdk-22\bin\freetype.dll
Event: 0.153 Loaded shared library C:\Program Files\Java\jdk-22\bin\fontmanager.dll
Event: 0.291 Loaded shared library C:\Users\ACER\AppData\Local\Temp\flatlaf.temp\flatlaf-windows-x86_64-1143710993385000.dll
Event: 0.302 Loaded shared library C:\Program Files\Java\jdk-22\bin\verify.dll

Deoptimization events (20 events):
Event: 0.261 Thread 0x000002aa7356c520 Uncommon trap: trap_request=0xffffffde fr.pc=0x000002aa07bdfb4c relative=0x0000000000000bec
Event: 0.261 Thread 0x000002aa7356c520 Uncommon trap: reason=class_check action=maybe_recompile pc=0x000002aa07bdfb4c method=java.util.HashMap.putVal(ILjava/lang/Object;Ljava/lang/Object;ZZ)Ljava/lang/Object; @ 253 c2
Event: 0.261 Thread 0x000002aa7356c520 DEOPT PACKING pc=0x000002aa07bdfb4c sp=0x000000d9a5ffecd0
Event: 0.261 Thread 0x000002aa7356c520 DEOPT UNPACKING pc=0x000002aa074a7da2 sp=0x000000d9a5ffebf0 mode 2
Event: 0.311 Thread 0x000002aa5bfe8cc0 Uncommon trap: trap_request=0xffffffde fr.pc=0x000002aa07be5e74 relative=0x0000000000000314
Event: 0.311 Thread 0x000002aa5bfe8cc0 Uncommon trap: reason=class_check action=maybe_recompile pc=0x000002aa07be5e74 method=java.util.HashMap.getNode(Ljava/lang/Object;)Ljava/util/HashMap$Node; @ 128 c2
Event: 0.311 Thread 0x000002aa5bfe8cc0 DEOPT PACKING pc=0x000002aa07be5e74 sp=0x000000d9a7afde90
Event: 0.311 Thread 0x000002aa5bfe8cc0 DEOPT UNPACKING pc=0x000002aa074a7da2 sp=0x000000d9a7afddf8 mode 2
Event: 0.311 Thread 0x000002aa5bfe8cc0 Uncommon trap: trap_request=0xffffffde fr.pc=0x000002aa07be5e74 relative=0x0000000000000314
Event: 0.311 Thread 0x000002aa5bfe8cc0 Uncommon trap: reason=class_check action=maybe_recompile pc=0x000002aa07be5e74 method=java.util.HashMap.getNode(Ljava/lang/Object;)Ljava/util/HashMap$Node; @ 128 c2
Event: 0.311 Thread 0x000002aa5bfe8cc0 DEOPT PACKING pc=0x000002aa07be5e74 sp=0x000000d9a7afde90
Event: 0.311 Thread 0x000002aa5bfe8cc0 DEOPT UNPACKING pc=0x000002aa074a7da2 sp=0x000000d9a7afddf8 mode 2
Event: 0.311 Thread 0x000002aa5bfe8cc0 Uncommon trap: trap_request=0xffffffde fr.pc=0x000002aa07be5e74 relative=0x0000000000000314
Event: 0.311 Thread 0x000002aa5bfe8cc0 Uncommon trap: reason=class_check action=maybe_recompile pc=0x000002aa07be5e74 method=java.util.HashMap.getNode(Ljava/lang/Object;)Ljava/util/HashMap$Node; @ 128 c2
Event: 0.311 Thread 0x000002aa5bfe8cc0 DEOPT PACKING pc=0x000002aa07be5e74 sp=0x000000d9a7afde90
Event: 0.311 Thread 0x000002aa5bfe8cc0 DEOPT UNPACKING pc=0x000002aa074a7da2 sp=0x000000d9a7afddf8 mode 2
Event: 0.311 Thread 0x000002aa5bfe8cc0 Uncommon trap: trap_request=0xffffffde fr.pc=0x000002aa07be5e74 relative=0x0000000000000314
Event: 0.311 Thread 0x000002aa5bfe8cc0 Uncommon trap: reason=class_check action=maybe_recompile pc=0x000002aa07be5e74 method=java.util.HashMap.getNode(Ljava/lang/Object;)Ljava/util/HashMap$Node; @ 128 c2
Event: 0.311 Thread 0x000002aa5bfe8cc0 DEOPT PACKING pc=0x000002aa07be5e74 sp=0x000000d9a7afde90
Event: 0.311 Thread 0x000002aa5bfe8cc0 DEOPT UNPACKING pc=0x000002aa074a7da2 sp=0x000000d9a7afddf8 mode 2

Classes loaded (20 events):
Event: 0.346 Loading class sun/awt/image/ImageFetcher
Event: 0.346 Loading class sun/awt/image/ImageFetcher done
Event: 0.346 Loading class sun/awt/image/FetcherInfo
Event: 0.346 Loading class sun/awt/image/FetcherInfo done
Event: 0.346 Loading class sun/awt/image/ImageFetcher$1
Event: 0.346 Loading class sun/awt/image/ImageFetcher$1 done
Event: 0.349 Loading class java/awt/event/ContainerEvent
Event: 0.349 Loading class java/awt/event/ContainerEvent done
Event: 0.350 Loading class sun/awt/dnd/SunDropTargetEvent
Event: 0.350 Loading class sun/awt/dnd/SunDropTargetEvent done
Event: 0.350 Loading class java/awt/event/FocusEvent
Event: 0.350 Loading class java/awt/event/FocusEvent done
Event: 0.350 Loading class javax/swing/JViewport$ViewListener
Event: 0.350 Loading class java/awt/event/ComponentAdapter
Event: 0.350 Loading class java/awt/event/ComponentAdapter done
Event: 0.350 Loading class javax/swing/JViewport$ViewListener done
Event: 0.350 Loading class sun/awt/windows/WFramePeer
Event: 0.350 Loading class java/awt/peer/FramePeer
Event: 0.350 Loading class java/awt/peer/WindowPeer
Event: 0.350 Loading class java/awt/peer/ContainerPeer

Classes unloaded (0 events):
No events

Classes redefined (0 events):
No events

Internal exceptions (20 events):
Event: 0.176 Thread 0x000002aa7356c520 Exception <a 'java/lang/ClassNotFoundException'{0x0000000712d50d50}: Tree> (0x0000000712d50d50) 
thrown [s\open\src\hotspot\share\classfile\systemDictionary.cpp, line 313]
Event: 0.176 Thread 0x000002aa7356c520 Exception <a 'java/lang/ClassNotFoundException'{0x0000000712d51248}: Tree> (0x0000000712d51248) 
thrown [s\open\src\hotspot\share\classfile\systemDictionary.cpp, line 313]
Event: 0.176 Thread 0x000002aa7356c520 Exception <a 'java/lang/ClassNotFoundException'{0x0000000712d515b8}: javax/swing/JTreeCell> (0x0000000712d515b8) 
thrown [s\open\src\hotspot\share\classfile\systemDictionary.cpp, line 313]
Event: 0.176 Thread 0x000002aa7356c520 Exception <a 'java/lang/ClassNotFoundException'{0x0000000712d518c0}: TreeCell> (0x0000000712d518c0) 
thrown [s\open\src\hotspot\share\classfile\systemDictionary.cpp, line 313]
Event: 0.176 Thread 0x000002aa7356c520 Exception <a 'java/lang/ClassNotFoundException'{0x0000000712d52068}: RootPane> (0x0000000712d52068) 
thrown [s\open\src\hotspot\share\classfile\systemDictionary.cpp, line 313]
Event: 0.177 Thread 0x000002aa7356c520 Exception <a 'java/lang/ClassNotFoundException'{0x0000000712d54df8}: com/sun/swing/internal/plaf/metal/resources/spi/metalProvider> (0x0000000712d54df8) 
thrown [s\open\src\hotspot\share\classfile\systemDictionary.cpp, line 313]
Event: 0.178 Thread 0x000002aa7356c520 Exception <a 'java/lang/ClassNotFoundException'{0x0000000712d58af8}: com/sun/swing/internal/plaf/basic/resources/spi/basicProvider> (0x0000000712d58af8) 
thrown [s\open\src\hotspot\share\classfile\systemDictionary.cpp, line 313]
Event: 0.189 Thread 0x000002aa7356c520 Exception <a 'java/lang/NoSuchMethodError'{0x0000000712dec3c0}: 'void java.lang.invoke.DirectMethodHandle$Holder.invokeStatic(java.lang.Object, java.lang.Object)'> (0x0000000712dec3c0) 
thrown [s\open\src\hotspot\share\interpreter\linkResolver.cpp, line 774]
Event: 0.196 Thread 0x000002aa7356c520 Exception <a 'java/lang/NoSuchMethodError'{0x0000000712a23ae8}: 'int java.lang.invoke.DirectMethodHandle$Holder.invokeStatic(java.lang.Object)'> (0x0000000712a23ae8) 
thrown [s\open\src\hotspot\share\interpreter\linkResolver.cpp, line 774]
Event: 0.270 Thread 0x000002aa5bfe8cc0 Exception <a 'java/lang/NoSuchMethodError'{0x000000071289fbc8}: 'java.lang.Object java.lang.invoke.Invokers$Holder.invokeExact_MT(java.lang.Object, java.lang.Object, java.lang.Object, java.lang.Object, java.lang.Object, java.lang.Object)'> (0x000000071289fbc8) 
thrown [s\open\src\hotspot\share\interpreter\linkResolver.cpp, line 774]
Event: 0.284 Thread 0x000002aa5bfe8cc0 Exception <a 'java/lang/NoSuchMethodError'{0x00000007129a66d8}: 'int java.lang.invoke.Invokers$Holder.invokeExact_MT(java.lang.Object, java.lang.Object)'> (0x00000007129a66d8) 
thrown [s\open\src\hotspot\share\interpreter\linkResolver.cpp, line 774]
Event: 0.287 Thread 0x000002aa5bfe8cc0 Exception <a 'sun/nio/fs/WindowsException'{0x00000007129c9228}> (0x00000007129c9228) 
thrown [s\open\src\hotspot\share\prims\jni.cpp, line 520]
Event: 0.307 Thread 0x000002aa5bfe8cc0 Exception <a 'java/lang/NoSuchMethodError'{0x0000000712666348}: 'java.lang.Object java.lang.invoke.DirectMethodHandle$Holder.invokeVirtual(java.lang.Object, java.lang.Object, java.lang.Object, java.lang.Object)'> (0x0000000712666348) 
thrown [s\open\src\hotspot\share\interpreter\linkResolver.cpp, line 774]
Event: 0.323 Thread 0x000002aa5bfe8cc0 Exception <a 'java/lang/NoSuchMethodError'{0x00000007126c8530}: 'void java.lang.invoke.DirectMethodHandle$Holder.invokeVirtual(java.lang.Object, java.lang.Object)'> (0x00000007126c8530) 
thrown [s\open\src\hotspot\share\interpreter\linkResolver.cpp, line 774]
Event: 0.325 Thread 0x000002aa5bfe8cc0 Exception <a 'java/lang/NoSuchMethodError'{0x00000007126d80f0}: 'int java.lang.invoke.DirectMethodHandle$Holder.invokeSpecial(java.lang.Object, java.lang.Object, java.lang.Object)'> (0x00000007126d80f0) 
thrown [s\open\src\hotspot\share\interpreter\linkResolver.cpp, line 774]
Event: 0.347 Thread 0x000002aa5bfe8cc0 Exception <a 'java/lang/OutOfMemoryError'{0x000000071274def8}: unable to create native thread: possibly out of memory or process/resource limits reached> (0x000000071274def8) 
thrown [s\open\src\hotspot\share\prims\jvm.cpp, line 3032]
Event: 0.347 Thread 0x000002aa5bfe8cc0 Exception <a 'java/lang/OutOfMemoryError'{0x000000071274e618}: unable to create native thread: possibly out of memory or process/resource limits reached> (0x000000071274e618) 
thrown [s\open\src\hotspot\share\prims\jvm.cpp, line 3032]
Event: 0.347 Thread 0x000002aa5bfe8cc0 Exception <a 'java/lang/OutOfMemoryError'{0x000000071274ed38}: unable to create native thread: possibly out of memory or process/resource limits reached> (0x000000071274ed38) 
thrown [s\open\src\hotspot\share\prims\jvm.cpp, line 3032]
Event: 0.347 Thread 0x000002aa5bfe8cc0 Exception <a 'java/lang/OutOfMemoryError'{0x000000071274f458}: unable to create native thread: possibly out of memory or process/resource limits reached> (0x000000071274f458) 
thrown [s\open\src\hotspot\share\prims\jvm.cpp, line 3032]
Event: 0.348 Thread 0x000002aa5bfe8cc0 Exception <a 'java/lang/NoSuchMethodError'{0x00000007127579a8}: 'java.lang.Object java.lang.invoke.DirectMethodHandle$Holder.newInvokeSpecial(java.lang.Object, java.lang.Object, java.lang.Object, int, int, int, int, int)'> (0x00000007127579a8) 
thrown [s\open\src\hotspot\share\interpreter\linkResolver.cpp, line 774]

ZGC Phase Switch (0 events):
No events

VM Operations (10 events):
Event: 0.055 Executing VM operation: HandshakeAllThreads (Deoptimize)
Event: 0.055 Executing VM operation: HandshakeAllThreads (Deoptimize) done
Event: 0.099 Executing VM operation: HandshakeAllThreads (Deoptimize)
Event: 0.099 Executing VM operation: HandshakeAllThreads (Deoptimize) done
Event: 0.229 Executing VM operation: HandshakeAllThreads (Deoptimize)
Event: 0.229 Executing VM operation: HandshakeAllThreads (Deoptimize) done
Event: 0.269 Executing VM operation: HandshakeAllThreads (Deoptimize)
Event: 0.269 Executing VM operation: HandshakeAllThreads (Deoptimize) done
Event: 0.344 Executing VM operation: ICBufferFull
Event: 0.344 Executing VM operation: ICBufferFull done

Events (20 events):
Event: 0.028 Thread 0x000002aa7f805800 Thread added: 0x000002aa7f805800
Event: 0.028 Thread 0x000002aa7f807360 Thread added: 0x000002aa7f807360
Event: 0.028 Thread 0x000002aa7f807eb0 Thread added: 0x000002aa7f807eb0
Event: 0.028 Thread 0x000002aa7f80b900 Thread added: 0x000002aa7f80b900
Event: 0.028 Thread 0x000002aa153c8090 Thread added: 0x000002aa153c8090
Event: 0.045 Thread 0x000002aa7f7cfd90 Thread added: 0x000002aa7f7cfd90
Event: 0.049 Thread 0x000002aa154d7070 Thread added: 0x000002aa154d7070
Event: 0.061 Thread 0x000002aa155a21b0 Thread added: 0x000002aa155a21b0
Event: 0.063 Thread 0x000002aa155b3c90 Thread added: 0x000002aa155b3c90
Event: 0.113 Thread 0x000002aa1576f5d0 Thread added: 0x000002aa1576f5d0
Event: 0.114 Thread 0x000002aa15772a20 Thread added: 0x000002aa15772a20
Event: 0.114 Thread 0x000002aa15773cb0 Thread added: 0x000002aa15773cb0
Event: 0.209 Thread 0x000002aa157bd330 Thread added: 0x000002aa157bd330
Event: 0.217 Thread 0x000002aa1578b370 Thread added: 0x000002aa1578b370
Event: 0.217 Thread 0x000002aa5bcd3830 Thread added: 0x000002aa5bcd3830
Event: 0.256 Thread 0x000002aa5bc7c000 Thread added: 0x000002aa5bc7c000
Event: 0.262 Thread 0x000002aa5bfe8cc0 Thread added: 0x000002aa5bfe8cc0
Event: 0.262 Thread 0x000002aa7356c520 Thread exited: 0x000002aa7356c520
Event: 0.262 Thread 0x000002aa7356c520 Thread added: 0x000002aa7356c520
Event: 0.342 Thread 0x000002aa5bc5c490 Thread added: 0x000002aa5bc5c490


Dynamic libraries:
0x00007ff676f80000 - 0x00007ff676f90000 	C:\Program Files\Java\jdk-22\bin\java.exe
0x00007ff902a90000 - 0x00007ff902ca7000 	C:\WINDOWS\SYSTEM32\ntdll.dll
0x00007ff9011b0000 - 0x00007ff901274000 	C:\WINDOWS\System32\KERNEL32.DLL
0x00007ff8fff30000 - 0x00007ff9002d7000 	C:\WINDOWS\System32\KERNELBASE.dll
0x00007ff9002e0000 - 0x00007ff9003f1000 	C:\WINDOWS\System32\ucrtbase.dll
0x00007ff859930000 - 0x00007ff85994b000 	C:\Program Files\Java\jdk-22\bin\VCRUNTIME140.dll
0x00007ff8f6420000 - 0x00007ff8f6437000 	C:\Program Files\Java\jdk-22\bin\jli.dll
0x00007ff900940000 - 0x00007ff9009f2000 	C:\WINDOWS\System32\ADVAPI32.dll
0x00007ff900a30000 - 0x00007ff900ad7000 	C:\WINDOWS\System32\msvcrt.dll
0x00007ff902450000 - 0x00007ff9024f8000 	C:\WINDOWS\System32\sechost.dll
0x00007ff8fff00000 - 0x00007ff8fff28000 	C:\WINDOWS\System32\bcrypt.dll
0x00007ff902930000 - 0x00007ff902a45000 	C:\WINDOWS\System32\RPCRT4.dll
0x00007ff9013f0000 - 0x00007ff90159e000 	C:\WINDOWS\System32\USER32.dll
0x00007ff8ffed0000 - 0x00007ff8ffef6000 	C:\WINDOWS\System32\win32u.dll
0x00007ff900a00000 - 0x00007ff900a29000 	C:\WINDOWS\System32\GDI32.dll
0x00007ff8d2cf0000 - 0x00007ff8d2f83000 	C:\WINDOWS\WinSxS\amd64_microsoft.windows.common-controls_6595b64144ccf1df_6.0.22621.3527_none_270e469b73872a76\COMCTL32.dll
0x00007ff9006a0000 - 0x00007ff9007b9000 	C:\WINDOWS\System32\gdi32full.dll
0x00007ff8ffe30000 - 0x00007ff8ffeca000 	C:\WINDOWS\System32\msvcp_win.dll
0x00007ff8f47c0000 - 0x00007ff8f47ca000 	C:\WINDOWS\SYSTEM32\VERSION.dll
0x00007ff902500000 - 0x00007ff902531000 	C:\WINDOWS\System32\IMM32.DLL
0x00007ff8b5170000 - 0x00007ff8b517c000 	C:\Program Files\Java\jdk-22\bin\vcruntime140_1.dll
0x00007ff859590000 - 0x00007ff85961e000 	C:\Program Files\Java\jdk-22\bin\msvcp140.dll
0x00007ff859950000 - 0x00007ff85a698000 	C:\Program Files\Java\jdk-22\bin\server\jvm.dll
0x00007ff900cb0000 - 0x00007ff900d21000 	C:\WINDOWS\System32\WS2_32.dll
0x00007ff8febf0000 - 0x00007ff8fec3d000 	C:\WINDOWS\SYSTEM32\POWRPROF.dll
0x00007ff8f61d0000 - 0x00007ff8f6204000 	C:\WINDOWS\SYSTEM32\WINMM.dll
0x00007ff8febd0000 - 0x00007ff8febe3000 	C:\WINDOWS\SYSTEM32\UMPDC.dll
0x00007ff8fee80000 - 0x00007ff8fee98000 	C:\WINDOWS\SYSTEM32\kernel.appcore.dll
0x00007ff8b4070000 - 0x00007ff8b407a000 	C:\Program Files\Java\jdk-22\bin\jimage.dll
0x00007ff8fd6a0000 - 0x00007ff8fd8d2000 	C:\WINDOWS\SYSTEM32\DBGHELP.DLL
0x00007ff902540000 - 0x00007ff9028c8000 	C:\WINDOWS\System32\combase.dll
0x00007ff902360000 - 0x00007ff902437000 	C:\WINDOWS\System32\OLEAUT32.dll
0x00007ff8d11b0000 - 0x00007ff8d11e2000 	C:\WINDOWS\SYSTEM32\dbgcore.DLL
0x00007ff8ffdb0000 - 0x00007ff8ffe29000 	C:\WINDOWS\System32\bcryptPrimitives.dll
0x00007ff8598d0000 - 0x00007ff8598ee000 	C:\Program Files\Java\jdk-22\bin\java.dll
0x00007ff9017f0000 - 0x00007ff90204c000 	C:\WINDOWS\System32\SHELL32.dll
0x00007ff9021b0000 - 0x00007ff902355000 	C:\WINDOWS\System32\ole32.dll
0x00007ff8fdcb0000 - 0x00007ff8fe5a6000 	C:\WINDOWS\SYSTEM32\windows.storage.dll
0x00007ff8fdb70000 - 0x00007ff8fdcae000 	C:\WINDOWS\SYSTEM32\wintypes.dll
0x00007ff900ae0000 - 0x00007ff900bd5000 	C:\WINDOWS\System32\SHCORE.dll
0x00007ff900be0000 - 0x00007ff900c3e000 	C:\WINDOWS\System32\shlwapi.dll
0x00007ff8ffce0000 - 0x00007ff8ffd01000 	C:\WINDOWS\SYSTEM32\profapi.dll
0x00007ff8597f0000 - 0x00007ff8598c7000 	C:\Program Files\Java\jdk-22\bin\jsvml.dll
0x00007ff8b2960000 - 0x00007ff8b2970000 	C:\Program Files\Java\jdk-22\bin\net.dll
0x00007ff8ff2f0000 - 0x00007ff8ff359000 	C:\WINDOWS\system32\mswsock.dll
0x00007ff8597d0000 - 0x00007ff8597e6000 	C:\Program Files\Java\jdk-22\bin\nio.dll
0x00007ff8597b0000 - 0x00007ff8597c7000 	C:\Program Files\Java\jdk-22\bin\zip.dll
0x00007ff859620000 - 0x00007ff8597ae000 	C:\Program Files\Java\jdk-22\bin\awt.dll
0x00007ff8fa510000 - 0x00007ff8fa5a7000 	C:\WINDOWS\SYSTEM32\apphelp.dll
0x00007ff8fa5d0000 - 0x00007ff8fa67b000 	C:\WINDOWS\system32\uxtheme.dll
0x00007ff902050000 - 0x00007ff9021a3000 	C:\WINDOWS\System32\MSCTF.dll
0x00007ff8fa7d0000 - 0x00007ff8fa7fb000 	C:\WINDOWS\system32\DWMAPI.DLL
0x00007ff8563b0000 - 0x00007ff856437000 	C:\Program Files\Java\jdk-22\bin\freetype.dll
0x00007ff8562d0000 - 0x00007ff8563a7000 	C:\Program Files\Java\jdk-22\bin\fontmanager.dll
0x00007ff8c1040000 - 0x00007ff8c1140000 	C:\WINDOWS\system32\opengl32.dll
0x00007ff8c0fc0000 - 0x00007ff8c0fed000 	C:\WINDOWS\SYSTEM32\GLU32.dll
0x00007ff8fcf00000 - 0x00007ff8fcf39000 	C:\WINDOWS\SYSTEM32\dxcore.dll
0x00007ff8f73f0000 - 0x00007ff8f73f6000 	C:\Users\ACER\AppData\Local\Temp\flatlaf.temp\flatlaf-windows-x86_64-1143710993385000.dll
0x00007ff8ae400000 - 0x00007ff8ae410000 	C:\Program Files\Java\jdk-22\bin\verify.dll

dbghelp: loaded successfully - version: 4.0.5 - missing functions: none
symbol engine: initialized successfully - sym options: 0x614 - pdb path: .;C:\Program Files\Java\jdk-22\bin;C:\WINDOWS\SYSTEM32;C:\WINDOWS\WinSxS\amd64_microsoft.windows.common-controls_6595b64144ccf1df_6.0.22621.3527_none_270e469b73872a76;C:\Program Files\Java\jdk-22\bin\server;C:\Users\ACER\AppData\Local\Temp\flatlaf.temp

VM Arguments:
jvm_args: -Dfile.encoding=UTF-8 --module-path=E:\IE003\UITravel\build\classes 
java_command: uitravel.AdminMain
java_class_path (initial): E:\IE003\UITravel\TimingFramework-0.55.jar;E:\IE003\UITravel\library\TimingFramework-0.55.jar;E:\IE003\UITravel\library\datechooser-swing-1.4.1.jar;E:\IE003\UITravel\library\flatlaf-3.4.1.jar;E:\IE003\UITravel\library\flatlaf-extras-3.4.1.jar;E:\IE003\UITravel\library\jsvg-1.4.0.jar;E:\IE003\UITravel\library\miglayout-4.0.jar;E:\IE003\UITravel\library\miglayout-core.jar;E:\IE003\UITravel\library\miglayout-swing.jar;E:\IE003\UITravel\library\svgSalamander-1.1.4.jar;E:\IE003\UITravel\library\swing-datetime-picker-1.2.0.jar;E:\IE003\UITravel\library\adyen-java-api-library-25.1.0.jar;C:\Program Files\NetBeans-21\netbeans\java\modules\ext\AbsoluteLayout.jar;E:\IE003\UITravel\build\classes
Launcher Type: SUN_STANDARD

[Global flags]
     intx CICompilerCount                          = 12                                        {product} {ergonomic}
     uint ConcGCThreads                            = 3                                         {product} {ergonomic}
     uint G1ConcRefinementThreads                  = 13                                        {product} {ergonomic}
   size_t G1HeapRegionSize                         = 2097152                                   {product} {ergonomic}
   size_t InitialHeapSize                          = 266338304                                 {product} {ergonomic}
   size_t MarkStackSize                            = 4194304                                   {product} {ergonomic}
   size_t MaxHeapSize                              = 4238344192                                {product} {ergonomic}
   size_t MaxNewSize                               = 2541748224                                {product} {ergonomic}
   size_t MinHeapDeltaBytes                        = 2097152                                   {product} {ergonomic}
   size_t MinHeapSize                              = 8388608                                   {product} {ergonomic}
    uintx NonNMethodCodeHeapSize                   = 7602480                                {pd product} {ergonomic}
    uintx NonProfiledCodeHeapSize                  = 122027880                              {pd product} {ergonomic}
    uintx ProfiledCodeHeapSize                     = 122027880                              {pd product} {ergonomic}
    uintx ReservedCodeCacheSize                    = 251658240                              {pd product} {ergonomic}
     bool SegmentedCodeCache                       = true                                      {product} {ergonomic}
   size_t SoftMaxHeapSize                          = 4238344192                             {manageable} {ergonomic}
     bool UseCompressedOops                        = true                           {product lp64_product} {ergonomic}
     bool UseG1GC                                  = true                                      {product} {ergonomic}
     bool UseLargePagesIndividualAllocation        = false                                  {pd product} {ergonomic}

Logging:
Log output configuration:
 #0: stdout all=warning uptime,level,tags foldmultilines=false
 #1: stderr all=off uptime,level,tags foldmultilines=false

Environment Variables:
JAVA_HOME=C:\Program Files\Java\jdk-22
PATH=C:\Program Files\Eclipse Adoptium\jdk-21.0.3.9-hotspot\bin;C:\Program Files\Common Files\Oracle\Java\javapath;C:\Program Files (x86)\Common Files\Oracle\Java\javapath;C:\Program Files\Eclipse Adoptium\jdk-21.0.2.13-hotspot\bin;C:\Program Files (x86)\Common Files\Intel\Shared Libraries\redist\intel64\compiler;C:\Program Files (x86)\Common Files\Intel\Shared Libraries\redist\ia32\compiler;C:\Windows\system32;C:\Windows;C:\Windows\System32\Wbem;C:\Windows\System32\WindowsPowerShell\v1.0\;C:\Windows\System32\OpenSSH\;C:\Program Files (x86)\NVIDIA Corporation\PhysX\Common;C:\Program Files\NVIDIA Corporation\NVIDIA NvDLISR;C:\Program Files (x86)\mingw-w64\i686-8.1.0-posix-dwarf-rt_v6-rev0\mingw32\bin;C:\WINDOWS\system32;C:\WINDOWS;C:\WINDOWS\System32\Wbem;C:\WINDOWS\System32\WindowsPowerShell\v1.0\;C:\WINDOWS\System32\OpenSSH\;C:\Program Files\Microsoft SQL Server\Client SDK\ODBC\170\Tools\Binn\;C:\Program Files (x86)\Microsoft SQL Server\150\Tools\Binn\;C:\Program Files\Microsoft SQL Server\150\Tools\Binn\;C:\Program Files\Microsoft SQL Server\150\DTS\Binn\;C:\Program Files (x86)\Microsoft SQL Server\150\DTS\Binn\;C:\Program Files\CMake\bin;C:\Program Files\Docker\Docker\resources\bin;C:\Program Files\dotnet\;C:\Program Files\nodejs\;C:\Program Files\Git\cmd;C:\Program Files\Cloudflare\Cloudflare WARP\;C:\Users\ACER\AppData\Local\Programs\Python\Python310\Scripts\;C:\Users\ACER\AppData\Local\Programs\Python\Python310\;C:\Users\ACER\AppData\Local\Microsoft\WindowsApps;C:\Users\ACER\AppData\Local\Programs\Microsoft VS Code\bin;C:\Program Files\Azure Data Studio\bin;C:\Users\ACER\AppData\Local\GitHubDesktop\bin;E:\Barebone\Compiler\win_flex_bison-2.5.4;C:\Users\ACER\AppData\Roaming\Microsoft\Windows\Start Menu\Programs\Python 3.10;C:\Users\ACER\.dotnet\tools;C:\Users\ACER\AppData\Roaming\npm;C:\Program Files (x86)\GnuWin32\bin;E:\nlp;E:\nlp\access;C:\Users\ACER\AppData\Local\Android\Sdk\emulator;C:\Users\ACER\AppData\Local\Android\android-sdk;C:\Users\ACER\AppData\Local\Android\Sdk\platform-tools;C:\Users\ACER\AppData\Local\Android\Sdk;C:\Users\ACER\AppData\Local\Android\android-sdk;C:\Program Files\Java\jdk-22\bin;C:\Program Files\Java\jre-1.8\bin;
USERNAME=ACER
OS=Windows_NT
PROCESSOR_IDENTIFIER=Intel64 Family 6 Model 141 Stepping 1, GenuineIntel
TMP=C:\Users\ACER\AppData\Local\Temp
TEMP=C:\Users\ACER\AppData\Local\Temp




Periodic native trim disabled

---------------  S Y S T E M  ---------------

OS:
 Windows 11 , 64 bit Build 22621 (10.0.22621.3527)
OS uptime: 1 days 7:46 hours
Hyper-V role detected

CPU: total 16 (initial active 16) (8 cores per cpu, 2 threads per core) family 6 model 141 stepping 1 microcode 0x3c, cx8, cmov, fxsr, ht, mmx, 3dnowpref, sse, sse2, sse3, ssse3, sse4.1, sse4.2, popcnt, lzcnt, tsc, tscinvbit, avx, avx2, aes, erms, clmul, bmi1, bmi2, adx, avx512f, avx512dq, avx512cd, avx512bw, avx512vl, sha, fma, vzeroupper, avx512_vpopcntdq, avx512_vpclmulqdq, avx512_vaes, avx512_vnni, clflush, clflushopt, clwb, avx512_vbmi2, avx512_vbmi, hv, rdtscp, rdpid, fsrm, gfni, avx512_bitalg, f16c, cet_ibt, cet_ss, avx512_ifma
Processor Information for all 16 processors :
  Max Mhz: 2304, Current Mhz: 2304, Mhz Limit: 2304

Memory: 4k page, system-wide physical 16163M (4705M free)
TotalPageFile size 18211M (AvailPageFile size 5M)
current process WorkingSet (physical memory assigned to process): 75M, peak: 75M
current process commit charge ("private bytes"): 373M, peak: 373M

vm_info: Java HotSpot(TM) 64-Bit Server VM (22+36-2370) for windows-amd64 JRE (22+36-2370), built on 2024-02-15T22:15:19Z by "mach5one" with MS VC++ 17.6 (VS2022)

END.
