#
# There is insufficient memory for the Java Runtime Environment to continue.
# Native memory allocation (malloc) failed to allocate 425936 bytes. Error detail: Chunk::new
# Possible reasons:
#   The system is out of physical RAM or swap space
#   This process is running with CompressedOops enabled, and the Java Heap may be blocking the growth of the native heap
# Possible solutions:
#   Reduce memory load on the system
#   Increase physical memory or swap space
#   Check if swap backing store is full
#   Decrease Java heap size (-Xmx/-Xms)
#   Decrease number of Java threads
#   Decrease Java thread stack sizes (-Xss)
#   Set larger code cache with -XX:ReservedCodeCacheSize=
#   JVM is running with Zero Based Compressed Oops mode in which the Java heap is
#     placed in the first 32GB address space. The Java Heap base address is the
#     maximum limit for the native heap growth. Please use -XX:HeapBaseMinAddress
#     to set the Java Heap base and to place the Java Heap above 32GB virtual address.
# This output file may be truncated or incomplete.
#
#  Out of Memory Error (arena.cpp:150), pid=16000, tid=13812
#
# JRE version: Java(TM) SE Runtime Environment (22.0+36) (build 22+36-2370)
# Java VM: Java HotSpot(TM) 64-Bit Server VM (22+36-2370, mixed mode, sharing, tiered, compressed oops, compressed class ptrs, g1 gc, windows-amd64)
# No core dump will be written. Minidumps are not enabled by default on client versions of Windows
#

---------------  S U M M A R Y ------------

Command Line: -Dfile.encoding=UTF-8 --module-path=E:\IE003\UITravel\build\classes uitravel.UserSearch

Host: 11th Gen Intel(R) Core(TM) i7-11800H @ 2.30GHz, 16 cores, 15G,  Windows 11 , 64 bit Build 22621 (10.0.22621.3527)
Time: Fri May 31 15:30:54 2024 SE Asia Standard Time elapsed time: 1.663671 seconds (0d 0h 0m 1s)

---------------  T H R E A D  ---------------

Current thread (0x000001a2f445e320):  JavaThread "C2 CompilerThread7" daemon [_thread_in_native, id=13812, stack(0x000000242be00000,0x000000242bf00000) (1024K)]


Current CompileTask:
C2:1663 3407       4       javax.swing.GroupLayout$Group::calculateAutopadding (78 bytes)

Stack: [0x000000242be00000,0x000000242bf00000]
Native frames: (J=compiled Java code, j=interpreted, Vv=VM code, C=native code)
V  [jvm.dll+0x6e2349]  (no source info available)
V  [jvm.dll+0x874ed3]  (no source info available)
V  [jvm.dll+0x8772fe]  (no source info available)
V  [jvm.dll+0x8779d3]  (no source info available)
V  [jvm.dll+0x27fcb6]  (no source info available)
V  [jvm.dll+0xc3d0f]  (no source info available)
V  [jvm.dll+0xc3f6b]  (no source info available)
V  [jvm.dll+0x2f3b6f]  (no source info available)
V  [jvm.dll+0x60bd8a]  (no source info available)
V  [jvm.dll+0x2499d6]  (no source info available)
V  [jvm.dll+0x246eb6]  (no source info available)
V  [jvm.dll+0x1c4e90]  (no source info available)
V  [jvm.dll+0x25699e]  (no source info available)
V  [jvm.dll+0x254c5a]  (no source info available)
V  [jvm.dll+0x3f5426]  (no source info available)
V  [jvm.dll+0x81d50b]  (no source info available)
V  [jvm.dll+0x6e09e5]  (no source info available)
C  [ucrtbase.dll+0x29333]  (no source info available)
C  [KERNEL32.DLL+0x1257d]  (no source info available)
C  [ntdll.dll+0x5aa48]  (no source info available)


---------------  P R O C E S S  ---------------

Threads class SMR info:
_java_thread_list=0x000001a2f4d54c20, length=27, elements={
0x000001a2ad3a7190, 0x000001a2ad3a81a0, 0x000001a2ad3aa060, 0x000001a2ad3accc0,
0x000001a2ad3ada70, 0x000001a2ad3ae950, 0x000001a2ad3b7b20, 0x000001a2ad3b9e80,
0x000001a2ad378c20, 0x000001a2ad5dd660, 0x000001a2ad5ded30, 0x000001a2ad61c750,
0x000001a2ad6ecf00, 0x000001a2ad81fad0, 0x000001a2ad821170, 0x000001a2ad821bf0,
0x000001a2f31c2ca0, 0x000001a2f37fe650, 0x000001a2f34ed4b0, 0x000001a28d84f650,
0x000001a2f322b830, 0x000001a2f434aac0, 0x000001a2f3530d80, 0x000001a2f3531440,
0x000001a2f45190b0, 0x000001a2f4519980, 0x000001a2f445e320
}

Java Threads: ( => current thread )
  0x000001a2ad3a7190 JavaThread "Reference Handler"          daemon [_thread_blocked, id=21652, stack(0x0000002429600000,0x0000002429700000) (1024K)]
  0x000001a2ad3a81a0 JavaThread "Finalizer"                  daemon [_thread_blocked, id=6276, stack(0x0000002429700000,0x0000002429800000) (1024K)]
  0x000001a2ad3aa060 JavaThread "Signal Dispatcher"          daemon [_thread_blocked, id=18948, stack(0x0000002429800000,0x0000002429900000) (1024K)]
  0x000001a2ad3accc0 JavaThread "Attach Listener"            daemon [_thread_blocked, id=23984, stack(0x0000002429900000,0x0000002429a00000) (1024K)]
  0x000001a2ad3ada70 JavaThread "Service Thread"             daemon [_thread_blocked, id=20208, stack(0x0000002429a00000,0x0000002429b00000) (1024K)]
  0x000001a2ad3ae950 JavaThread "Monitor Deflation Thread"   daemon [_thread_blocked, id=6232, stack(0x0000002429b00000,0x0000002429c00000) (1024K)]
  0x000001a2ad3b7b20 JavaThread "C2 CompilerThread0"         daemon [_thread_in_native, id=13364, stack(0x0000002429c00000,0x0000002429d00000) (1024K)]
  0x000001a2ad3b9e80 JavaThread "C1 CompilerThread0"         daemon [_thread_in_native, id=13476, stack(0x0000002429d00000,0x0000002429e00000) (1024K)]
  0x000001a2ad378c20 JavaThread "Common-Cleaner"             daemon [_thread_blocked, id=12608, stack(0x0000002429e00000,0x0000002429f00000) (1024K)]
  0x000001a2ad5dd660 JavaThread "C1 CompilerThread1"         daemon [_thread_in_native, id=7136, stack(0x0000002429f00000,0x000000242a000000) (1024K)]
  0x000001a2ad5ded30 JavaThread "C1 CompilerThread2"         daemon [_thread_in_native, id=7800, stack(0x000000242a000000,0x000000242a100000) (1024K)]
  0x000001a2ad61c750 JavaThread "C2 CompilerThread1"         daemon [_thread_in_native, id=13300, stack(0x000000242a100000,0x000000242a200000) (1024K)]
  0x000001a2ad6ecf00 JavaThread "Notification Thread"        daemon [_thread_blocked, id=5712, stack(0x000000242a200000,0x000000242a300000) (1024K)]
  0x000001a2ad81fad0 JavaThread "Java2D Disposer"            daemon [_thread_blocked, id=16028, stack(0x000000242a300000,0x000000242a400000) (1024K)]
  0x000001a2ad821170 JavaThread "AWT-Shutdown"                      [_thread_blocked, id=20264, stack(0x000000242a400000,0x000000242a500000) (1024K)]
  0x000001a2ad821bf0 JavaThread "AWT-Windows"                daemon [_thread_in_native, id=20708, stack(0x000000242a500000,0x000000242a600000) (1024K)]
  0x000001a2f31c2ca0 JavaThread "C2 CompilerThread2"         daemon [_thread_in_native, id=20212, stack(0x000000242a600000,0x000000242a700000) (1024K)]
  0x000001a2f37fe650 JavaThread "C1 CompilerThread3"         daemon [_thread_in_native, id=24032, stack(0x000000242a800000,0x000000242a900000) (1024K)]
  0x000001a2f34ed4b0 JavaThread "AWT-EventQueue-0"                  [_thread_in_Java, id=23260, stack(0x000000242a900000,0x000000242aa00000) (1024K)]
  0x000001a28d84f650 JavaThread "DestroyJavaVM"                     [_thread_blocked, id=12292, stack(0x0000002428e00000,0x0000002428f00000) (1024K)]
  0x000001a2f322b830 JavaThread "TimerQueue"                 daemon [_thread_blocked, id=12488, stack(0x000000242aa00000,0x000000242ab00000) (1024K)]
  0x000001a2f434aac0 JavaThread "Image Fetcher 0"            daemon [_thread_blocked, id=15724, stack(0x000000242ab00000,0x000000242ac00000) (1024K)]
  0x000001a2f3530d80 JavaThread "C2 CompilerThread3"         daemon [_thread_in_vm, id=23288, stack(0x000000242ba00000,0x000000242bb00000) (1024K)]
  0x000001a2f3531440 JavaThread "C2 CompilerThread4"         daemon [_thread_in_native, id=21828, stack(0x000000242bb00000,0x000000242bc00000) (1024K)]
  0x000001a2f45190b0 JavaThread "C2 CompilerThread5"         daemon [_thread_in_native, id=24112, stack(0x000000242bc00000,0x000000242bd00000) (1024K)]
  0x000001a2f4519980 JavaThread "C2 CompilerThread6"         daemon [_thread_in_native, id=21016, stack(0x000000242bd00000,0x000000242be00000) (1024K)]
=>0x000001a2f445e320 JavaThread "C2 CompilerThread7"         daemon [_thread_in_native, id=13812, stack(0x000000242be00000,0x000000242bf00000) (1024K)]
Total: 27

Other Threads:
  0x000001a2ad3949e0 VMThread "VM Thread"                           [id=24428, stack(0x0000002429500000,0x0000002429600000) (1024K)]
  0x000001a2ad377fd0 WatcherThread "VM Periodic Task Thread"        [id=15268, stack(0x0000002429400000,0x0000002429500000) (1024K)]
  0x000001a28d8b3f90 WorkerThread "GC Thread#0"                     [id=3512, stack(0x0000002428f00000,0x0000002429000000) (1024K)]
  0x000001a2f43481f0 WorkerThread "GC Thread#1"                     [id=14956, stack(0x000000242ac00000,0x000000242ad00000) (1024K)]
  0x000001a2f43485a0 WorkerThread "GC Thread#2"                     [id=9640, stack(0x000000242ad00000,0x000000242ae00000) (1024K)]
  0x000001a2f4348950 WorkerThread "GC Thread#3"                     [id=13128, stack(0x000000242ae00000,0x000000242af00000) (1024K)]
  0x000001a2f43490b0 WorkerThread "GC Thread#4"                     [id=19244, stack(0x000000242af00000,0x000000242b000000) (1024K)]
  0x000001a2f4348d00 WorkerThread "GC Thread#5"                     [id=10764, stack(0x000000242b000000,0x000000242b100000) (1024K)]
  0x000001a2f43476e0 WorkerThread "GC Thread#6"                     [id=948, stack(0x000000242b100000,0x000000242b200000) (1024K)]
  0x000001a2f4347a90 WorkerThread "GC Thread#7"                     [id=7412, stack(0x000000242b200000,0x000000242b300000) (1024K)]
  0x000001a2f4347e40 WorkerThread "GC Thread#8"                     [id=22336, stack(0x000000242b300000,0x000000242b400000) (1024K)]
  0x000001a2f4bbd370 WorkerThread "GC Thread#9"                     [id=20448, stack(0x000000242b400000,0x000000242b500000) (1024K)]
  0x000001a2f4bbd720 WorkerThread "GC Thread#10"                    [id=23184, stack(0x000000242b500000,0x000000242b600000) (1024K)]
  0x000001a2f4bbe990 WorkerThread "GC Thread#11"                    [id=23744, stack(0x000000242b600000,0x000000242b700000) (1024K)]
  0x000001a2f4bbdad0 WorkerThread "GC Thread#12"                    [id=23216, stack(0x000000242b700000,0x000000242b800000) (1024K)]
  0x000001a28d8c59d0 ConcurrentGCThread "G1 Main Marker"            [id=2848, stack(0x0000002429000000,0x0000002429100000) (1024K)]
  0x000001a28d8c64e0 WorkerThread "G1 Conc#0"                       [id=4444, stack(0x0000002429100000,0x0000002429200000) (1024K)]
  0x000001a2ad24b8a0 ConcurrentGCThread "G1 Refine#0"               [id=14876, stack(0x0000002429200000,0x0000002429300000) (1024K)]
  0x000001a2ad24c230 ConcurrentGCThread "G1 Service"                [id=6016, stack(0x0000002429300000,0x0000002429400000) (1024K)]
Total: 19

Threads with active compile tasks:
C2 CompilerThread0  1716 3401 %     4       sun.java2d.marlin.Renderer::_endRendering @ 272 (2646 bytes)
C1 CompilerThread0  1716 3543       3       java.awt.Component::isShowing (38 bytes)
C1 CompilerThread1  1716 3530       3       java.awt.Component::getCursor_NoClientCode (30 bytes)
C1 CompilerThread2  1716 3555   !   3       javax.swing.BoxLayout::layoutContainer (398 bytes)
C2 CompilerThread1  1716 3495   !   4       java.awt.Container::preferredSize (88 bytes)
C2 CompilerThread2  1716 3520       4       com.formdev.flatlaf.ui.FlatLabelUI::layoutCL (38 bytes)
C1 CompilerThread3  1716 3531       3       javax.swing.text.View::getMinimumSpan (18 bytes)
C2 CompilerThread3  1716 3508       4       net.miginfocom.layout.Grid$CompWrap::getSize (179 bytes)
C2 CompilerThread4  1716 3513       4       javax.swing.GroupLayout$AutoPreferredGapSpring::calculatePadding (165 bytes)
C2 CompilerThread5  1716 3504       4       java.util.TreeMap::put (221 bytes)
C2 CompilerThread6  1716 3421       4       javax.swing.JComponent::getPreferredSize (43 bytes)
C2 CompilerThread7  1716 3407       4       javax.swing.GroupLayout$Group::calculateAutopadding (78 bytes)
Total: 12

VM state: not at safepoint (normal execution)

VM Mutex/Monitor currently owned by a thread: None

Heap address: 0x0000000703600000, size: 4042 MB, Compressed Oops mode: Zero based, Oop shift amount: 3

CDS archive(s) mapped at: [0x000001a2ae000000-0x000001a2aec60000-0x000001a2aec60000), size 12976128, SharedBaseAddress: 0x000001a2ae000000, ArchiveRelocationMode: 1.
Compressed class space mapped at: 0x000001a2af000000-0x000001a2ef000000, reserved size: 1073741824
Narrow klass base: 0x000001a2ae000000, Narrow klass shift: 0, Narrow klass range: 0x41000000

GC Precious Log:
 CardTable entry size: 512
 Card Set container configuration: InlinePtr #cards 4 size 8 Array Of Cards #cards 16 size 48 Howl #buckets 8 coarsen threshold 3686 Howl Bitmap #cards 512 size 80 coarsen threshold 460 Card regions per heap region 1 cards per card region 4096
 CPUs: 16 total, 16 available
 Memory: 16163M
 Large Page Support: Disabled
 NUMA Support: Disabled
 Compressed Oops: Enabled (Zero based)
 Heap Region Size: 2M
 Heap Min Capacity: 8M
 Heap Initial Capacity: 254M
 Heap Max Capacity: 4042M
 Pre-touch: Disabled
 Parallel Workers: 13
 Concurrent Workers: 3
 Concurrent Refinement Workers: 13
 Periodic GC: Disabled

Heap:
 garbage-first heap   total reserved 4139008K, committed 260096K, used 47544K [0x0000000703600000, 0x0000000800000000)
  region size 2048K, 8 young (16384K), 2 survivors (4096K)
 Metaspace       used 16954K, committed 17216K, reserved 1114112K
  class space    used 1931K, committed 2048K, reserved 1048576K

Heap Regions: E=young(eden), S=young(survivor), O=old, HS=humongous(starts), HC=humongous(continues), CS=collection set, F=free, TAMS=top-at-mark-start, PB=parsable bottom
|   0|0x0000000703600000, 0x0000000703800000, 0x0000000703800000|100%|HS|  |TAMS 0x0000000703600000| PB 0x0000000703600000| Complete |  0
|   1|0x0000000703800000, 0x0000000703a00000, 0x0000000703a00000|100%|HC|  |TAMS 0x0000000703800000| PB 0x0000000703800000| Complete |  0
|   2|0x0000000703a00000, 0x0000000703c00000, 0x0000000703c00000|100%| O|  |TAMS 0x0000000703a00000| PB 0x0000000703a00000| Untracked |  0
|   3|0x0000000703c00000, 0x0000000703e00000, 0x0000000703e00000|100%|HS|  |TAMS 0x0000000703c00000| PB 0x0000000703c00000| Complete |  0
|   4|0x0000000703e00000, 0x0000000704000000, 0x0000000704000000|100%|HC|  |TAMS 0x0000000703e00000| PB 0x0000000703e00000| Complete |  0
|   5|0x0000000704000000, 0x0000000704200000, 0x0000000704200000|100%|HC|  |TAMS 0x0000000704000000| PB 0x0000000704000000| Complete |  0
|   6|0x0000000704200000, 0x0000000704400000, 0x0000000704400000|100%|HC|  |TAMS 0x0000000704200000| PB 0x0000000704200000| Complete |  0
|   7|0x0000000704400000, 0x0000000704600000, 0x0000000704600000|100%|HC|  |TAMS 0x0000000704400000| PB 0x0000000704400000| Complete |  0
|   8|0x0000000704600000, 0x0000000704800000, 0x0000000704800000|100%|HC|  |TAMS 0x0000000704600000| PB 0x0000000704600000| Complete |  0
|   9|0x0000000704800000, 0x0000000704a00000, 0x0000000704a00000|100%|HC|  |TAMS 0x0000000704800000| PB 0x0000000704800000| Complete |  0
|  10|0x0000000704a00000, 0x0000000704c00000, 0x0000000704c00000|100%|HC|  |TAMS 0x0000000704a00000| PB 0x0000000704a00000| Complete |  0
|  11|0x0000000704c00000, 0x0000000704e00000, 0x0000000704e00000|100%| O|  |TAMS 0x0000000704c00000| PB 0x0000000704c00000| Untracked |  0
|  12|0x0000000704e00000, 0x0000000704ef61c0, 0x0000000705000000| 48%| O|  |TAMS 0x0000000704e00000| PB 0x0000000704e00000| Untracked |  0
|  13|0x0000000705000000, 0x0000000705200000, 0x0000000705200000|100%|HS|  |TAMS 0x0000000705000000| PB 0x0000000705000000| Complete |  0
|  14|0x0000000705200000, 0x0000000705400000, 0x0000000705400000|100%|HC|  |TAMS 0x0000000705200000| PB 0x0000000705200000| Complete |  0
|  15|0x0000000705400000, 0x0000000705600000, 0x0000000705600000|100%|HC|  |TAMS 0x0000000705400000| PB 0x0000000705400000| Complete |  0
|  16|0x0000000705600000, 0x0000000705800000, 0x0000000705800000|100%|HC|  |TAMS 0x0000000705600000| PB 0x0000000705600000| Complete |  0
|  17|0x0000000705800000, 0x0000000705800000, 0x0000000705a00000|  0%| F|  |TAMS 0x0000000705800000| PB 0x0000000705800000| Untracked |  0
|  18|0x0000000705a00000, 0x0000000705a00000, 0x0000000705c00000|  0%| F|  |TAMS 0x0000000705a00000| PB 0x0000000705a00000| Untracked |  0
|  19|0x0000000705c00000, 0x0000000705c00000, 0x0000000705e00000|  0%| F|  |TAMS 0x0000000705c00000| PB 0x0000000705c00000| Untracked |  0
|  20|0x0000000705e00000, 0x0000000705e00000, 0x0000000706000000|  0%| F|  |TAMS 0x0000000705e00000| PB 0x0000000705e00000| Untracked |  0
|  21|0x0000000706000000, 0x0000000706000000, 0x0000000706200000|  0%| F|  |TAMS 0x0000000706000000| PB 0x0000000706000000| Untracked |  0
|  22|0x0000000706200000, 0x0000000706200000, 0x0000000706400000|  0%| F|  |TAMS 0x0000000706200000| PB 0x0000000706200000| Untracked |  0
|  23|0x0000000706400000, 0x0000000706400000, 0x0000000706600000|  0%| F|  |TAMS 0x0000000706400000| PB 0x0000000706400000| Untracked |  0
|  24|0x0000000706600000, 0x0000000706600000, 0x0000000706800000|  0%| F|  |TAMS 0x0000000706600000| PB 0x0000000706600000| Untracked |  0
|  25|0x0000000706800000, 0x0000000706800000, 0x0000000706a00000|  0%| F|  |TAMS 0x0000000706800000| PB 0x0000000706800000| Untracked |  0
|  26|0x0000000706a00000, 0x0000000706a00000, 0x0000000706c00000|  0%| F|  |TAMS 0x0000000706a00000| PB 0x0000000706a00000| Untracked |  0
|  27|0x0000000706c00000, 0x0000000706c00000, 0x0000000706e00000|  0%| F|  |TAMS 0x0000000706c00000| PB 0x0000000706c00000| Untracked |  0
|  28|0x0000000706e00000, 0x0000000706e00000, 0x0000000707000000|  0%| F|  |TAMS 0x0000000706e00000| PB 0x0000000706e00000| Untracked |  0
|  29|0x0000000707000000, 0x0000000707000000, 0x0000000707200000|  0%| F|  |TAMS 0x0000000707000000| PB 0x0000000707000000| Untracked |  0
|  30|0x0000000707200000, 0x0000000707200000, 0x0000000707400000|  0%| F|  |TAMS 0x0000000707200000| PB 0x0000000707200000| Untracked |  0
|  31|0x0000000707400000, 0x0000000707400000, 0x0000000707600000|  0%| F|  |TAMS 0x0000000707400000| PB 0x0000000707400000| Untracked |  0
|  32|0x0000000707600000, 0x0000000707600000, 0x0000000707800000|  0%| F|  |TAMS 0x0000000707600000| PB 0x0000000707600000| Untracked |  0
|  33|0x0000000707800000, 0x0000000707800000, 0x0000000707a00000|  0%| F|  |TAMS 0x0000000707800000| PB 0x0000000707800000| Untracked |  0
|  34|0x0000000707a00000, 0x0000000707a00000, 0x0000000707c00000|  0%| F|  |TAMS 0x0000000707a00000| PB 0x0000000707a00000| Untracked |  0
|  35|0x0000000707c00000, 0x0000000707c00000, 0x0000000707e00000|  0%| F|  |TAMS 0x0000000707c00000| PB 0x0000000707c00000| Untracked |  0
|  36|0x0000000707e00000, 0x0000000707e00000, 0x0000000708000000|  0%| F|  |TAMS 0x0000000707e00000| PB 0x0000000707e00000| Untracked |  0
|  37|0x0000000708000000, 0x0000000708000000, 0x0000000708200000|  0%| F|  |TAMS 0x0000000708000000| PB 0x0000000708000000| Untracked |  0
|  38|0x0000000708200000, 0x0000000708200000, 0x0000000708400000|  0%| F|  |TAMS 0x0000000708200000| PB 0x0000000708200000| Untracked |  0
|  39|0x0000000708400000, 0x0000000708400000, 0x0000000708600000|  0%| F|  |TAMS 0x0000000708400000| PB 0x0000000708400000| Untracked |  0
|  40|0x0000000708600000, 0x0000000708600000, 0x0000000708800000|  0%| F|  |TAMS 0x0000000708600000| PB 0x0000000708600000| Untracked |  0
|  41|0x0000000708800000, 0x0000000708800000, 0x0000000708a00000|  0%| F|  |TAMS 0x0000000708800000| PB 0x0000000708800000| Untracked |  0
|  42|0x0000000708a00000, 0x0000000708a00000, 0x0000000708c00000|  0%| F|  |TAMS 0x0000000708a00000| PB 0x0000000708a00000| Untracked |  0
|  43|0x0000000708c00000, 0x0000000708c00000, 0x0000000708e00000|  0%| F|  |TAMS 0x0000000708c00000| PB 0x0000000708c00000| Untracked |  0
|  44|0x0000000708e00000, 0x0000000708e00000, 0x0000000709000000|  0%| F|  |TAMS 0x0000000708e00000| PB 0x0000000708e00000| Untracked |  0
|  45|0x0000000709000000, 0x0000000709000000, 0x0000000709200000|  0%| F|  |TAMS 0x0000000709000000| PB 0x0000000709000000| Untracked |  0
|  46|0x0000000709200000, 0x0000000709200000, 0x0000000709400000|  0%| F|  |TAMS 0x0000000709200000| PB 0x0000000709200000| Untracked |  0
|  47|0x0000000709400000, 0x0000000709400000, 0x0000000709600000|  0%| F|  |TAMS 0x0000000709400000| PB 0x0000000709400000| Untracked |  0
|  48|0x0000000709600000, 0x0000000709600000, 0x0000000709800000|  0%| F|  |TAMS 0x0000000709600000| PB 0x0000000709600000| Untracked |  0
|  49|0x0000000709800000, 0x0000000709800000, 0x0000000709a00000|  0%| F|  |TAMS 0x0000000709800000| PB 0x0000000709800000| Untracked |  0
|  50|0x0000000709a00000, 0x0000000709a00000, 0x0000000709c00000|  0%| F|  |TAMS 0x0000000709a00000| PB 0x0000000709a00000| Untracked |  0
|  51|0x0000000709c00000, 0x0000000709c00000, 0x0000000709e00000|  0%| F|  |TAMS 0x0000000709c00000| PB 0x0000000709c00000| Untracked |  0
|  52|0x0000000709e00000, 0x0000000709e00000, 0x000000070a000000|  0%| F|  |TAMS 0x0000000709e00000| PB 0x0000000709e00000| Untracked |  0
|  53|0x000000070a000000, 0x000000070a000000, 0x000000070a200000|  0%| F|  |TAMS 0x000000070a000000| PB 0x000000070a000000| Untracked |  0
|  54|0x000000070a200000, 0x000000070a200000, 0x000000070a400000|  0%| F|  |TAMS 0x000000070a200000| PB 0x000000070a200000| Untracked |  0
|  55|0x000000070a400000, 0x000000070a400000, 0x000000070a600000|  0%| F|  |TAMS 0x000000070a400000| PB 0x000000070a400000| Untracked |  0
|  56|0x000000070a600000, 0x000000070a600000, 0x000000070a800000|  0%| F|  |TAMS 0x000000070a600000| PB 0x000000070a600000| Untracked |  0
|  57|0x000000070a800000, 0x000000070a800000, 0x000000070aa00000|  0%| F|  |TAMS 0x000000070a800000| PB 0x000000070a800000| Untracked |  0
|  58|0x000000070aa00000, 0x000000070aa00000, 0x000000070ac00000|  0%| F|  |TAMS 0x000000070aa00000| PB 0x000000070aa00000| Untracked |  0
|  59|0x000000070ac00000, 0x000000070ac00000, 0x000000070ae00000|  0%| F|  |TAMS 0x000000070ac00000| PB 0x000000070ac00000| Untracked |  0
|  60|0x000000070ae00000, 0x000000070ae00000, 0x000000070b000000|  0%| F|  |TAMS 0x000000070ae00000| PB 0x000000070ae00000| Untracked |  0
|  61|0x000000070b000000, 0x000000070b000000, 0x000000070b200000|  0%| F|  |TAMS 0x000000070b000000| PB 0x000000070b000000| Untracked |  0
|  62|0x000000070b200000, 0x000000070b200000, 0x000000070b400000|  0%| F|  |TAMS 0x000000070b200000| PB 0x000000070b200000| Untracked |  0
|  63|0x000000070b400000, 0x000000070b400000, 0x000000070b600000|  0%| F|  |TAMS 0x000000070b400000| PB 0x000000070b400000| Untracked |  0
|  64|0x000000070b600000, 0x000000070b600000, 0x000000070b800000|  0%| F|  |TAMS 0x000000070b600000| PB 0x000000070b600000| Untracked |  0
|  65|0x000000070b800000, 0x000000070b800000, 0x000000070ba00000|  0%| F|  |TAMS 0x000000070b800000| PB 0x000000070b800000| Untracked |  0
|  66|0x000000070ba00000, 0x000000070ba00000, 0x000000070bc00000|  0%| F|  |TAMS 0x000000070ba00000| PB 0x000000070ba00000| Untracked |  0
|  67|0x000000070bc00000, 0x000000070bc00000, 0x000000070be00000|  0%| F|  |TAMS 0x000000070bc00000| PB 0x000000070bc00000| Untracked |  0
|  68|0x000000070be00000, 0x000000070be00000, 0x000000070c000000|  0%| F|  |TAMS 0x000000070be00000| PB 0x000000070be00000| Untracked |  0
|  69|0x000000070c000000, 0x000000070c000000, 0x000000070c200000|  0%| F|  |TAMS 0x000000070c000000| PB 0x000000070c000000| Untracked |  0
|  70|0x000000070c200000, 0x000000070c200000, 0x000000070c400000|  0%| F|  |TAMS 0x000000070c200000| PB 0x000000070c200000| Untracked |  0
|  71|0x000000070c400000, 0x000000070c400000, 0x000000070c600000|  0%| F|  |TAMS 0x000000070c400000| PB 0x000000070c400000| Untracked |  0
|  72|0x000000070c600000, 0x000000070c600000, 0x000000070c800000|  0%| F|  |TAMS 0x000000070c600000| PB 0x000000070c600000| Untracked |  0
|  73|0x000000070c800000, 0x000000070c800000, 0x000000070ca00000|  0%| F|  |TAMS 0x000000070c800000| PB 0x000000070c800000| Untracked |  0
|  74|0x000000070ca00000, 0x000000070ca00000, 0x000000070cc00000|  0%| F|  |TAMS 0x000000070ca00000| PB 0x000000070ca00000| Untracked |  0
|  75|0x000000070cc00000, 0x000000070cc00000, 0x000000070ce00000|  0%| F|  |TAMS 0x000000070cc00000| PB 0x000000070cc00000| Untracked |  0
|  76|0x000000070ce00000, 0x000000070ce00000, 0x000000070d000000|  0%| F|  |TAMS 0x000000070ce00000| PB 0x000000070ce00000| Untracked |  0
|  77|0x000000070d000000, 0x000000070d000000, 0x000000070d200000|  0%| F|  |TAMS 0x000000070d000000| PB 0x000000070d000000| Untracked |  0
|  78|0x000000070d200000, 0x000000070d200000, 0x000000070d400000|  0%| F|  |TAMS 0x000000070d200000| PB 0x000000070d200000| Untracked |  0
|  79|0x000000070d400000, 0x000000070d400000, 0x000000070d600000|  0%| F|  |TAMS 0x000000070d400000| PB 0x000000070d400000| Untracked |  0
|  80|0x000000070d600000, 0x000000070d600000, 0x000000070d800000|  0%| F|  |TAMS 0x000000070d600000| PB 0x000000070d600000| Untracked |  0
|  81|0x000000070d800000, 0x000000070d800000, 0x000000070da00000|  0%| F|  |TAMS 0x000000070d800000| PB 0x000000070d800000| Untracked |  0
|  82|0x000000070da00000, 0x000000070da00000, 0x000000070dc00000|  0%| F|  |TAMS 0x000000070da00000| PB 0x000000070da00000| Untracked |  0
|  83|0x000000070dc00000, 0x000000070dc00000, 0x000000070de00000|  0%| F|  |TAMS 0x000000070dc00000| PB 0x000000070dc00000| Untracked |  0
|  84|0x000000070de00000, 0x000000070de00000, 0x000000070e000000|  0%| F|  |TAMS 0x000000070de00000| PB 0x000000070de00000| Untracked |  0
|  85|0x000000070e000000, 0x000000070e000000, 0x000000070e200000|  0%| F|  |TAMS 0x000000070e000000| PB 0x000000070e000000| Untracked |  0
|  86|0x000000070e200000, 0x000000070e200000, 0x000000070e400000|  0%| F|  |TAMS 0x000000070e200000| PB 0x000000070e200000| Untracked |  0
|  87|0x000000070e400000, 0x000000070e400000, 0x000000070e600000|  0%| F|  |TAMS 0x000000070e400000| PB 0x000000070e400000| Untracked |  0
|  88|0x000000070e600000, 0x000000070e600000, 0x000000070e800000|  0%| F|  |TAMS 0x000000070e600000| PB 0x000000070e600000| Untracked |  0
|  89|0x000000070e800000, 0x000000070e800000, 0x000000070ea00000|  0%| F|  |TAMS 0x000000070e800000| PB 0x000000070e800000| Untracked |  0
|  90|0x000000070ea00000, 0x000000070ea00000, 0x000000070ec00000|  0%| F|  |TAMS 0x000000070ea00000| PB 0x000000070ea00000| Untracked |  0
|  91|0x000000070ec00000, 0x000000070ec00000, 0x000000070ee00000|  0%| F|  |TAMS 0x000000070ec00000| PB 0x000000070ec00000| Untracked |  0
|  92|0x000000070ee00000, 0x000000070ee00000, 0x000000070f000000|  0%| F|  |TAMS 0x000000070ee00000| PB 0x000000070ee00000| Untracked |  0
|  93|0x000000070f000000, 0x000000070f000000, 0x000000070f200000|  0%| F|  |TAMS 0x000000070f000000| PB 0x000000070f000000| Untracked |  0
|  94|0x000000070f200000, 0x000000070f200000, 0x000000070f400000|  0%| F|  |TAMS 0x000000070f200000| PB 0x000000070f200000| Untracked |  0
|  95|0x000000070f400000, 0x000000070f400000, 0x000000070f600000|  0%| F|  |TAMS 0x000000070f400000| PB 0x000000070f400000| Untracked |  0
|  96|0x000000070f600000, 0x000000070f600000, 0x000000070f800000|  0%| F|  |TAMS 0x000000070f600000| PB 0x000000070f600000| Untracked |  0
|  97|0x000000070f800000, 0x000000070f800000, 0x000000070fa00000|  0%| F|  |TAMS 0x000000070f800000| PB 0x000000070f800000| Untracked |  0
|  98|0x000000070fa00000, 0x000000070fa00000, 0x000000070fc00000|  0%| F|  |TAMS 0x000000070fa00000| PB 0x000000070fa00000| Untracked |  0
|  99|0x000000070fc00000, 0x000000070fc00000, 0x000000070fe00000|  0%| F|  |TAMS 0x000000070fc00000| PB 0x000000070fc00000| Untracked |  0
| 100|0x000000070fe00000, 0x000000070fe00000, 0x0000000710000000|  0%| F|  |TAMS 0x000000070fe00000| PB 0x000000070fe00000| Untracked |  0
| 101|0x0000000710000000, 0x0000000710000000, 0x0000000710200000|  0%| F|  |TAMS 0x0000000710000000| PB 0x0000000710000000| Untracked |  0
| 102|0x0000000710200000, 0x0000000710200000, 0x0000000710400000|  0%| F|  |TAMS 0x0000000710200000| PB 0x0000000710200000| Untracked |  0
| 103|0x0000000710400000, 0x0000000710400000, 0x0000000710600000|  0%| F|  |TAMS 0x0000000710400000| PB 0x0000000710400000| Untracked |  0
| 104|0x0000000710600000, 0x0000000710600000, 0x0000000710800000|  0%| F|  |TAMS 0x0000000710600000| PB 0x0000000710600000| Untracked |  0
| 105|0x0000000710800000, 0x0000000710800000, 0x0000000710a00000|  0%| F|  |TAMS 0x0000000710800000| PB 0x0000000710800000| Untracked |  0
| 106|0x0000000710a00000, 0x0000000710a00000, 0x0000000710c00000|  0%| F|  |TAMS 0x0000000710a00000| PB 0x0000000710a00000| Untracked |  0
| 107|0x0000000710c00000, 0x0000000710d780e0, 0x0000000710e00000| 73%| S|CS|TAMS 0x0000000710c00000| PB 0x0000000710c00000| Complete |  0
| 108|0x0000000710e00000, 0x0000000711000000, 0x0000000711000000|100%| S|CS|TAMS 0x0000000710e00000| PB 0x0000000710e00000| Complete |  0
| 109|0x0000000711000000, 0x0000000711000000, 0x0000000711200000|  0%| F|  |TAMS 0x0000000711000000| PB 0x0000000711000000| Untracked |  0
| 110|0x0000000711200000, 0x0000000711200000, 0x0000000711400000|  0%| F|  |TAMS 0x0000000711200000| PB 0x0000000711200000| Untracked |  0
| 111|0x0000000711400000, 0x0000000711400000, 0x0000000711600000|  0%| F|  |TAMS 0x0000000711400000| PB 0x0000000711400000| Untracked |  0
| 112|0x0000000711600000, 0x0000000711600000, 0x0000000711800000|  0%| F|  |TAMS 0x0000000711600000| PB 0x0000000711600000| Untracked |  0
| 113|0x0000000711800000, 0x0000000711800000, 0x0000000711a00000|  0%| F|  |TAMS 0x0000000711800000| PB 0x0000000711800000| Untracked |  0
| 114|0x0000000711a00000, 0x0000000711a00000, 0x0000000711c00000|  0%| F|  |TAMS 0x0000000711a00000| PB 0x0000000711a00000| Untracked |  0
| 115|0x0000000711c00000, 0x0000000711c00000, 0x0000000711e00000|  0%| F|  |TAMS 0x0000000711c00000| PB 0x0000000711c00000| Untracked |  0
| 116|0x0000000711e00000, 0x0000000711e00000, 0x0000000712000000|  0%| F|  |TAMS 0x0000000711e00000| PB 0x0000000711e00000| Untracked |  0
| 117|0x0000000712000000, 0x0000000712000000, 0x0000000712200000|  0%| F|  |TAMS 0x0000000712000000| PB 0x0000000712000000| Untracked |  0
| 118|0x0000000712200000, 0x0000000712200000, 0x0000000712400000|  0%| F|  |TAMS 0x0000000712200000| PB 0x0000000712200000| Untracked |  0
| 119|0x0000000712400000, 0x0000000712400000, 0x0000000712600000|  0%| F|  |TAMS 0x0000000712400000| PB 0x0000000712400000| Untracked |  0
| 120|0x0000000712600000, 0x0000000712600000, 0x0000000712800000|  0%| F|  |TAMS 0x0000000712600000| PB 0x0000000712600000| Untracked |  0
| 121|0x0000000712800000, 0x000000071291d1b0, 0x0000000712a00000| 55%| E|  |TAMS 0x0000000712800000| PB 0x0000000712800000| Complete |  0
| 122|0x0000000712a00000, 0x0000000712c00000, 0x0000000712c00000|100%| E|CS|TAMS 0x0000000712a00000| PB 0x0000000712a00000| Complete |  0
| 123|0x0000000712c00000, 0x0000000712e00000, 0x0000000712e00000|100%| E|CS|TAMS 0x0000000712c00000| PB 0x0000000712c00000| Complete |  0
| 124|0x0000000712e00000, 0x0000000713000000, 0x0000000713000000|100%| E|CS|TAMS 0x0000000712e00000| PB 0x0000000712e00000| Complete |  0
| 125|0x0000000713000000, 0x0000000713200000, 0x0000000713200000|100%| E|CS|TAMS 0x0000000713000000| PB 0x0000000713000000| Complete |  0
| 126|0x0000000713200000, 0x0000000713400000, 0x0000000713400000|100%| E|CS|TAMS 0x0000000713200000| PB 0x0000000713200000| Complete |  0

Card table byte_map: [0x000001a2a5c10000,0x000001a2a6400000] _byte_map_base: 0x000001a2a23f5000

Marking Bits: (CMBitMap*) 0x000001a28d8b46a0
 Bits: [0x000001a2a6400000, 0x000001a2aa328000)

Polling page: 0x000001a28d010000

Metaspace:

Usage:
  Non-class:     14.67 MB used.
      Class:      1.89 MB used.
       Both:     16.56 MB used.

Virtual space:
  Non-class space:       64.00 MB reserved,      14.81 MB ( 23%) committed,  1 nodes.
      Class space:        1.00 GB reserved,       2.00 MB ( <1%) committed,  1 nodes.
             Both:        1.06 GB reserved,      16.81 MB (  2%) committed. 

Chunk freelists:
   Non-Class:  879.00 KB
       Class:  14.03 MB
        Both:  14.89 MB

MaxMetaspaceSize: unlimited
CompressedClassSpaceSize: 1.00 GB
Initial GC threshold: 21.00 MB
Current GC threshold: 21.00 MB
CDS: on
 - commit_granule_bytes: 65536.
 - commit_granule_words: 8192.
 - virtual_space_node_default_size: 8388608.
 - enlarge_chunks_in_place: 1.
 - use_allocation_guard: 0.


Internal statistics:

num_allocs_failed_limit: 0.
num_arena_births: 240.
num_arena_deaths: 0.
num_vsnodes_births: 2.
num_vsnodes_deaths: 0.
num_space_committed: 269.
num_space_uncommitted: 0.
num_chunks_returned_to_freelist: 0.
num_chunks_taken_from_freelist: 421.
num_chunk_merges: 0.
num_chunk_splits: 244.
num_chunks_enlarged: 133.
num_inconsistent_stats: 0.

CodeHeap 'non-profiled nmethods': size=119168Kb used=1474Kb max_used=1474Kb free=117693Kb
 bounds [0x000001a29d730000, 0x000001a29d9a0000, 0x000001a2a4b90000]
CodeHeap 'profiled nmethods': size=119104Kb used=7196Kb max_used=7196Kb free=111907Kb
 bounds [0x000001a295b90000, 0x000001a2962a0000, 0x000001a29cfe0000]
CodeHeap 'non-nmethods': size=7488Kb used=3647Kb max_used=3679Kb free=3841Kb
 bounds [0x000001a29cfe0000, 0x000001a29d380000, 0x000001a29d730000]
 total_blobs=4290 nmethods=3521 adapters=669
 compilation: enabled
              stopped_count=0, restarted_count=0
 full_count=0

Compilation events (20 events):
Event: 1.648 Thread 0x000001a2ad5dd660 nmethod 3507 0x000001a29628d290 code [0x000001a29628d4e0, 0x000001a29628dea0]
Event: 1.650 Thread 0x000001a2f3531440 3500       4       javax.swing.JComponent::getWidth (5 bytes)
Event: 1.651 Thread 0x000001a2ad3b9e80 3512       1       java.beans.ThreadGroupContext::isDesignTime (5 bytes)
Event: 1.651 Thread 0x000001a2ad3b9e80 nmethod 3512 0x000001a29d89d710 code [0x000001a29d89d8a0, 0x000001a29d89d970]
Event: 1.651 Thread 0x000001a2ad5ded30 3514       3       com.formdev.flatlaf.ui.FlatWindowsNativeWindowBorder$WndProc::contains (18 bytes)
Event: 1.651 Thread 0x000001a2f3531440 nmethod 3500 0x000001a29d89da10 code [0x000001a29d89db80, 0x000001a29d89dc08]
Event: 1.651 Thread 0x000001a2ad3b9e80 3515       3       sun.awt.AWTAccessor::getEventQueueAccessor (19 bytes)
Event: 1.651 Thread 0x000001a2ad61c750 nmethod 3430 0x000001a29d89dd10 code [0x000001a29d89dea0, 0x000001a29d89dfb8]
Event: 1.652 Thread 0x000001a2ad5dd660 3516       3       javax.swing.SwingUtilities::getValidateRoot (98 bytes)
Event: 1.652 Thread 0x000001a2ad5ded30 nmethod 3514 0x000001a29628e190 code [0x000001a29628e340, 0x000001a29628e758]
Event: 1.652 Thread 0x000001a2f3531440 3513       4       javax.swing.GroupLayout$AutoPreferredGapSpring::calculatePadding (165 bytes)
Event: 1.652 Thread 0x000001a2ad3b9e80 nmethod 3515 0x000001a29628e910 code [0x000001a29628eb20, 0x000001a29628efa8]
Event: 1.652 Thread 0x000001a2ad61c750 3495   !   4       java.awt.Container::preferredSize (88 bytes)
Event: 1.653 Thread 0x000001a2ad5dd660 nmethod 3516 0x000001a29628f210 code [0x000001a29628f460, 0x000001a2962901a8]
Event: 1.661 Thread 0x000001a2ad3b9e80 3524       1       java.awt.geom.AffineTransform::getScaleX (5 bytes)
Event: 1.661 Thread 0x000001a2ad5dd660 3525       3       java.awt.Point::<init> (15 bytes)
Event: 1.661 Thread 0x000001a2f37fe650 3526       3       javax.swing.JViewport::getView (17 bytes)
Event: 1.661 Thread 0x000001a2ad3b9e80 nmethod 3524 0x000001a29d89e090 code [0x000001a29d89e220, 0x000001a29d89e2e8]
Event: 1.661 Thread 0x000001a2ad5dd660 nmethod 3525 0x000001a296290410 code [0x000001a2962905c0, 0x000001a296290790]
Event: 1.662 Thread 0x000001a2f37fe650 nmethod 3526 0x000001a296290890 code [0x000001a296290aa0, 0x000001a296291248]

GC Heap History (4 events):
Event: 0.621 GC heap before
{Heap before GC invocations=0 (full 0):
 garbage-first heap   total reserved 4139008K, committed 260096K, used 28672K [0x0000000703600000, 0x0000000800000000)
  region size 2048K, 12 young (24576K), 0 survivors (0K)
 Metaspace       used 12109K, committed 12352K, reserved 1114112K
  class space    used 1403K, committed 1536K, reserved 1048576K
}
Event: 0.627 GC heap after
{Heap after GC invocations=1 (full 0):
 garbage-first heap   total reserved 4139008K, committed 260096K, used 9061K [0x0000000703600000, 0x0000000800000000)
  region size 2048K, 2 young (4096K), 2 survivors (4096K)
 Metaspace       used 12109K, committed 12352K, reserved 1114112K
  class space    used 1403K, committed 1536K, reserved 1048576K
}
Event: 1.477 GC heap before
{Heap before GC invocations=1 (full 0):
 garbage-first heap   total reserved 4139008K, committed 260096K, used 58213K [0x0000000703600000, 0x0000000800000000)
  region size 2048K, 18 young (36864K), 2 survivors (4096K)
 Metaspace       used 16212K, committed 16448K, reserved 1114112K
  class space    used 1864K, committed 1984K, reserved 1048576K
}
Event: 1.482 GC heap after
{Heap after GC invocations=2 (full 0):
 garbage-first heap   total reserved 4139008K, committed 260096K, used 29112K [0x0000000703600000, 0x0000000800000000)
  region size 2048K, 2 young (4096K), 2 survivors (4096K)
 Metaspace       used 16212K, committed 16448K, reserved 1114112K
  class space    used 1864K, committed 1984K, reserved 1048576K
}

Dll operation events (11 events):
Event: 0.005 Loaded shared library C:\Program Files\Java\jdk-22\bin\java.dll
Event: 0.026 Loaded shared library C:\Program Files\Java\jdk-22\bin\jsvml.dll
Event: 0.045 Loaded shared library C:\Program Files\Java\jdk-22\bin\net.dll
Event: 0.046 Loaded shared library C:\Program Files\Java\jdk-22\bin\nio.dll
Event: 0.059 Loaded shared library C:\Program Files\Java\jdk-22\bin\zip.dll
Event: 0.073 Loaded shared library C:\Program Files\Java\jdk-22\bin\jimage.dll
Event: 0.082 Loaded shared library C:\Program Files\Java\jdk-22\bin\awt.dll
Event: 0.151 Loaded shared library C:\Program Files\Java\jdk-22\bin\freetype.dll
Event: 0.152 Loaded shared library C:\Program Files\Java\jdk-22\bin\fontmanager.dll
Event: 0.295 Loaded shared library C:\Users\ACER\AppData\Local\Temp\flatlaf.temp\flatlaf-windows-x86_64-210940384215000.dll
Event: 0.309 Loaded shared library C:\Program Files\Java\jdk-22\bin\verify.dll

Deoptimization events (20 events):
Event: 1.624 Thread 0x000001a2f34ed4b0 Uncommon trap: trap_request=0xffffff45 fr.pc=0x000001a29d838644 relative=0x00000000000000a4
Event: 1.624 Thread 0x000001a2f34ed4b0 Uncommon trap: reason=unstable_if action=reinterpret pc=0x000001a29d838644 method=java.awt.Component.isShowing()Z @ 27 c2
Event: 1.624 Thread 0x000001a2f34ed4b0 DEOPT PACKING pc=0x000001a29d838644 sp=0x000000242a9fe700
Event: 1.624 Thread 0x000001a2f34ed4b0 DEOPT UNPACKING pc=0x000001a29d037da2 sp=0x000000242a9fe680 mode 2
Event: 1.624 Thread 0x000001a2f34ed4b0 Uncommon trap: trap_request=0xffffff45 fr.pc=0x000001a29d838644 relative=0x00000000000000a4
Event: 1.624 Thread 0x000001a2f34ed4b0 Uncommon trap: reason=unstable_if action=reinterpret pc=0x000001a29d838644 method=java.awt.Component.isShowing()Z @ 27 c2
Event: 1.624 Thread 0x000001a2f34ed4b0 DEOPT PACKING pc=0x000001a29d838644 sp=0x000000242a9fe720
Event: 1.624 Thread 0x000001a2f34ed4b0 DEOPT UNPACKING pc=0x000001a29d037da2 sp=0x000000242a9fe6a0 mode 2
Event: 1.624 Thread 0x000001a2f34ed4b0 Uncommon trap: trap_request=0xffffff45 fr.pc=0x000001a29d838644 relative=0x00000000000000a4
Event: 1.625 Thread 0x000001a2f34ed4b0 Uncommon trap: reason=unstable_if action=reinterpret pc=0x000001a29d838644 method=java.awt.Component.isShowing()Z @ 27 c2
Event: 1.625 Thread 0x000001a2f34ed4b0 DEOPT PACKING pc=0x000001a29d838644 sp=0x000000242a9fe740
Event: 1.625 Thread 0x000001a2f34ed4b0 DEOPT UNPACKING pc=0x000001a29d037da2 sp=0x000000242a9fe6c0 mode 2
Event: 1.625 Thread 0x000001a2f34ed4b0 Uncommon trap: trap_request=0xffffff45 fr.pc=0x000001a29d838644 relative=0x00000000000000a4
Event: 1.625 Thread 0x000001a2f34ed4b0 Uncommon trap: reason=unstable_if action=reinterpret pc=0x000001a29d838644 method=java.awt.Component.isShowing()Z @ 27 c2
Event: 1.625 Thread 0x000001a2f34ed4b0 DEOPT PACKING pc=0x000001a29d838644 sp=0x000000242a9fe760
Event: 1.625 Thread 0x000001a2f34ed4b0 DEOPT UNPACKING pc=0x000001a29d037da2 sp=0x000000242a9fe6e0 mode 2
Event: 1.626 Thread 0x000001a2f34ed4b0 Uncommon trap: trap_request=0xffffff45 fr.pc=0x000001a29d838644 relative=0x00000000000000a4
Event: 1.626 Thread 0x000001a2f34ed4b0 Uncommon trap: reason=unstable_if action=reinterpret pc=0x000001a29d838644 method=java.awt.Component.isShowing()Z @ 27 c2
Event: 1.626 Thread 0x000001a2f34ed4b0 DEOPT PACKING pc=0x000001a29d838644 sp=0x000000242a9fe780
Event: 1.626 Thread 0x000001a2f34ed4b0 DEOPT UNPACKING pc=0x000001a29d037da2 sp=0x000000242a9fe700 mode 2

Classes loaded (20 events):
Event: 1.579 Loading class java/awt/geom/Path2D$Double$CopyIterator
Event: 1.579 Loading class java/awt/geom/Path2D$Double$CopyIterator done
Event: 1.579 Loading class sun/java2d/pipe/ShapeSpanIterator
Event: 1.579 Loading class sun/java2d/pipe/SpanIterator
Event: 1.579 Loading class sun/java2d/pipe/SpanIterator done
Event: 1.579 Loading class sun/awt/geom/PathConsumer2D
Event: 1.579 Loading class sun/awt/geom/PathConsumer2D done
Event: 1.579 Loading class sun/java2d/pipe/ShapeSpanIterator done
Event: 1.579 Loading class sun/awt/image/BufImgSurfaceManager
Event: 1.579 Loading class sun/awt/image/BufImgSurfaceManager done
Event: 1.582 Loading class java/awt/print/PrinterGraphics
Event: 1.582 Loading class java/awt/print/PrinterGraphics done
Event: 1.582 Loading class java/awt/PrintGraphics
Event: 1.582 Loading class java/awt/PrintGraphics done
Event: 1.582 Loading class sun/java2d/loops/FontInfo
Event: 1.582 Loading class sun/java2d/loops/FontInfo done
Event: 1.592 Loading class java/lang/FdLibm$Cbrt
Event: 1.592 Loading class java/lang/FdLibm$Cbrt done
Event: 1.592 Loading class java/lang/FdLibm
Event: 1.592 Loading class java/lang/FdLibm done

Classes unloaded (0 events):
No events

Classes redefined (0 events):
No events

Internal exceptions (20 events):
Event: 0.365 Thread 0x000001a2f34ed4b0 Exception <a 'java/lang/ClassNotFoundException'{0x00000007125114a0}: java/lang/ObjectCustomizer> (0x00000007125114a0) 
thrown [s\open\src\hotspot\share\classfile\systemDictionary.cpp, line 313]
Event: 0.368 Thread 0x000001a2f34ed4b0 Exception <a 'java/lang/NoSuchMethodError'{0x0000000712518450}: 'java.lang.Object java.lang.invoke.DirectMethodHandle$Holder.invokeInterface(java.lang.Object, java.lang.Object)'> (0x0000000712518450) 
thrown [s\open\src\hotspot\share\interpreter\linkResolver.cpp, line 774]
Event: 0.369 Thread 0x000001a2f34ed4b0 Exception <a 'java/lang/IncompatibleClassChangeError'{0x000000071251b978}: Found class java.lang.Object, but interface was expected> (0x000000071251b978) 
thrown [s\open\src\hotspot\share\interpreter\linkResolver.cpp, line 841]
Event: 0.379 Thread 0x000001a2f34ed4b0 Exception <a 'java/lang/ClassNotFoundException'{0x0000000712559a00}: net/miginfocom/layout/UnitValueCustomizer> (0x0000000712559a00) 
thrown [s\open\src\hotspot\share\classfile\systemDictionary.cpp, line 313]
Event: 0.380 Thread 0x000001a2f34ed4b0 Exception <a 'java/lang/ClassNotFoundException'{0x000000071256b580}: java/lang/ObjectCustomizer> (0x000000071256b580) 
thrown [s\open\src\hotspot\share\classfile\systemDictionary.cpp, line 313]
Event: 0.381 Thread 0x000001a2f34ed4b0 Exception <a 'java/lang/ClassNotFoundException'{0x0000000712570af8}: net/miginfocom/layout/BoundSizeCustomizer> (0x0000000712570af8) 
thrown [s\open\src\hotspot\share\classfile\systemDictionary.cpp, line 313]
Event: 0.390 Thread 0x000001a2f34ed4b0 Exception <a 'java/lang/NoSuchMethodError'{0x00000007125ada60}: 'void java.lang.invoke.DirectMethodHandle$Holder.invokeVirtual(java.lang.Object, java.lang.Object)'> (0x00000007125ada60) 
thrown [s\open\src\hotspot\share\interpreter\linkResolver.cpp, line 774]
Event: 0.392 Thread 0x000001a2f34ed4b0 Exception <a 'java/lang/NoSuchMethodError'{0x00000007125bbf48}: 'int java.lang.invoke.DirectMethodHandle$Holder.invokeSpecial(java.lang.Object, java.lang.Object, java.lang.Object)'> (0x00000007125bbf48) 
thrown [s\open\src\hotspot\share\interpreter\linkResolver.cpp, line 774]
Event: 0.449 Thread 0x000001a2f434aac0 Implicit null exception at 0x000001a29d797624 to 0x000001a29d797c30
Event: 0.449 Thread 0x000001a2f434aac0 Implicit null exception at 0x000001a29d794fa0 to 0x000001a29d7955a0
Event: 0.494 Thread 0x000001a2f434aac0 Exception <a 'java/lang/NoSuchMethodError'{0x0000000711e2c7b8}: 'java.lang.Object java.lang.invoke.DirectMethodHandle$Holder.newInvokeSpecial(java.lang.Object, java.lang.Object, java.lang.Object, int, int, int, int, int)'> (0x0000000711e2c7b8) 
thrown [s\open\src\hotspot\share\interpreter\linkResolver.cpp, line 774]
Event: 0.905 Thread 0x000001a2f34ed4b0 Exception <a 'java/lang/NoSuchMethodError'{0x000000071250dc78}: 'void java.lang.invoke.DirectMethodHandle$Holder.invokeStaticInit(java.lang.Object)'> (0x000000071250dc78) 
thrown [s\open\src\hotspot\share\interpreter\linkResolver.cpp, line 774]
Event: 1.042 Thread 0x000001a2f34ed4b0 Exception <a 'java/lang/NoSuchMethodError'{0x000000071204a140}: 'int java.lang.invoke.DirectMethodHandle$Holder.invokeVirtual(java.lang.Object, java.lang.Object)'> (0x000000071204a140) 
thrown [s\open\src\hotspot\share\interpreter\linkResolver.cpp, line 774]
Event: 1.049 Thread 0x000001a2f34ed4b0 Implicit null exception at 0x000001a29d77ec5d to 0x000001a29d77edd8
Event: 1.107 Thread 0x000001a2f34ed4b0 Exception <a 'java/lang/NoSuchMethodError'{0x0000000711e0d458}: 'void java.lang.invoke.DirectMethodHandle$Holder.invokeStatic(java.lang.Object, java.lang.Object, java.lang.Object)'> (0x0000000711e0d458) 
thrown [s\open\src\hotspot\share\interpreter\linkResolver.cpp, line 774]
Event: 1.156 Thread 0x000001a2f34ed4b0 Implicit null exception at 0x000001a29d7e26e9 to 0x000001a29d7e3710
Event: 1.157 Thread 0x000001a2f34ed4b0 Implicit null exception at 0x000001a29d7e93ac to 0x000001a29d7eaf40
Event: 1.157 Thread 0x000001a2f34ed4b0 Implicit null exception at 0x000001a29d7dfa23 to 0x000001a29d7dfdfc
Event: 1.176 Thread 0x000001a2f34ed4b0 Exception <a 'java/lang/NoSuchMethodError'{0x0000000711f6c4a0}: 'void java.lang.invoke.Invokers$Holder.invokeExact_MT(java.lang.Object, java.lang.Object, java.lang.Object, java.lang.Object)'> (0x0000000711f6c4a0) 
thrown [s\open\src\hotspot\share\interpreter\linkResolver.cpp, line 774]
Event: 1.449 Thread 0x000001a2f34ed4b0 Implicit null exception at 0x000001a29d8494e1 to 0x000001a29d849774

ZGC Phase Switch (0 events):
No events

VM Operations (20 events):
Event: 1.043 Executing VM operation: ICBufferFull
Event: 1.043 Executing VM operation: ICBufferFull done
Event: 1.185 Executing VM operation: HandshakeAllThreads (Deoptimize)
Event: 1.185 Executing VM operation: HandshakeAllThreads (Deoptimize) done
Event: 1.267 Executing VM operation: ICBufferFull
Event: 1.267 Executing VM operation: ICBufferFull done
Event: 1.341 Executing VM operation: ICBufferFull
Event: 1.342 Executing VM operation: ICBufferFull done
Event: 1.477 Executing VM operation: G1CollectForAllocation (G1 Evacuation Pause)
Event: 1.482 Executing VM operation: G1CollectForAllocation (G1 Evacuation Pause) done
Event: 1.498 Executing VM operation: HandshakeAllThreads (Deoptimize)
Event: 1.498 Executing VM operation: HandshakeAllThreads (Deoptimize) done
Event: 1.538 Executing VM operation: HandshakeAllThreads (Deoptimize)
Event: 1.538 Executing VM operation: HandshakeAllThreads (Deoptimize) done
Event: 1.544 Executing VM operation: HandshakeAllThreads (Deoptimize)
Event: 1.544 Executing VM operation: HandshakeAllThreads (Deoptimize) done
Event: 1.553 Executing VM operation: HandshakeAllThreads (Deoptimize)
Event: 1.553 Executing VM operation: HandshakeAllThreads (Deoptimize) done
Event: 1.608 Executing VM operation: HandshakeAllThreads (Deoptimize)
Event: 1.608 Executing VM operation: HandshakeAllThreads (Deoptimize) done

Events (20 events):
Event: 0.044 Thread 0x000001a2ad5ded30 Thread added: 0x000001a2ad5ded30
Event: 0.053 Thread 0x000001a2ad61c750 Thread added: 0x000001a2ad61c750
Event: 0.056 Thread 0x000001a2ad6ecf00 Thread added: 0x000001a2ad6ecf00
Event: 0.113 Thread 0x000001a2ad81fad0 Thread added: 0x000001a2ad81fad0
Event: 0.113 Thread 0x000001a2ad821170 Thread added: 0x000001a2ad821170
Event: 0.114 Thread 0x000001a2ad821bf0 Thread added: 0x000001a2ad821bf0
Event: 0.215 Thread 0x000001a2f31c2ca0 Thread added: 0x000001a2f31c2ca0
Event: 0.219 Thread 0x000001a2f31410b0 Thread added: 0x000001a2f31410b0
Event: 0.261 Thread 0x000001a2f37fe650 Thread added: 0x000001a2f37fe650
Event: 0.266 Thread 0x000001a2f34ed4b0 Thread added: 0x000001a2f34ed4b0
Event: 0.267 Thread 0x000001a28d84f650 Thread exited: 0x000001a28d84f650
Event: 0.267 Thread 0x000001a28d84f650 Thread added: 0x000001a28d84f650
Event: 0.359 Thread 0x000001a2f322b830 Thread added: 0x000001a2f322b830
Event: 0.447 Thread 0x000001a2f434aac0 Thread added: 0x000001a2f434aac0
Event: 0.889 Thread 0x000001a2f31410b0 Thread exited: 0x000001a2f31410b0
Event: 1.024 Thread 0x000001a2f3530d80 Thread added: 0x000001a2f3530d80
Event: 1.025 Thread 0x000001a2f3531440 Thread added: 0x000001a2f3531440
Event: 1.468 Thread 0x000001a2f45190b0 Thread added: 0x000001a2f45190b0
Event: 1.470 Thread 0x000001a2f4519980 Thread added: 0x000001a2f4519980
Event: 1.484 Thread 0x000001a2f445e320 Thread added: 0x000001a2f445e320


Dynamic libraries:
0x00007ff783a00000 - 0x00007ff783a10000 	C:\Program Files\Java\jdk-22\bin\java.exe
0x00007ffdb9090000 - 0x00007ffdb92a7000 	C:\WINDOWS\SYSTEM32\ntdll.dll
0x00007ffdb87f0000 - 0x00007ffdb88b4000 	C:\WINDOWS\System32\KERNEL32.DLL
0x00007ffdb6510000 - 0x00007ffdb68b7000 	C:\WINDOWS\System32\KERNELBASE.dll
0x00007ffdb68c0000 - 0x00007ffdb69d1000 	C:\WINDOWS\System32\ucrtbase.dll
0x00007ffdaca20000 - 0x00007ffdaca3b000 	C:\Program Files\Java\jdk-22\bin\VCRUNTIME140.dll
0x00007ffd77820000 - 0x00007ffd77837000 	C:\Program Files\Java\jdk-22\bin\jli.dll
0x00007ffdb86b0000 - 0x00007ffdb8762000 	C:\WINDOWS\System32\ADVAPI32.dll
0x00007ffdb7fc0000 - 0x00007ffdb8067000 	C:\WINDOWS\System32\msvcrt.dll
0x00007ffdb8190000 - 0x00007ffdb8238000 	C:\WINDOWS\System32\sechost.dll
0x00007ffdb6d90000 - 0x00007ffdb6db8000 	C:\WINDOWS\System32\bcrypt.dll
0x00007ffdb8070000 - 0x00007ffdb8185000 	C:\WINDOWS\System32\RPCRT4.dll
0x00007ffdb83a0000 - 0x00007ffdb854e000 	C:\WINDOWS\System32\USER32.dll
0x00007ffdb6ad0000 - 0x00007ffdb6af6000 	C:\WINDOWS\System32\win32u.dll
0x00007ffd9c4d0000 - 0x00007ffd9c763000 	C:\WINDOWS\WinSxS\amd64_microsoft.windows.common-controls_6595b64144ccf1df_6.0.22621.3527_none_270e469b73872a76\COMCTL32.dll
0x00007ffdb6dd0000 - 0x00007ffdb6df9000 	C:\WINDOWS\System32\GDI32.dll
0x00007ffdb6c70000 - 0x00007ffdb6d89000 	C:\WINDOWS\System32\gdi32full.dll
0x00007ffdb63b0000 - 0x00007ffdb644a000 	C:\WINDOWS\System32\msvcp_win.dll
0x00007ffdaabb0000 - 0x00007ffdaabba000 	C:\WINDOWS\SYSTEM32\VERSION.dll
0x00007ffdb88c0000 - 0x00007ffdb88f1000 	C:\WINDOWS\System32\IMM32.DLL
0x00007ffdae660000 - 0x00007ffdae66c000 	C:\Program Files\Java\jdk-22\bin\vcruntime140_1.dll
0x00007ffd67890000 - 0x00007ffd6791e000 	C:\Program Files\Java\jdk-22\bin\msvcp140.dll
0x00007ffd11960000 - 0x00007ffd126a8000 	C:\Program Files\Java\jdk-22\bin\server\jvm.dll
0x00007ffdb8d60000 - 0x00007ffdb8dd1000 	C:\WINDOWS\System32\WS2_32.dll
0x00007ffdb51f0000 - 0x00007ffdb523d000 	C:\WINDOWS\SYSTEM32\POWRPROF.dll
0x00007ffdac930000 - 0x00007ffdac964000 	C:\WINDOWS\SYSTEM32\WINMM.dll
0x00007ffdb51d0000 - 0x00007ffdb51e3000 	C:\WINDOWS\SYSTEM32\UMPDC.dll
0x00007ffdb5480000 - 0x00007ffdb5498000 	C:\WINDOWS\SYSTEM32\kernel.appcore.dll
0x00007ffdada10000 - 0x00007ffdada1a000 	C:\Program Files\Java\jdk-22\bin\jimage.dll
0x00007ffdb3c40000 - 0x00007ffdb3e72000 	C:\WINDOWS\SYSTEM32\DBGHELP.DLL
0x00007ffdb7c30000 - 0x00007ffdb7fb8000 	C:\WINDOWS\System32\combase.dll
0x00007ffdb8240000 - 0x00007ffdb8317000 	C:\WINDOWS\System32\OLEAUT32.dll
0x00007ffda96c0000 - 0x00007ffda96f2000 	C:\WINDOWS\SYSTEM32\dbgcore.DLL
0x00007ffdb6a50000 - 0x00007ffdb6ac9000 	C:\WINDOWS\System32\bcryptPrimitives.dll
0x00007ffd7c020000 - 0x00007ffd7c03e000 	C:\Program Files\Java\jdk-22\bin\java.dll
0x00007ffdb6eb0000 - 0x00007ffdb770c000 	C:\WINDOWS\System32\SHELL32.dll
0x00007ffdb8a90000 - 0x00007ffdb8c35000 	C:\WINDOWS\System32\ole32.dll
0x00007ffdb42b0000 - 0x00007ffdb4ba6000 	C:\WINDOWS\SYSTEM32\windows.storage.dll
0x00007ffdb4170000 - 0x00007ffdb42ae000 	C:\WINDOWS\SYSTEM32\wintypes.dll
0x00007ffdb8990000 - 0x00007ffdb8a85000 	C:\WINDOWS\System32\SHCORE.dll
0x00007ffdb8340000 - 0x00007ffdb839e000 	C:\WINDOWS\System32\shlwapi.dll
0x00007ffdb62e0000 - 0x00007ffdb6301000 	C:\WINDOWS\SYSTEM32\profapi.dll
0x00007ffd67ef0000 - 0x00007ffd67fc7000 	C:\Program Files\Java\jdk-22\bin\jsvml.dll
0x00007ffdaca80000 - 0x00007ffdaca90000 	C:\Program Files\Java\jdk-22\bin\net.dll
0x00007ffdb58f0000 - 0x00007ffdb5959000 	C:\WINDOWS\system32\mswsock.dll
0x00007ffd780d0000 - 0x00007ffd780e6000 	C:\Program Files\Java\jdk-22\bin\nio.dll
0x00007ffd780b0000 - 0x00007ffd780c7000 	C:\Program Files\Java\jdk-22\bin\zip.dll
0x00007ffd3e870000 - 0x00007ffd3e9fe000 	C:\Program Files\Java\jdk-22\bin\awt.dll
0x00007ffdb0b10000 - 0x00007ffdb0ba7000 	C:\WINDOWS\SYSTEM32\apphelp.dll
0x00007ffdb0bd0000 - 0x00007ffdb0c7b000 	C:\WINDOWS\system32\uxtheme.dll
0x00007ffdb8550000 - 0x00007ffdb86a3000 	C:\WINDOWS\System32\MSCTF.dll
0x00007ffdb0dd0000 - 0x00007ffdb0dfb000 	C:\WINDOWS\system32\DWMAPI.DLL
0x00007ffd67800000 - 0x00007ffd67887000 	C:\Program Files\Java\jdk-22\bin\freetype.dll
0x00007ffd64960000 - 0x00007ffd64a37000 	C:\Program Files\Java\jdk-22\bin\fontmanager.dll
0x00007ffd78540000 - 0x00007ffd78640000 	C:\WINDOWS\system32\opengl32.dll
0x00007ffd78b60000 - 0x00007ffd78b8d000 	C:\WINDOWS\SYSTEM32\GLU32.dll
0x00007ffdb3500000 - 0x00007ffdb3539000 	C:\WINDOWS\SYSTEM32\dxcore.dll
0x00007ffd778f0000 - 0x00007ffd778f6000 	C:\Users\ACER\AppData\Local\Temp\flatlaf.temp\flatlaf-windows-x86_64-210940384215000.dll
0x00007ffd81f30000 - 0x00007ffd81f40000 	C:\Program Files\Java\jdk-22\bin\verify.dll
0x00007ffdb6e00000 - 0x00007ffdb6eb0000 	C:\WINDOWS\System32\clbcatq.dll
0x00007ffdaf410000 - 0x00007ffdaf5c0000 	C:\WINDOWS\SYSTEM32\WindowsCodecs.dll
0x00007ffd77580000 - 0x00007ffd775de000 	C:\WINDOWS\system32\dataexchange.dll
0x00007ffdae010000 - 0x00007ffdae29b000 	C:\WINDOWS\system32\twinapi.appcore.dll
0x00007ffd77910000 - 0x00007ffd77917000 	C:\Program Files\Java\jdk-22\bin\jawt.dll
0x00007ffd9f850000 - 0x00007ffd9f99b000 	C:\WINDOWS\SYSTEM32\textinputframework.dll

dbghelp: loaded successfully - version: 4.0.5 - missing functions: none
symbol engine: initialized successfully - sym options: 0x614 - pdb path: .;C:\Program Files\Java\jdk-22\bin;C:\WINDOWS\SYSTEM32;C:\WINDOWS\WinSxS\amd64_microsoft.windows.common-controls_6595b64144ccf1df_6.0.22621.3527_none_270e469b73872a76;C:\Program Files\Java\jdk-22\bin\server;C:\Users\ACER\AppData\Local\Temp\flatlaf.temp

VM Arguments:
jvm_args: -Dfile.encoding=UTF-8 --module-path=E:\IE003\UITravel\build\classes 
java_command: uitravel.UserSearch
java_class_path (initial): E:\IE003\UITravel\TimingFramework-0.55.jar;E:\IE003\UITravel\library\TimingFramework-0.55.jar;E:\IE003\UITravel\library\datechooser-swing-1.4.1.jar;E:\IE003\UITravel\library\flatlaf-3.4.1.jar;E:\IE003\UITravel\library\flatlaf-extras-3.4.1.jar;E:\IE003\UITravel\library\jsvg-1.4.0.jar;E:\IE003\UITravel\library\miglayout-4.0.jar;E:\IE003\UITravel\library\miglayout-core.jar;E:\IE003\UITravel\library\miglayout-swing.jar;E:\IE003\UITravel\library\svgSalamander-1.1.4.jar;E:\IE003\UITravel\library\swing-datetime-picker-1.2.0.jar;E:\IE003\UITravel\library\adyen-java-api-library-25.1.0.jar;C:\Program Files\NetBeans-21\netbeans\java\modules\ext\AbsoluteLayout.jar;E:\IE003\UITravel\build\classes
Launcher Type: SUN_STANDARD

[Global flags]
     intx CICompilerCount                          = 12                                        {product} {ergonomic}
     uint ConcGCThreads                            = 3                                         {product} {ergonomic}
     uint G1ConcRefinementThreads                  = 13                                        {product} {ergonomic}
   size_t G1HeapRegionSize                         = 2097152                                   {product} {ergonomic}
   size_t InitialHeapSize                          = 266338304                                 {product} {ergonomic}
   size_t MarkStackSize                            = 4194304                                   {product} {ergonomic}
   size_t MaxHeapSize                              = 4238344192                                {product} {ergonomic}
   size_t MaxNewSize                               = 2541748224                                {product} {ergonomic}
   size_t MinHeapDeltaBytes                        = 2097152                                   {product} {ergonomic}
   size_t MinHeapSize                              = 8388608                                   {product} {ergonomic}
    uintx NonNMethodCodeHeapSize                   = 7602480                                {pd product} {ergonomic}
    uintx NonProfiledCodeHeapSize                  = 122027880                              {pd product} {ergonomic}
    uintx ProfiledCodeHeapSize                     = 122027880                              {pd product} {ergonomic}
    uintx ReservedCodeCacheSize                    = 251658240                              {pd product} {ergonomic}
     bool SegmentedCodeCache                       = true                                      {product} {ergonomic}
   size_t SoftMaxHeapSize                          = 4238344192                             {manageable} {ergonomic}
     bool UseCompressedOops                        = true                           {product lp64_product} {ergonomic}
     bool UseG1GC                                  = true                                      {product} {ergonomic}
     bool UseLargePagesIndividualAllocation        = false                                  {pd product} {ergonomic}

Logging:
Log output configuration:
 #0: stdout all=warning uptime,level,tags foldmultilines=false
 #1: stderr all=off uptime,level,tags foldmultilines=false

Environment Variables:
JAVA_HOME=C:\Program Files\Java\jdk-22
PATH=C:\Program Files\Eclipse Adoptium\jdk-21.0.3.9-hotspot\bin;C:\Program Files\Common Files\Oracle\Java\javapath;C:\Program Files (x86)\Common Files\Oracle\Java\javapath;C:\Program Files\Eclipse Adoptium\jdk-21.0.2.13-hotspot\bin;C:\Program Files (x86)\Common Files\Intel\Shared Libraries\redist\intel64\compiler;C:\Program Files (x86)\Common Files\Intel\Shared Libraries\redist\ia32\compiler;C:\Windows\system32;C:\Windows;C:\Windows\System32\Wbem;C:\Windows\System32\WindowsPowerShell\v1.0\;C:\Windows\System32\OpenSSH\;C:\Program Files (x86)\NVIDIA Corporation\PhysX\Common;C:\Program Files\NVIDIA Corporation\NVIDIA NvDLISR;C:\Program Files (x86)\mingw-w64\i686-8.1.0-posix-dwarf-rt_v6-rev0\mingw32\bin;C:\WINDOWS\system32;C:\WINDOWS;C:\WINDOWS\System32\Wbem;C:\WINDOWS\System32\WindowsPowerShell\v1.0\;C:\WINDOWS\System32\OpenSSH\;C:\Program Files\Microsoft SQL Server\Client SDK\ODBC\170\Tools\Binn\;C:\Program Files (x86)\Microsoft SQL Server\150\Tools\Binn\;C:\Program Files\Microsoft SQL Server\150\Tools\Binn\;C:\Program Files\Microsoft SQL Server\150\DTS\Binn\;C:\Program Files (x86)\Microsoft SQL Server\150\DTS\Binn\;C:\Program Files\CMake\bin;C:\Program Files\Docker\Docker\resources\bin;C:\Program Files\dotnet\;C:\Program Files\nodejs\;C:\Program Files\Git\cmd;C:\Program Files\Cloudflare\Cloudflare WARP\;C:\Users\ACER\AppData\Local\Programs\Python\Python310\Scripts\;C:\Users\ACER\AppData\Local\Programs\Python\Python310\;C:\Users\ACER\AppData\Local\Microsoft\WindowsApps;C:\Users\ACER\AppData\Local\Programs\Microsoft VS Code\bin;C:\Program Files\Azure Data Studio\bin;C:\Users\ACER\AppData\Local\GitHubDesktop\bin;E:\Barebone\Compiler\win_flex_bison-2.5.4;C:\Users\ACER\AppData\Roaming\Microsoft\Windows\Start Menu\Programs\Python 3.10;C:\Users\ACER\.dotnet\tools;C:\Users\ACER\AppData\Roaming\npm;C:\Program Files (x86)\GnuWin32\bin;E:\nlp;E:\nlp\access;C:\Users\ACER\AppData\Local\Android\Sdk\emulator;C:\Users\ACER\AppData\Local\Android\android-sdk;C:\Users\ACER\AppData\Local\Android\Sdk\platform-tools;C:\Users\ACER\AppData\Local\Android\Sdk;C:\Users\ACER\AppData\Local\Android\android-sdk;C:\Program Files\Java\jdk-22\bin;C:\Program Files\Java\jre-1.8\bin;
USERNAME=ACER
OS=Windows_NT
PROCESSOR_IDENTIFIER=Intel64 Family 6 Model 141 Stepping 1, GenuineIntel
TMP=C:\Users\ACER\AppData\Local\Temp
TEMP=C:\Users\ACER\AppData\Local\Temp




Periodic native trim disabled

---------------  S Y S T E M  ---------------

OS:
 Windows 11 , 64 bit Build 22621 (10.0.22621.3527)
OS uptime: 0 days 5:51 hours
Hyper-V role detected

CPU: total 16 (initial active 16) (8 cores per cpu, 2 threads per core) family 6 model 141 stepping 1 microcode 0x3c, cx8, cmov, fxsr, ht, mmx, 3dnowpref, sse, sse2, sse3, ssse3, sse4.1, sse4.2, popcnt, lzcnt, tsc, tscinvbit, avx, avx2, aes, erms, clmul, bmi1, bmi2, adx, avx512f, avx512dq, avx512cd, avx512bw, avx512vl, sha, fma, vzeroupper, avx512_vpopcntdq, avx512_vpclmulqdq, avx512_vaes, avx512_vnni, clflush, clflushopt, clwb, avx512_vbmi2, avx512_vbmi, hv, rdtscp, rdpid, fsrm, gfni, avx512_bitalg, f16c, cet_ibt, cet_ss, avx512_ifma
Processor Information for all 16 processors :
  Max Mhz: 2304, Current Mhz: 2304, Mhz Limit: 2304

Memory: 4k page, system-wide physical 16163M (4855M free)
TotalPageFile size 18211M (AvailPageFile size 4M)
current process WorkingSet (physical memory assigned to process): 183M, peak: 183M
current process commit charge ("private bytes"): 419M, peak: 419M

vm_info: Java HotSpot(TM) 64-Bit Server VM (22+36-2370) for windows-amd64 JRE (22+36-2370), built on 2024-02-15T22:15:19Z by "mach5one" with MS VC++ 17.6 (VS2022)

END.
