#
# There is insufficient memory for the Java Runtime Environment to continue.
# Native memory allocation (mmap) failed to map 266338304 bytes. Error detail: G1 virtual space
# Possible reasons:
#   The system is out of physical RAM or swap space
#   This process is running with CompressedOops enabled, and the Java Heap may be blocking the growth of the native heap
# Possible solutions:
#   Reduce memory load on the system
#   Increase physical memory or swap space
#   Check if swap backing store is full
#   Decrease Java heap size (-Xmx/-Xms)
#   Decrease number of Java threads
#   Decrease Java thread stack sizes (-Xss)
#   Set larger code cache with -XX:ReservedCodeCacheSize=
#   JVM is running with Zero Based Compressed Oops mode in which the Java heap is
#     placed in the first 32GB address space. The Java Heap base address is the
#     maximum limit for the native heap growth. Please use -XX:HeapBaseMinAddress
#     to set the Java Heap base and to place the Java Heap above 32GB virtual address.
# This output file may be truncated or incomplete.
#
#  Out of Memory Error (os_windows.cpp:3631), pid=23288, tid=4588
#
# JRE version:  (22.0+36) (build )
# Java VM: Java HotSpot(TM) 64-Bit Server VM (22+36-2370, mixed mode, sharing, tiered, compressed oops, compressed class ptrs, g1 gc, windows-amd64)
# No core dump will be written. Minidumps are not enabled by default on client versions of Windows
#

---------------  S U M M A R Y ------------

Command Line: -Dfile.encoding=UTF-8 --module-path=F:\IE003\UITravel\build\classes uitravel.UserMain

Host: 11th Gen Intel(R) Core(TM) i7-11800H @ 2.30GHz, 16 cores, 15G,  Windows 11 , 64 bit Build 22621 (10.0.22621.3527)
Time: Thu Jun  6 12:56:58 2024 SE Asia Standard Time elapsed time: 0.007509 seconds (0d 0h 0m 0s)

---------------  T H R E A D  ---------------

Current thread (0x000001e2c4ab3180):  JavaThread "Unknown thread" [_thread_in_vm, id=4588, stack(0x0000004d95700000,0x0000004d95800000) (1024K)]

Stack: [0x0000004d95700000,0x0000004d95800000]
Native frames: (J=compiled Java code, j=interpreted, Vv=VM code, C=native code)
V  [jvm.dll+0x6e2349]  (no source info available)
V  [jvm.dll+0x874ed3]  (no source info available)
V  [jvm.dll+0x8772fe]  (no source info available)
V  [jvm.dll+0x8779d3]  (no source info available)
V  [jvm.dll+0x27fcb6]  (no source info available)
V  [jvm.dll+0x6de9e5]  (no source info available)
V  [jvm.dll+0x6d34ea]  (no source info available)
V  [jvm.dll+0x35892a]  (no source info available)
V  [jvm.dll+0x360e56]  (no source info available)
V  [jvm.dll+0x3b3d7e]  (no source info available)
V  [jvm.dll+0x3b4028]  (no source info available)
V  [jvm.dll+0x32c4ec]  (no source info available)
V  [jvm.dll+0x32d0a8]  (no source info available)
V  [jvm.dll+0x83cd9c]  (no source info available)
V  [jvm.dll+0x3c0cc1]  (no source info available)
V  [jvm.dll+0x825d8c]  (no source info available)
V  [jvm.dll+0x45b9ee]  (no source info available)
V  [jvm.dll+0x45d871]  (no source info available)
C  [jli.dll+0x52a3]  (no source info available)
C  [ucrtbase.dll+0x29333]  (no source info available)
C  [KERNEL32.DLL+0x1257d]  (no source info available)
C  [ntdll.dll+0x5aa48]  (no source info available)


---------------  P R O C E S S  ---------------

Threads class SMR info:
_java_thread_list=0x00007ff98e10c1c8, length=0, elements={
}

Java Threads: ( => current thread )
Total: 0

Other Threads:
  0x000001e2c6c7a510 WorkerThread "GC Thread#0"                     [id=25344, stack(0x0000004d95800000,0x0000004d95900000) (1024K)]
  0x000001e2c6c8b340 ConcurrentGCThread "G1 Main Marker"            [id=5244, stack(0x0000004d95900000,0x0000004d95a00000) (1024K)]
  0x000001e2c6c8c660 WorkerThread "G1 Conc#0"                       [id=19040, stack(0x0000004d95a00000,0x0000004d95b00000) (1024K)]

[error occurred during error reporting (printing all threads), id 0xc0000005, EXCEPTION_ACCESS_VIOLATION (0xc0000005) at pc=0x00007ff98d85f2b7]
VM state: not at safepoint (not fully initialized)

VM Mutex/Monitor currently owned by a thread:  ([mutex/lock_event])
[0x00007ff98e18ccc8] Heap_lock - owner thread: 0x000001e2c4ab3180

Heap address: 0x0000000703600000, size: 4042 MB, Compressed Oops mode: Zero based, Oop shift amount: 3

CDS archive(s) mapped at: [0x0000000000000000-0x0000000000000000-0x0000000000000000), size 0, SharedBaseAddress: 0x0000000800000000, ArchiveRelocationMode: 1.
Narrow klass base: 0x0000000000000000, Narrow klass shift: 0, Narrow klass range: 0x0

GC Precious Log:
 CardTable entry size: 512
 Card Set container configuration: InlinePtr #cards 4 size 8 Array Of Cards #cards 16 size 48 Howl #buckets 8 coarsen threshold 3686 Howl Bitmap #cards 512 size 80 coarsen threshold 460 Card regions per heap region 1 cards per card region 4096

Heap:
 garbage-first heap   total reserved 4139008K, committed 0K, used 0K [0x0000000703600000, 0x0000000800000000)
  region size 2048K, 0 young (0K), 0 survivors (0K)

[error occurred during error reporting (printing heap information), id 0xc0000005, EXCEPTION_ACCESS_VIOLATION (0xc0000005) at pc=0x00007ff98dc5e4e9]
GC Heap History (0 events):
No events

Dll operation events (1 events):
Event: 0.005 Loaded shared library C:\Program Files\Java\jdk-22\bin\java.dll

Deoptimization events (0 events):
No events

Classes loaded (0 events):
No events

Classes unloaded (0 events):
No events

Classes redefined (0 events):
No events

Internal exceptions (0 events):
No events

ZGC Phase Switch (0 events):
No events

VM Operations (0 events):
No events

Events (0 events):
No events


Dynamic libraries:
0x00007ff6ed040000 - 0x00007ff6ed050000 	C:\Program Files\Java\jdk-22\bin\java.exe
0x00007ffa02330000 - 0x00007ffa02547000 	C:\WINDOWS\SYSTEM32\ntdll.dll
0x00007ffa019b0000 - 0x00007ffa01a74000 	C:\WINDOWS\System32\KERNEL32.DLL
0x00007ff9ff980000 - 0x00007ff9ffd27000 	C:\WINDOWS\System32\KERNELBASE.dll
0x00007ff9ffe50000 - 0x00007ff9fff61000 	C:\WINDOWS\System32\ucrtbase.dll
0x00007ff9f9700000 - 0x00007ff9f971b000 	C:\Program Files\Java\jdk-22\bin\VCRUNTIME140.dll
0x00007ff9f1ad0000 - 0x00007ff9f1ae7000 	C:\Program Files\Java\jdk-22\bin\jli.dll
0x00007ffa01ce0000 - 0x00007ffa01d92000 	C:\WINDOWS\System32\ADVAPI32.dll
0x00007ffa01320000 - 0x00007ffa013c7000 	C:\WINDOWS\System32\msvcrt.dll
0x00007ffa01900000 - 0x00007ffa019a8000 	C:\WINDOWS\System32\sechost.dll
0x00007ff9fff70000 - 0x00007ff9fff98000 	C:\WINDOWS\System32\bcrypt.dll
0x00007ffa00d30000 - 0x00007ffa00e45000 	C:\WINDOWS\System32\RPCRT4.dll
0x00007ffa01b30000 - 0x00007ffa01cde000 	C:\WINDOWS\System32\USER32.dll
0x00007ff9ff6c0000 - 0x00007ff9ff6e6000 	C:\WINDOWS\System32\win32u.dll
0x00007ff9eb0d0000 - 0x00007ff9eb363000 	C:\WINDOWS\WinSxS\amd64_microsoft.windows.common-controls_6595b64144ccf1df_6.0.22621.3527_none_270e469b73872a76\COMCTL32.dll
0x00007ffa012e0000 - 0x00007ffa01309000 	C:\WINDOWS\System32\GDI32.dll
0x00007ff9ffd30000 - 0x00007ff9ffe49000 	C:\WINDOWS\System32\gdi32full.dll
0x00007ff9ff8e0000 - 0x00007ff9ff97a000 	C:\WINDOWS\System32\msvcp_win.dll
0x00007ff9f4060000 - 0x00007ff9f406a000 	C:\WINDOWS\SYSTEM32\VERSION.dll
0x00007ffa002b0000 - 0x00007ffa002e1000 	C:\WINDOWS\System32\IMM32.DLL
0x00007ff9f96f0000 - 0x00007ff9f96fc000 	C:\Program Files\Java\jdk-22\bin\vcruntime140_1.dll
0x00007ff9ba0e0000 - 0x00007ff9ba16e000 	C:\Program Files\Java\jdk-22\bin\msvcp140.dll
0x00007ff98d520000 - 0x00007ff98e268000 	C:\Program Files\Java\jdk-22\bin\server\jvm.dll
0x00007ffa01a80000 - 0x00007ffa01af1000 	C:\WINDOWS\System32\WS2_32.dll
0x00007ff9fe490000 - 0x00007ff9fe4dd000 	C:\WINDOWS\SYSTEM32\POWRPROF.dll
0x00007ff9f5b00000 - 0x00007ff9f5b34000 	C:\WINDOWS\SYSTEM32\WINMM.dll
0x00007ff9fe470000 - 0x00007ff9fe483000 	C:\WINDOWS\SYSTEM32\UMPDC.dll
0x00007ff9fe720000 - 0x00007ff9fe738000 	C:\WINDOWS\SYSTEM32\kernel.appcore.dll
0x00007ff9f7ff0000 - 0x00007ff9f7ffa000 	C:\Program Files\Java\jdk-22\bin\jimage.dll
0x00007ff9fccc0000 - 0x00007ff9fcef2000 	C:\WINDOWS\SYSTEM32\DBGHELP.DLL
0x00007ffa00e50000 - 0x00007ffa011d8000 	C:\WINDOWS\System32\combase.dll
0x00007ffa01480000 - 0x00007ffa01557000 	C:\WINDOWS\System32\OLEAUT32.dll
0x00007ff9f1c30000 - 0x00007ff9f1c62000 	C:\WINDOWS\SYSTEM32\dbgcore.DLL
0x00007ff9ff6f0000 - 0x00007ff9ff769000 	C:\WINDOWS\System32\bcryptPrimitives.dll
0x00007ff9f8000000 - 0x00007ff9f801e000 	C:\Program Files\Java\jdk-22\bin\java.dll
0x00007ffa004d0000 - 0x00007ffa00d2c000 	C:\WINDOWS\System32\SHELL32.dll
0x00007ffa01750000 - 0x00007ffa018f5000 	C:\WINDOWS\System32\ole32.dll

dbghelp: loaded successfully - version: 4.0.5 - missing functions: none
symbol engine: initialized successfully - sym options: 0x614 - pdb path: .;C:\Program Files\Java\jdk-22\bin;C:\WINDOWS\SYSTEM32;C:\WINDOWS\WinSxS\amd64_microsoft.windows.common-controls_6595b64144ccf1df_6.0.22621.3527_none_270e469b73872a76;C:\Program Files\Java\jdk-22\bin\server

VM Arguments:
jvm_args: -Dfile.encoding=UTF-8 --module-path=F:\IE003\UITravel\build\classes 
java_command: uitravel.UserMain
java_class_path (initial): F:\IE003\UITravel\library\TimingFramework-0.55.jar;F:\IE003\UITravel\library\datechooser-swing-1.4.1.jar;F:\IE003\UITravel\library\flatlaf-3.4.1.jar;F:\IE003\UITravel\library\flatlaf-extras-3.4.1.jar;F:\IE003\UITravel\library\jsvg-1.4.0.jar;F:\IE003\UITravel\library\miglayout-4.0.jar;F:\IE003\UITravel\library\miglayout-core.jar;F:\IE003\UITravel\library\miglayout-swing.jar;F:\IE003\UITravel\library\svgSalamander-1.1.4.jar;F:\IE003\UITravel\library\swing-datetime-picker-1.2.0.jar;F:\IE003\UITravel\library\adyen-java-api-library-25.1.0.jar;C:\Program Files\NetBeans-21\netbeans\java\modules\ext\AbsoluteLayout.jar;F:\IE003\UITravel\library\jar_files\animal-sniffer-annotations-1.23.jar;F:\IE003\UITravel\library\jar_files\annotations-4.1.1.4.jar;F:\IE003\UITravel\library\jar_files\api-common-2.31.0.jar;F:\IE003\UITravel\library\jar_files\auto-value-annotations-1.10.4.jar;F:\IE003\UITravel\library\jar_files\checker-qual-3.42.0.jar;F:\IE003\UITravel\library\jar_files\commons-codec-1.16.1.jar;F:\IE003\UITravel\library\jar_files\commons-logging-1.2.jar;F:\IE003\UITravel\library\jar_files\conscrypt-openjdk-uber-2.5.2.jar;F:\IE003\UITravel\library\jar_files\error_prone_annotations-2.23.0.jar;F:\IE003\UITravel\library\jar_files\failureaccess-1.0.2.jar;F:\IE003\UITravel\library\jar_files\firebase-admin-9.3.0.jar;F:\IE003\UITravel\library\jar_files\gapic-google-cloud-storage-v2-2.38.0-alpha.jar;F:\IE003\UITravel\library\jar_files\gax-2.48.0.jar;F:\IE003\UITravel\library\jar_files\gax-grpc-2.48.0.jar;F:\IE003\UITravel\library\jar_files\gax-httpjson-2.48.0.jar;F:\IE003\UITravel\library\jar_files\google-api-client-2.4.0.jar;F:\IE003\UITravel\library\jar_files\google-api-client-gson-2.4.0.jar;F:\IE003\UITravel\library\jar_files\google-api-services-storage-v1-rev20240319-2.0.0.jar;F:\IE003\UITravel\library\jar_files\google-auth-library-credentials-1.23.0.jar;F:\IE003\UITravel\library\jar_files\google-auth-library-oauth2-http-1.23.0.jar;F:\IE003\UITravel\library\jar_files\google-cloud-core-2.38.0.jar;F:\IE003\UITravel\library\jar_files\google-cloud-core-grpc-2.38.0.jar;F:\IE003\UITravel\library\jar_files\google-cloud-core-http-2.38.0.jar;F:\IE003\UITravel\library\jar_files\google-cloud-firestore-3.21.1.jar;F:\IE003\UITravel\library\jar_files\google-cloud-storage-2.38.0.jar;F:\IE003\UITravel\library\jar_files\google-http-client-1.44.1.jar;F:\IE003\UITravel\library\jar_files\google-http-client-apache-v2-1.44.1.jar;F:\IE003\UITravel\library\jar_files\google-http-client-appengine-1.44.1.jar;F:\IE003\UITravel\library\jar_files\google-http-client-gson-1.44.1.jar;F:\IE003\UITravel\library\jar_files\google-http-client-jackson2-1.44.1.jar;F:\IE003\UITravel\library\jar_files\google-oauth-client-1.35.0.jar;F:\IE003\UITravel\library\jar_files\grpc-alts-1.62.2.jar;F:\IE003\UITravel\library\jar_files\grpc-api-1.62.2.jar;F:\IE003\UITravel\library\jar_files\grpc-auth-1.62.2.jar;F:\IE003\UITravel\library\jar_files\grpc-context-1.60.1.jar;F:\IE003\UITravel\library\jar_files\grpc-core-1.62.2.jar;F:\IE003\UITravel\library\jar_files\grpc-google-cloud-storage-v2-2.38.0-alpha.jar;F:\IE003\UITravel\library\jar_files\grpc-googleapis-1.62.2.jar;F:\IE003\UITravel\library\jar_files\grpc-grpclb-1.62.2.jar;F:\IE003\UITravel\library\jar_files\grpc-inprocess-1.62.2.jar;F:\IE003\UITravel\library\jar_files\grpc-netty-shaded-1.62.2.jar;F:\IE003\UITravel\library\jar_files\grpc-protobuf-1.62.2.jar;F:\IE003\UITravel\library\jar_files\grpc-protobuf-lite-1.62.2.jar;F:\IE003\UITravel\library\jar_files\grpc-rls-1.62.2.jar;F:\IE003\UITravel\library\jar_files\grpc-services-1.62.2.jar;F:\IE003\UITravel\library\jar_files\grpc-stub-1.62.2.jar;F:\IE003\UITravel\library\jar_files\grpc-util-1.62.2.jar;F:\IE003\UITravel\library\jar_files\grpc-xds-1.62.2.jar;F:\IE003\UITravel\library\jar_files\gson-2.10.1.jar;F:\IE003\UITravel\library\jar_files\guava-33.1.0-jre.jar;F:\IE003\UITravel\library\jar_files\httpclient-4.5.14.jar;F:\IE003\UITravel\library\jar_files\httpcore-4.4.16.jar;F:\IE003\UITravel\library\jar_files\j2objc-annotations-2.8.jar;F:\IE003\UITravel\library\jar_files\jackson-core-2.17.0.jar;F:\IE003\UITravel\library\jar_files\javax.annotation-api-1.3.2.jar;F:\IE003\UITravel\library\jar_files\jsr305-3.0.2.jar;F:\IE003\UITravel\library\jar_files\listenablefuture-9999.0-empty-to-avoid-conflict-with-guava.jar;F:\IE003\UITravel\library\jar_files\netty-buffer-4.1.109.Final.jar;F:\IE003\UITravel\library\jar_files\netty-codec-4.1.109.Final.jar;F:\IE003\UITravel\library\jar_files\netty-codec-http-4.1.109.Final.jar;F:\IE003\UITravel\library\jar_files\netty-common-4.1.109.Final.jar;F:\IE003\UITravel\library\jar_files\netty-handler-4.1.109.Final.jar;F:\IE003\UITravel\library\jar_files\netty-resolver-4.1.109.Final.jar;F:\IE003\UITravel\library\jar_files\netty-transport-4.1.109.Final.jar;F:\IE003\UITravel\library\jar_files\netty-transport-native-unix-common-4.1.109.Final.jar;F:\IE003\UITravel\library\jar_files\opencensus-api-0.31.1.jar;F:\IE003\UITravel\library\jar_files\opencensus-contrib-grpc-util-0.31.1.jar;F:\IE003\UITravel\library\jar_files\opencensus-contrib-http-util-0.31.1.jar;F:\IE003\UITravel\library\jar_files\opencensus-proto-0.2.0.jar;F:\IE003\UITravel\library\jar_files\perfmark-api-0.27.0.jar;F:\IE003\UITravel\library\jar_files\proto-google-cloud-firestore-bundle-v1-3.21.1.jar;F:\IE003\UITravel\library\jar_files\proto-google-cloud-firestore-v1-3.21.1.jar;F:\IE003\UITravel\library\jar_files\proto-google-cloud-storage-v2-2.38.0-alpha.jar;F:\IE003\UITravel\library\jar_files\proto-google-common-protos-2.39.0.jar;F:\IE003\UITravel\library\jar_files\proto-google-iam-v1-1.34.0.jar;F:\IE003\UITravel\library\jar_files\protobuf-java-3.25.3.jar;F:\IE003\UITravel\library\jar_files\protobuf-java-util-3.25.3.jar;F:\IE003\UITravel\library\jar_files\re2j-1.7.jar;F:\IE003\UITravel\library\jar_files\slf4j-api-2.0.13.jar;F:\IE003\UITravel\library\jar_files\threetenbp-1.6.9.jar;F:\IE003\UITravel\library\commons-lang3-3.14.0-r1.jar;F:\IE003\UITravel\library\json-20240303.jar;F:\IE003\UITravel\library\firebase-admin-5.9.0.jar;F:\IE003\UITravel\build\classes
Launcher Type: SUN_STANDARD

[Global flags]
     intx CICompilerCount                          = 12                                        {product} {ergonomic}
     uint ConcGCThreads                            = 3                                         {product} {ergonomic}
     uint G1ConcRefinementThreads                  = 13                                        {product} {ergonomic}
   size_t G1HeapRegionSize                         = 2097152                                   {product} {ergonomic}
   size_t InitialHeapSize                          = 266338304                                 {product} {ergonomic}
   size_t MarkStackSize                            = 4194304                                   {product} {ergonomic}
   size_t MaxHeapSize                              = 4238344192                                {product} {ergonomic}
   size_t MinHeapDeltaBytes                        = 2097152                                   {product} {ergonomic}
   size_t MinHeapSize                              = 8388608                                   {product} {ergonomic}
    uintx NonNMethodCodeHeapSize                   = 7602480                                {pd product} {ergonomic}
    uintx NonProfiledCodeHeapSize                  = 122027880                              {pd product} {ergonomic}
    uintx ProfiledCodeHeapSize                     = 122027880                              {pd product} {ergonomic}
    uintx ReservedCodeCacheSize                    = 251658240                              {pd product} {ergonomic}
     bool SegmentedCodeCache                       = true                                      {product} {ergonomic}
   size_t SoftMaxHeapSize                          = 4238344192                             {manageable} {ergonomic}
     bool UseCompressedOops                        = true                           {product lp64_product} {ergonomic}
     bool UseG1GC                                  = true                                      {product} {ergonomic}
     bool UseLargePagesIndividualAllocation        = false                                  {pd product} {ergonomic}

Logging:
Log output configuration:
 #0: stdout all=warning uptime,level,tags foldmultilines=false
 #1: stderr all=off uptime,level,tags foldmultilines=false

Environment Variables:
JAVA_HOME=C:\Program Files\Java\jdk-22
PATH=C:\Program Files\Common Files\Oracle\Java\javapath;C:\Program Files (x86)\Common Files\Oracle\Java\javapath;C:\Program Files\Eclipse Adoptium\jdk-21.0.2.13-hotspot\bin;C:\Program Files (x86)\Common Files\Intel\Shared Libraries\redist\intel64\compiler;C:\Program Files (x86)\Common Files\Intel\Shared Libraries\redist\ia32\compiler;C:\Windows\system32;C:\Windows;C:\Windows\System32\Wbem;C:\Windows\System32\WindowsPowerShell\v1.0\;C:\Windows\System32\OpenSSH\;C:\Program Files (x86)\NVIDIA Corporation\PhysX\Common;C:\Program Files\NVIDIA Corporation\NVIDIA NvDLISR;C:\Program Files (x86)\mingw-w64\i686-8.1.0-posix-dwarf-rt_v6-rev0\mingw32\bin;C:\WINDOWS\system32;C:\WINDOWS;C:\WINDOWS\System32\Wbem;C:\WINDOWS\System32\WindowsPowerShell\v1.0\;C:\WINDOWS\System32\OpenSSH\;C:\Program Files\Microsoft SQL Server\Client SDK\ODBC\170\Tools\Binn\;C:\Program Files (x86)\Microsoft SQL Server\150\Tools\Binn\;C:\Program Files\Microsoft SQL Server\150\Tools\Binn\;C:\Program Files\Microsoft SQL Server\150\DTS\Binn\;C:\Program Files (x86)\Microsoft SQL Server\150\DTS\Binn\;C:\Program Files\Docker\Docker\resources\bin;C:\Program Files\dotnet\;C:\Program Files\nodejs\;C:\Program Files\Git\cmd;C:\Program Files\Cloudflare\Cloudflare WARP\;C:\Users\ACER\AppData\Local\Programs\Python\Python312;C:\Users\ACER\AppData\Local\Programs\Python\Python312\Scripts;C:\Program Files\heroku\bin;C:\Users\ACER\AppData\Local\Programs\Python\Python312\Scripts\;C:\Users\ACER\AppData\Local\Programs\Python\Python312\;C:\Users\ACER\AppData\Local\Microsoft\WindowsApps;C:\Users\ACER\AppData\Local\Programs\Microsoft VS Code\bin;C:\Program Files\Azure Data Studio\bin;C:\Users\ACER\AppData\Local\GitHubDesktop\bin;E:\Barebone\Compiler\win_flex_bison-2.5.4;C:\Users\ACER\AppData\Roaming\Microsoft\Windows\Start Menu\Programs\Python 3.10;C:\Users\ACER\.dotnet\tools;C:\Users\ACER\AppData\Roaming\npm;C:\Program Files (x86)\GnuWin32\bin;E:\nlp;E:\nlp\access;C:\Users\ACER\AppData\Local\Android\Sdk\emulator;C:\Users\ACER\AppData\Local\Android\android-sdk;C:\Users\ACER\AppData\Local\Android\Sdk\platform-tools;C:\Users\ACER\AppData\Local\Android\Sdk;C:\Users\ACER\AppData\Local\Android\android-sdk;C:\Program Files\Java\jdk-22\bin;C:\Program Files\Java\jre-1.8\bin;C:\Users\ACER\AppData\Local\Programs\Python\Python312;
USERNAME=ACER
OS=Windows_NT
PROCESSOR_IDENTIFIER=Intel64 Family 6 Model 141 Stepping 1, GenuineIntel
TMP=C:\Users\ACER\AppData\Local\Temp
TEMP=C:\Users\ACER\AppData\Local\Temp




Periodic native trim disabled

---------------  S Y S T E M  ---------------

OS:
 Windows 11 , 64 bit Build 22621 (10.0.22621.3527)
OS uptime: 1 days 15:39 hours
Hyper-V role detected

CPU: total 16 (initial active 16) (8 cores per cpu, 2 threads per core) family 6 model 141 stepping 1 microcode 0x3c, cx8, cmov, fxsr, ht, mmx, 3dnowpref, sse, sse2, sse3, ssse3, sse4.1, sse4.2, popcnt, lzcnt, tsc, tscinvbit, avx, avx2, aes, erms, clmul, bmi1, bmi2, adx, avx512f, avx512dq, avx512cd, avx512bw, avx512vl, sha, fma, vzeroupper, avx512_vpopcntdq, avx512_vpclmulqdq, avx512_vaes, avx512_vnni, clflush, clflushopt, clwb, avx512_vbmi2, avx512_vbmi, hv, rdtscp, rdpid, fsrm, gfni, avx512_bitalg, f16c, cet_ibt, cet_ss, avx512_ifma
Processor Information for all 16 processors :
  Max Mhz: 2304, Current Mhz: 2304, Mhz Limit: 2304

Memory: 4k page, system-wide physical 16163M (3165M free)
TotalPageFile size 18211M (AvailPageFile size 221M)
current process WorkingSet (physical memory assigned to process): 12M, peak: 12M
current process commit charge ("private bytes"): 71M, peak: 325M

vm_info: Java HotSpot(TM) 64-Bit Server VM (22+36-2370) for windows-amd64 JRE (22+36-2370), built on 2024-02-15T22:15:19Z by "mach5one" with MS VC++ 17.6 (VS2022)

END.
