#
# There is insufficient memory for the Java Runtime Environment to continue.
# Native memory allocation (malloc) failed to allocate 874096 bytes. Error detail: Chunk::new
# Possible reasons:
#   The system is out of physical RAM or swap space
#   This process is running with CompressedOops enabled, and the Java Heap may be blocking the growth of the native heap
# Possible solutions:
#   Reduce memory load on the system
#   Increase physical memory or swap space
#   Check if swap backing store is full
#   Decrease Java heap size (-Xmx/-Xms)
#   Decrease number of Java threads
#   Decrease Java thread stack sizes (-Xss)
#   Set larger code cache with -XX:ReservedCodeCacheSize=
#   JVM is running with Zero Based Compressed Oops mode in which the Java heap is
#     placed in the first 32GB address space. The Java Heap base address is the
#     maximum limit for the native heap growth. Please use -XX:HeapBaseMinAddress
#     to set the Java Heap base and to place the Java Heap above 32GB virtual address.
# This output file may be truncated or incomplete.
#
#  Out of Memory Error (arena.cpp:150), pid=18752, tid=2132
#
# JRE version: Java(TM) SE Runtime Environment (22.0+36) (build 22+36-2370)
# Java VM: Java HotSpot(TM) 64-Bit Server VM (22+36-2370, mixed mode, sharing, tiered, compressed oops, compressed class ptrs, g1 gc, windows-amd64)
# No core dump will be written. Minidumps are not enabled by default on client versions of Windows
#

---------------  S U M M A R Y ------------

Command Line: -Dfile.encoding=UTF-8 --module-path=E:\IE003\UITravel\build\classes uitravel.AdminMain

Host: 11th Gen Intel(R) Core(TM) i7-11800H @ 2.30GHz, 16 cores, 15G,  Windows 11 , 64 bit Build 22621 (10.0.22621.3527)
Time: Tue May 28 22:53:45 2024 SE Asia Standard Time elapsed time: 0.663518 seconds (0d 0h 0m 0s)

---------------  T H R E A D  ---------------

Current thread (0x00000149c47631c0):  JavaThread "C2 CompilerThread1" daemon [_thread_in_native, id=2132, stack(0x0000003e1d800000,0x0000003e1d900000) (1024K)]


Current CompileTask:
C2:663 1613       4       sun.awt.image.PNGImageDecoder::filterRow (460 bytes)

Stack: [0x0000003e1d800000,0x0000003e1d900000]
Native frames: (J=compiled Java code, j=interpreted, Vv=VM code, C=native code)
V  [jvm.dll+0x6e2349]  (no source info available)
V  [jvm.dll+0x874ed3]  (no source info available)
V  [jvm.dll+0x8772fe]  (no source info available)
V  [jvm.dll+0x8779d3]  (no source info available)
V  [jvm.dll+0x27fcb6]  (no source info available)
V  [jvm.dll+0xc3d0f]  (no source info available)
V  [jvm.dll+0xc3f6b]  (no source info available)
V  [jvm.dll+0x2f3b6f]  (no source info available)
V  [jvm.dll+0x60bd8a]  (no source info available)
V  [jvm.dll+0x2499d6]  (no source info available)
V  [jvm.dll+0x246eb6]  (no source info available)
V  [jvm.dll+0x1c4e90]  (no source info available)
V  [jvm.dll+0x25699e]  (no source info available)
V  [jvm.dll+0x254c5a]  (no source info available)
V  [jvm.dll+0x3f5426]  (no source info available)
V  [jvm.dll+0x81d50b]  (no source info available)
V  [jvm.dll+0x6e09e5]  (no source info available)
C  [ucrtbase.dll+0x29333]  (no source info available)
C  [KERNEL32.DLL+0x1257d]  (no source info available)
C  [ntdll.dll+0x5aa48]  (no source info available)


---------------  P R O C E S S  ---------------

Threads class SMR info:
_java_thread_list=0x0000014a0a6b6950, length=21, elements={
0x00000149c434e850, 0x00000149c4561e50, 0x00000149c4564de0, 0x00000149c4567fb0,
0x00000149c45694b0, 0x00000149c456a250, 0x00000149c456d730, 0x00000149c45846a0,
0x00000149c46514c0, 0x00000149c46a0ff0, 0x00000149c4760b10, 0x00000149c47631c0,
0x00000149c494f100, 0x00000149c4951960, 0x00000149c4933ef0, 0x0000014a0a7cd5c0,
0x00000149a2749b60, 0x0000014a0a7abd20, 0x0000014a0a899f40, 0x0000014a0a918bb0,
0x0000014a0a9356a0
}

Java Threads: ( => current thread )
  0x00000149c434e850 JavaThread "Reference Handler"          daemon [_thread_blocked, id=19636, stack(0x0000003e1cd00000,0x0000003e1ce00000) (1024K)]
  0x00000149c4561e50 JavaThread "Finalizer"                  daemon [_thread_blocked, id=20380, stack(0x0000003e1ce00000,0x0000003e1cf00000) (1024K)]
  0x00000149c4564de0 JavaThread "Signal Dispatcher"          daemon [_thread_blocked, id=18656, stack(0x0000003e1cf00000,0x0000003e1d000000) (1024K)]
  0x00000149c4567fb0 JavaThread "Attach Listener"            daemon [_thread_blocked, id=17832, stack(0x0000003e1d000000,0x0000003e1d100000) (1024K)]
  0x00000149c45694b0 JavaThread "Service Thread"             daemon [_thread_blocked, id=9308, stack(0x0000003e1d100000,0x0000003e1d200000) (1024K)]
  0x00000149c456a250 JavaThread "Monitor Deflation Thread"   daemon [_thread_blocked, id=17356, stack(0x0000003e1d200000,0x0000003e1d300000) (1024K)]
  0x00000149c456d730 JavaThread "C2 CompilerThread0"         daemon [_thread_blocked, id=22204, stack(0x0000003e1d300000,0x0000003e1d400000) (1024K)]
  0x00000149c45846a0 JavaThread "C1 CompilerThread0"         daemon [_thread_in_native, id=13156, stack(0x0000003e1d400000,0x0000003e1d500000) (1024K)]
  0x00000149c46514c0 JavaThread "Common-Cleaner"             daemon [_thread_blocked, id=18744, stack(0x0000003e1d500000,0x0000003e1d600000) (1024K)]
  0x00000149c46a0ff0 JavaThread "C1 CompilerThread1"         daemon [_thread_in_vm, id=23468, stack(0x0000003e1d600000,0x0000003e1d700000) (1024K)]
  0x00000149c4760b10 JavaThread "Notification Thread"        daemon [_thread_blocked, id=6748, stack(0x0000003e1d700000,0x0000003e1d800000) (1024K)]
=>0x00000149c47631c0 JavaThread "C2 CompilerThread1"         daemon [_thread_in_native, id=2132, stack(0x0000003e1d800000,0x0000003e1d900000) (1024K)]
  0x00000149c494f100 JavaThread "Java2D Disposer"            daemon [_thread_blocked, id=11308, stack(0x0000003e1d900000,0x0000003e1da00000) (1024K)]
  0x00000149c4951960 JavaThread "AWT-Shutdown"                      [_thread_blocked, id=16724, stack(0x0000003e1da00000,0x0000003e1db00000) (1024K)]
  0x00000149c4933ef0 JavaThread "AWT-Windows"                daemon [_thread_in_native, id=6836, stack(0x0000003e1db00000,0x0000003e1dc00000) (1024K)]
  0x0000014a0a7cd5c0 JavaThread "AWT-EventQueue-0"                  [_thread_in_Java, id=16088, stack(0x0000003e1dc00000,0x0000003e1dd00000) (1024K)]
  0x00000149a2749b60 JavaThread "DestroyJavaVM"                     [_thread_blocked, id=5700, stack(0x0000003e1c500000,0x0000003e1c600000) (1024K)]
  0x0000014a0a7abd20 JavaThread "TimerQueue"                 daemon [_thread_blocked, id=17412, stack(0x0000003e1dd00000,0x0000003e1de00000) (1024K)]
  0x0000014a0a899f40 JavaThread "Image Fetcher 0"            daemon [_thread_blocked, id=10100, stack(0x0000003e1de00000,0x0000003e1df00000) (1024K)]
  0x0000014a0a918bb0 JavaThread "C1 CompilerThread2"         daemon [_thread_in_native, id=13816, stack(0x0000003e1df00000,0x0000003e1e000000) (1024K)]
  0x0000014a0a9356a0 JavaThread "C1 CompilerThread3"         daemon [_thread_in_vm, id=4344, stack(0x0000003e1e000000,0x0000003e1e100000) (1024K)]
Total: 21

Other Threads:
  0x00000149c433d1b0 VMThread "VM Thread"                           [id=12460, stack(0x0000003e1cc00000,0x0000003e1cd00000) (1024K)]
  0x00000149c4321540 WatcherThread "VM Periodic Task Thread"        [id=12312, stack(0x0000003e1cb00000,0x0000003e1cc00000) (1024K)]
  0x00000149a4942e30 WorkerThread "GC Thread#0"                     [id=14304, stack(0x0000003e1c600000,0x0000003e1c700000) (1024K)]
  0x0000014a0aa68020 WorkerThread "GC Thread#1"                     [id=14864, stack(0x0000003e1e400000,0x0000003e1e500000) (1024K)]
  0x0000014a0ab99c60 WorkerThread "GC Thread#2"                     [id=24192, stack(0x0000003e1e500000,0x0000003e1e600000) (1024K)]
  0x0000014a0ab9a010 WorkerThread "GC Thread#3"                     [id=2992, stack(0x0000003e1e600000,0x0000003e1e700000) (1024K)]
  0x0000014a0ab9a3c0 WorkerThread "GC Thread#4"                     [id=1844, stack(0x0000003e1e700000,0x0000003e1e800000) (1024K)]
  0x0000014a0a915680 WorkerThread "GC Thread#5"                     [id=3816, stack(0x0000003e1e800000,0x0000003e1e900000) (1024K)]
  0x0000014a0ab27e00 WorkerThread "GC Thread#6"                     [id=2336, stack(0x0000003e1e900000,0x0000003e1ea00000) (1024K)]
  0x0000014a0aa66820 WorkerThread "GC Thread#7"                     [id=4476, stack(0x0000003e1ea00000,0x0000003e1eb00000) (1024K)]
  0x0000014a0ae08d80 WorkerThread "GC Thread#8"                     [id=18460, stack(0x0000003e1eb00000,0x0000003e1ec00000) (1024K)]
  0x0000014a0ae09940 WorkerThread "GC Thread#9"                     [id=17236, stack(0x0000003e1ec00000,0x0000003e1ed00000) (1024K)]
  0x0000014a0ae09cf0 WorkerThread "GC Thread#10"                    [id=18136, stack(0x0000003e1ed00000,0x0000003e1ee00000) (1024K)]
  0x0000014a0ae2b3b0 WorkerThread "GC Thread#11"                    [id=24476, stack(0x0000003e1ee00000,0x0000003e1ef00000) (1024K)]
  0x00000149a49565f0 ConcurrentGCThread "G1 Main Marker"            [id=16140, stack(0x0000003e1c700000,0x0000003e1c800000) (1024K)]
  0x00000149a49571c0 WorkerThread "G1 Conc#0"                       [id=21456, stack(0x0000003e1c800000,0x0000003e1c900000) (1024K)]
  0x00000149c41f20f0 ConcurrentGCThread "G1 Refine#0"               [id=7360, stack(0x0000003e1c900000,0x0000003e1ca00000) (1024K)]
  0x00000149c41f2a80 ConcurrentGCThread "G1 Service"                [id=23888, stack(0x0000003e1ca00000,0x0000003e1cb00000) (1024K)]
Total: 18

Threads with active compile tasks:
C1 CompilerThread0  716 1909       3       com.formdev.flatlaf.ui.FlatUIUtils::isCellEditor (96 bytes)
C2 CompilerThread1  716 1613       4       sun.awt.image.PNGImageDecoder::filterRow (460 bytes)
C1 CompilerThread2  716 1910       3       javax.swing.GroupLayout$SpringDelta::<init> (15 bytes)
Total: 3

VM state: not at safepoint (normal execution)

VM Mutex/Monitor currently owned by a thread: None

Heap address: 0x0000000703600000, size: 4042 MB, Compressed Oops mode: Zero based, Oop shift amount: 3

CDS archive(s) mapped at: [0x00000149c5000000-0x00000149c5c60000-0x00000149c5c60000), size 12976128, SharedBaseAddress: 0x00000149c5000000, ArchiveRelocationMode: 1.
Compressed class space mapped at: 0x00000149c6000000-0x0000014a06000000, reserved size: 1073741824
Narrow klass base: 0x00000149c5000000, Narrow klass shift: 0, Narrow klass range: 0x41000000

GC Precious Log:
 CardTable entry size: 512
 Card Set container configuration: InlinePtr #cards 4 size 8 Array Of Cards #cards 16 size 48 Howl #buckets 8 coarsen threshold 3686 Howl Bitmap #cards 512 size 80 coarsen threshold 460 Card regions per heap region 1 cards per card region 4096
 CPUs: 16 total, 16 available
 Memory: 16163M
 Large Page Support: Disabled
 NUMA Support: Disabled
 Compressed Oops: Enabled (Zero based)
 Heap Region Size: 2M
 Heap Min Capacity: 8M
 Heap Initial Capacity: 254M
 Heap Max Capacity: 4042M
 Pre-touch: Disabled
 Parallel Workers: 13
 Concurrent Workers: 3
 Concurrent Refinement Workers: 13
 Periodic GC: Disabled

Heap:
 garbage-first heap   total reserved 4139008K, committed 260096K, used 18917K [0x0000000703600000, 0x0000000800000000)
  region size 2048K, 5 young (10240K), 2 survivors (4096K)
 Metaspace       used 12741K, committed 12928K, reserved 1114112K
  class space    used 1466K, committed 1536K, reserved 1048576K

Heap Regions: E=young(eden), S=young(survivor), O=old, HS=humongous(starts), HC=humongous(continues), CS=collection set, F=free, TAMS=top-at-mark-start, PB=parsable bottom
|   0|0x0000000703600000, 0x0000000703800000, 0x0000000703800000|100%|HS|  |TAMS 0x0000000703600000| PB 0x0000000703600000| Complete |  0
|   1|0x0000000703800000, 0x0000000703a00000, 0x0000000703a00000|100%|HC|  |TAMS 0x0000000703800000| PB 0x0000000703800000| Complete |  0
|   2|0x0000000703a00000, 0x0000000703c00000, 0x0000000703c00000|100%|HC|  |TAMS 0x0000000703a00000| PB 0x0000000703a00000| Complete |  0
|   3|0x0000000703c00000, 0x0000000703e00000, 0x0000000703e00000|100%|HS|  |TAMS 0x0000000703c00000| PB 0x0000000703c00000| Complete |  0
|   4|0x0000000703e00000, 0x0000000704000000, 0x0000000704000000|100%|HC|  |TAMS 0x0000000703e00000| PB 0x0000000703e00000| Complete |  0
|   5|0x0000000704000000, 0x00000007040794c0, 0x0000000704200000| 23%| O|  |TAMS 0x0000000704000000| PB 0x0000000704000000| Untracked |  0
|   6|0x0000000704200000, 0x0000000704200000, 0x0000000704400000|  0%| F|  |TAMS 0x0000000704200000| PB 0x0000000704200000| Untracked |  0
|   7|0x0000000704400000, 0x0000000704400000, 0x0000000704600000|  0%| F|  |TAMS 0x0000000704400000| PB 0x0000000704400000| Untracked |  0
|   8|0x0000000704600000, 0x0000000704600000, 0x0000000704800000|  0%| F|  |TAMS 0x0000000704600000| PB 0x0000000704600000| Untracked |  0
|   9|0x0000000704800000, 0x0000000704800000, 0x0000000704a00000|  0%| F|  |TAMS 0x0000000704800000| PB 0x0000000704800000| Untracked |  0
|  10|0x0000000704a00000, 0x0000000704a00000, 0x0000000704c00000|  0%| F|  |TAMS 0x0000000704a00000| PB 0x0000000704a00000| Untracked |  0
|  11|0x0000000704c00000, 0x0000000704c00000, 0x0000000704e00000|  0%| F|  |TAMS 0x0000000704c00000| PB 0x0000000704c00000| Untracked |  0
|  12|0x0000000704e00000, 0x0000000704e00000, 0x0000000705000000|  0%| F|  |TAMS 0x0000000704e00000| PB 0x0000000704e00000| Untracked |  0
|  13|0x0000000705000000, 0x0000000705000000, 0x0000000705200000|  0%| F|  |TAMS 0x0000000705000000| PB 0x0000000705000000| Untracked |  0
|  14|0x0000000705200000, 0x0000000705200000, 0x0000000705400000|  0%| F|  |TAMS 0x0000000705200000| PB 0x0000000705200000| Untracked |  0
|  15|0x0000000705400000, 0x0000000705400000, 0x0000000705600000|  0%| F|  |TAMS 0x0000000705400000| PB 0x0000000705400000| Untracked |  0
|  16|0x0000000705600000, 0x0000000705600000, 0x0000000705800000|  0%| F|  |TAMS 0x0000000705600000| PB 0x0000000705600000| Untracked |  0
|  17|0x0000000705800000, 0x0000000705800000, 0x0000000705a00000|  0%| F|  |TAMS 0x0000000705800000| PB 0x0000000705800000| Untracked |  0
|  18|0x0000000705a00000, 0x0000000705a00000, 0x0000000705c00000|  0%| F|  |TAMS 0x0000000705a00000| PB 0x0000000705a00000| Untracked |  0
|  19|0x0000000705c00000, 0x0000000705c00000, 0x0000000705e00000|  0%| F|  |TAMS 0x0000000705c00000| PB 0x0000000705c00000| Untracked |  0
|  20|0x0000000705e00000, 0x0000000705e00000, 0x0000000706000000|  0%| F|  |TAMS 0x0000000705e00000| PB 0x0000000705e00000| Untracked |  0
|  21|0x0000000706000000, 0x0000000706000000, 0x0000000706200000|  0%| F|  |TAMS 0x0000000706000000| PB 0x0000000706000000| Untracked |  0
|  22|0x0000000706200000, 0x0000000706200000, 0x0000000706400000|  0%| F|  |TAMS 0x0000000706200000| PB 0x0000000706200000| Untracked |  0
|  23|0x0000000706400000, 0x0000000706400000, 0x0000000706600000|  0%| F|  |TAMS 0x0000000706400000| PB 0x0000000706400000| Untracked |  0
|  24|0x0000000706600000, 0x0000000706600000, 0x0000000706800000|  0%| F|  |TAMS 0x0000000706600000| PB 0x0000000706600000| Untracked |  0
|  25|0x0000000706800000, 0x0000000706800000, 0x0000000706a00000|  0%| F|  |TAMS 0x0000000706800000| PB 0x0000000706800000| Untracked |  0
|  26|0x0000000706a00000, 0x0000000706a00000, 0x0000000706c00000|  0%| F|  |TAMS 0x0000000706a00000| PB 0x0000000706a00000| Untracked |  0
|  27|0x0000000706c00000, 0x0000000706c00000, 0x0000000706e00000|  0%| F|  |TAMS 0x0000000706c00000| PB 0x0000000706c00000| Untracked |  0
|  28|0x0000000706e00000, 0x0000000706e00000, 0x0000000707000000|  0%| F|  |TAMS 0x0000000706e00000| PB 0x0000000706e00000| Untracked |  0
|  29|0x0000000707000000, 0x0000000707000000, 0x0000000707200000|  0%| F|  |TAMS 0x0000000707000000| PB 0x0000000707000000| Untracked |  0
|  30|0x0000000707200000, 0x0000000707200000, 0x0000000707400000|  0%| F|  |TAMS 0x0000000707200000| PB 0x0000000707200000| Untracked |  0
|  31|0x0000000707400000, 0x0000000707400000, 0x0000000707600000|  0%| F|  |TAMS 0x0000000707400000| PB 0x0000000707400000| Untracked |  0
|  32|0x0000000707600000, 0x0000000707600000, 0x0000000707800000|  0%| F|  |TAMS 0x0000000707600000| PB 0x0000000707600000| Untracked |  0
|  33|0x0000000707800000, 0x0000000707800000, 0x0000000707a00000|  0%| F|  |TAMS 0x0000000707800000| PB 0x0000000707800000| Untracked |  0
|  34|0x0000000707a00000, 0x0000000707a00000, 0x0000000707c00000|  0%| F|  |TAMS 0x0000000707a00000| PB 0x0000000707a00000| Untracked |  0
|  35|0x0000000707c00000, 0x0000000707c00000, 0x0000000707e00000|  0%| F|  |TAMS 0x0000000707c00000| PB 0x0000000707c00000| Untracked |  0
|  36|0x0000000707e00000, 0x0000000707e00000, 0x0000000708000000|  0%| F|  |TAMS 0x0000000707e00000| PB 0x0000000707e00000| Untracked |  0
|  37|0x0000000708000000, 0x0000000708000000, 0x0000000708200000|  0%| F|  |TAMS 0x0000000708000000| PB 0x0000000708000000| Untracked |  0
|  38|0x0000000708200000, 0x0000000708200000, 0x0000000708400000|  0%| F|  |TAMS 0x0000000708200000| PB 0x0000000708200000| Untracked |  0
|  39|0x0000000708400000, 0x0000000708400000, 0x0000000708600000|  0%| F|  |TAMS 0x0000000708400000| PB 0x0000000708400000| Untracked |  0
|  40|0x0000000708600000, 0x0000000708600000, 0x0000000708800000|  0%| F|  |TAMS 0x0000000708600000| PB 0x0000000708600000| Untracked |  0
|  41|0x0000000708800000, 0x0000000708800000, 0x0000000708a00000|  0%| F|  |TAMS 0x0000000708800000| PB 0x0000000708800000| Untracked |  0
|  42|0x0000000708a00000, 0x0000000708a00000, 0x0000000708c00000|  0%| F|  |TAMS 0x0000000708a00000| PB 0x0000000708a00000| Untracked |  0
|  43|0x0000000708c00000, 0x0000000708c00000, 0x0000000708e00000|  0%| F|  |TAMS 0x0000000708c00000| PB 0x0000000708c00000| Untracked |  0
|  44|0x0000000708e00000, 0x0000000708e00000, 0x0000000709000000|  0%| F|  |TAMS 0x0000000708e00000| PB 0x0000000708e00000| Untracked |  0
|  45|0x0000000709000000, 0x0000000709000000, 0x0000000709200000|  0%| F|  |TAMS 0x0000000709000000| PB 0x0000000709000000| Untracked |  0
|  46|0x0000000709200000, 0x0000000709200000, 0x0000000709400000|  0%| F|  |TAMS 0x0000000709200000| PB 0x0000000709200000| Untracked |  0
|  47|0x0000000709400000, 0x0000000709400000, 0x0000000709600000|  0%| F|  |TAMS 0x0000000709400000| PB 0x0000000709400000| Untracked |  0
|  48|0x0000000709600000, 0x0000000709600000, 0x0000000709800000|  0%| F|  |TAMS 0x0000000709600000| PB 0x0000000709600000| Untracked |  0
|  49|0x0000000709800000, 0x0000000709800000, 0x0000000709a00000|  0%| F|  |TAMS 0x0000000709800000| PB 0x0000000709800000| Untracked |  0
|  50|0x0000000709a00000, 0x0000000709a00000, 0x0000000709c00000|  0%| F|  |TAMS 0x0000000709a00000| PB 0x0000000709a00000| Untracked |  0
|  51|0x0000000709c00000, 0x0000000709c00000, 0x0000000709e00000|  0%| F|  |TAMS 0x0000000709c00000| PB 0x0000000709c00000| Untracked |  0
|  52|0x0000000709e00000, 0x0000000709e00000, 0x000000070a000000|  0%| F|  |TAMS 0x0000000709e00000| PB 0x0000000709e00000| Untracked |  0
|  53|0x000000070a000000, 0x000000070a000000, 0x000000070a200000|  0%| F|  |TAMS 0x000000070a000000| PB 0x000000070a000000| Untracked |  0
|  54|0x000000070a200000, 0x000000070a200000, 0x000000070a400000|  0%| F|  |TAMS 0x000000070a200000| PB 0x000000070a200000| Untracked |  0
|  55|0x000000070a400000, 0x000000070a400000, 0x000000070a600000|  0%| F|  |TAMS 0x000000070a400000| PB 0x000000070a400000| Untracked |  0
|  56|0x000000070a600000, 0x000000070a600000, 0x000000070a800000|  0%| F|  |TAMS 0x000000070a600000| PB 0x000000070a600000| Untracked |  0
|  57|0x000000070a800000, 0x000000070a800000, 0x000000070aa00000|  0%| F|  |TAMS 0x000000070a800000| PB 0x000000070a800000| Untracked |  0
|  58|0x000000070aa00000, 0x000000070aa00000, 0x000000070ac00000|  0%| F|  |TAMS 0x000000070aa00000| PB 0x000000070aa00000| Untracked |  0
|  59|0x000000070ac00000, 0x000000070ac00000, 0x000000070ae00000|  0%| F|  |TAMS 0x000000070ac00000| PB 0x000000070ac00000| Untracked |  0
|  60|0x000000070ae00000, 0x000000070ae00000, 0x000000070b000000|  0%| F|  |TAMS 0x000000070ae00000| PB 0x000000070ae00000| Untracked |  0
|  61|0x000000070b000000, 0x000000070b000000, 0x000000070b200000|  0%| F|  |TAMS 0x000000070b000000| PB 0x000000070b000000| Untracked |  0
|  62|0x000000070b200000, 0x000000070b200000, 0x000000070b400000|  0%| F|  |TAMS 0x000000070b200000| PB 0x000000070b200000| Untracked |  0
|  63|0x000000070b400000, 0x000000070b400000, 0x000000070b600000|  0%| F|  |TAMS 0x000000070b400000| PB 0x000000070b400000| Untracked |  0
|  64|0x000000070b600000, 0x000000070b600000, 0x000000070b800000|  0%| F|  |TAMS 0x000000070b600000| PB 0x000000070b600000| Untracked |  0
|  65|0x000000070b800000, 0x000000070b800000, 0x000000070ba00000|  0%| F|  |TAMS 0x000000070b800000| PB 0x000000070b800000| Untracked |  0
|  66|0x000000070ba00000, 0x000000070ba00000, 0x000000070bc00000|  0%| F|  |TAMS 0x000000070ba00000| PB 0x000000070ba00000| Untracked |  0
|  67|0x000000070bc00000, 0x000000070bc00000, 0x000000070be00000|  0%| F|  |TAMS 0x000000070bc00000| PB 0x000000070bc00000| Untracked |  0
|  68|0x000000070be00000, 0x000000070be00000, 0x000000070c000000|  0%| F|  |TAMS 0x000000070be00000| PB 0x000000070be00000| Untracked |  0
|  69|0x000000070c000000, 0x000000070c000000, 0x000000070c200000|  0%| F|  |TAMS 0x000000070c000000| PB 0x000000070c000000| Untracked |  0
|  70|0x000000070c200000, 0x000000070c200000, 0x000000070c400000|  0%| F|  |TAMS 0x000000070c200000| PB 0x000000070c200000| Untracked |  0
|  71|0x000000070c400000, 0x000000070c400000, 0x000000070c600000|  0%| F|  |TAMS 0x000000070c400000| PB 0x000000070c400000| Untracked |  0
|  72|0x000000070c600000, 0x000000070c600000, 0x000000070c800000|  0%| F|  |TAMS 0x000000070c600000| PB 0x000000070c600000| Untracked |  0
|  73|0x000000070c800000, 0x000000070c800000, 0x000000070ca00000|  0%| F|  |TAMS 0x000000070c800000| PB 0x000000070c800000| Untracked |  0
|  74|0x000000070ca00000, 0x000000070ca00000, 0x000000070cc00000|  0%| F|  |TAMS 0x000000070ca00000| PB 0x000000070ca00000| Untracked |  0
|  75|0x000000070cc00000, 0x000000070cc00000, 0x000000070ce00000|  0%| F|  |TAMS 0x000000070cc00000| PB 0x000000070cc00000| Untracked |  0
|  76|0x000000070ce00000, 0x000000070ce00000, 0x000000070d000000|  0%| F|  |TAMS 0x000000070ce00000| PB 0x000000070ce00000| Untracked |  0
|  77|0x000000070d000000, 0x000000070d000000, 0x000000070d200000|  0%| F|  |TAMS 0x000000070d000000| PB 0x000000070d000000| Untracked |  0
|  78|0x000000070d200000, 0x000000070d200000, 0x000000070d400000|  0%| F|  |TAMS 0x000000070d200000| PB 0x000000070d200000| Untracked |  0
|  79|0x000000070d400000, 0x000000070d400000, 0x000000070d600000|  0%| F|  |TAMS 0x000000070d400000| PB 0x000000070d400000| Untracked |  0
|  80|0x000000070d600000, 0x000000070d600000, 0x000000070d800000|  0%| F|  |TAMS 0x000000070d600000| PB 0x000000070d600000| Untracked |  0
|  81|0x000000070d800000, 0x000000070d800000, 0x000000070da00000|  0%| F|  |TAMS 0x000000070d800000| PB 0x000000070d800000| Untracked |  0
|  82|0x000000070da00000, 0x000000070da00000, 0x000000070dc00000|  0%| F|  |TAMS 0x000000070da00000| PB 0x000000070da00000| Untracked |  0
|  83|0x000000070dc00000, 0x000000070dc00000, 0x000000070de00000|  0%| F|  |TAMS 0x000000070dc00000| PB 0x000000070dc00000| Untracked |  0
|  84|0x000000070de00000, 0x000000070de00000, 0x000000070e000000|  0%| F|  |TAMS 0x000000070de00000| PB 0x000000070de00000| Untracked |  0
|  85|0x000000070e000000, 0x000000070e000000, 0x000000070e200000|  0%| F|  |TAMS 0x000000070e000000| PB 0x000000070e000000| Untracked |  0
|  86|0x000000070e200000, 0x000000070e200000, 0x000000070e400000|  0%| F|  |TAMS 0x000000070e200000| PB 0x000000070e200000| Untracked |  0
|  87|0x000000070e400000, 0x000000070e400000, 0x000000070e600000|  0%| F|  |TAMS 0x000000070e400000| PB 0x000000070e400000| Untracked |  0
|  88|0x000000070e600000, 0x000000070e600000, 0x000000070e800000|  0%| F|  |TAMS 0x000000070e600000| PB 0x000000070e600000| Untracked |  0
|  89|0x000000070e800000, 0x000000070e800000, 0x000000070ea00000|  0%| F|  |TAMS 0x000000070e800000| PB 0x000000070e800000| Untracked |  0
|  90|0x000000070ea00000, 0x000000070ea00000, 0x000000070ec00000|  0%| F|  |TAMS 0x000000070ea00000| PB 0x000000070ea00000| Untracked |  0
|  91|0x000000070ec00000, 0x000000070ec00000, 0x000000070ee00000|  0%| F|  |TAMS 0x000000070ec00000| PB 0x000000070ec00000| Untracked |  0
|  92|0x000000070ee00000, 0x000000070ee00000, 0x000000070f000000|  0%| F|  |TAMS 0x000000070ee00000| PB 0x000000070ee00000| Untracked |  0
|  93|0x000000070f000000, 0x000000070f000000, 0x000000070f200000|  0%| F|  |TAMS 0x000000070f000000| PB 0x000000070f000000| Untracked |  0
|  94|0x000000070f200000, 0x000000070f200000, 0x000000070f400000|  0%| F|  |TAMS 0x000000070f200000| PB 0x000000070f200000| Untracked |  0
|  95|0x000000070f400000, 0x000000070f400000, 0x000000070f600000|  0%| F|  |TAMS 0x000000070f400000| PB 0x000000070f400000| Untracked |  0
|  96|0x000000070f600000, 0x000000070f600000, 0x000000070f800000|  0%| F|  |TAMS 0x000000070f600000| PB 0x000000070f600000| Untracked |  0
|  97|0x000000070f800000, 0x000000070f800000, 0x000000070fa00000|  0%| F|  |TAMS 0x000000070f800000| PB 0x000000070f800000| Untracked |  0
|  98|0x000000070fa00000, 0x000000070fa00000, 0x000000070fc00000|  0%| F|  |TAMS 0x000000070fa00000| PB 0x000000070fa00000| Untracked |  0
|  99|0x000000070fc00000, 0x000000070fc00000, 0x000000070fe00000|  0%| F|  |TAMS 0x000000070fc00000| PB 0x000000070fc00000| Untracked |  0
| 100|0x000000070fe00000, 0x000000070fe00000, 0x0000000710000000|  0%| F|  |TAMS 0x000000070fe00000| PB 0x000000070fe00000| Untracked |  0
| 101|0x0000000710000000, 0x0000000710000000, 0x0000000710200000|  0%| F|  |TAMS 0x0000000710000000| PB 0x0000000710000000| Untracked |  0
| 102|0x0000000710200000, 0x0000000710200000, 0x0000000710400000|  0%| F|  |TAMS 0x0000000710200000| PB 0x0000000710200000| Untracked |  0
| 103|0x0000000710400000, 0x0000000710400000, 0x0000000710600000|  0%| F|  |TAMS 0x0000000710400000| PB 0x0000000710400000| Untracked |  0
| 104|0x0000000710600000, 0x0000000710600000, 0x0000000710800000|  0%| F|  |TAMS 0x0000000710600000| PB 0x0000000710600000| Untracked |  0
| 105|0x0000000710800000, 0x0000000710800000, 0x0000000710a00000|  0%| F|  |TAMS 0x0000000710800000| PB 0x0000000710800000| Untracked |  0
| 106|0x0000000710a00000, 0x0000000710a00000, 0x0000000710c00000|  0%| F|  |TAMS 0x0000000710a00000| PB 0x0000000710a00000| Untracked |  0
| 107|0x0000000710c00000, 0x0000000710c00000, 0x0000000710e00000|  0%| F|  |TAMS 0x0000000710c00000| PB 0x0000000710c00000| Untracked |  0
| 108|0x0000000710e00000, 0x0000000710e00000, 0x0000000711000000|  0%| F|  |TAMS 0x0000000710e00000| PB 0x0000000710e00000| Untracked |  0
| 109|0x0000000711000000, 0x0000000711000000, 0x0000000711200000|  0%| F|  |TAMS 0x0000000711000000| PB 0x0000000711000000| Untracked |  0
| 110|0x0000000711200000, 0x0000000711200000, 0x0000000711400000|  0%| F|  |TAMS 0x0000000711200000| PB 0x0000000711200000| Untracked |  0
| 111|0x0000000711400000, 0x0000000711400000, 0x0000000711600000|  0%| F|  |TAMS 0x0000000711400000| PB 0x0000000711400000| Untracked |  0
| 112|0x0000000711600000, 0x0000000711600000, 0x0000000711800000|  0%| F|  |TAMS 0x0000000711600000| PB 0x0000000711600000| Untracked |  0
| 113|0x0000000711800000, 0x0000000711a00000, 0x0000000711a00000|100%| S|CS|TAMS 0x0000000711800000| PB 0x0000000711800000| Complete |  0
| 114|0x0000000711a00000, 0x0000000711c00000, 0x0000000711c00000|100%| S|CS|TAMS 0x0000000711a00000| PB 0x0000000711a00000| Complete |  0
| 115|0x0000000711c00000, 0x0000000711c00000, 0x0000000711e00000|  0%| F|  |TAMS 0x0000000711c00000| PB 0x0000000711c00000| Untracked |  0
| 116|0x0000000711e00000, 0x0000000711e00000, 0x0000000712000000|  0%| F|  |TAMS 0x0000000711e00000| PB 0x0000000711e00000| Untracked |  0
| 117|0x0000000712000000, 0x0000000712000000, 0x0000000712200000|  0%| F|  |TAMS 0x0000000712000000| PB 0x0000000712000000| Untracked |  0
| 118|0x0000000712200000, 0x0000000712200000, 0x0000000712400000|  0%| F|  |TAMS 0x0000000712200000| PB 0x0000000712200000| Untracked |  0
| 119|0x0000000712400000, 0x0000000712400000, 0x0000000712600000|  0%| F|  |TAMS 0x0000000712400000| PB 0x0000000712400000| Untracked |  0
| 120|0x0000000712600000, 0x0000000712600000, 0x0000000712800000|  0%| F|  |TAMS 0x0000000712600000| PB 0x0000000712600000| Untracked |  0
| 121|0x0000000712800000, 0x0000000712800000, 0x0000000712a00000|  0%| F|  |TAMS 0x0000000712800000| PB 0x0000000712800000| Untracked |  0
| 122|0x0000000712a00000, 0x0000000712a00000, 0x0000000712c00000|  0%| F|  |TAMS 0x0000000712a00000| PB 0x0000000712a00000| Untracked |  0
| 123|0x0000000712c00000, 0x0000000712c00000, 0x0000000712e00000|  0%| F|  |TAMS 0x0000000712c00000| PB 0x0000000712c00000| Untracked |  0
| 124|0x0000000712e00000, 0x0000000712e77b80, 0x0000000713000000| 23%| E|  |TAMS 0x0000000712e00000| PB 0x0000000712e00000| Complete |  0
| 125|0x0000000713000000, 0x0000000713200000, 0x0000000713200000|100%| E|CS|TAMS 0x0000000713000000| PB 0x0000000713000000| Complete |  0
| 126|0x0000000713200000, 0x0000000713400000, 0x0000000713400000|100%| E|CS|TAMS 0x0000000713200000| PB 0x0000000713200000| Complete |  0

Card table byte_map: [0x00000149bcc90000,0x00000149bd480000] _byte_map_base: 0x00000149b9475000

Marking Bits: (CMBitMap*) 0x00000149a4944060
 Bits: [0x00000149bd480000, 0x00000149c13a8000)

Polling page: 0x00000149a40a0000

Metaspace:

Usage:
  Non-class:     11.03 MB used.
      Class:      1.43 MB used.
       Both:     12.46 MB used.

Virtual space:
  Non-class space:       64.00 MB reserved,      11.12 MB ( 17%) committed,  1 nodes.
      Class space:        1.00 GB reserved,       1.50 MB ( <1%) committed,  1 nodes.
             Both:        1.06 GB reserved,      12.62 MB (  1%) committed. 

Chunk freelists:
   Non-Class:  4.83 MB
       Class:  14.51 MB
        Both:  19.34 MB

MaxMetaspaceSize: unlimited
CompressedClassSpaceSize: 1.00 GB
Initial GC threshold: 21.00 MB
Current GC threshold: 21.00 MB
CDS: on
 - commit_granule_bytes: 65536.
 - commit_granule_words: 8192.
 - virtual_space_node_default_size: 8388608.
 - enlarge_chunks_in_place: 1.
 - use_allocation_guard: 0.


Internal statistics:

num_allocs_failed_limit: 0.
num_arena_births: 190.
num_arena_deaths: 0.
num_vsnodes_births: 2.
num_vsnodes_deaths: 0.
num_space_committed: 202.
num_space_uncommitted: 0.
num_chunks_returned_to_freelist: 0.
num_chunks_taken_from_freelist: 309.
num_chunk_merges: 0.
num_chunk_splits: 184.
num_chunks_enlarged: 95.
num_inconsistent_stats: 0.

CodeHeap 'non-profiled nmethods': size=119168Kb used=529Kb max_used=529Kb free=118638Kb
 bounds [0x00000149b47c0000, 0x00000149b4a30000, 0x00000149bbc20000]
CodeHeap 'profiled nmethods': size=119104Kb used=3568Kb max_used=3568Kb free=115535Kb
 bounds [0x00000149acc20000, 0x00000149acfa0000, 0x00000149b4070000]
CodeHeap 'non-nmethods': size=7488Kb used=3560Kb max_used=3583Kb free=3927Kb
 bounds [0x00000149b4070000, 0x00000149b4400000, 0x00000149b47c0000]
 total_blobs=2628 nmethods=1918 adapters=611
 compilation: enabled
              stopped_count=0, restarted_count=0
 full_count=0

Compilation events (20 events):
Event: 0.644 Thread 0x00000149c45846a0 1711       1       javax.swing.GroupLayout::getLayoutStyle (5 bytes)
Event: 0.644 Thread 0x00000149c45846a0 nmethod 1711 0x00000149b483bd10 code [0x00000149b483bea0, 0x00000149b483bf70]
Event: 0.644 Thread 0x00000149c45846a0 1712       3       java.awt.Component::isShowing (38 bytes)
Event: 0.644 Thread 0x0000014a0a9356a0 nmethod 1705 0x00000149acf26e90 code [0x00000149acf27120, 0x00000149acf27b48]
Event: 0.644 Thread 0x00000149c46a0ff0 nmethod 1709 0x00000149acf28010 code [0x00000149acf28240, 0x00000149acf28ad8]
Event: 0.644 Thread 0x00000149c456d730 nmethod 1710 0x00000149b483c010 code [0x00000149b483c180, 0x00000149b483c228]
Event: 0.644 Thread 0x00000149c45846a0 nmethod 1712 0x00000149acf28d10 code [0x00000149acf28ec0, 0x00000149acf291b0]
Event: 0.644 Thread 0x0000014a0a918bb0 nmethod 1708 0x00000149acf29290 code [0x00000149acf29580, 0x00000149acf2a6b0]
Event: 0.661 Thread 0x00000149c45846a0 1713       3       javax.swing.GroupLayout$Spring::<init> (21 bytes)
Event: 0.661 Thread 0x00000149c45846a0 nmethod 1713 0x00000149acf2aa10 code [0x00000149acf2aba0, 0x00000149acf2ad20]
Event: 0.661 Thread 0x00000149c45846a0 1714       3       javax.swing.JComponent::revalidate (53 bytes)
Event: 0.662 Thread 0x00000149c46a0ff0 1715       3       sun.awt.SunToolkit::getAppContext (42 bytes)
Event: 0.662 Thread 0x00000149c45846a0 nmethod 1714 0x00000149acf2ae10 code [0x00000149acf2b0a0, 0x00000149acf2bc60]
Event: 0.662 Thread 0x0000014a0a918bb0 1716       3       java.lang.Boolean::equals (29 bytes)
Event: 0.662 Thread 0x0000014a0a918bb0 nmethod 1716 0x00000149acf2bf90 code [0x00000149acf2c140, 0x00000149acf2c4d0]
Event: 0.662 Thread 0x0000014a0a918bb0 1717       3       java.lang.invoke.DirectMethodHandle$Holder::newInvokeSpecial (21 bytes)
Event: 0.662 Thread 0x00000149c45846a0 1718       3       java.lang.Math::ceil (5 bytes)
Event: 0.662 Thread 0x0000014a0a9356a0 1719       3       java.lang.StrictMath::ceil (10 bytes)
Event: 0.662 Thread 0x00000149c45846a0 nmethod 1718 0x00000149acf2c590 code [0x00000149acf2c740, 0x00000149acf2c858]
Event: 0.662 Thread 0x0000014a0a9356a0 nmethod 1719 0x00000149acf2c910 code [0x00000149acf2cae0, 0x00000149acf2cc10]

GC Heap History (2 events):
Event: 0.576 GC heap before
{Heap before GC invocations=0 (full 0):
 garbage-first heap   total reserved 4139008K, committed 260096K, used 34816K [0x0000000703600000, 0x0000000800000000)
  region size 2048K, 12 young (24576K), 0 survivors (0K)
 Metaspace       used 12341K, committed 12544K, reserved 1114112K
  class space    used 1445K, committed 1536K, reserved 1048576K
}
Event: 0.581 GC heap after
{Heap after GC invocations=1 (full 0):
 garbage-first heap   total reserved 4139008K, committed 260096K, used 14821K [0x0000000703600000, 0x0000000800000000)
  region size 2048K, 2 young (4096K), 2 survivors (4096K)
 Metaspace       used 12341K, committed 12544K, reserved 1114112K
  class space    used 1445K, committed 1536K, reserved 1048576K
}

Dll operation events (12 events):
Event: 0.005 Loaded shared library C:\Program Files\Java\jdk-22\bin\java.dll
Event: 0.026 Loaded shared library C:\Program Files\Java\jdk-22\bin\jsvml.dll
Event: 0.047 Loaded shared library C:\Program Files\Java\jdk-22\bin\net.dll
Event: 0.048 Loaded shared library C:\Program Files\Java\jdk-22\bin\nio.dll
Event: 0.060 Loaded shared library C:\Program Files\Java\jdk-22\bin\zip.dll
Event: 0.072 Loaded shared library C:\Program Files\Java\jdk-22\bin\jimage.dll
Event: 0.081 Loaded shared library C:\Program Files\Java\jdk-22\bin\awt.dll
Event: 0.159 Loaded shared library C:\Program Files\Java\jdk-22\bin\freetype.dll
Event: 0.159 Loaded shared library C:\Program Files\Java\jdk-22\bin\fontmanager.dll
Event: 0.312 Loaded shared library C:\Users\ACER\AppData\Local\Temp\flatlaf.temp\flatlaf-windows-x86_64-1221590182068000.dll
Event: 0.326 Loaded shared library C:\Program Files\Java\jdk-22\bin\verify.dll
Event: 0.423 Loaded shared library C:\Program Files\Java\jdk-22\bin\javajpeg.dll

Deoptimization events (20 events):
Event: 0.619 Thread 0x0000014a0a899f40 DEOPT PACKING pc=0x00000149acf08326 sp=0x0000003e1deff2e0
Event: 0.619 Thread 0x0000014a0a899f40 DEOPT UNPACKING pc=0x00000149b40c88e2 sp=0x0000003e1defe750 mode 0
Event: 0.620 Thread 0x0000014a0a899f40 DEOPT PACKING pc=0x00000149acf08326 sp=0x0000003e1deff2e0
Event: 0.620 Thread 0x0000014a0a899f40 DEOPT UNPACKING pc=0x00000149b40c88e2 sp=0x0000003e1defe750 mode 0
Event: 0.620 Thread 0x0000014a0a899f40 DEOPT PACKING pc=0x00000149acf08326 sp=0x0000003e1deff2e0
Event: 0.620 Thread 0x0000014a0a899f40 DEOPT UNPACKING pc=0x00000149b40c88e2 sp=0x0000003e1defe750 mode 0
Event: 0.620 Thread 0x0000014a0a899f40 DEOPT PACKING pc=0x00000149acf08326 sp=0x0000003e1deff2e0
Event: 0.620 Thread 0x0000014a0a899f40 DEOPT UNPACKING pc=0x00000149b40c88e2 sp=0x0000003e1defe750 mode 0
Event: 0.620 Thread 0x0000014a0a899f40 DEOPT PACKING pc=0x00000149acf08326 sp=0x0000003e1deff2e0
Event: 0.620 Thread 0x0000014a0a899f40 DEOPT UNPACKING pc=0x00000149b40c88e2 sp=0x0000003e1defe750 mode 0
Event: 0.620 Thread 0x0000014a0a899f40 DEOPT PACKING pc=0x00000149acf08326 sp=0x0000003e1deff2e0
Event: 0.620 Thread 0x0000014a0a899f40 DEOPT UNPACKING pc=0x00000149b40c88e2 sp=0x0000003e1defe750 mode 0
Event: 0.621 Thread 0x0000014a0a899f40 DEOPT PACKING pc=0x00000149acf08326 sp=0x0000003e1deff2e0
Event: 0.621 Thread 0x0000014a0a899f40 DEOPT UNPACKING pc=0x00000149b40c88e2 sp=0x0000003e1defe750 mode 0
Event: 0.621 Thread 0x0000014a0a899f40 DEOPT PACKING pc=0x00000149acf08326 sp=0x0000003e1deff2e0
Event: 0.621 Thread 0x0000014a0a899f40 DEOPT UNPACKING pc=0x00000149b40c88e2 sp=0x0000003e1defe750 mode 0
Event: 0.621 Thread 0x0000014a0a899f40 Uncommon trap: trap_request=0xffffff45 fr.pc=0x00000149b4833900 relative=0x0000000000001ee0
Event: 0.621 Thread 0x0000014a0a899f40 Uncommon trap: reason=unstable_if action=reinterpret pc=0x00000149b4833900 method=sun.awt.image.PNGImageDecoder.produceImage()V @ 867 c2
Event: 0.621 Thread 0x0000014a0a899f40 DEOPT PACKING pc=0x00000149b4833900 sp=0x0000003e1deff360
Event: 0.621 Thread 0x0000014a0a899f40 DEOPT UNPACKING pc=0x00000149b40c7da2 sp=0x0000003e1deff2f0 mode 2

Classes loaded (20 events):
Event: 0.630 Loading class java/awt/im/InputMethodRequests
Event: 0.630 Loading class java/awt/im/InputMethodRequests done
Event: 0.630 Loading class javax/accessibility/AccessibleStateSet
Event: 0.630 Loading class javax/accessibility/AccessibleStateSet done
Event: 0.630 Loading class java/awt/PopupMenu
Event: 0.630 Loading class java/awt/Menu
Event: 0.631 Loading class java/awt/MenuItem
Event: 0.631 Loading class java/awt/MenuItem done
Event: 0.631 Loading class java/awt/Menu done
Event: 0.631 Loading class java/awt/PopupMenu done
Event: 0.631 Loading class java/io/PrintWriter
Event: 0.631 Loading class java/io/PrintWriter done
Event: 0.631 Loading class java/io/ObjectInputStream
Event: 0.631 Loading class java/io/ObjectStreamConstants
Event: 0.631 Loading class java/io/ObjectStreamConstants done
Event: 0.631 Loading class java/io/ObjectInputStream done
Event: 0.631 Loading class java/io/ObjectOutputStream
Event: 0.631 Loading class java/io/ObjectOutputStream done
Event: 0.642 Loading class javax/swing/GroupLayout$1
Event: 0.642 Loading class javax/swing/GroupLayout$1 done

Classes unloaded (0 events):
No events

Classes redefined (0 events):
No events

Internal exceptions (20 events):
Event: 0.188 Thread 0x00000149a2749b60 Exception <a 'java/lang/ClassNotFoundException'{0x0000000712d46d70}: TreeCell> (0x0000000712d46d70) 
thrown [s\open\src\hotspot\share\classfile\systemDictionary.cpp, line 313]
Event: 0.188 Thread 0x00000149a2749b60 Exception <a 'java/lang/ClassNotFoundException'{0x0000000712d47518}: RootPane> (0x0000000712d47518) 
thrown [s\open\src\hotspot\share\classfile\systemDictionary.cpp, line 313]
Event: 0.190 Thread 0x00000149a2749b60 Exception <a 'java/lang/ClassNotFoundException'{0x0000000712d4a2a8}: com/sun/swing/internal/plaf/metal/resources/spi/metalProvider> (0x0000000712d4a2a8) 
thrown [s\open\src\hotspot\share\classfile\systemDictionary.cpp, line 313]
Event: 0.190 Thread 0x00000149a2749b60 Exception <a 'java/lang/ClassNotFoundException'{0x0000000712d4dfa8}: com/sun/swing/internal/plaf/basic/resources/spi/basicProvider> (0x0000000712d4dfa8) 
thrown [s\open\src\hotspot\share\classfile\systemDictionary.cpp, line 313]
Event: 0.206 Thread 0x00000149a2749b60 Exception <a 'java/lang/NoSuchMethodError'{0x0000000712de1628}: 'void java.lang.invoke.DirectMethodHandle$Holder.invokeStatic(java.lang.Object, java.lang.Object)'> (0x0000000712de1628) 
thrown [s\open\src\hotspot\share\interpreter\linkResolver.cpp, line 774]
Event: 0.215 Thread 0x00000149a2749b60 Exception <a 'java/lang/NoSuchMethodError'{0x0000000712a18f60}: 'int java.lang.invoke.DirectMethodHandle$Holder.invokeStatic(java.lang.Object)'> (0x0000000712a18f60) 
thrown [s\open\src\hotspot\share\interpreter\linkResolver.cpp, line 774]
Event: 0.286 Thread 0x0000014a0a7cd5c0 Exception <a 'java/lang/NoSuchMethodError'{0x000000071288b4d0}: 'java.lang.Object java.lang.invoke.Invokers$Holder.invokeExact_MT(java.lang.Object, java.lang.Object, java.lang.Object, java.lang.Object, java.lang.Object, java.lang.Object)'> (0x000000071288b4d0) 
thrown [s\open\src\hotspot\share\interpreter\linkResolver.cpp, line 774]
Event: 0.300 Thread 0x0000014a0a7cd5c0 Exception <a 'java/lang/NoSuchMethodError'{0x0000000712917690}: 'int java.lang.invoke.Invokers$Holder.invokeExact_MT(java.lang.Object, java.lang.Object)'> (0x0000000712917690) 
thrown [s\open\src\hotspot\share\interpreter\linkResolver.cpp, line 774]
Event: 0.306 Thread 0x0000014a0a7cd5c0 Exception <a 'sun/nio/fs/WindowsException'{0x000000071293a200}> (0x000000071293a200) 
thrown [s\open\src\hotspot\share\prims\jni.cpp, line 520]
Event: 0.332 Thread 0x0000014a0a7cd5c0 Exception <a 'java/lang/NoSuchMethodError'{0x00000007129d7018}: 'java.lang.Object java.lang.invoke.DirectMethodHandle$Holder.invokeVirtual(java.lang.Object, java.lang.Object, java.lang.Object, java.lang.Object)'> (0x00000007129d7018) 
thrown [s\open\src\hotspot\share\interpreter\linkResolver.cpp, line 774]
Event: 0.351 Thread 0x0000014a0a7cd5c0 Exception <a 'java/lang/NoSuchMethodError'{0x0000000712638448}: 'void java.lang.invoke.DirectMethodHandle$Holder.invokeVirtual(java.lang.Object, java.lang.Object)'> (0x0000000712638448) 
thrown [s\open\src\hotspot\share\interpreter\linkResolver.cpp, line 774]
Event: 0.354 Thread 0x0000014a0a7cd5c0 Exception <a 'java/lang/NoSuchMethodError'{0x0000000712648008}: 'int java.lang.invoke.DirectMethodHandle$Holder.invokeSpecial(java.lang.Object, java.lang.Object, java.lang.Object)'> (0x0000000712648008) 
thrown [s\open\src\hotspot\share\interpreter\linkResolver.cpp, line 774]
Event: 0.424 Thread 0x0000014a0a899f40 Exception <a 'java/lang/NoSuchMethodError'{0x00000007122887b0}: 'java.lang.Object java.lang.invoke.DirectMethodHandle$Holder.newInvokeSpecial(java.lang.Object, java.lang.Object, java.lang.Object, int, int, int, int, int)'> (0x00000007122887b0) 
thrown [s\open\src\hotspot\share\interpreter\linkResolver.cpp, line 774]
Event: 0.459 Thread 0x0000014a0a7cd5c0 Exception <a 'java/lang/NoSuchMethodError'{0x0000000712733ab0}: 'void java.lang.invoke.DirectMethodHandle$Holder.invokeStaticInit(java.lang.Object)'> (0x0000000712733ab0) 
thrown [s\open\src\hotspot\share\interpreter\linkResolver.cpp, line 774]
Event: 0.527 Thread 0x0000014a0a7cd5c0 Exception <a 'java/lang/ClassNotFoundException'{0x0000000711f76160}: java/lang/ObjectCustomizer> (0x0000000711f76160) 
thrown [s\open\src\hotspot\share\classfile\systemDictionary.cpp, line 313]
Event: 0.529 Thread 0x0000014a0a7cd5c0 Exception <a 'java/lang/NoSuchMethodError'{0x0000000711f7cd70}: 'java.lang.Object java.lang.invoke.DirectMethodHandle$Holder.invokeInterface(java.lang.Object, java.lang.Object)'> (0x0000000711f7cd70) 
thrown [s\open\src\hotspot\share\interpreter\linkResolver.cpp, line 774]
Event: 0.529 Thread 0x0000014a0a7cd5c0 Exception <a 'java/lang/IncompatibleClassChangeError'{0x0000000711f80298}: Found class java.lang.Object, but interface was expected> (0x0000000711f80298) 
thrown [s\open\src\hotspot\share\interpreter\linkResolver.cpp, line 841]
Event: 0.537 Thread 0x0000014a0a7cd5c0 Exception <a 'java/lang/ClassNotFoundException'{0x0000000711fbdfb0}: net/miginfocom/layout/UnitValueCustomizer> (0x0000000711fbdfb0) 
thrown [s\open\src\hotspot\share\classfile\systemDictionary.cpp, line 313]
Event: 0.539 Thread 0x0000014a0a7cd5c0 Exception <a 'java/lang/ClassNotFoundException'{0x0000000711fcf8c0}: java/lang/ObjectCustomizer> (0x0000000711fcf8c0) 
thrown [s\open\src\hotspot\share\classfile\systemDictionary.cpp, line 313]
Event: 0.539 Thread 0x0000014a0a7cd5c0 Exception <a 'java/lang/ClassNotFoundException'{0x0000000711fd4be8}: net/miginfocom/layout/BoundSizeCustomizer> (0x0000000711fd4be8) 
thrown [s\open\src\hotspot\share\classfile\systemDictionary.cpp, line 313]

ZGC Phase Switch (0 events):
No events

VM Operations (18 events):
Event: 0.051 Executing VM operation: HandshakeAllThreads (Deoptimize)
Event: 0.051 Executing VM operation: HandshakeAllThreads (Deoptimize) done
Event: 0.097 Executing VM operation: HandshakeAllThreads (Deoptimize)
Event: 0.097 Executing VM operation: HandshakeAllThreads (Deoptimize) done
Event: 0.252 Executing VM operation: HandshakeAllThreads (Deoptimize)
Event: 0.252 Executing VM operation: HandshakeAllThreads (Deoptimize) done
Event: 0.284 Executing VM operation: HandshakeAllThreads (Deoptimize)
Event: 0.284 Executing VM operation: HandshakeAllThreads (Deoptimize) done
Event: 0.387 Executing VM operation: ICBufferFull
Event: 0.388 Executing VM operation: ICBufferFull done
Event: 0.534 Executing VM operation: HandshakeAllThreads (Deoptimize)
Event: 0.534 Executing VM operation: HandshakeAllThreads (Deoptimize) done
Event: 0.576 Executing VM operation: G1CollectForAllocation (G1 Evacuation Pause)
Event: 0.581 Executing VM operation: G1CollectForAllocation (G1 Evacuation Pause) done
Event: 0.628 Executing VM operation: HandshakeAllThreads (Deoptimize)
Event: 0.628 Executing VM operation: HandshakeAllThreads (Deoptimize) done
Event: 0.631 Executing VM operation: HandshakeAllThreads (Deoptimize)
Event: 0.631 Executing VM operation: HandshakeAllThreads (Deoptimize) done

Events (20 events):
Event: 0.025 Thread 0x00000149c4564de0 Thread added: 0x00000149c4564de0
Event: 0.025 Thread 0x00000149c4567fb0 Thread added: 0x00000149c4567fb0
Event: 0.025 Thread 0x00000149c45694b0 Thread added: 0x00000149c45694b0
Event: 0.025 Thread 0x00000149c456a250 Thread added: 0x00000149c456a250
Event: 0.025 Thread 0x00000149c456d730 Thread added: 0x00000149c456d730
Event: 0.025 Thread 0x00000149c45846a0 Thread added: 0x00000149c45846a0
Event: 0.039 Thread 0x00000149c46514c0 Thread added: 0x00000149c46514c0
Event: 0.044 Thread 0x00000149c46a0ff0 Thread added: 0x00000149c46a0ff0
Event: 0.057 Thread 0x00000149c4760b10 Thread added: 0x00000149c4760b10
Event: 0.059 Thread 0x00000149c47631c0 Thread added: 0x00000149c47631c0
Event: 0.114 Thread 0x00000149c494f100 Thread added: 0x00000149c494f100
Event: 0.114 Thread 0x00000149c4951960 Thread added: 0x00000149c4951960
Event: 0.115 Thread 0x00000149c4933ef0 Thread added: 0x00000149c4933ef0
Event: 0.276 Thread 0x0000014a0a7cd5c0 Thread added: 0x0000014a0a7cd5c0
Event: 0.276 Thread 0x00000149a2749b60 Thread exited: 0x00000149a2749b60
Event: 0.276 Thread 0x00000149a2749b60 Thread added: 0x00000149a2749b60
Event: 0.386 Thread 0x0000014a0a7abd20 Thread added: 0x0000014a0a7abd20
Event: 0.391 Thread 0x0000014a0a899f40 Thread added: 0x0000014a0a899f40
Event: 0.395 Thread 0x0000014a0a918bb0 Thread added: 0x0000014a0a918bb0
Event: 0.407 Thread 0x0000014a0a9356a0 Thread added: 0x0000014a0a9356a0


Dynamic libraries:
0x00007ff676f80000 - 0x00007ff676f90000 	C:\Program Files\Java\jdk-22\bin\java.exe
0x00007ff902a90000 - 0x00007ff902ca7000 	C:\WINDOWS\SYSTEM32\ntdll.dll
0x00007ff9011b0000 - 0x00007ff901274000 	C:\WINDOWS\System32\KERNEL32.DLL
0x00007ff8fff30000 - 0x00007ff9002d7000 	C:\WINDOWS\System32\KERNELBASE.dll
0x00007ff9002e0000 - 0x00007ff9003f1000 	C:\WINDOWS\System32\ucrtbase.dll
0x00007ff859930000 - 0x00007ff85994b000 	C:\Program Files\Java\jdk-22\bin\VCRUNTIME140.dll
0x00007ff8f6420000 - 0x00007ff8f6437000 	C:\Program Files\Java\jdk-22\bin\jli.dll
0x00007ff900940000 - 0x00007ff9009f2000 	C:\WINDOWS\System32\ADVAPI32.dll
0x00007ff900a30000 - 0x00007ff900ad7000 	C:\WINDOWS\System32\msvcrt.dll
0x00007ff902450000 - 0x00007ff9024f8000 	C:\WINDOWS\System32\sechost.dll
0x00007ff8fff00000 - 0x00007ff8fff28000 	C:\WINDOWS\System32\bcrypt.dll
0x00007ff902930000 - 0x00007ff902a45000 	C:\WINDOWS\System32\RPCRT4.dll
0x00007ff9013f0000 - 0x00007ff90159e000 	C:\WINDOWS\System32\USER32.dll
0x00007ff8ffed0000 - 0x00007ff8ffef6000 	C:\WINDOWS\System32\win32u.dll
0x00007ff8d2cf0000 - 0x00007ff8d2f83000 	C:\WINDOWS\WinSxS\amd64_microsoft.windows.common-controls_6595b64144ccf1df_6.0.22621.3527_none_270e469b73872a76\COMCTL32.dll
0x00007ff900a00000 - 0x00007ff900a29000 	C:\WINDOWS\System32\GDI32.dll
0x00007ff9006a0000 - 0x00007ff9007b9000 	C:\WINDOWS\System32\gdi32full.dll
0x00007ff8ffe30000 - 0x00007ff8ffeca000 	C:\WINDOWS\System32\msvcp_win.dll
0x00007ff8f47c0000 - 0x00007ff8f47ca000 	C:\WINDOWS\SYSTEM32\VERSION.dll
0x00007ff902500000 - 0x00007ff902531000 	C:\WINDOWS\System32\IMM32.DLL
0x00007ff8b5170000 - 0x00007ff8b517c000 	C:\Program Files\Java\jdk-22\bin\vcruntime140_1.dll
0x00007ff859590000 - 0x00007ff85961e000 	C:\Program Files\Java\jdk-22\bin\msvcp140.dll
0x00007ff859950000 - 0x00007ff85a698000 	C:\Program Files\Java\jdk-22\bin\server\jvm.dll
0x00007ff900cb0000 - 0x00007ff900d21000 	C:\WINDOWS\System32\WS2_32.dll
0x00007ff8febf0000 - 0x00007ff8fec3d000 	C:\WINDOWS\SYSTEM32\POWRPROF.dll
0x00007ff8f61d0000 - 0x00007ff8f6204000 	C:\WINDOWS\SYSTEM32\WINMM.dll
0x00007ff8febd0000 - 0x00007ff8febe3000 	C:\WINDOWS\SYSTEM32\UMPDC.dll
0x00007ff8fee80000 - 0x00007ff8fee98000 	C:\WINDOWS\SYSTEM32\kernel.appcore.dll
0x00007ff8b4070000 - 0x00007ff8b407a000 	C:\Program Files\Java\jdk-22\bin\jimage.dll
0x00007ff8fd6a0000 - 0x00007ff8fd8d2000 	C:\WINDOWS\SYSTEM32\DBGHELP.DLL
0x00007ff902540000 - 0x00007ff9028c8000 	C:\WINDOWS\System32\combase.dll
0x00007ff902360000 - 0x00007ff902437000 	C:\WINDOWS\System32\OLEAUT32.dll
0x00007ff8d11b0000 - 0x00007ff8d11e2000 	C:\WINDOWS\SYSTEM32\dbgcore.DLL
0x00007ff8ffdb0000 - 0x00007ff8ffe29000 	C:\WINDOWS\System32\bcryptPrimitives.dll
0x00007ff8598d0000 - 0x00007ff8598ee000 	C:\Program Files\Java\jdk-22\bin\java.dll
0x00007ff9017f0000 - 0x00007ff90204c000 	C:\WINDOWS\System32\SHELL32.dll
0x00007ff9021b0000 - 0x00007ff902355000 	C:\WINDOWS\System32\ole32.dll
0x00007ff8fdcb0000 - 0x00007ff8fe5a6000 	C:\WINDOWS\SYSTEM32\windows.storage.dll
0x00007ff8fdb70000 - 0x00007ff8fdcae000 	C:\WINDOWS\SYSTEM32\wintypes.dll
0x00007ff900ae0000 - 0x00007ff900bd5000 	C:\WINDOWS\System32\SHCORE.dll
0x00007ff900be0000 - 0x00007ff900c3e000 	C:\WINDOWS\System32\shlwapi.dll
0x00007ff8ffce0000 - 0x00007ff8ffd01000 	C:\WINDOWS\SYSTEM32\profapi.dll
0x00007ff8597f0000 - 0x00007ff8598c7000 	C:\Program Files\Java\jdk-22\bin\jsvml.dll
0x00007ff8b2960000 - 0x00007ff8b2970000 	C:\Program Files\Java\jdk-22\bin\net.dll
0x00007ff8ff2f0000 - 0x00007ff8ff359000 	C:\WINDOWS\system32\mswsock.dll
0x00007ff8597d0000 - 0x00007ff8597e6000 	C:\Program Files\Java\jdk-22\bin\nio.dll
0x00007ff8597b0000 - 0x00007ff8597c7000 	C:\Program Files\Java\jdk-22\bin\zip.dll
0x00007ff859620000 - 0x00007ff8597ae000 	C:\Program Files\Java\jdk-22\bin\awt.dll
0x00007ff8fa510000 - 0x00007ff8fa5a7000 	C:\WINDOWS\SYSTEM32\apphelp.dll
0x00007ff8fa5d0000 - 0x00007ff8fa67b000 	C:\WINDOWS\system32\uxtheme.dll
0x00007ff902050000 - 0x00007ff9021a3000 	C:\WINDOWS\System32\MSCTF.dll
0x00007ff8fa7d0000 - 0x00007ff8fa7fb000 	C:\WINDOWS\system32\DWMAPI.DLL
0x00007ff8563b0000 - 0x00007ff856437000 	C:\Program Files\Java\jdk-22\bin\freetype.dll
0x00007ff8562d0000 - 0x00007ff8563a7000 	C:\Program Files\Java\jdk-22\bin\fontmanager.dll
0x00007ff8c1040000 - 0x00007ff8c1140000 	C:\WINDOWS\system32\opengl32.dll
0x00007ff8c0fc0000 - 0x00007ff8c0fed000 	C:\WINDOWS\SYSTEM32\GLU32.dll
0x00007ff8fcf00000 - 0x00007ff8fcf39000 	C:\WINDOWS\SYSTEM32\dxcore.dll
0x00007ff8f73e0000 - 0x00007ff8f73e6000 	C:\Users\ACER\AppData\Local\Temp\flatlaf.temp\flatlaf-windows-x86_64-1221590182068000.dll
0x00007ff8ae400000 - 0x00007ff8ae410000 	C:\Program Files\Java\jdk-22\bin\verify.dll
0x00007ff8ec520000 - 0x00007ff8ec54e000 	C:\Program Files\Java\jdk-22\bin\javajpeg.dll
0x00007ff901340000 - 0x00007ff9013f0000 	C:\WINDOWS\System32\clbcatq.dll
0x00007ff8f8e10000 - 0x00007ff8f8fc0000 	C:\WINDOWS\SYSTEM32\WindowsCodecs.dll
0x00007ff8c0840000 - 0x00007ff8c089e000 	C:\WINDOWS\system32\dataexchange.dll
0x00007ff8f7f80000 - 0x00007ff8f820b000 	C:\WINDOWS\system32\twinapi.appcore.dll
0x00007ff85f060000 - 0x00007ff85f067000 	C:\Program Files\Java\jdk-22\bin\jawt.dll

dbghelp: loaded successfully - version: 4.0.5 - missing functions: none
symbol engine: initialized successfully - sym options: 0x614 - pdb path: .;C:\Program Files\Java\jdk-22\bin;C:\WINDOWS\SYSTEM32;C:\WINDOWS\WinSxS\amd64_microsoft.windows.common-controls_6595b64144ccf1df_6.0.22621.3527_none_270e469b73872a76;C:\Program Files\Java\jdk-22\bin\server;C:\Users\ACER\AppData\Local\Temp\flatlaf.temp

VM Arguments:
jvm_args: -Dfile.encoding=UTF-8 --module-path=E:\IE003\UITravel\build\classes 
java_command: uitravel.AdminMain
java_class_path (initial): E:\IE003\UITravel\TimingFramework-0.55.jar;E:\IE003\UITravel\library\TimingFramework-0.55.jar;E:\IE003\UITravel\library\datechooser-swing-1.4.1.jar;E:\IE003\UITravel\library\flatlaf-3.4.1.jar;E:\IE003\UITravel\library\flatlaf-extras-3.4.1.jar;E:\IE003\UITravel\library\jsvg-1.4.0.jar;E:\IE003\UITravel\library\miglayout-4.0.jar;E:\IE003\UITravel\library\miglayout-core.jar;E:\IE003\UITravel\library\miglayout-swing.jar;E:\IE003\UITravel\library\svgSalamander-1.1.4.jar;E:\IE003\UITravel\library\swing-datetime-picker-1.2.0.jar;E:\IE003\UITravel\library\adyen-java-api-library-25.1.0.jar;C:\Program Files\NetBeans-21\netbeans\java\modules\ext\AbsoluteLayout.jar;E:\IE003\UITravel\build\classes
Launcher Type: SUN_STANDARD

[Global flags]
     intx CICompilerCount                          = 12                                        {product} {ergonomic}
     uint ConcGCThreads                            = 3                                         {product} {ergonomic}
     uint G1ConcRefinementThreads                  = 13                                        {product} {ergonomic}
   size_t G1HeapRegionSize                         = 2097152                                   {product} {ergonomic}
   size_t InitialHeapSize                          = 266338304                                 {product} {ergonomic}
   size_t MarkStackSize                            = 4194304                                   {product} {ergonomic}
   size_t MaxHeapSize                              = 4238344192                                {product} {ergonomic}
   size_t MaxNewSize                               = 2541748224                                {product} {ergonomic}
   size_t MinHeapDeltaBytes                        = 2097152                                   {product} {ergonomic}
   size_t MinHeapSize                              = 8388608                                   {product} {ergonomic}
    uintx NonNMethodCodeHeapSize                   = 7602480                                {pd product} {ergonomic}
    uintx NonProfiledCodeHeapSize                  = 122027880                              {pd product} {ergonomic}
    uintx ProfiledCodeHeapSize                     = 122027880                              {pd product} {ergonomic}
    uintx ReservedCodeCacheSize                    = 251658240                              {pd product} {ergonomic}
     bool SegmentedCodeCache                       = true                                      {product} {ergonomic}
   size_t SoftMaxHeapSize                          = 4238344192                             {manageable} {ergonomic}
     bool UseCompressedOops                        = true                           {product lp64_product} {ergonomic}
     bool UseG1GC                                  = true                                      {product} {ergonomic}
     bool UseLargePagesIndividualAllocation        = false                                  {pd product} {ergonomic}

Logging:
Log output configuration:
 #0: stdout all=warning uptime,level,tags foldmultilines=false
 #1: stderr all=off uptime,level,tags foldmultilines=false

Environment Variables:
JAVA_HOME=C:\Program Files\Java\jdk-22
PATH=C:\Program Files\Eclipse Adoptium\jdk-21.0.3.9-hotspot\bin;C:\Program Files\Common Files\Oracle\Java\javapath;C:\Program Files (x86)\Common Files\Oracle\Java\javapath;C:\Program Files\Eclipse Adoptium\jdk-21.0.2.13-hotspot\bin;C:\Program Files (x86)\Common Files\Intel\Shared Libraries\redist\intel64\compiler;C:\Program Files (x86)\Common Files\Intel\Shared Libraries\redist\ia32\compiler;C:\Windows\system32;C:\Windows;C:\Windows\System32\Wbem;C:\Windows\System32\WindowsPowerShell\v1.0\;C:\Windows\System32\OpenSSH\;C:\Program Files (x86)\NVIDIA Corporation\PhysX\Common;C:\Program Files\NVIDIA Corporation\NVIDIA NvDLISR;C:\Program Files (x86)\mingw-w64\i686-8.1.0-posix-dwarf-rt_v6-rev0\mingw32\bin;C:\WINDOWS\system32;C:\WINDOWS;C:\WINDOWS\System32\Wbem;C:\WINDOWS\System32\WindowsPowerShell\v1.0\;C:\WINDOWS\System32\OpenSSH\;C:\Program Files\Microsoft SQL Server\Client SDK\ODBC\170\Tools\Binn\;C:\Program Files (x86)\Microsoft SQL Server\150\Tools\Binn\;C:\Program Files\Microsoft SQL Server\150\Tools\Binn\;C:\Program Files\Microsoft SQL Server\150\DTS\Binn\;C:\Program Files (x86)\Microsoft SQL Server\150\DTS\Binn\;C:\Program Files\CMake\bin;C:\Program Files\Docker\Docker\resources\bin;C:\Program Files\dotnet\;C:\Program Files\nodejs\;C:\Program Files\Git\cmd;C:\Program Files\Cloudflare\Cloudflare WARP\;C:\Users\ACER\AppData\Local\Programs\Python\Python310\Scripts\;C:\Users\ACER\AppData\Local\Programs\Python\Python310\;C:\Users\ACER\AppData\Local\Microsoft\WindowsApps;C:\Users\ACER\AppData\Local\Programs\Microsoft VS Code\bin;C:\Program Files\Azure Data Studio\bin;C:\Users\ACER\AppData\Local\GitHubDesktop\bin;E:\Barebone\Compiler\win_flex_bison-2.5.4;C:\Users\ACER\AppData\Roaming\Microsoft\Windows\Start Menu\Programs\Python 3.10;C:\Users\ACER\.dotnet\tools;C:\Users\ACER\AppData\Roaming\npm;C:\Program Files (x86)\GnuWin32\bin;E:\nlp;E:\nlp\access;C:\Users\ACER\AppData\Local\Android\Sdk\emulator;C:\Users\ACER\AppData\Local\Android\android-sdk;C:\Users\ACER\AppData\Local\Android\Sdk\platform-tools;C:\Users\ACER\AppData\Local\Android\Sdk;C:\Users\ACER\AppData\Local\Android\android-sdk;C:\Program Files\Java\jdk-22\bin;C:\Program Files\Java\jre-1.8\bin;
USERNAME=ACER
OS=Windows_NT
PROCESSOR_IDENTIFIER=Intel64 Family 6 Model 141 Stepping 1, GenuineIntel
TMP=C:\Users\ACER\AppData\Local\Temp
TEMP=C:\Users\ACER\AppData\Local\Temp




Periodic native trim disabled

---------------  S Y S T E M  ---------------

OS:
 Windows 11 , 64 bit Build 22621 (10.0.22621.3527)
OS uptime: 1 days 9:55 hours
Hyper-V role detected

CPU: total 16 (initial active 16) (8 cores per cpu, 2 threads per core) family 6 model 141 stepping 1 microcode 0x3c, cx8, cmov, fxsr, ht, mmx, 3dnowpref, sse, sse2, sse3, ssse3, sse4.1, sse4.2, popcnt, lzcnt, tsc, tscinvbit, avx, avx2, aes, erms, clmul, bmi1, bmi2, adx, avx512f, avx512dq, avx512cd, avx512bw, avx512vl, sha, fma, vzeroupper, avx512_vpopcntdq, avx512_vpclmulqdq, avx512_vaes, avx512_vnni, clflush, clflushopt, clwb, avx512_vbmi2, avx512_vbmi, hv, rdtscp, rdpid, fsrm, gfni, avx512_bitalg, f16c, cet_ibt, cet_ss, avx512_ifma
Processor Information for all 16 processors :
  Max Mhz: 2304, Current Mhz: 2304, Mhz Limit: 2304

Memory: 4k page, system-wide physical 16163M (4855M free)
TotalPageFile size 18211M (AvailPageFile size 42M)
current process WorkingSet (physical memory assigned to process): 110M, peak: 110M
current process commit charge ("private bytes"): 383M, peak: 383M

vm_info: Java HotSpot(TM) 64-Bit Server VM (22+36-2370) for windows-amd64 JRE (22+36-2370), built on 2024-02-15T22:15:19Z by "mach5one" with MS VC++ 17.6 (VS2022)

END.
