#
# There is insufficient memory for the Java Runtime Environment to continue.
# Native memory allocation (malloc) failed to allocate 441248 bytes. Error detail: Chunk::new
# Possible reasons:
#   The system is out of physical RAM or swap space
#   This process is running with CompressedOops enabled, and the Java Heap may be blocking the growth of the native heap
# Possible solutions:
#   Reduce memory load on the system
#   Increase physical memory or swap space
#   Check if swap backing store is full
#   Decrease Java heap size (-Xmx/-Xms)
#   Decrease number of Java threads
#   Decrease Java thread stack sizes (-Xss)
#   Set larger code cache with -XX:ReservedCodeCacheSize=
#   JVM is running with Zero Based Compressed Oops mode in which the Java heap is
#     placed in the first 32GB address space. The Java Heap base address is the
#     maximum limit for the native heap growth. Please use -XX:HeapBaseMinAddress
#     to set the Java Heap base and to place the Java Heap above 32GB virtual address.
# This output file may be truncated or incomplete.
#
#  Out of Memory Error (arena.cpp:150), pid=13272, tid=18464
#
# JRE version: Java(TM) SE Runtime Environment (22.0+36) (build 22+36-2370)
# Java VM: Java HotSpot(TM) 64-Bit Server VM (22+36-2370, mixed mode, sharing, tiered, compressed oops, compressed class ptrs, g1 gc, windows-amd64)
# No core dump will be written. Minidumps are not enabled by default on client versions of Windows
#

---------------  S U M M A R Y ------------

Command Line: -Dfile.encoding=UTF-8 --module-path=E:\IE003\UITravel\build\classes uitravel.AdminMain

Host: 11th Gen Intel(R) Core(TM) i7-11800H @ 2.30GHz, 16 cores, 15G,  Windows 11 , 64 bit Build 22621 (10.0.22621.3527)
Time: Tue May 28 20:49:16 2024 SE Asia Standard Time elapsed time: 0.914723 seconds (0d 0h 0m 0s)

---------------  T H R E A D  ---------------

Current thread (0x000001618aa72360):  JavaThread "C2 CompilerThread5" daemon [_thread_in_native, id=18464, stack(0x00000033fe300000,0x00000033fe400000) (1024K)]


Current CompileTask:
C2:914 2493 %     4       sun.java2d.marlin.Renderer::_endRendering @ 808 (2646 bytes)

Stack: [0x00000033fe300000,0x00000033fe400000]
Native frames: (J=compiled Java code, j=interpreted, Vv=VM code, C=native code)
V  [jvm.dll+0x6e2349]  (no source info available)
V  [jvm.dll+0x874ed3]  (no source info available)
V  [jvm.dll+0x8772fe]  (no source info available)
V  [jvm.dll+0x8779d3]  (no source info available)
V  [jvm.dll+0x27fcb6]  (no source info available)
V  [jvm.dll+0xc3d0f]  (no source info available)
V  [jvm.dll+0xc3f6b]  (no source info available)
V  [jvm.dll+0x3bb05c]  (no source info available)
V  [jvm.dll+0x387abb]  (no source info available)
V  [jvm.dll+0x386f2a]  (no source info available)
V  [jvm.dll+0x247908]  (no source info available)
V  [jvm.dll+0x246faf]  (no source info available)
V  [jvm.dll+0x1c4e90]  (no source info available)
V  [jvm.dll+0x25699e]  (no source info available)
V  [jvm.dll+0x254c5a]  (no source info available)
V  [jvm.dll+0x3f5426]  (no source info available)
V  [jvm.dll+0x81d50b]  (no source info available)
V  [jvm.dll+0x6e09e5]  (no source info available)
C  [ucrtbase.dll+0x29333]  (no source info available)
C  [KERNEL32.DLL+0x1257d]  (no source info available)
C  [ntdll.dll+0x5aa48]  (no source info available)


---------------  P R O C E S S  ---------------

Threads class SMR info:
_java_thread_list=0x000001618a629c80, length=26, elements={
0x0000016143096800, 0x0000016143097810, 0x00000161430996d0, 0x000001614309c330,
0x000001614309cfb0, 0x000001614309fdb0, 0x000001614309dc30, 0x00000161430ab600,
0x0000016143c5f790, 0x0000016143cae880, 0x0000016143dc3ba0, 0x0000016143dc2210,
0x0000016143f7e7d0, 0x0000016189154ed0, 0x0000016189155d60, 0x00000161891ab590,
0x00000161896c9120, 0x00000161893354f0, 0x00000161896dc770, 0x00000161895160b0,
0x0000016121f7f340, 0x00000161896411f0, 0x0000016189644320, 0x000001618aa16330,
0x000001618aa72360, 0x000001618aa72a20
}

Java Threads: ( => current thread )
  0x0000016143096800 JavaThread "Reference Handler"          daemon [_thread_blocked, id=10396, stack(0x00000033fbd00000,0x00000033fbe00000) (1024K)]
  0x0000016143097810 JavaThread "Finalizer"                  daemon [_thread_blocked, id=19280, stack(0x00000033fbe00000,0x00000033fbf00000) (1024K)]
  0x00000161430996d0 JavaThread "Signal Dispatcher"          daemon [_thread_blocked, id=15584, stack(0x00000033fbf00000,0x00000033fc000000) (1024K)]
  0x000001614309c330 JavaThread "Attach Listener"            daemon [_thread_blocked, id=12140, stack(0x00000033fc000000,0x00000033fc100000) (1024K)]
  0x000001614309cfb0 JavaThread "Service Thread"             daemon [_thread_blocked, id=10432, stack(0x00000033fc100000,0x00000033fc200000) (1024K)]
  0x000001614309fdb0 JavaThread "Monitor Deflation Thread"   daemon [_thread_blocked, id=17712, stack(0x00000033fc200000,0x00000033fc300000) (1024K)]
  0x000001614309dc30 JavaThread "C2 CompilerThread0"         daemon [_thread_in_native, id=4028, stack(0x00000033fc300000,0x00000033fc400000) (1024K)]
  0x00000161430ab600 JavaThread "C1 CompilerThread0"         daemon [_thread_in_vm, id=14828, stack(0x00000033fc400000,0x00000033fc500000) (1024K)]
  0x0000016143c5f790 JavaThread "Common-Cleaner"             daemon [_thread_blocked, id=4500, stack(0x00000033fc500000,0x00000033fc600000) (1024K)]
  0x0000016143cae880 JavaThread "C1 CompilerThread1"         daemon [_thread_blocked, id=23248, stack(0x00000033fc600000,0x00000033fc700000) (1024K)]
  0x0000016143dc3ba0 JavaThread "Notification Thread"        daemon [_thread_blocked, id=17792, stack(0x00000033fc700000,0x00000033fc800000) (1024K)]
  0x0000016143dc2210 JavaThread "C2 CompilerThread1"         daemon [_thread_in_native, id=10840, stack(0x00000033fc800000,0x00000033fc900000) (1024K)]
  0x0000016143f7e7d0 JavaThread "Java2D Disposer"            daemon [_thread_blocked, id=16592, stack(0x00000033fc900000,0x00000033fca00000) (1024K)]
  0x0000016189154ed0 JavaThread "AWT-Shutdown"                      [_thread_blocked, id=16480, stack(0x00000033fca00000,0x00000033fcb00000) (1024K)]
  0x0000016189155d60 JavaThread "AWT-Windows"                daemon [_thread_in_native, id=6448, stack(0x00000033fcb00000,0x00000033fcc00000) (1024K)]
  0x00000161891ab590 JavaThread "C2 CompilerThread2"         daemon [_thread_in_native, id=18628, stack(0x00000033fcc00000,0x00000033fcd00000) (1024K)]
  0x00000161896c9120 JavaThread "C2 CompilerThread3"         daemon [_thread_in_native, id=14664, stack(0x00000033fcd00000,0x00000033fce00000) (1024K)]
  0x00000161893354f0 JavaThread "C1 CompilerThread2"         daemon [_thread_blocked, id=18032, stack(0x00000033fce00000,0x00000033fcf00000) (1024K)]
  0x00000161896dc770 JavaThread "C1 CompilerThread3"         daemon [_thread_blocked, id=20604, stack(0x00000033fcf00000,0x00000033fd000000) (1024K)]
  0x00000161895160b0 JavaThread "AWT-EventQueue-0"                  [_thread_blocked, id=19624, stack(0x00000033fd000000,0x00000033fd100000) (1024K)]
  0x0000016121f7f340 JavaThread "DestroyJavaVM"                     [_thread_blocked, id=20688, stack(0x00000033fb500000,0x00000033fb600000) (1024K)]
  0x00000161896411f0 JavaThread "TimerQueue"                 daemon [_thread_blocked, id=12352, stack(0x00000033fd100000,0x00000033fd200000) (1024K)]
  0x0000016189644320 JavaThread "Image Fetcher 0"            daemon [_thread_blocked, id=1260, stack(0x00000033fd200000,0x00000033fd300000) (1024K)]
  0x000001618aa16330 JavaThread "C2 CompilerThread4"         daemon [_thread_in_native, id=8256, stack(0x00000033fe200000,0x00000033fe300000) (1024K)]
=>0x000001618aa72360 JavaThread "C2 CompilerThread5"         daemon [_thread_in_native, id=18464, stack(0x00000033fe300000,0x00000033fe400000) (1024K)]
  0x000001618aa72a20 JavaThread "C2 CompilerThread6"         daemon [_thread_in_native, id=19100, stack(0x00000033fe400000,0x00000033fe500000) (1024K)]
Total: 26

Other Threads:
  0x0000016143081f70 VMThread "VM Thread"                           [id=3436, stack(0x00000033fbc00000,0x00000033fbd00000) (1024K)] _threads_hazard_ptr=0x000001618a629c80
  0x0000016143067220 WatcherThread "VM Periodic Task Thread"        [id=16328, stack(0x00000033fbb00000,0x00000033fbc00000) (1024K)]
  0x0000016121fe2f70 WorkerThread "GC Thread#0"                     [id=3076, stack(0x00000033fb600000,0x00000033fb700000) (1024K)]
  0x000001618a603c70 WorkerThread "GC Thread#1"                     [id=4600, stack(0x00000033fd600000,0x00000033fd700000) (1024K)]
  0x000001618a604020 WorkerThread "GC Thread#2"                     [id=22048, stack(0x00000033fd700000,0x00000033fd800000) (1024K)]
  0x000001618a5de100 WorkerThread "GC Thread#3"                     [id=22004, stack(0x00000033fd800000,0x00000033fd900000) (1024K)]
  0x000001618a6ea870 WorkerThread "GC Thread#4"                     [id=3796, stack(0x00000033fd900000,0x00000033fda00000) (1024K)]
  0x000001618a6140f0 WorkerThread "GC Thread#5"                     [id=24116, stack(0x00000033fda00000,0x00000033fdb00000) (1024K)]
  0x000001618a81bfe0 WorkerThread "GC Thread#6"                     [id=2848, stack(0x00000033fdb00000,0x00000033fdc00000) (1024K)]
  0x000001618a81c390 WorkerThread "GC Thread#7"                     [id=4980, stack(0x00000033fdc00000,0x00000033fdd00000) (1024K)]
  0x000001618a81d600 WorkerThread "GC Thread#8"                     [id=20948, stack(0x00000033fdd00000,0x00000033fde00000) (1024K)]
  0x000001618a81d250 WorkerThread "GC Thread#9"                     [id=10400, stack(0x00000033fde00000,0x00000033fdf00000) (1024K)]
  0x000001618a81cea0 WorkerThread "GC Thread#10"                    [id=9296, stack(0x00000033fdf00000,0x00000033fe000000) (1024K)]
  0x000001618a81d9b0 WorkerThread "GC Thread#11"                    [id=17488, stack(0x00000033fe000000,0x00000033fe100000) (1024K)]
  0x000001618a81c740 WorkerThread "GC Thread#12"                    [id=10528, stack(0x00000033fe100000,0x00000033fe200000) (1024K)]
  0x0000016121ff4400 ConcurrentGCThread "G1 Main Marker"            [id=22348, stack(0x00000033fb700000,0x00000033fb800000) (1024K)]
  0x0000016121ff50c0 WorkerThread "G1 Conc#0"                       [id=17796, stack(0x00000033fb800000,0x00000033fb900000) (1024K)]
  0x0000016142f38c50 ConcurrentGCThread "G1 Refine#0"               [id=9708, stack(0x00000033fb900000,0x00000033fba00000) (1024K)]
  0x0000016142f397d0 ConcurrentGCThread "G1 Service"                [id=14276, stack(0x00000033fba00000,0x00000033fbb00000) (1024K)]
Total: 19

Threads with active compile tasks:
C2 CompilerThread0  954 2631       4       java.awt.Font::getStringBounds (231 bytes)
C1 CompilerThread0  954 2813       3       java.awt.Container::getComponents (5 bytes)
C2 CompilerThread1  954 2629       4       sun.swing.SwingUtilities2::getFontCharsWidth (45 bytes)
C2 CompilerThread2  954 2717       4       net.miginfocom.layout.LayoutUtil::calculateSerial (616 bytes)
C2 CompilerThread3  954 2513   !   4       sun.font.FontDesignMetrics::getMetrics (265 bytes)
C2 CompilerThread4  954 2508 %     4       sun.java2d.marlin.MarlinTileGenerator::getAlphaRLE @ 1106 (1749 bytes)
C2 CompilerThread5  954 2493 %     4       sun.java2d.marlin.Renderer::_endRendering @ 808 (2646 bytes)
C2 CompilerThread6  954 2531       4       javax.swing.GroupLayout$Group::calculateAutopadding (78 bytes)
Total: 8

VM state: not at safepoint (normal execution)

VM Mutex/Monitor currently owned by a thread: None

Heap address: 0x0000000703600000, size: 4042 MB, Compressed Oops mode: Zero based, Oop shift amount: 3

CDS archive(s) mapped at: [0x0000016144000000-0x0000016144c60000-0x0000016144c60000), size 12976128, SharedBaseAddress: 0x0000016144000000, ArchiveRelocationMode: 1.
Compressed class space mapped at: 0x0000016145000000-0x0000016185000000, reserved size: 1073741824
Narrow klass base: 0x0000016144000000, Narrow klass shift: 0, Narrow klass range: 0x41000000

GC Precious Log:
 CardTable entry size: 512
 Card Set container configuration: InlinePtr #cards 4 size 8 Array Of Cards #cards 16 size 48 Howl #buckets 8 coarsen threshold 3686 Howl Bitmap #cards 512 size 80 coarsen threshold 460 Card regions per heap region 1 cards per card region 4096
 CPUs: 16 total, 16 available
 Memory: 16163M
 Large Page Support: Disabled
 NUMA Support: Disabled
 Compressed Oops: Enabled (Zero based)
 Heap Region Size: 2M
 Heap Min Capacity: 8M
 Heap Initial Capacity: 254M
 Heap Max Capacity: 4042M
 Pre-touch: Disabled
 Parallel Workers: 13
 Concurrent Workers: 3
 Concurrent Refinement Workers: 13
 Periodic GC: Disabled

Heap:
 garbage-first heap   total reserved 4139008K, committed 260096K, used 37356K [0x0000000703600000, 0x0000000800000000)
  region size 2048K, 10 young (20480K), 2 survivors (4096K)
 Metaspace       used 14258K, committed 14592K, reserved 1114112K
  class space    used 1581K, committed 1728K, reserved 1048576K

Heap Regions: E=young(eden), S=young(survivor), O=old, HS=humongous(starts), HC=humongous(continues), CS=collection set, F=free, TAMS=top-at-mark-start, PB=parsable bottom
|   0|0x0000000703600000, 0x0000000703800000, 0x0000000703800000|100%|HS|  |TAMS 0x0000000703600000| PB 0x0000000703600000| Complete |  0
|   1|0x0000000703800000, 0x0000000703a00000, 0x0000000703a00000|100%|HC|  |TAMS 0x0000000703800000| PB 0x0000000703800000| Complete |  0
|   2|0x0000000703a00000, 0x0000000703c00000, 0x0000000703c00000|100%|HC|  |TAMS 0x0000000703a00000| PB 0x0000000703a00000| Complete |  0
|   3|0x0000000703c00000, 0x0000000703e00000, 0x0000000703e00000|100%|HS|  |TAMS 0x0000000703c00000| PB 0x0000000703c00000| Complete |  0
|   4|0x0000000703e00000, 0x0000000704000000, 0x0000000704000000|100%|HC|  |TAMS 0x0000000703e00000| PB 0x0000000703e00000| Complete |  0
|   5|0x0000000704000000, 0x000000070407b080, 0x0000000704200000| 24%| O|  |TAMS 0x0000000704000000| PB 0x0000000704000000| Untracked |  0
|   6|0x0000000704200000, 0x0000000704400000, 0x0000000704400000|100%|HS|  |TAMS 0x0000000704200000| PB 0x0000000704200000| Complete |  0
|   7|0x0000000704400000, 0x0000000704600000, 0x0000000704600000|100%|HC|  |TAMS 0x0000000704400000| PB 0x0000000704400000| Complete |  0
|   8|0x0000000704600000, 0x0000000704800000, 0x0000000704800000|100%|HC|  |TAMS 0x0000000704600000| PB 0x0000000704600000| Complete |  0
|   9|0x0000000704800000, 0x0000000704a00000, 0x0000000704a00000|100%|HC|  |TAMS 0x0000000704800000| PB 0x0000000704800000| Complete |  0
|  10|0x0000000704a00000, 0x0000000704a00000, 0x0000000704c00000|  0%| F|  |TAMS 0x0000000704a00000| PB 0x0000000704a00000| Untracked |  0
|  11|0x0000000704c00000, 0x0000000704c00000, 0x0000000704e00000|  0%| F|  |TAMS 0x0000000704c00000| PB 0x0000000704c00000| Untracked |  0
|  12|0x0000000704e00000, 0x0000000704e00000, 0x0000000705000000|  0%| F|  |TAMS 0x0000000704e00000| PB 0x0000000704e00000| Untracked |  0
|  13|0x0000000705000000, 0x0000000705000000, 0x0000000705200000|  0%| F|  |TAMS 0x0000000705000000| PB 0x0000000705000000| Untracked |  0
|  14|0x0000000705200000, 0x0000000705200000, 0x0000000705400000|  0%| F|  |TAMS 0x0000000705200000| PB 0x0000000705200000| Untracked |  0
|  15|0x0000000705400000, 0x0000000705400000, 0x0000000705600000|  0%| F|  |TAMS 0x0000000705400000| PB 0x0000000705400000| Untracked |  0
|  16|0x0000000705600000, 0x0000000705600000, 0x0000000705800000|  0%| F|  |TAMS 0x0000000705600000| PB 0x0000000705600000| Untracked |  0
|  17|0x0000000705800000, 0x0000000705800000, 0x0000000705a00000|  0%| F|  |TAMS 0x0000000705800000| PB 0x0000000705800000| Untracked |  0
|  18|0x0000000705a00000, 0x0000000705a00000, 0x0000000705c00000|  0%| F|  |TAMS 0x0000000705a00000| PB 0x0000000705a00000| Untracked |  0
|  19|0x0000000705c00000, 0x0000000705c00000, 0x0000000705e00000|  0%| F|  |TAMS 0x0000000705c00000| PB 0x0000000705c00000| Untracked |  0
|  20|0x0000000705e00000, 0x0000000705e00000, 0x0000000706000000|  0%| F|  |TAMS 0x0000000705e00000| PB 0x0000000705e00000| Untracked |  0
|  21|0x0000000706000000, 0x0000000706000000, 0x0000000706200000|  0%| F|  |TAMS 0x0000000706000000| PB 0x0000000706000000| Untracked |  0
|  22|0x0000000706200000, 0x0000000706200000, 0x0000000706400000|  0%| F|  |TAMS 0x0000000706200000| PB 0x0000000706200000| Untracked |  0
|  23|0x0000000706400000, 0x0000000706400000, 0x0000000706600000|  0%| F|  |TAMS 0x0000000706400000| PB 0x0000000706400000| Untracked |  0
|  24|0x0000000706600000, 0x0000000706600000, 0x0000000706800000|  0%| F|  |TAMS 0x0000000706600000| PB 0x0000000706600000| Untracked |  0
|  25|0x0000000706800000, 0x0000000706800000, 0x0000000706a00000|  0%| F|  |TAMS 0x0000000706800000| PB 0x0000000706800000| Untracked |  0
|  26|0x0000000706a00000, 0x0000000706a00000, 0x0000000706c00000|  0%| F|  |TAMS 0x0000000706a00000| PB 0x0000000706a00000| Untracked |  0
|  27|0x0000000706c00000, 0x0000000706c00000, 0x0000000706e00000|  0%| F|  |TAMS 0x0000000706c00000| PB 0x0000000706c00000| Untracked |  0
|  28|0x0000000706e00000, 0x0000000706e00000, 0x0000000707000000|  0%| F|  |TAMS 0x0000000706e00000| PB 0x0000000706e00000| Untracked |  0
|  29|0x0000000707000000, 0x0000000707000000, 0x0000000707200000|  0%| F|  |TAMS 0x0000000707000000| PB 0x0000000707000000| Untracked |  0
|  30|0x0000000707200000, 0x0000000707200000, 0x0000000707400000|  0%| F|  |TAMS 0x0000000707200000| PB 0x0000000707200000| Untracked |  0
|  31|0x0000000707400000, 0x0000000707400000, 0x0000000707600000|  0%| F|  |TAMS 0x0000000707400000| PB 0x0000000707400000| Untracked |  0
|  32|0x0000000707600000, 0x0000000707600000, 0x0000000707800000|  0%| F|  |TAMS 0x0000000707600000| PB 0x0000000707600000| Untracked |  0
|  33|0x0000000707800000, 0x0000000707800000, 0x0000000707a00000|  0%| F|  |TAMS 0x0000000707800000| PB 0x0000000707800000| Untracked |  0
|  34|0x0000000707a00000, 0x0000000707a00000, 0x0000000707c00000|  0%| F|  |TAMS 0x0000000707a00000| PB 0x0000000707a00000| Untracked |  0
|  35|0x0000000707c00000, 0x0000000707c00000, 0x0000000707e00000|  0%| F|  |TAMS 0x0000000707c00000| PB 0x0000000707c00000| Untracked |  0
|  36|0x0000000707e00000, 0x0000000707e00000, 0x0000000708000000|  0%| F|  |TAMS 0x0000000707e00000| PB 0x0000000707e00000| Untracked |  0
|  37|0x0000000708000000, 0x0000000708000000, 0x0000000708200000|  0%| F|  |TAMS 0x0000000708000000| PB 0x0000000708000000| Untracked |  0
|  38|0x0000000708200000, 0x0000000708200000, 0x0000000708400000|  0%| F|  |TAMS 0x0000000708200000| PB 0x0000000708200000| Untracked |  0
|  39|0x0000000708400000, 0x0000000708400000, 0x0000000708600000|  0%| F|  |TAMS 0x0000000708400000| PB 0x0000000708400000| Untracked |  0
|  40|0x0000000708600000, 0x0000000708600000, 0x0000000708800000|  0%| F|  |TAMS 0x0000000708600000| PB 0x0000000708600000| Untracked |  0
|  41|0x0000000708800000, 0x0000000708800000, 0x0000000708a00000|  0%| F|  |TAMS 0x0000000708800000| PB 0x0000000708800000| Untracked |  0
|  42|0x0000000708a00000, 0x0000000708a00000, 0x0000000708c00000|  0%| F|  |TAMS 0x0000000708a00000| PB 0x0000000708a00000| Untracked |  0
|  43|0x0000000708c00000, 0x0000000708c00000, 0x0000000708e00000|  0%| F|  |TAMS 0x0000000708c00000| PB 0x0000000708c00000| Untracked |  0
|  44|0x0000000708e00000, 0x0000000708e00000, 0x0000000709000000|  0%| F|  |TAMS 0x0000000708e00000| PB 0x0000000708e00000| Untracked |  0
|  45|0x0000000709000000, 0x0000000709000000, 0x0000000709200000|  0%| F|  |TAMS 0x0000000709000000| PB 0x0000000709000000| Untracked |  0
|  46|0x0000000709200000, 0x0000000709200000, 0x0000000709400000|  0%| F|  |TAMS 0x0000000709200000| PB 0x0000000709200000| Untracked |  0
|  47|0x0000000709400000, 0x0000000709400000, 0x0000000709600000|  0%| F|  |TAMS 0x0000000709400000| PB 0x0000000709400000| Untracked |  0
|  48|0x0000000709600000, 0x0000000709600000, 0x0000000709800000|  0%| F|  |TAMS 0x0000000709600000| PB 0x0000000709600000| Untracked |  0
|  49|0x0000000709800000, 0x0000000709800000, 0x0000000709a00000|  0%| F|  |TAMS 0x0000000709800000| PB 0x0000000709800000| Untracked |  0
|  50|0x0000000709a00000, 0x0000000709a00000, 0x0000000709c00000|  0%| F|  |TAMS 0x0000000709a00000| PB 0x0000000709a00000| Untracked |  0
|  51|0x0000000709c00000, 0x0000000709c00000, 0x0000000709e00000|  0%| F|  |TAMS 0x0000000709c00000| PB 0x0000000709c00000| Untracked |  0
|  52|0x0000000709e00000, 0x0000000709e00000, 0x000000070a000000|  0%| F|  |TAMS 0x0000000709e00000| PB 0x0000000709e00000| Untracked |  0
|  53|0x000000070a000000, 0x000000070a000000, 0x000000070a200000|  0%| F|  |TAMS 0x000000070a000000| PB 0x000000070a000000| Untracked |  0
|  54|0x000000070a200000, 0x000000070a200000, 0x000000070a400000|  0%| F|  |TAMS 0x000000070a200000| PB 0x000000070a200000| Untracked |  0
|  55|0x000000070a400000, 0x000000070a400000, 0x000000070a600000|  0%| F|  |TAMS 0x000000070a400000| PB 0x000000070a400000| Untracked |  0
|  56|0x000000070a600000, 0x000000070a600000, 0x000000070a800000|  0%| F|  |TAMS 0x000000070a600000| PB 0x000000070a600000| Untracked |  0
|  57|0x000000070a800000, 0x000000070a800000, 0x000000070aa00000|  0%| F|  |TAMS 0x000000070a800000| PB 0x000000070a800000| Untracked |  0
|  58|0x000000070aa00000, 0x000000070aa00000, 0x000000070ac00000|  0%| F|  |TAMS 0x000000070aa00000| PB 0x000000070aa00000| Untracked |  0
|  59|0x000000070ac00000, 0x000000070ac00000, 0x000000070ae00000|  0%| F|  |TAMS 0x000000070ac00000| PB 0x000000070ac00000| Untracked |  0
|  60|0x000000070ae00000, 0x000000070ae00000, 0x000000070b000000|  0%| F|  |TAMS 0x000000070ae00000| PB 0x000000070ae00000| Untracked |  0
|  61|0x000000070b000000, 0x000000070b000000, 0x000000070b200000|  0%| F|  |TAMS 0x000000070b000000| PB 0x000000070b000000| Untracked |  0
|  62|0x000000070b200000, 0x000000070b200000, 0x000000070b400000|  0%| F|  |TAMS 0x000000070b200000| PB 0x000000070b200000| Untracked |  0
|  63|0x000000070b400000, 0x000000070b400000, 0x000000070b600000|  0%| F|  |TAMS 0x000000070b400000| PB 0x000000070b400000| Untracked |  0
|  64|0x000000070b600000, 0x000000070b600000, 0x000000070b800000|  0%| F|  |TAMS 0x000000070b600000| PB 0x000000070b600000| Untracked |  0
|  65|0x000000070b800000, 0x000000070b800000, 0x000000070ba00000|  0%| F|  |TAMS 0x000000070b800000| PB 0x000000070b800000| Untracked |  0
|  66|0x000000070ba00000, 0x000000070ba00000, 0x000000070bc00000|  0%| F|  |TAMS 0x000000070ba00000| PB 0x000000070ba00000| Untracked |  0
|  67|0x000000070bc00000, 0x000000070bc00000, 0x000000070be00000|  0%| F|  |TAMS 0x000000070bc00000| PB 0x000000070bc00000| Untracked |  0
|  68|0x000000070be00000, 0x000000070be00000, 0x000000070c000000|  0%| F|  |TAMS 0x000000070be00000| PB 0x000000070be00000| Untracked |  0
|  69|0x000000070c000000, 0x000000070c000000, 0x000000070c200000|  0%| F|  |TAMS 0x000000070c000000| PB 0x000000070c000000| Untracked |  0
|  70|0x000000070c200000, 0x000000070c200000, 0x000000070c400000|  0%| F|  |TAMS 0x000000070c200000| PB 0x000000070c200000| Untracked |  0
|  71|0x000000070c400000, 0x000000070c400000, 0x000000070c600000|  0%| F|  |TAMS 0x000000070c400000| PB 0x000000070c400000| Untracked |  0
|  72|0x000000070c600000, 0x000000070c600000, 0x000000070c800000|  0%| F|  |TAMS 0x000000070c600000| PB 0x000000070c600000| Untracked |  0
|  73|0x000000070c800000, 0x000000070c800000, 0x000000070ca00000|  0%| F|  |TAMS 0x000000070c800000| PB 0x000000070c800000| Untracked |  0
|  74|0x000000070ca00000, 0x000000070ca00000, 0x000000070cc00000|  0%| F|  |TAMS 0x000000070ca00000| PB 0x000000070ca00000| Untracked |  0
|  75|0x000000070cc00000, 0x000000070cc00000, 0x000000070ce00000|  0%| F|  |TAMS 0x000000070cc00000| PB 0x000000070cc00000| Untracked |  0
|  76|0x000000070ce00000, 0x000000070ce00000, 0x000000070d000000|  0%| F|  |TAMS 0x000000070ce00000| PB 0x000000070ce00000| Untracked |  0
|  77|0x000000070d000000, 0x000000070d000000, 0x000000070d200000|  0%| F|  |TAMS 0x000000070d000000| PB 0x000000070d000000| Untracked |  0
|  78|0x000000070d200000, 0x000000070d200000, 0x000000070d400000|  0%| F|  |TAMS 0x000000070d200000| PB 0x000000070d200000| Untracked |  0
|  79|0x000000070d400000, 0x000000070d400000, 0x000000070d600000|  0%| F|  |TAMS 0x000000070d400000| PB 0x000000070d400000| Untracked |  0
|  80|0x000000070d600000, 0x000000070d600000, 0x000000070d800000|  0%| F|  |TAMS 0x000000070d600000| PB 0x000000070d600000| Untracked |  0
|  81|0x000000070d800000, 0x000000070d800000, 0x000000070da00000|  0%| F|  |TAMS 0x000000070d800000| PB 0x000000070d800000| Untracked |  0
|  82|0x000000070da00000, 0x000000070da00000, 0x000000070dc00000|  0%| F|  |TAMS 0x000000070da00000| PB 0x000000070da00000| Untracked |  0
|  83|0x000000070dc00000, 0x000000070dc00000, 0x000000070de00000|  0%| F|  |TAMS 0x000000070dc00000| PB 0x000000070dc00000| Untracked |  0
|  84|0x000000070de00000, 0x000000070de00000, 0x000000070e000000|  0%| F|  |TAMS 0x000000070de00000| PB 0x000000070de00000| Untracked |  0
|  85|0x000000070e000000, 0x000000070e000000, 0x000000070e200000|  0%| F|  |TAMS 0x000000070e000000| PB 0x000000070e000000| Untracked |  0
|  86|0x000000070e200000, 0x000000070e200000, 0x000000070e400000|  0%| F|  |TAMS 0x000000070e200000| PB 0x000000070e200000| Untracked |  0
|  87|0x000000070e400000, 0x000000070e400000, 0x000000070e600000|  0%| F|  |TAMS 0x000000070e400000| PB 0x000000070e400000| Untracked |  0
|  88|0x000000070e600000, 0x000000070e600000, 0x000000070e800000|  0%| F|  |TAMS 0x000000070e600000| PB 0x000000070e600000| Untracked |  0
|  89|0x000000070e800000, 0x000000070e800000, 0x000000070ea00000|  0%| F|  |TAMS 0x000000070e800000| PB 0x000000070e800000| Untracked |  0
|  90|0x000000070ea00000, 0x000000070ea00000, 0x000000070ec00000|  0%| F|  |TAMS 0x000000070ea00000| PB 0x000000070ea00000| Untracked |  0
|  91|0x000000070ec00000, 0x000000070ec00000, 0x000000070ee00000|  0%| F|  |TAMS 0x000000070ec00000| PB 0x000000070ec00000| Untracked |  0
|  92|0x000000070ee00000, 0x000000070ee00000, 0x000000070f000000|  0%| F|  |TAMS 0x000000070ee00000| PB 0x000000070ee00000| Untracked |  0
|  93|0x000000070f000000, 0x000000070f000000, 0x000000070f200000|  0%| F|  |TAMS 0x000000070f000000| PB 0x000000070f000000| Untracked |  0
|  94|0x000000070f200000, 0x000000070f200000, 0x000000070f400000|  0%| F|  |TAMS 0x000000070f200000| PB 0x000000070f200000| Untracked |  0
|  95|0x000000070f400000, 0x000000070f400000, 0x000000070f600000|  0%| F|  |TAMS 0x000000070f400000| PB 0x000000070f400000| Untracked |  0
|  96|0x000000070f600000, 0x000000070f600000, 0x000000070f800000|  0%| F|  |TAMS 0x000000070f600000| PB 0x000000070f600000| Untracked |  0
|  97|0x000000070f800000, 0x000000070f800000, 0x000000070fa00000|  0%| F|  |TAMS 0x000000070f800000| PB 0x000000070f800000| Untracked |  0
|  98|0x000000070fa00000, 0x000000070fa00000, 0x000000070fc00000|  0%| F|  |TAMS 0x000000070fa00000| PB 0x000000070fa00000| Untracked |  0
|  99|0x000000070fc00000, 0x000000070fc00000, 0x000000070fe00000|  0%| F|  |TAMS 0x000000070fc00000| PB 0x000000070fc00000| Untracked |  0
| 100|0x000000070fe00000, 0x000000070fe00000, 0x0000000710000000|  0%| F|  |TAMS 0x000000070fe00000| PB 0x000000070fe00000| Untracked |  0
| 101|0x0000000710000000, 0x0000000710000000, 0x0000000710200000|  0%| F|  |TAMS 0x0000000710000000| PB 0x0000000710000000| Untracked |  0
| 102|0x0000000710200000, 0x0000000710200000, 0x0000000710400000|  0%| F|  |TAMS 0x0000000710200000| PB 0x0000000710200000| Untracked |  0
| 103|0x0000000710400000, 0x0000000710400000, 0x0000000710600000|  0%| F|  |TAMS 0x0000000710400000| PB 0x0000000710400000| Untracked |  0
| 104|0x0000000710600000, 0x0000000710600000, 0x0000000710800000|  0%| F|  |TAMS 0x0000000710600000| PB 0x0000000710600000| Untracked |  0
| 105|0x0000000710800000, 0x0000000710800000, 0x0000000710a00000|  0%| F|  |TAMS 0x0000000710800000| PB 0x0000000710800000| Untracked |  0
| 106|0x0000000710a00000, 0x0000000710a00000, 0x0000000710c00000|  0%| F|  |TAMS 0x0000000710a00000| PB 0x0000000710a00000| Untracked |  0
| 107|0x0000000710c00000, 0x0000000710c00000, 0x0000000710e00000|  0%| F|  |TAMS 0x0000000710c00000| PB 0x0000000710c00000| Untracked |  0
| 108|0x0000000710e00000, 0x0000000710e00000, 0x0000000711000000|  0%| F|  |TAMS 0x0000000710e00000| PB 0x0000000710e00000| Untracked |  0
| 109|0x0000000711000000, 0x0000000711000000, 0x0000000711200000|  0%| F|  |TAMS 0x0000000711000000| PB 0x0000000711000000| Untracked |  0
| 110|0x0000000711200000, 0x0000000711200000, 0x0000000711400000|  0%| F|  |TAMS 0x0000000711200000| PB 0x0000000711200000| Untracked |  0
| 111|0x0000000711400000, 0x0000000711400000, 0x0000000711600000|  0%| F|  |TAMS 0x0000000711400000| PB 0x0000000711400000| Untracked |  0
| 112|0x0000000711600000, 0x0000000711600000, 0x0000000711800000|  0%| F|  |TAMS 0x0000000711600000| PB 0x0000000711600000| Untracked |  0
| 113|0x0000000711800000, 0x0000000711a00000, 0x0000000711a00000|100%| S|CS|TAMS 0x0000000711800000| PB 0x0000000711800000| Complete |  0
| 114|0x0000000711a00000, 0x0000000711c00000, 0x0000000711c00000|100%| S|CS|TAMS 0x0000000711a00000| PB 0x0000000711a00000| Complete |  0
| 115|0x0000000711c00000, 0x0000000711c00000, 0x0000000711e00000|  0%| F|  |TAMS 0x0000000711c00000| PB 0x0000000711c00000| Untracked |  0
| 116|0x0000000711e00000, 0x0000000711e00000, 0x0000000712000000|  0%| F|  |TAMS 0x0000000711e00000| PB 0x0000000711e00000| Untracked |  0
| 117|0x0000000712000000, 0x0000000712000000, 0x0000000712200000|  0%| F|  |TAMS 0x0000000712000000| PB 0x0000000712000000| Untracked |  0
| 118|0x0000000712200000, 0x0000000712200000, 0x0000000712400000|  0%| F|  |TAMS 0x0000000712200000| PB 0x0000000712200000| Untracked |  0
| 119|0x0000000712400000, 0x0000000712477648, 0x0000000712600000| 23%| E|  |TAMS 0x0000000712400000| PB 0x0000000712400000| Complete |  0
| 120|0x0000000712600000, 0x0000000712800000, 0x0000000712800000|100%| E|CS|TAMS 0x0000000712600000| PB 0x0000000712600000| Complete |  0
| 121|0x0000000712800000, 0x0000000712a00000, 0x0000000712a00000|100%| E|CS|TAMS 0x0000000712800000| PB 0x0000000712800000| Complete |  0
| 122|0x0000000712a00000, 0x0000000712c00000, 0x0000000712c00000|100%| E|CS|TAMS 0x0000000712a00000| PB 0x0000000712a00000| Complete |  0
| 123|0x0000000712c00000, 0x0000000712e00000, 0x0000000712e00000|100%| E|CS|TAMS 0x0000000712c00000| PB 0x0000000712c00000| Complete |  0
| 124|0x0000000712e00000, 0x0000000713000000, 0x0000000713000000|100%| E|CS|TAMS 0x0000000712e00000| PB 0x0000000712e00000| Complete |  0
| 125|0x0000000713000000, 0x0000000713200000, 0x0000000713200000|100%| E|CS|TAMS 0x0000000713000000| PB 0x0000000713000000| Complete |  0
| 126|0x0000000713200000, 0x0000000713400000, 0x0000000713400000|100%| E|CS|TAMS 0x0000000713200000| PB 0x0000000713200000| Complete |  0

Card table byte_map: [0x000001613c280000,0x000001613ca70000] _byte_map_base: 0x0000016138a65000

Marking Bits: (CMBitMap*) 0x0000016121fe3e90
 Bits: [0x000001613ca70000, 0x0000016140998000)

Polling page: 0x0000016121d60000

Metaspace:

Usage:
  Non-class:     12.38 MB used.
      Class:      1.54 MB used.
       Both:     13.92 MB used.

Virtual space:
  Non-class space:       64.00 MB reserved,      12.56 MB ( 20%) committed,  1 nodes.
      Class space:        1.00 GB reserved,       1.69 MB ( <1%) committed,  1 nodes.
             Both:        1.06 GB reserved,      14.25 MB (  1%) committed. 

Chunk freelists:
   Non-Class:  2.87 MB
       Class:  14.21 MB
        Both:  17.08 MB

MaxMetaspaceSize: unlimited
CompressedClassSpaceSize: 1.00 GB
Initial GC threshold: 21.00 MB
Current GC threshold: 21.00 MB
CDS: on
 - commit_granule_bytes: 65536.
 - commit_granule_words: 8192.
 - virtual_space_node_default_size: 8388608.
 - enlarge_chunks_in_place: 1.
 - use_allocation_guard: 0.


Internal statistics:

num_allocs_failed_limit: 0.
num_arena_births: 244.
num_arena_deaths: 0.
num_vsnodes_births: 2.
num_vsnodes_deaths: 0.
num_space_committed: 228.
num_space_uncommitted: 0.
num_chunks_returned_to_freelist: 0.
num_chunks_taken_from_freelist: 408.
num_chunk_merges: 0.
num_chunk_splits: 234.
num_chunks_enlarged: 111.
num_inconsistent_stats: 0.

CodeHeap 'non-profiled nmethods': size=119168Kb used=886Kb max_used=886Kb free=118281Kb
 bounds [0x0000016133680000, 0x00000161338f0000, 0x000001613aae0000]
CodeHeap 'profiled nmethods': size=119104Kb used=5489Kb max_used=5489Kb free=113614Kb
 bounds [0x000001612bae0000, 0x000001612c040000, 0x0000016132f30000]
CodeHeap 'non-nmethods': size=7488Kb used=3623Kb max_used=3665Kb free=3865Kb
 bounds [0x0000016132f30000, 0x00000161332d0000, 0x0000016133680000]
 total_blobs=3546 nmethods=2792 adapters=654
 compilation: enabled
              stopped_count=0, restarted_count=0
 full_count=0

Compilation events (20 events):
Event: 0.906 Thread 0x00000161896dc770 2738       1       java.awt.geom.AffineTransform::getScaleX (5 bytes)
Event: 0.906 Thread 0x00000161896dc770 nmethod 2738 0x0000016133757410 code [0x00000161337575a0, 0x0000016133757668]
Event: 0.907 Thread 0x00000161893354f0 2739       3       javax.swing.text.WrappedPlainView$WrappedLine::breakLines (313 bytes)
Event: 0.907 Thread 0x0000016143cae880 2740       3       java.util.TreeMap::rotateLeft (96 bytes)
Event: 0.907 Thread 0x0000016143cae880 nmethod 2740 0x000001612c019790 code [0x000001612c019960, 0x000001612c019eb0]
Event: 0.908 Thread 0x00000161430ab600 2741       3       net.miginfocom.layout.LayoutUtil::getInsets (36 bytes)
Event: 0.908 Thread 0x00000161896dc770 2742       3       net.miginfocom.layout.LC::getInsets (52 bytes)
Event: 0.908 Thread 0x0000016143cae880 2743       3       java.awt.Container::findComponentAtImpl (161 bytes)
Event: 0.908 Thread 0x00000161896dc770 nmethod 2742 0x000001612c01a010 code [0x000001612c01a200, 0x000001612c01aa70]
Event: 0.908 Thread 0x00000161896dc770 2744       3       com.formdev.flatlaf.ui.FlatWindowsNativeWindowBorder$WndProc::contains (18 bytes)
Event: 0.908 Thread 0x00000161430ab600 nmethod 2741 0x000001612c01ac90 code [0x000001612c01ae60, 0x000001612c01b170]
Event: 0.908 Thread 0x00000161893354f0 nmethod 2739 0x000001612c01b310 code [0x000001612c01b5e0, 0x000001612c01ca50]
Event: 0.909 Thread 0x00000161896dc770 nmethod 2744 0x000001612c01d190 code [0x000001612c01d340, 0x000001612c01d758]
Event: 0.909 Thread 0x0000016143cae880 nmethod 2743 0x000001612c01d910 code [0x000001612c01db80, 0x000001612c01e798]
Event: 0.909 Thread 0x00000161893354f0 2745       3       javax.swing.SizeRequirements::<init> (26 bytes)
Event: 0.909 Thread 0x00000161893354f0 nmethod 2745 0x000001612c01ea90 code [0x000001612c01ec20, 0x000001612c01eda8]
Event: 0.911 Thread 0x00000161893354f0 2746       3       sun.font.FontDesignMetrics::getAscent (10 bytes)
Event: 0.911 Thread 0x00000161893354f0 nmethod 2746 0x000001612c01ee90 code [0x000001612c01f020, 0x000001612c01f160]
Event: 0.912 Thread 0x00000161893354f0 2747       3       javax.swing.JViewport::getView (17 bytes)
Event: 0.913 Thread 0x00000161893354f0 nmethod 2747 0x000001612c01f210 code [0x000001612c01f420, 0x000001612c01fbc8]

GC Heap History (2 events):
Event: 0.540 GC heap before
{Heap before GC invocations=0 (full 0):
 garbage-first heap   total reserved 4139008K, committed 260096K, used 34816K [0x0000000703600000, 0x0000000800000000)
  region size 2048K, 12 young (24576K), 0 survivors (0K)
 Metaspace       used 12482K, committed 12672K, reserved 1114112K
  class space    used 1471K, committed 1536K, reserved 1048576K
}
Event: 0.551 GC heap after
{Heap after GC invocations=1 (full 0):
 garbage-first heap   total reserved 4139008K, committed 260096K, used 14828K [0x0000000703600000, 0x0000000800000000)
  region size 2048K, 2 young (4096K), 2 survivors (4096K)
 Metaspace       used 12482K, committed 12672K, reserved 1114112K
  class space    used 1471K, committed 1536K, reserved 1048576K
}

Dll operation events (12 events):
Event: 0.005 Loaded shared library C:\Program Files\Java\jdk-22\bin\java.dll
Event: 0.025 Loaded shared library C:\Program Files\Java\jdk-22\bin\jsvml.dll
Event: 0.044 Loaded shared library C:\Program Files\Java\jdk-22\bin\net.dll
Event: 0.045 Loaded shared library C:\Program Files\Java\jdk-22\bin\nio.dll
Event: 0.056 Loaded shared library C:\Program Files\Java\jdk-22\bin\zip.dll
Event: 0.069 Loaded shared library C:\Program Files\Java\jdk-22\bin\jimage.dll
Event: 0.077 Loaded shared library C:\Program Files\Java\jdk-22\bin\awt.dll
Event: 0.144 Loaded shared library C:\Program Files\Java\jdk-22\bin\freetype.dll
Event: 0.144 Loaded shared library C:\Program Files\Java\jdk-22\bin\fontmanager.dll
Event: 0.277 Loaded shared library C:\Users\ACER\AppData\Local\Temp\flatlaf.temp\flatlaf-windows-x86_64-1146897110837000.dll
Event: 0.288 Loaded shared library C:\Program Files\Java\jdk-22\bin\verify.dll
Event: 0.370 Loaded shared library C:\Program Files\Java\jdk-22\bin\javajpeg.dll

Deoptimization events (20 events):
Event: 0.788 Thread 0x00000161895160b0 Uncommon trap: trap_request=0xffffffbe fr.pc=0x0000016133730b34 relative=0x0000000000000ff4
Event: 0.788 Thread 0x00000161895160b0 Uncommon trap: reason=profile_predicate action=maybe_recompile pc=0x0000016133730b34 method=javax.swing.GroupLayout$Group.calculateSize(II)I @ 71 c2
Event: 0.788 Thread 0x00000161895160b0 DEOPT PACKING pc=0x0000016133730b34 sp=0x00000033fd0fe3f0
Event: 0.788 Thread 0x00000161895160b0 DEOPT UNPACKING pc=0x0000016132f87da2 sp=0x00000033fd0fe398 mode 2
Event: 0.836 Thread 0x00000161895160b0 Uncommon trap: trap_request=0xffffff45 fr.pc=0x0000016133709d94 relative=0x00000000000001f4
Event: 0.836 Thread 0x00000161895160b0 Uncommon trap: reason=unstable_if action=reinterpret pc=0x0000016133709d94 method=javax.swing.JComponent.getClientProperty(Ljava/lang/Object;)Ljava/lang/Object; @ 16 c2
Event: 0.836 Thread 0x00000161895160b0 DEOPT PACKING pc=0x0000016133709d94 sp=0x00000033fd0fca00
Event: 0.836 Thread 0x00000161895160b0 DEOPT UNPACKING pc=0x0000016132f87da2 sp=0x00000033fd0fc9c8 mode 2
Event: 0.847 Thread 0x00000161895160b0 Uncommon trap: trap_request=0xffffff45 fr.pc=0x000001613374a124 relative=0x0000000000000904
Event: 0.847 Thread 0x00000161895160b0 Uncommon trap: reason=unstable_if action=reinterpret pc=0x000001613374a124 method=sun.java2d.marlin.MarlinCache.copyAARowRLE_WithBlockFlags([I[IIII)V @ 218 c2
Event: 0.847 Thread 0x00000161895160b0 DEOPT PACKING pc=0x000001613374a124 sp=0x00000033fd0fcb20
Event: 0.847 Thread 0x00000161895160b0 DEOPT UNPACKING pc=0x0000016132f87da2 sp=0x00000033fd0fca10 mode 2
Event: 0.855 Thread 0x00000161895160b0 Uncommon trap: trap_request=0xffffff6e fr.pc=0x0000016133745324 relative=0x0000000000002b04
Event: 0.855 Thread 0x00000161895160b0 Uncommon trap: reason=loop_limit_check action=maybe_recompile pc=0x0000016133745324 method=javax.swing.GroupLayout$Group.calculateAutopadding(I)V @ 13 c2
Event: 0.855 Thread 0x00000161895160b0 DEOPT PACKING pc=0x0000016133745324 sp=0x00000033fd0fe900
Event: 0.855 Thread 0x00000161895160b0 DEOPT UNPACKING pc=0x0000016132f87da2 sp=0x00000033fd0fe8e0 mode 2
Event: 0.903 Thread 0x00000161895160b0 Uncommon trap: trap_request=0xffffff6e fr.pc=0x00000161337562d4 relative=0x0000000000000094
Event: 0.903 Thread 0x00000161895160b0 Uncommon trap: reason=loop_limit_check action=maybe_recompile pc=0x00000161337562d4 method=javax.swing.GroupLayout$Group.unsetAutopadding()V @ 17 c2
Event: 0.903 Thread 0x00000161895160b0 DEOPT PACKING pc=0x00000161337562d4 sp=0x00000033fd0fe8a0
Event: 0.903 Thread 0x00000161895160b0 DEOPT UNPACKING pc=0x0000016132f87da2 sp=0x00000033fd0fe848 mode 2

Classes loaded (20 events):
Event: 0.833 Loading class java/lang/FdLibm$Cbrt
Event: 0.833 Loading class java/lang/FdLibm$Cbrt done
Event: 0.833 Loading class java/lang/FdLibm
Event: 0.833 Loading class java/lang/FdLibm done
Event: 0.835 Loading class java/awt/print/PrinterGraphics
Event: 0.836 Loading class java/awt/print/PrinterGraphics done
Event: 0.836 Loading class java/awt/PrintGraphics
Event: 0.836 Loading class java/awt/PrintGraphics done
Event: 0.836 Loading class sun/java2d/loops/FontInfo
Event: 0.836 Loading class sun/java2d/loops/FontInfo done
Event: 0.843 Loading class java/awt/geom/Path2D$Double
Event: 0.844 Loading class java/awt/geom/Path2D$Double done
Event: 0.844 Loading class java/awt/geom/Path2D$Double$CopyIterator
Event: 0.844 Loading class java/awt/geom/Path2D$Double$CopyIterator done
Event: 0.844 Loading class sun/java2d/pipe/ShapeSpanIterator
Event: 0.844 Loading class sun/java2d/pipe/SpanIterator
Event: 0.844 Loading class sun/java2d/pipe/SpanIterator done
Event: 0.844 Loading class sun/awt/geom/PathConsumer2D
Event: 0.844 Loading class sun/awt/geom/PathConsumer2D done
Event: 0.844 Loading class sun/java2d/pipe/ShapeSpanIterator done

Classes unloaded (0 events):
No events

Classes redefined (0 events):
No events

Internal exceptions (20 events):
Event: 0.256 Thread 0x00000161895160b0 Exception <a 'java/lang/NoSuchMethodError'{0x0000000712995770}: 'java.lang.Object java.lang.invoke.Invokers$Holder.invokeExact_MT(java.lang.Object, java.lang.Object, java.lang.Object, java.lang.Object, java.lang.Object, java.lang.Object)'> (0x0000000712995770) 
thrown [s\open\src\hotspot\share\interpreter\linkResolver.cpp, line 774]
Event: 0.269 Thread 0x00000161895160b0 Exception <a 'java/lang/NoSuchMethodError'{0x0000000712635af0}: 'int java.lang.invoke.Invokers$Holder.invokeExact_MT(java.lang.Object, java.lang.Object)'> (0x0000000712635af0) 
thrown [s\open\src\hotspot\share\interpreter\linkResolver.cpp, line 774]
Event: 0.273 Thread 0x00000161895160b0 Exception <a 'sun/nio/fs/WindowsException'{0x0000000712658660}> (0x0000000712658660) 
thrown [s\open\src\hotspot\share\prims\jni.cpp, line 520]
Event: 0.293 Thread 0x00000161895160b0 Exception <a 'java/lang/NoSuchMethodError'{0x00000007126f5568}: 'java.lang.Object java.lang.invoke.DirectMethodHandle$Holder.invokeVirtual(java.lang.Object, java.lang.Object, java.lang.Object, java.lang.Object)'> (0x00000007126f5568) 
thrown [s\open\src\hotspot\share\interpreter\linkResolver.cpp, line 774]
Event: 0.309 Thread 0x00000161895160b0 Exception <a 'java/lang/NoSuchMethodError'{0x0000000712756768}: 'void java.lang.invoke.DirectMethodHandle$Holder.invokeVirtual(java.lang.Object, java.lang.Object)'> (0x0000000712756768) 
thrown [s\open\src\hotspot\share\interpreter\linkResolver.cpp, line 774]
Event: 0.311 Thread 0x00000161895160b0 Exception <a 'java/lang/NoSuchMethodError'{0x0000000712766328}: 'int java.lang.invoke.DirectMethodHandle$Holder.invokeSpecial(java.lang.Object, java.lang.Object, java.lang.Object)'> (0x0000000712766328) 
thrown [s\open\src\hotspot\share\interpreter\linkResolver.cpp, line 774]
Event: 0.371 Thread 0x0000016189644320 Exception <a 'java/lang/NoSuchMethodError'{0x000000071229d4d0}: 'java.lang.Object java.lang.invoke.DirectMethodHandle$Holder.newInvokeSpecial(java.lang.Object, java.lang.Object, java.lang.Object, int, int, int, int, int)'> (0x000000071229d4d0) 
thrown [s\open\src\hotspot\share\interpreter\linkResolver.cpp, line 774]
Event: 0.413 Thread 0x00000161895160b0 Exception <a 'java/lang/NoSuchMethodError'{0x0000000712452250}: 'void java.lang.invoke.DirectMethodHandle$Holder.invokeStaticInit(java.lang.Object)'> (0x0000000712452250) 
thrown [s\open\src\hotspot\share\interpreter\linkResolver.cpp, line 774]
Event: 0.481 Thread 0x00000161895160b0 Exception <a 'java/lang/ClassNotFoundException'{0x0000000711c14488}: java/lang/ObjectCustomizer> (0x0000000711c14488) 
thrown [s\open\src\hotspot\share\classfile\systemDictionary.cpp, line 313]
Event: 0.483 Thread 0x00000161895160b0 Exception <a 'java/lang/NoSuchMethodError'{0x0000000711c1b098}: 'java.lang.Object java.lang.invoke.DirectMethodHandle$Holder.invokeInterface(java.lang.Object, java.lang.Object)'> (0x0000000711c1b098) 
thrown [s\open\src\hotspot\share\interpreter\linkResolver.cpp, line 774]
Event: 0.484 Thread 0x00000161895160b0 Exception <a 'java/lang/IncompatibleClassChangeError'{0x0000000711c1e5c0}: Found class java.lang.Object, but interface was expected> (0x0000000711c1e5c0) 
thrown [s\open\src\hotspot\share\interpreter\linkResolver.cpp, line 841]
Event: 0.494 Thread 0x00000161895160b0 Exception <a 'java/lang/ClassNotFoundException'{0x0000000711c5c318}: net/miginfocom/layout/UnitValueCustomizer> (0x0000000711c5c318) 
thrown [s\open\src\hotspot\share\classfile\systemDictionary.cpp, line 313]
Event: 0.496 Thread 0x00000161895160b0 Exception <a 'java/lang/ClassNotFoundException'{0x0000000711c6dbe8}: java/lang/ObjectCustomizer> (0x0000000711c6dbe8) 
thrown [s\open\src\hotspot\share\classfile\systemDictionary.cpp, line 313]
Event: 0.496 Thread 0x00000161895160b0 Exception <a 'java/lang/ClassNotFoundException'{0x0000000711c72f10}: net/miginfocom/layout/BoundSizeCustomizer> (0x0000000711c72f10) 
thrown [s\open\src\hotspot\share\classfile\systemDictionary.cpp, line 313]
Event: 0.722 Thread 0x00000161895160b0 Exception <a 'java/lang/NoSuchMethodError'{0x0000000712cc3178}: 'int java.lang.invoke.DirectMethodHandle$Holder.invokeVirtual(java.lang.Object, java.lang.Object)'> (0x0000000712cc3178) 
thrown [s\open\src\hotspot\share\interpreter\linkResolver.cpp, line 774]
Event: 0.726 Thread 0x00000161895160b0 Exception <a 'java/lang/NoSuchMethodError'{0x0000000712cde710}: 'int java.lang.invoke.DirectMethodHandle$Holder.invokeSpecial(java.lang.Object, java.lang.Object, java.lang.Object, int)'> (0x0000000712cde710) 
thrown [s\open\src\hotspot\share\interpreter\linkResolver.cpp, line 774]
Event: 0.727 Thread 0x00000161895160b0 Exception <a 'java/lang/NoSuchMethodError'{0x0000000712cf11c8}: 'java.lang.Object java.lang.invoke.DirectMethodHandle$Holder.invokeStatic(java.lang.Object, java.lang.Object, java.lang.Object, java.lang.Object, int)'> (0x0000000712cf11c8) 
thrown [s\open\src\hotspot\share\interpreter\linkResolver.cpp, line 774]
Event: 0.728 Thread 0x00000161895160b0 Exception <a 'java/lang/NoSuchMethodError'{0x0000000712cfc810}: 'int java.lang.invoke.DelegatingMethodHandle$Holder.reinvoke_L(java.lang.Object, java.lang.Object, int, int)'> (0x0000000712cfc810) 
thrown [s\open\src\hotspot\share\interpreter\linkResolver.cpp, line 774]
Event: 0.730 Thread 0x00000161895160b0 Exception <a 'java/lang/NoSuchMethodError'{0x0000000712d0abd8}: 'java.lang.Object java.lang.invoke.Invokers$Holder.invokeExact_MT(java.lang.Object, java.lang.Object, java.lang.Object, java.lang.Object, java.lang.Object)'> (0x0000000712d0abd8) 
thrown [s\open\src\hotspot\share\interpreter\linkResolver.cpp, line 774]
Event: 0.732 Thread 0x00000161895160b0 Implicit null exception at 0x00000161336ccfdd to 0x00000161336cd158

ZGC Phase Switch (0 events):
No events

VM Operations (20 events):
Event: 0.255 Executing VM operation: HandshakeAllThreads (Deoptimize)
Event: 0.255 Executing VM operation: HandshakeAllThreads (Deoptimize) done
Event: 0.352 Executing VM operation: ICBufferFull
Event: 0.352 Executing VM operation: ICBufferFull done
Event: 0.489 Executing VM operation: HandshakeAllThreads (Deoptimize)
Event: 0.489 Executing VM operation: HandshakeAllThreads (Deoptimize) done
Event: 0.540 Executing VM operation: G1CollectForAllocation (G1 Evacuation Pause)
Event: 0.551 Executing VM operation: G1CollectForAllocation (G1 Evacuation Pause) done
Event: 0.604 Executing VM operation: HandshakeAllThreads (Deoptimize)
Event: 0.604 Executing VM operation: HandshakeAllThreads (Deoptimize) done
Event: 0.679 Executing VM operation: ICBufferFull
Event: 0.679 Executing VM operation: ICBufferFull done
Event: 0.755 Executing VM operation: HandshakeAllThreads (Deoptimize)
Event: 0.755 Executing VM operation: HandshakeAllThreads (Deoptimize) done
Event: 0.801 Executing VM operation: HandshakeAllThreads (Deoptimize)
Event: 0.801 Executing VM operation: HandshakeAllThreads (Deoptimize) done
Event: 0.807 Executing VM operation: HandshakeAllThreads (Deoptimize)
Event: 0.807 Executing VM operation: HandshakeAllThreads (Deoptimize) done
Event: 0.856 Executing VM operation: ICBufferFull
Event: 0.856 Executing VM operation: ICBufferFull done

Events (20 events):
Event: 0.023 Thread 0x00000161430ab600 Thread added: 0x00000161430ab600
Event: 0.037 Thread 0x0000016143c5f790 Thread added: 0x0000016143c5f790
Event: 0.042 Thread 0x0000016143cae880 Thread added: 0x0000016143cae880
Event: 0.053 Thread 0x0000016143dc3ba0 Thread added: 0x0000016143dc3ba0
Event: 0.055 Thread 0x0000016143dc2210 Thread added: 0x0000016143dc2210
Event: 0.107 Thread 0x0000016143f7e7d0 Thread added: 0x0000016143f7e7d0
Event: 0.107 Thread 0x0000016189154ed0 Thread added: 0x0000016189154ed0
Event: 0.108 Thread 0x0000016189155d60 Thread added: 0x0000016189155d60
Event: 0.203 Thread 0x00000161891ab590 Thread added: 0x00000161891ab590
Event: 0.206 Thread 0x00000161896c9120 Thread added: 0x00000161896c9120
Event: 0.206 Thread 0x00000161893354f0 Thread added: 0x00000161893354f0
Event: 0.213 Thread 0x00000161896dc770 Thread added: 0x00000161896dc770
Event: 0.248 Thread 0x00000161895160b0 Thread added: 0x00000161895160b0
Event: 0.249 Thread 0x0000016121f7f340 Thread exited: 0x0000016121f7f340
Event: 0.249 Thread 0x0000016121f7f340 Thread added: 0x0000016121f7f340
Event: 0.340 Thread 0x00000161896411f0 Thread added: 0x00000161896411f0
Event: 0.344 Thread 0x0000016189644320 Thread added: 0x0000016189644320
Event: 0.677 Thread 0x000001618aa16330 Thread added: 0x000001618aa16330
Event: 0.679 Thread 0x000001618aa72360 Thread added: 0x000001618aa72360
Event: 0.679 Thread 0x000001618aa72a20 Thread added: 0x000001618aa72a20


Dynamic libraries:
0x00007ff676f80000 - 0x00007ff676f90000 	C:\Program Files\Java\jdk-22\bin\java.exe
0x00007ff902a90000 - 0x00007ff902ca7000 	C:\WINDOWS\SYSTEM32\ntdll.dll
0x00007ff9011b0000 - 0x00007ff901274000 	C:\WINDOWS\System32\KERNEL32.DLL
0x00007ff8fff30000 - 0x00007ff9002d7000 	C:\WINDOWS\System32\KERNELBASE.dll
0x00007ff9002e0000 - 0x00007ff9003f1000 	C:\WINDOWS\System32\ucrtbase.dll
0x00007ff859930000 - 0x00007ff85994b000 	C:\Program Files\Java\jdk-22\bin\VCRUNTIME140.dll
0x00007ff8f6420000 - 0x00007ff8f6437000 	C:\Program Files\Java\jdk-22\bin\jli.dll
0x00007ff900940000 - 0x00007ff9009f2000 	C:\WINDOWS\System32\ADVAPI32.dll
0x00007ff900a30000 - 0x00007ff900ad7000 	C:\WINDOWS\System32\msvcrt.dll
0x00007ff902450000 - 0x00007ff9024f8000 	C:\WINDOWS\System32\sechost.dll
0x00007ff8fff00000 - 0x00007ff8fff28000 	C:\WINDOWS\System32\bcrypt.dll
0x00007ff902930000 - 0x00007ff902a45000 	C:\WINDOWS\System32\RPCRT4.dll
0x00007ff9013f0000 - 0x00007ff90159e000 	C:\WINDOWS\System32\USER32.dll
0x00007ff8ffed0000 - 0x00007ff8ffef6000 	C:\WINDOWS\System32\win32u.dll
0x00007ff8d2cf0000 - 0x00007ff8d2f83000 	C:\WINDOWS\WinSxS\amd64_microsoft.windows.common-controls_6595b64144ccf1df_6.0.22621.3527_none_270e469b73872a76\COMCTL32.dll
0x00007ff900a00000 - 0x00007ff900a29000 	C:\WINDOWS\System32\GDI32.dll
0x00007ff9006a0000 - 0x00007ff9007b9000 	C:\WINDOWS\System32\gdi32full.dll
0x00007ff8ffe30000 - 0x00007ff8ffeca000 	C:\WINDOWS\System32\msvcp_win.dll
0x00007ff8f47c0000 - 0x00007ff8f47ca000 	C:\WINDOWS\SYSTEM32\VERSION.dll
0x00007ff902500000 - 0x00007ff902531000 	C:\WINDOWS\System32\IMM32.DLL
0x00007ff8b5170000 - 0x00007ff8b517c000 	C:\Program Files\Java\jdk-22\bin\vcruntime140_1.dll
0x00007ff859590000 - 0x00007ff85961e000 	C:\Program Files\Java\jdk-22\bin\msvcp140.dll
0x00007ff859950000 - 0x00007ff85a698000 	C:\Program Files\Java\jdk-22\bin\server\jvm.dll
0x00007ff900cb0000 - 0x00007ff900d21000 	C:\WINDOWS\System32\WS2_32.dll
0x00007ff8febf0000 - 0x00007ff8fec3d000 	C:\WINDOWS\SYSTEM32\POWRPROF.dll
0x00007ff8f61d0000 - 0x00007ff8f6204000 	C:\WINDOWS\SYSTEM32\WINMM.dll
0x00007ff8febd0000 - 0x00007ff8febe3000 	C:\WINDOWS\SYSTEM32\UMPDC.dll
0x00007ff8fee80000 - 0x00007ff8fee98000 	C:\WINDOWS\SYSTEM32\kernel.appcore.dll
0x00007ff8b4070000 - 0x00007ff8b407a000 	C:\Program Files\Java\jdk-22\bin\jimage.dll
0x00007ff8fd6a0000 - 0x00007ff8fd8d2000 	C:\WINDOWS\SYSTEM32\DBGHELP.DLL
0x00007ff902540000 - 0x00007ff9028c8000 	C:\WINDOWS\System32\combase.dll
0x00007ff902360000 - 0x00007ff902437000 	C:\WINDOWS\System32\OLEAUT32.dll
0x00007ff8d11b0000 - 0x00007ff8d11e2000 	C:\WINDOWS\SYSTEM32\dbgcore.DLL
0x00007ff8ffdb0000 - 0x00007ff8ffe29000 	C:\WINDOWS\System32\bcryptPrimitives.dll
0x00007ff8598d0000 - 0x00007ff8598ee000 	C:\Program Files\Java\jdk-22\bin\java.dll
0x00007ff9017f0000 - 0x00007ff90204c000 	C:\WINDOWS\System32\SHELL32.dll
0x00007ff9021b0000 - 0x00007ff902355000 	C:\WINDOWS\System32\ole32.dll
0x00007ff8fdcb0000 - 0x00007ff8fe5a6000 	C:\WINDOWS\SYSTEM32\windows.storage.dll
0x00007ff8fdb70000 - 0x00007ff8fdcae000 	C:\WINDOWS\SYSTEM32\wintypes.dll
0x00007ff900ae0000 - 0x00007ff900bd5000 	C:\WINDOWS\System32\SHCORE.dll
0x00007ff900be0000 - 0x00007ff900c3e000 	C:\WINDOWS\System32\shlwapi.dll
0x00007ff8ffce0000 - 0x00007ff8ffd01000 	C:\WINDOWS\SYSTEM32\profapi.dll
0x00007ff8597f0000 - 0x00007ff8598c7000 	C:\Program Files\Java\jdk-22\bin\jsvml.dll
0x00007ff8b2960000 - 0x00007ff8b2970000 	C:\Program Files\Java\jdk-22\bin\net.dll
0x00007ff8ff2f0000 - 0x00007ff8ff359000 	C:\WINDOWS\system32\mswsock.dll
0x00007ff8597d0000 - 0x00007ff8597e6000 	C:\Program Files\Java\jdk-22\bin\nio.dll
0x00007ff8597b0000 - 0x00007ff8597c7000 	C:\Program Files\Java\jdk-22\bin\zip.dll
0x00007ff859620000 - 0x00007ff8597ae000 	C:\Program Files\Java\jdk-22\bin\awt.dll
0x00007ff8fa510000 - 0x00007ff8fa5a7000 	C:\WINDOWS\SYSTEM32\apphelp.dll
0x00007ff8fa5d0000 - 0x00007ff8fa67b000 	C:\WINDOWS\system32\uxtheme.dll
0x00007ff902050000 - 0x00007ff9021a3000 	C:\WINDOWS\System32\MSCTF.dll
0x00007ff8fa7d0000 - 0x00007ff8fa7fb000 	C:\WINDOWS\system32\DWMAPI.DLL
0x00007ff8563b0000 - 0x00007ff856437000 	C:\Program Files\Java\jdk-22\bin\freetype.dll
0x00007ff8562d0000 - 0x00007ff8563a7000 	C:\Program Files\Java\jdk-22\bin\fontmanager.dll
0x00007ff8c1040000 - 0x00007ff8c1140000 	C:\WINDOWS\system32\opengl32.dll
0x00007ff8c0fc0000 - 0x00007ff8c0fed000 	C:\WINDOWS\SYSTEM32\GLU32.dll
0x00007ff8fcf00000 - 0x00007ff8fcf39000 	C:\WINDOWS\SYSTEM32\dxcore.dll
0x00007ff8ec600000 - 0x00007ff8ec606000 	C:\Users\ACER\AppData\Local\Temp\flatlaf.temp\flatlaf-windows-x86_64-1146897110837000.dll
0x00007ff8ae400000 - 0x00007ff8ae410000 	C:\Program Files\Java\jdk-22\bin\verify.dll
0x00007ff8ec520000 - 0x00007ff8ec54e000 	C:\Program Files\Java\jdk-22\bin\javajpeg.dll
0x00007ff901340000 - 0x00007ff9013f0000 	C:\WINDOWS\System32\clbcatq.dll
0x00007ff8f8e10000 - 0x00007ff8f8fc0000 	C:\WINDOWS\SYSTEM32\WindowsCodecs.dll
0x00007ff8c0840000 - 0x00007ff8c089e000 	C:\WINDOWS\system32\dataexchange.dll
0x00007ff8f7f80000 - 0x00007ff8f820b000 	C:\WINDOWS\system32\twinapi.appcore.dll
0x00007ff85f060000 - 0x00007ff85f067000 	C:\Program Files\Java\jdk-22\bin\jawt.dll
0x00007ff8f0770000 - 0x00007ff8f08bb000 	C:\WINDOWS\SYSTEM32\textinputframework.dll

dbghelp: loaded successfully - version: 4.0.5 - missing functions: none
symbol engine: initialized successfully - sym options: 0x614 - pdb path: .;C:\Program Files\Java\jdk-22\bin;C:\WINDOWS\SYSTEM32;C:\WINDOWS\WinSxS\amd64_microsoft.windows.common-controls_6595b64144ccf1df_6.0.22621.3527_none_270e469b73872a76;C:\Program Files\Java\jdk-22\bin\server;C:\Users\ACER\AppData\Local\Temp\flatlaf.temp

VM Arguments:
jvm_args: -Dfile.encoding=UTF-8 --module-path=E:\IE003\UITravel\build\classes 
java_command: uitravel.AdminMain
java_class_path (initial): E:\IE003\UITravel\TimingFramework-0.55.jar;E:\IE003\UITravel\library\TimingFramework-0.55.jar;E:\IE003\UITravel\library\datechooser-swing-1.4.1.jar;E:\IE003\UITravel\library\flatlaf-3.4.1.jar;E:\IE003\UITravel\library\flatlaf-extras-3.4.1.jar;E:\IE003\UITravel\library\jsvg-1.4.0.jar;E:\IE003\UITravel\library\miglayout-4.0.jar;E:\IE003\UITravel\library\miglayout-core.jar;E:\IE003\UITravel\library\miglayout-swing.jar;E:\IE003\UITravel\library\svgSalamander-1.1.4.jar;E:\IE003\UITravel\library\swing-datetime-picker-1.2.0.jar;E:\IE003\UITravel\library\adyen-java-api-library-25.1.0.jar;C:\Program Files\NetBeans-21\netbeans\java\modules\ext\AbsoluteLayout.jar;E:\IE003\UITravel\build\classes
Launcher Type: SUN_STANDARD

[Global flags]
     intx CICompilerCount                          = 12                                        {product} {ergonomic}
     uint ConcGCThreads                            = 3                                         {product} {ergonomic}
     uint G1ConcRefinementThreads                  = 13                                        {product} {ergonomic}
   size_t G1HeapRegionSize                         = 2097152                                   {product} {ergonomic}
   size_t InitialHeapSize                          = 266338304                                 {product} {ergonomic}
   size_t MarkStackSize                            = 4194304                                   {product} {ergonomic}
   size_t MaxHeapSize                              = 4238344192                                {product} {ergonomic}
   size_t MaxNewSize                               = 2541748224                                {product} {ergonomic}
   size_t MinHeapDeltaBytes                        = 2097152                                   {product} {ergonomic}
   size_t MinHeapSize                              = 8388608                                   {product} {ergonomic}
    uintx NonNMethodCodeHeapSize                   = 7602480                                {pd product} {ergonomic}
    uintx NonProfiledCodeHeapSize                  = 122027880                              {pd product} {ergonomic}
    uintx ProfiledCodeHeapSize                     = 122027880                              {pd product} {ergonomic}
    uintx ReservedCodeCacheSize                    = 251658240                              {pd product} {ergonomic}
     bool SegmentedCodeCache                       = true                                      {product} {ergonomic}
   size_t SoftMaxHeapSize                          = 4238344192                             {manageable} {ergonomic}
     bool UseCompressedOops                        = true                           {product lp64_product} {ergonomic}
     bool UseG1GC                                  = true                                      {product} {ergonomic}
     bool UseLargePagesIndividualAllocation        = false                                  {pd product} {ergonomic}

Logging:
Log output configuration:
 #0: stdout all=warning uptime,level,tags foldmultilines=false
 #1: stderr all=off uptime,level,tags foldmultilines=false

Environment Variables:
JAVA_HOME=C:\Program Files\Java\jdk-22
PATH=C:\Program Files\Eclipse Adoptium\jdk-21.0.3.9-hotspot\bin;C:\Program Files\Common Files\Oracle\Java\javapath;C:\Program Files (x86)\Common Files\Oracle\Java\javapath;C:\Program Files\Eclipse Adoptium\jdk-21.0.2.13-hotspot\bin;C:\Program Files (x86)\Common Files\Intel\Shared Libraries\redist\intel64\compiler;C:\Program Files (x86)\Common Files\Intel\Shared Libraries\redist\ia32\compiler;C:\Windows\system32;C:\Windows;C:\Windows\System32\Wbem;C:\Windows\System32\WindowsPowerShell\v1.0\;C:\Windows\System32\OpenSSH\;C:\Program Files (x86)\NVIDIA Corporation\PhysX\Common;C:\Program Files\NVIDIA Corporation\NVIDIA NvDLISR;C:\Program Files (x86)\mingw-w64\i686-8.1.0-posix-dwarf-rt_v6-rev0\mingw32\bin;C:\WINDOWS\system32;C:\WINDOWS;C:\WINDOWS\System32\Wbem;C:\WINDOWS\System32\WindowsPowerShell\v1.0\;C:\WINDOWS\System32\OpenSSH\;C:\Program Files\Microsoft SQL Server\Client SDK\ODBC\170\Tools\Binn\;C:\Program Files (x86)\Microsoft SQL Server\150\Tools\Binn\;C:\Program Files\Microsoft SQL Server\150\Tools\Binn\;C:\Program Files\Microsoft SQL Server\150\DTS\Binn\;C:\Program Files (x86)\Microsoft SQL Server\150\DTS\Binn\;C:\Program Files\CMake\bin;C:\Program Files\Docker\Docker\resources\bin;C:\Program Files\dotnet\;C:\Program Files\nodejs\;C:\Program Files\Git\cmd;C:\Program Files\Cloudflare\Cloudflare WARP\;C:\Users\ACER\AppData\Local\Programs\Python\Python310\Scripts\;C:\Users\ACER\AppData\Local\Programs\Python\Python310\;C:\Users\ACER\AppData\Local\Microsoft\WindowsApps;C:\Users\ACER\AppData\Local\Programs\Microsoft VS Code\bin;C:\Program Files\Azure Data Studio\bin;C:\Users\ACER\AppData\Local\GitHubDesktop\bin;E:\Barebone\Compiler\win_flex_bison-2.5.4;C:\Users\ACER\AppData\Roaming\Microsoft\Windows\Start Menu\Programs\Python 3.10;C:\Users\ACER\.dotnet\tools;C:\Users\ACER\AppData\Roaming\npm;C:\Program Files (x86)\GnuWin32\bin;E:\nlp;E:\nlp\access;C:\Users\ACER\AppData\Local\Android\Sdk\emulator;C:\Users\ACER\AppData\Local\Android\android-sdk;C:\Users\ACER\AppData\Local\Android\Sdk\platform-tools;C:\Users\ACER\AppData\Local\Android\Sdk;C:\Users\ACER\AppData\Local\Android\android-sdk;C:\Program Files\Java\jdk-22\bin;C:\Program Files\Java\jre-1.8\bin;
USERNAME=ACER
OS=Windows_NT
PROCESSOR_IDENTIFIER=Intel64 Family 6 Model 141 Stepping 1, GenuineIntel
TMP=C:\Users\ACER\AppData\Local\Temp
TEMP=C:\Users\ACER\AppData\Local\Temp




Periodic native trim disabled

---------------  S Y S T E M  ---------------

OS:
 Windows 11 , 64 bit Build 22621 (10.0.22621.3527)
OS uptime: 1 days 7:51 hours
Hyper-V role detected

CPU: total 16 (initial active 16) (8 cores per cpu, 2 threads per core) family 6 model 141 stepping 1 microcode 0x3c, cx8, cmov, fxsr, ht, mmx, 3dnowpref, sse, sse2, sse3, ssse3, sse4.1, sse4.2, popcnt, lzcnt, tsc, tscinvbit, avx, avx2, aes, erms, clmul, bmi1, bmi2, adx, avx512f, avx512dq, avx512cd, avx512bw, avx512vl, sha, fma, vzeroupper, avx512_vpopcntdq, avx512_vpclmulqdq, avx512_vaes, avx512_vnni, clflush, clflushopt, clwb, avx512_vbmi2, avx512_vbmi, hv, rdtscp, rdpid, fsrm, gfni, avx512_bitalg, f16c, cet_ibt, cet_ss, avx512_ifma
Processor Information for all 16 processors :
  Max Mhz: 2304, Current Mhz: 2304, Mhz Limit: 2304

Memory: 4k page, system-wide physical 16163M (4726M free)
TotalPageFile size 18211M (AvailPageFile size 5M)
current process WorkingSet (physical memory assigned to process): 146M, peak: 146M
current process commit charge ("private bytes"): 409M, peak: 409M

vm_info: Java HotSpot(TM) 64-Bit Server VM (22+36-2370) for windows-amd64 JRE (22+36-2370), built on 2024-02-15T22:15:19Z by "mach5one" with MS VC++ 17.6 (VS2022)

END.
