#
# There is insufficient memory for the Java Runtime Environment to continue.
# Native memory allocation (malloc) failed to allocate 32744 bytes. Error detail: Chunk::new
# Possible reasons:
#   The system is out of physical RAM or swap space
#   This process is running with CompressedOops enabled, and the Java Heap may be blocking the growth of the native heap
# Possible solutions:
#   Reduce memory load on the system
#   Increase physical memory or swap space
#   Check if swap backing store is full
#   Decrease Java heap size (-Xmx/-Xms)
#   Decrease number of Java threads
#   Decrease Java thread stack sizes (-Xss)
#   Set larger code cache with -XX:ReservedCodeCacheSize=
#   JVM is running with Zero Based Compressed Oops mode in which the Java heap is
#     placed in the first 32GB address space. The Java Heap base address is the
#     maximum limit for the native heap growth. Please use -XX:HeapBaseMinAddress
#     to set the Java Heap base and to place the Java Heap above 32GB virtual address.
# This output file may be truncated or incomplete.
#
#  Out of Memory Error (arena.cpp:150), pid=20672, tid=18820
#
# JRE version: Java(TM) SE Runtime Environment (22.0+36) (build 22+36-2370)
# Java VM: Java HotSpot(TM) 64-Bit Server VM (22+36-2370, mixed mode, sharing, tiered, compressed oops, compressed class ptrs, g1 gc, windows-amd64)
# No core dump will be written. Minidumps are not enabled by default on client versions of Windows
#

---------------  S U M M A R Y ------------

Command Line: -Dfile.encoding=UTF-8 --module-path=E:\IE003\UITravel\build\classes uitravel.UserSearch

Host: 11th Gen Intel(R) Core(TM) i7-11800H @ 2.30GHz, 16 cores, 15G,  Windows 11 , 64 bit Build 22621 (10.0.22621.3527)
Time: Fri May 31 14:55:56 2024 SE Asia Standard Time elapsed time: 0.854989 seconds (0d 0h 0m 0s)

---------------  T H R E A D  ---------------

Current thread (0x0000017f19a444f0):  JavaThread "C1 CompilerThread2" daemon [_thread_in_native, id=18820, stack(0x000000652b600000,0x000000652b700000) (1024K)]


Current CompileTask:
C1:855 1772       3       jdk.internal.org.objectweb.asm.ClassWriter::visit (160 bytes)

Stack: [0x000000652b600000,0x000000652b700000]
Native frames: (J=compiled Java code, j=interpreted, Vv=VM code, C=native code)
V  [jvm.dll+0x6e2349]  (no source info available)
V  [jvm.dll+0x874ed3]  (no source info available)
V  [jvm.dll+0x8772fe]  (no source info available)
V  [jvm.dll+0x8779d3]  (no source info available)
V  [jvm.dll+0x27fcb6]  (no source info available)
V  [jvm.dll+0xc3d0f]  (no source info available)
V  [jvm.dll+0xc3f6b]  (no source info available)
V  [jvm.dll+0x158a38]  (no source info available)
V  [jvm.dll+0x15f95e]  (no source info available)
V  [jvm.dll+0x15dfa5]  (no source info available)
V  [jvm.dll+0x157a2f]  (no source info available)
V  [jvm.dll+0x167a86]  (no source info available)
V  [jvm.dll+0x1530bb]  (no source info available)
V  [jvm.dll+0x153507]  (no source info available)
V  [jvm.dll+0x1538a0]  (no source info available)
V  [jvm.dll+0x152c1d]  (no source info available)
V  [jvm.dll+0x154add]  (no source info available)
V  [jvm.dll+0x25699e]  (no source info available)
V  [jvm.dll+0x254c5a]  (no source info available)
V  [jvm.dll+0x3f5426]  (no source info available)
V  [jvm.dll+0x81d50b]  (no source info available)
V  [jvm.dll+0x6e09e5]  (no source info available)
C  [ucrtbase.dll+0x29333]  (no source info available)
C  [KERNEL32.DLL+0x1257d]  (no source info available)
C  [ntdll.dll+0x5aa48]  (no source info available)


---------------  P R O C E S S  ---------------

Threads class SMR info:
_java_thread_list=0x0000017f1a7122d0, length=22, elements={
0x0000017ed3af87a0, 0x0000017ed3af98d0, 0x0000017ed3afb960, 0x0000017ed3afc4f0,
0x0000017ed3afd7f0, 0x0000017ed3b08670, 0x0000017ed3b09530, 0x0000017ed3b0b530,
0x0000017ed3ac9780, 0x0000017f19140640, 0x0000017f19212f10, 0x0000017f19221dd0,
0x0000017f193ec600, 0x0000017f193ed8a0, 0x0000017f193ef150, 0x0000017f196ea7a0,
0x0000017f19a444f0, 0x0000017f19bfe610, 0x0000017eb3fbf510, 0x0000017f1a5bba10,
0x0000017f1a710b50, 0x0000017f1a72d9b0
}

Java Threads: ( => current thread )
  0x0000017ed3af87a0 JavaThread "Reference Handler"          daemon [_thread_blocked, id=19284, stack(0x000000652a600000,0x000000652a700000) (1024K)]
  0x0000017ed3af98d0 JavaThread "Finalizer"                  daemon [_thread_blocked, id=13964, stack(0x000000652a700000,0x000000652a800000) (1024K)]
  0x0000017ed3afb960 JavaThread "Signal Dispatcher"          daemon [_thread_blocked, id=21272, stack(0x000000652a800000,0x000000652a900000) (1024K)]
  0x0000017ed3afc4f0 JavaThread "Attach Listener"            daemon [_thread_blocked, id=10788, stack(0x000000652a900000,0x000000652aa00000) (1024K)]
  0x0000017ed3afd7f0 JavaThread "Service Thread"             daemon [_thread_blocked, id=8096, stack(0x000000652aa00000,0x000000652ab00000) (1024K)]
  0x0000017ed3b08670 JavaThread "Monitor Deflation Thread"   daemon [_thread_blocked, id=3228, stack(0x000000652ab00000,0x000000652ac00000) (1024K)]
  0x0000017ed3b09530 JavaThread "C2 CompilerThread0"         daemon [_thread_blocked, id=7172, stack(0x000000652ac00000,0x000000652ad00000) (1024K)]
  0x0000017ed3b0b530 JavaThread "C1 CompilerThread0"         daemon [_thread_in_native, id=9400, stack(0x000000652ad00000,0x000000652ae00000) (1024K)]
  0x0000017ed3ac9780 JavaThread "Common-Cleaner"             daemon [_thread_blocked, id=10320, stack(0x000000652ae00000,0x000000652af00000) (1024K)]
  0x0000017f19140640 JavaThread "C1 CompilerThread1"         daemon [_thread_in_native, id=10440, stack(0x000000652af00000,0x000000652b000000) (1024K)]
  0x0000017f19212f10 JavaThread "Notification Thread"        daemon [_thread_blocked, id=14196, stack(0x000000652b000000,0x000000652b100000) (1024K)]
  0x0000017f19221dd0 JavaThread "C2 CompilerThread1"         daemon [_thread_in_native, id=7452, stack(0x000000652b100000,0x000000652b200000) (1024K)]
  0x0000017f193ec600 JavaThread "Java2D Disposer"            daemon [_thread_blocked, id=23216, stack(0x000000652b200000,0x000000652b300000) (1024K)]
  0x0000017f193ed8a0 JavaThread "AWT-Shutdown"                      [_thread_blocked, id=18852, stack(0x000000652b300000,0x000000652b400000) (1024K)]
  0x0000017f193ef150 JavaThread "AWT-Windows"                daemon [_thread_in_native, id=9624, stack(0x000000652b400000,0x000000652b500000) (1024K)]
  0x0000017f196ea7a0 JavaThread "C2 CompilerThread2"         daemon [_thread_in_native, id=19812, stack(0x000000652b500000,0x000000652b600000) (1024K)]
=>0x0000017f19a444f0 JavaThread "C1 CompilerThread2"         daemon [_thread_in_native, id=18820, stack(0x000000652b600000,0x000000652b700000) (1024K)]
  0x0000017f19bfe610 JavaThread "AWT-EventQueue-0"                  [_thread_in_vm, id=6304, stack(0x000000652b700000,0x000000652b800000) (1024K)]
  0x0000017eb3fbf510 JavaThread "DestroyJavaVM"                     [_thread_blocked, id=23344, stack(0x0000006529e00000,0x0000006529f00000) (1024K)]
  0x0000017f1a5bba10 JavaThread "TimerQueue"                 daemon [_thread_blocked, id=21516, stack(0x000000652b800000,0x000000652b900000) (1024K)]
  0x0000017f1a710b50 JavaThread "Image Fetcher 0"            daemon [_thread_blocked, id=2860, stack(0x000000652b900000,0x000000652ba00000) (1024K)]
  0x0000017f1a72d9b0 JavaThread "C1 CompilerThread3"         daemon [_thread_blocked, id=23488, stack(0x000000652ba00000,0x000000652bb00000) (1024K)]
Total: 22

Other Threads:
  0x0000017ed3ae2ae0 VMThread "VM Thread"                           [id=13080, stack(0x000000652a500000,0x000000652a600000) (1024K)]
  0x0000017ed3ac8880 WatcherThread "VM Periodic Task Thread"        [id=1020, stack(0x000000652a400000,0x000000652a500000) (1024K)]
  0x0000017eb4022900 WorkerThread "GC Thread#0"                     [id=19196, stack(0x0000006529f00000,0x000000652a000000) (1024K)]
  0x0000017f1a7d01d0 WorkerThread "GC Thread#1"                     [id=8340, stack(0x000000652bb00000,0x000000652bc00000) (1024K)]
  0x0000017f1a8e9840 WorkerThread "GC Thread#2"                     [id=2416, stack(0x000000652bc00000,0x000000652bd00000) (1024K)]
  0x0000017f1a753d20 WorkerThread "GC Thread#3"                     [id=1560, stack(0x000000652bd00000,0x000000652be00000) (1024K)]
  0x0000017f1a7ce6d0 WorkerThread "GC Thread#4"                     [id=16360, stack(0x000000652be00000,0x000000652bf00000) (1024K)]
  0x0000017f1a7cea80 WorkerThread "GC Thread#5"                     [id=7464, stack(0x000000652bf00000,0x000000652c000000) (1024K)]
  0x0000017f1a84f880 WorkerThread "GC Thread#6"                     [id=2292, stack(0x000000652c000000,0x000000652c100000) (1024K)]
  0x0000017f1a84fc30 WorkerThread "GC Thread#7"                     [id=16168, stack(0x000000652c100000,0x000000652c200000) (1024K)]
  0x0000017f1a84ffe0 WorkerThread "GC Thread#8"                     [id=24112, stack(0x000000652c200000,0x000000652c300000) (1024K)]
  0x0000017f1a8517d0 WorkerThread "GC Thread#9"                     [id=2708, stack(0x000000652c300000,0x000000652c400000) (1024K)]
  0x0000017f1a851b80 WorkerThread "GC Thread#10"                    [id=3628, stack(0x000000652c400000,0x000000652c500000) (1024K)]
  0x0000017f1a851f30 WorkerThread "GC Thread#11"                    [id=10180, stack(0x000000652c500000,0x000000652c600000) (1024K)]
  0x0000017f1a82e690 WorkerThread "GC Thread#12"                    [id=15624, stack(0x000000652c600000,0x000000652c700000) (1024K)]
  0x0000017eb4033630 ConcurrentGCThread "G1 Main Marker"            [id=12516, stack(0x000000652a000000,0x000000652a100000) (1024K)]
  0x0000017eb4035c60 WorkerThread "G1 Conc#0"                       [id=6728, stack(0x000000652a100000,0x000000652a200000) (1024K)]
  0x0000017ed399c0a0 ConcurrentGCThread "G1 Refine#0"               [id=23824, stack(0x000000652a200000,0x000000652a300000) (1024K)]
  0x0000017ed399ca30 ConcurrentGCThread "G1 Service"                [id=5244, stack(0x000000652a300000,0x000000652a400000) (1024K)]
Total: 19

Threads with active compile tasks:
C1 CompilerThread0  901 1779       3       jdk.internal.org.objectweb.asm.ClassWriter::toByteArray (1517 bytes)
C1 CompilerThread1  901 1774       3       jdk.internal.org.objectweb.asm.MethodWriter::visitAnnotation (40 bytes)
C2 CompilerThread1  901 1730 % !   4       sun.awt.image.PNGImageDecoder::produceImage @ 960 (1917 bytes)
C2 CompilerThread2  902 1739   !   4       sun.awt.image.ImageRepresentation::getOpaqueRGBImage (164 bytes)
C1 CompilerThread2  902 1772       3       jdk.internal.org.objectweb.asm.ClassWriter::visit (160 bytes)
Total: 5

VM state: not at safepoint (normal execution)

VM Mutex/Monitor currently owned by a thread: None

Heap address: 0x0000000703600000, size: 4042 MB, Compressed Oops mode: Zero based, Oop shift amount: 3

CDS archive(s) mapped at: [0x0000017ed4000000-0x0000017ed4c60000-0x0000017ed4c60000), size 12976128, SharedBaseAddress: 0x0000017ed4000000, ArchiveRelocationMode: 1.
Compressed class space mapped at: 0x0000017ed5000000-0x0000017f15000000, reserved size: 1073741824
Narrow klass base: 0x0000017ed4000000, Narrow klass shift: 0, Narrow klass range: 0x41000000

GC Precious Log:
 CardTable entry size: 512
 Card Set container configuration: InlinePtr #cards 4 size 8 Array Of Cards #cards 16 size 48 Howl #buckets 8 coarsen threshold 3686 Howl Bitmap #cards 512 size 80 coarsen threshold 460 Card regions per heap region 1 cards per card region 4096
 CPUs: 16 total, 16 available
 Memory: 16163M
 Large Page Support: Disabled
 NUMA Support: Disabled
 Compressed Oops: Enabled (Zero based)
 Heap Region Size: 2M
 Heap Min Capacity: 8M
 Heap Initial Capacity: 254M
 Heap Max Capacity: 4042M
 Pre-touch: Disabled
 Parallel Workers: 13
 Concurrent Workers: 3
 Concurrent Refinement Workers: 13
 Periodic GC: Disabled

Heap:
 garbage-first heap   total reserved 4139008K, committed 260096K, used 39799K [0x0000000703600000, 0x0000000800000000)
  region size 2048K, 10 young (20480K), 2 survivors (4096K)
 Metaspace       used 12800K, committed 13120K, reserved 1114112K
  class space    used 1501K, committed 1664K, reserved 1048576K

Heap Regions: E=young(eden), S=young(survivor), O=old, HS=humongous(starts), HC=humongous(continues), CS=collection set, F=free, TAMS=top-at-mark-start, PB=parsable bottom
|   0|0x0000000703600000, 0x0000000703800000, 0x0000000703800000|100%|HS|  |TAMS 0x0000000703600000| PB 0x0000000703600000| Complete |  0
|   1|0x0000000703800000, 0x0000000703a00000, 0x0000000703a00000|100%|HC|  |TAMS 0x0000000703800000| PB 0x0000000703800000| Complete |  0
|   2|0x0000000703a00000, 0x0000000703c00000, 0x0000000703c00000|100%|HS|  |TAMS 0x0000000703a00000| PB 0x0000000703a00000| Complete |  0
|   3|0x0000000703c00000, 0x0000000703e00000, 0x0000000703e00000|100%|HC|  |TAMS 0x0000000703c00000| PB 0x0000000703c00000| Complete |  0
|   4|0x0000000703e00000, 0x0000000704000000, 0x0000000704000000|100%|HC|  |TAMS 0x0000000703e00000| PB 0x0000000703e00000| Complete |  0
|   5|0x0000000704000000, 0x0000000704200000, 0x0000000704200000|100%|HC|  |TAMS 0x0000000704000000| PB 0x0000000704000000| Complete |  0
|   6|0x0000000704200000, 0x0000000704400000, 0x0000000704400000|100%|HC|  |TAMS 0x0000000704200000| PB 0x0000000704200000| Complete |  0
|   7|0x0000000704400000, 0x0000000704600000, 0x0000000704600000|100%|HC|  |TAMS 0x0000000704400000| PB 0x0000000704400000| Complete |  0
|   8|0x0000000704600000, 0x0000000704800000, 0x0000000704800000|100%|HC|  |TAMS 0x0000000704600000| PB 0x0000000704600000| Complete |  0
|   9|0x0000000704800000, 0x0000000704a00000, 0x0000000704a00000|100%|HC|  |TAMS 0x0000000704800000| PB 0x0000000704800000| Complete |  0
|  10|0x0000000704a00000, 0x0000000704addf00, 0x0000000704c00000| 43%| O|  |TAMS 0x0000000704a00000| PB 0x0000000704a00000| Untracked |  0
|  11|0x0000000704c00000, 0x0000000704c00000, 0x0000000704e00000|  0%| F|  |TAMS 0x0000000704c00000| PB 0x0000000704c00000| Untracked |  0
|  12|0x0000000704e00000, 0x0000000704e00000, 0x0000000705000000|  0%| F|  |TAMS 0x0000000704e00000| PB 0x0000000704e00000| Untracked |  0
|  13|0x0000000705000000, 0x0000000705000000, 0x0000000705200000|  0%| F|  |TAMS 0x0000000705000000| PB 0x0000000705000000| Untracked |  0
|  14|0x0000000705200000, 0x0000000705200000, 0x0000000705400000|  0%| F|  |TAMS 0x0000000705200000| PB 0x0000000705200000| Untracked |  0
|  15|0x0000000705400000, 0x0000000705400000, 0x0000000705600000|  0%| F|  |TAMS 0x0000000705400000| PB 0x0000000705400000| Untracked |  0
|  16|0x0000000705600000, 0x0000000705600000, 0x0000000705800000|  0%| F|  |TAMS 0x0000000705600000| PB 0x0000000705600000| Untracked |  0
|  17|0x0000000705800000, 0x0000000705800000, 0x0000000705a00000|  0%| F|  |TAMS 0x0000000705800000| PB 0x0000000705800000| Untracked |  0
|  18|0x0000000705a00000, 0x0000000705a00000, 0x0000000705c00000|  0%| F|  |TAMS 0x0000000705a00000| PB 0x0000000705a00000| Untracked |  0
|  19|0x0000000705c00000, 0x0000000705c00000, 0x0000000705e00000|  0%| F|  |TAMS 0x0000000705c00000| PB 0x0000000705c00000| Untracked |  0
|  20|0x0000000705e00000, 0x0000000705e00000, 0x0000000706000000|  0%| F|  |TAMS 0x0000000705e00000| PB 0x0000000705e00000| Untracked |  0
|  21|0x0000000706000000, 0x0000000706000000, 0x0000000706200000|  0%| F|  |TAMS 0x0000000706000000| PB 0x0000000706000000| Untracked |  0
|  22|0x0000000706200000, 0x0000000706200000, 0x0000000706400000|  0%| F|  |TAMS 0x0000000706200000| PB 0x0000000706200000| Untracked |  0
|  23|0x0000000706400000, 0x0000000706400000, 0x0000000706600000|  0%| F|  |TAMS 0x0000000706400000| PB 0x0000000706400000| Untracked |  0
|  24|0x0000000706600000, 0x0000000706600000, 0x0000000706800000|  0%| F|  |TAMS 0x0000000706600000| PB 0x0000000706600000| Untracked |  0
|  25|0x0000000706800000, 0x0000000706800000, 0x0000000706a00000|  0%| F|  |TAMS 0x0000000706800000| PB 0x0000000706800000| Untracked |  0
|  26|0x0000000706a00000, 0x0000000706a00000, 0x0000000706c00000|  0%| F|  |TAMS 0x0000000706a00000| PB 0x0000000706a00000| Untracked |  0
|  27|0x0000000706c00000, 0x0000000706c00000, 0x0000000706e00000|  0%| F|  |TAMS 0x0000000706c00000| PB 0x0000000706c00000| Untracked |  0
|  28|0x0000000706e00000, 0x0000000706e00000, 0x0000000707000000|  0%| F|  |TAMS 0x0000000706e00000| PB 0x0000000706e00000| Untracked |  0
|  29|0x0000000707000000, 0x0000000707000000, 0x0000000707200000|  0%| F|  |TAMS 0x0000000707000000| PB 0x0000000707000000| Untracked |  0
|  30|0x0000000707200000, 0x0000000707200000, 0x0000000707400000|  0%| F|  |TAMS 0x0000000707200000| PB 0x0000000707200000| Untracked |  0
|  31|0x0000000707400000, 0x0000000707400000, 0x0000000707600000|  0%| F|  |TAMS 0x0000000707400000| PB 0x0000000707400000| Untracked |  0
|  32|0x0000000707600000, 0x0000000707600000, 0x0000000707800000|  0%| F|  |TAMS 0x0000000707600000| PB 0x0000000707600000| Untracked |  0
|  33|0x0000000707800000, 0x0000000707800000, 0x0000000707a00000|  0%| F|  |TAMS 0x0000000707800000| PB 0x0000000707800000| Untracked |  0
|  34|0x0000000707a00000, 0x0000000707a00000, 0x0000000707c00000|  0%| F|  |TAMS 0x0000000707a00000| PB 0x0000000707a00000| Untracked |  0
|  35|0x0000000707c00000, 0x0000000707c00000, 0x0000000707e00000|  0%| F|  |TAMS 0x0000000707c00000| PB 0x0000000707c00000| Untracked |  0
|  36|0x0000000707e00000, 0x0000000707e00000, 0x0000000708000000|  0%| F|  |TAMS 0x0000000707e00000| PB 0x0000000707e00000| Untracked |  0
|  37|0x0000000708000000, 0x0000000708000000, 0x0000000708200000|  0%| F|  |TAMS 0x0000000708000000| PB 0x0000000708000000| Untracked |  0
|  38|0x0000000708200000, 0x0000000708200000, 0x0000000708400000|  0%| F|  |TAMS 0x0000000708200000| PB 0x0000000708200000| Untracked |  0
|  39|0x0000000708400000, 0x0000000708400000, 0x0000000708600000|  0%| F|  |TAMS 0x0000000708400000| PB 0x0000000708400000| Untracked |  0
|  40|0x0000000708600000, 0x0000000708600000, 0x0000000708800000|  0%| F|  |TAMS 0x0000000708600000| PB 0x0000000708600000| Untracked |  0
|  41|0x0000000708800000, 0x0000000708800000, 0x0000000708a00000|  0%| F|  |TAMS 0x0000000708800000| PB 0x0000000708800000| Untracked |  0
|  42|0x0000000708a00000, 0x0000000708a00000, 0x0000000708c00000|  0%| F|  |TAMS 0x0000000708a00000| PB 0x0000000708a00000| Untracked |  0
|  43|0x0000000708c00000, 0x0000000708c00000, 0x0000000708e00000|  0%| F|  |TAMS 0x0000000708c00000| PB 0x0000000708c00000| Untracked |  0
|  44|0x0000000708e00000, 0x0000000708e00000, 0x0000000709000000|  0%| F|  |TAMS 0x0000000708e00000| PB 0x0000000708e00000| Untracked |  0
|  45|0x0000000709000000, 0x0000000709000000, 0x0000000709200000|  0%| F|  |TAMS 0x0000000709000000| PB 0x0000000709000000| Untracked |  0
|  46|0x0000000709200000, 0x0000000709200000, 0x0000000709400000|  0%| F|  |TAMS 0x0000000709200000| PB 0x0000000709200000| Untracked |  0
|  47|0x0000000709400000, 0x0000000709400000, 0x0000000709600000|  0%| F|  |TAMS 0x0000000709400000| PB 0x0000000709400000| Untracked |  0
|  48|0x0000000709600000, 0x0000000709600000, 0x0000000709800000|  0%| F|  |TAMS 0x0000000709600000| PB 0x0000000709600000| Untracked |  0
|  49|0x0000000709800000, 0x0000000709800000, 0x0000000709a00000|  0%| F|  |TAMS 0x0000000709800000| PB 0x0000000709800000| Untracked |  0
|  50|0x0000000709a00000, 0x0000000709a00000, 0x0000000709c00000|  0%| F|  |TAMS 0x0000000709a00000| PB 0x0000000709a00000| Untracked |  0
|  51|0x0000000709c00000, 0x0000000709c00000, 0x0000000709e00000|  0%| F|  |TAMS 0x0000000709c00000| PB 0x0000000709c00000| Untracked |  0
|  52|0x0000000709e00000, 0x0000000709e00000, 0x000000070a000000|  0%| F|  |TAMS 0x0000000709e00000| PB 0x0000000709e00000| Untracked |  0
|  53|0x000000070a000000, 0x000000070a000000, 0x000000070a200000|  0%| F|  |TAMS 0x000000070a000000| PB 0x000000070a000000| Untracked |  0
|  54|0x000000070a200000, 0x000000070a200000, 0x000000070a400000|  0%| F|  |TAMS 0x000000070a200000| PB 0x000000070a200000| Untracked |  0
|  55|0x000000070a400000, 0x000000070a400000, 0x000000070a600000|  0%| F|  |TAMS 0x000000070a400000| PB 0x000000070a400000| Untracked |  0
|  56|0x000000070a600000, 0x000000070a600000, 0x000000070a800000|  0%| F|  |TAMS 0x000000070a600000| PB 0x000000070a600000| Untracked |  0
|  57|0x000000070a800000, 0x000000070a800000, 0x000000070aa00000|  0%| F|  |TAMS 0x000000070a800000| PB 0x000000070a800000| Untracked |  0
|  58|0x000000070aa00000, 0x000000070aa00000, 0x000000070ac00000|  0%| F|  |TAMS 0x000000070aa00000| PB 0x000000070aa00000| Untracked |  0
|  59|0x000000070ac00000, 0x000000070ac00000, 0x000000070ae00000|  0%| F|  |TAMS 0x000000070ac00000| PB 0x000000070ac00000| Untracked |  0
|  60|0x000000070ae00000, 0x000000070ae00000, 0x000000070b000000|  0%| F|  |TAMS 0x000000070ae00000| PB 0x000000070ae00000| Untracked |  0
|  61|0x000000070b000000, 0x000000070b000000, 0x000000070b200000|  0%| F|  |TAMS 0x000000070b000000| PB 0x000000070b000000| Untracked |  0
|  62|0x000000070b200000, 0x000000070b200000, 0x000000070b400000|  0%| F|  |TAMS 0x000000070b200000| PB 0x000000070b200000| Untracked |  0
|  63|0x000000070b400000, 0x000000070b400000, 0x000000070b600000|  0%| F|  |TAMS 0x000000070b400000| PB 0x000000070b400000| Untracked |  0
|  64|0x000000070b600000, 0x000000070b600000, 0x000000070b800000|  0%| F|  |TAMS 0x000000070b600000| PB 0x000000070b600000| Untracked |  0
|  65|0x000000070b800000, 0x000000070b800000, 0x000000070ba00000|  0%| F|  |TAMS 0x000000070b800000| PB 0x000000070b800000| Untracked |  0
|  66|0x000000070ba00000, 0x000000070ba00000, 0x000000070bc00000|  0%| F|  |TAMS 0x000000070ba00000| PB 0x000000070ba00000| Untracked |  0
|  67|0x000000070bc00000, 0x000000070bc00000, 0x000000070be00000|  0%| F|  |TAMS 0x000000070bc00000| PB 0x000000070bc00000| Untracked |  0
|  68|0x000000070be00000, 0x000000070be00000, 0x000000070c000000|  0%| F|  |TAMS 0x000000070be00000| PB 0x000000070be00000| Untracked |  0
|  69|0x000000070c000000, 0x000000070c000000, 0x000000070c200000|  0%| F|  |TAMS 0x000000070c000000| PB 0x000000070c000000| Untracked |  0
|  70|0x000000070c200000, 0x000000070c200000, 0x000000070c400000|  0%| F|  |TAMS 0x000000070c200000| PB 0x000000070c200000| Untracked |  0
|  71|0x000000070c400000, 0x000000070c400000, 0x000000070c600000|  0%| F|  |TAMS 0x000000070c400000| PB 0x000000070c400000| Untracked |  0
|  72|0x000000070c600000, 0x000000070c600000, 0x000000070c800000|  0%| F|  |TAMS 0x000000070c600000| PB 0x000000070c600000| Untracked |  0
|  73|0x000000070c800000, 0x000000070c800000, 0x000000070ca00000|  0%| F|  |TAMS 0x000000070c800000| PB 0x000000070c800000| Untracked |  0
|  74|0x000000070ca00000, 0x000000070ca00000, 0x000000070cc00000|  0%| F|  |TAMS 0x000000070ca00000| PB 0x000000070ca00000| Untracked |  0
|  75|0x000000070cc00000, 0x000000070cc00000, 0x000000070ce00000|  0%| F|  |TAMS 0x000000070cc00000| PB 0x000000070cc00000| Untracked |  0
|  76|0x000000070ce00000, 0x000000070ce00000, 0x000000070d000000|  0%| F|  |TAMS 0x000000070ce00000| PB 0x000000070ce00000| Untracked |  0
|  77|0x000000070d000000, 0x000000070d000000, 0x000000070d200000|  0%| F|  |TAMS 0x000000070d000000| PB 0x000000070d000000| Untracked |  0
|  78|0x000000070d200000, 0x000000070d200000, 0x000000070d400000|  0%| F|  |TAMS 0x000000070d200000| PB 0x000000070d200000| Untracked |  0
|  79|0x000000070d400000, 0x000000070d400000, 0x000000070d600000|  0%| F|  |TAMS 0x000000070d400000| PB 0x000000070d400000| Untracked |  0
|  80|0x000000070d600000, 0x000000070d600000, 0x000000070d800000|  0%| F|  |TAMS 0x000000070d600000| PB 0x000000070d600000| Untracked |  0
|  81|0x000000070d800000, 0x000000070d800000, 0x000000070da00000|  0%| F|  |TAMS 0x000000070d800000| PB 0x000000070d800000| Untracked |  0
|  82|0x000000070da00000, 0x000000070da00000, 0x000000070dc00000|  0%| F|  |TAMS 0x000000070da00000| PB 0x000000070da00000| Untracked |  0
|  83|0x000000070dc00000, 0x000000070dc00000, 0x000000070de00000|  0%| F|  |TAMS 0x000000070dc00000| PB 0x000000070dc00000| Untracked |  0
|  84|0x000000070de00000, 0x000000070de00000, 0x000000070e000000|  0%| F|  |TAMS 0x000000070de00000| PB 0x000000070de00000| Untracked |  0
|  85|0x000000070e000000, 0x000000070e000000, 0x000000070e200000|  0%| F|  |TAMS 0x000000070e000000| PB 0x000000070e000000| Untracked |  0
|  86|0x000000070e200000, 0x000000070e200000, 0x000000070e400000|  0%| F|  |TAMS 0x000000070e200000| PB 0x000000070e200000| Untracked |  0
|  87|0x000000070e400000, 0x000000070e400000, 0x000000070e600000|  0%| F|  |TAMS 0x000000070e400000| PB 0x000000070e400000| Untracked |  0
|  88|0x000000070e600000, 0x000000070e600000, 0x000000070e800000|  0%| F|  |TAMS 0x000000070e600000| PB 0x000000070e600000| Untracked |  0
|  89|0x000000070e800000, 0x000000070e800000, 0x000000070ea00000|  0%| F|  |TAMS 0x000000070e800000| PB 0x000000070e800000| Untracked |  0
|  90|0x000000070ea00000, 0x000000070ea00000, 0x000000070ec00000|  0%| F|  |TAMS 0x000000070ea00000| PB 0x000000070ea00000| Untracked |  0
|  91|0x000000070ec00000, 0x000000070ec00000, 0x000000070ee00000|  0%| F|  |TAMS 0x000000070ec00000| PB 0x000000070ec00000| Untracked |  0
|  92|0x000000070ee00000, 0x000000070ee00000, 0x000000070f000000|  0%| F|  |TAMS 0x000000070ee00000| PB 0x000000070ee00000| Untracked |  0
|  93|0x000000070f000000, 0x000000070f000000, 0x000000070f200000|  0%| F|  |TAMS 0x000000070f000000| PB 0x000000070f000000| Untracked |  0
|  94|0x000000070f200000, 0x000000070f200000, 0x000000070f400000|  0%| F|  |TAMS 0x000000070f200000| PB 0x000000070f200000| Untracked |  0
|  95|0x000000070f400000, 0x000000070f400000, 0x000000070f600000|  0%| F|  |TAMS 0x000000070f400000| PB 0x000000070f400000| Untracked |  0
|  96|0x000000070f600000, 0x000000070f600000, 0x000000070f800000|  0%| F|  |TAMS 0x000000070f600000| PB 0x000000070f600000| Untracked |  0
|  97|0x000000070f800000, 0x000000070f800000, 0x000000070fa00000|  0%| F|  |TAMS 0x000000070f800000| PB 0x000000070f800000| Untracked |  0
|  98|0x000000070fa00000, 0x000000070fa00000, 0x000000070fc00000|  0%| F|  |TAMS 0x000000070fa00000| PB 0x000000070fa00000| Untracked |  0
|  99|0x000000070fc00000, 0x000000070fc00000, 0x000000070fe00000|  0%| F|  |TAMS 0x000000070fc00000| PB 0x000000070fc00000| Untracked |  0
| 100|0x000000070fe00000, 0x000000070fe00000, 0x0000000710000000|  0%| F|  |TAMS 0x000000070fe00000| PB 0x000000070fe00000| Untracked |  0
| 101|0x0000000710000000, 0x0000000710000000, 0x0000000710200000|  0%| F|  |TAMS 0x0000000710000000| PB 0x0000000710000000| Untracked |  0
| 102|0x0000000710200000, 0x0000000710200000, 0x0000000710400000|  0%| F|  |TAMS 0x0000000710200000| PB 0x0000000710200000| Untracked |  0
| 103|0x0000000710400000, 0x0000000710400000, 0x0000000710600000|  0%| F|  |TAMS 0x0000000710400000| PB 0x0000000710400000| Untracked |  0
| 104|0x0000000710600000, 0x0000000710600000, 0x0000000710800000|  0%| F|  |TAMS 0x0000000710600000| PB 0x0000000710600000| Untracked |  0
| 105|0x0000000710800000, 0x0000000710800000, 0x0000000710a00000|  0%| F|  |TAMS 0x0000000710800000| PB 0x0000000710800000| Untracked |  0
| 106|0x0000000710a00000, 0x0000000710a00000, 0x0000000710c00000|  0%| F|  |TAMS 0x0000000710a00000| PB 0x0000000710a00000| Untracked |  0
| 107|0x0000000710c00000, 0x0000000710c00000, 0x0000000710e00000|  0%| F|  |TAMS 0x0000000710c00000| PB 0x0000000710c00000| Untracked |  0
| 108|0x0000000710e00000, 0x0000000710e00000, 0x0000000711000000|  0%| F|  |TAMS 0x0000000710e00000| PB 0x0000000710e00000| Untracked |  0
| 109|0x0000000711000000, 0x0000000711000000, 0x0000000711200000|  0%| F|  |TAMS 0x0000000711000000| PB 0x0000000711000000| Untracked |  0
| 110|0x0000000711200000, 0x0000000711200000, 0x0000000711400000|  0%| F|  |TAMS 0x0000000711200000| PB 0x0000000711200000| Untracked |  0
| 111|0x0000000711400000, 0x0000000711400000, 0x0000000711600000|  0%| F|  |TAMS 0x0000000711400000| PB 0x0000000711400000| Untracked |  0
| 112|0x0000000711600000, 0x0000000711600000, 0x0000000711800000|  0%| F|  |TAMS 0x0000000711600000| PB 0x0000000711600000| Untracked |  0
| 113|0x0000000711800000, 0x0000000711a00000, 0x0000000711a00000|100%| S|CS|TAMS 0x0000000711800000| PB 0x0000000711800000| Complete |  0
| 114|0x0000000711a00000, 0x0000000711c00000, 0x0000000711c00000|100%| S|CS|TAMS 0x0000000711a00000| PB 0x0000000711a00000| Complete |  0
| 115|0x0000000711c00000, 0x0000000711c00000, 0x0000000711e00000|  0%| F|  |TAMS 0x0000000711c00000| PB 0x0000000711c00000| Untracked |  0
| 116|0x0000000711e00000, 0x0000000711e00000, 0x0000000712000000|  0%| F|  |TAMS 0x0000000711e00000| PB 0x0000000711e00000| Untracked |  0
| 117|0x0000000712000000, 0x0000000712000000, 0x0000000712200000|  0%| F|  |TAMS 0x0000000712000000| PB 0x0000000712000000| Untracked |  0
| 118|0x0000000712200000, 0x0000000712200000, 0x0000000712400000|  0%| F|  |TAMS 0x0000000712200000| PB 0x0000000712200000| Untracked |  0
| 119|0x0000000712400000, 0x00000007125b2f70, 0x0000000712600000| 84%| E|  |TAMS 0x0000000712400000| PB 0x0000000712400000| Complete |  0
| 120|0x0000000712600000, 0x0000000712800000, 0x0000000712800000|100%| E|CS|TAMS 0x0000000712600000| PB 0x0000000712600000| Complete |  0
| 121|0x0000000712800000, 0x0000000712a00000, 0x0000000712a00000|100%| E|CS|TAMS 0x0000000712800000| PB 0x0000000712800000| Complete |  0
| 122|0x0000000712a00000, 0x0000000712c00000, 0x0000000712c00000|100%| E|CS|TAMS 0x0000000712a00000| PB 0x0000000712a00000| Complete |  0
| 123|0x0000000712c00000, 0x0000000712e00000, 0x0000000712e00000|100%| E|CS|TAMS 0x0000000712c00000| PB 0x0000000712c00000| Complete |  0
| 124|0x0000000712e00000, 0x0000000713000000, 0x0000000713000000|100%| E|CS|TAMS 0x0000000712e00000| PB 0x0000000712e00000| Complete |  0
| 125|0x0000000713000000, 0x0000000713200000, 0x0000000713200000|100%| E|CS|TAMS 0x0000000713000000| PB 0x0000000713000000| Complete |  0
| 126|0x0000000713200000, 0x0000000713400000, 0x0000000713400000|100%| E|CS|TAMS 0x0000000713200000| PB 0x0000000713200000| Complete |  0

Card table byte_map: [0x0000017ecc370000,0x0000017eccb60000] _byte_map_base: 0x0000017ec8b55000

Marking Bits: (CMBitMap*) 0x0000017eb4022f10
 Bits: [0x0000017eccb60000, 0x0000017ed0a88000)

Polling page: 0x0000017eb1fc0000

Metaspace:

Usage:
  Non-class:     11.03 MB used.
      Class:      1.47 MB used.
       Both:     12.50 MB used.

Virtual space:
  Non-class space:       64.00 MB reserved,      11.19 MB ( 17%) committed,  1 nodes.
      Class space:        1.00 GB reserved,       1.62 MB ( <1%) committed,  1 nodes.
             Both:        1.06 GB reserved,      12.81 MB (  1%) committed. 

Chunk freelists:
   Non-Class:  4.41 MB
       Class:  14.23 MB
        Both:  18.63 MB

MaxMetaspaceSize: unlimited
CompressedClassSpaceSize: 1.00 GB
Initial GC threshold: 21.00 MB
Current GC threshold: 21.00 MB
CDS: on
 - commit_granule_bytes: 65536.
 - commit_granule_words: 8192.
 - virtual_space_node_default_size: 8388608.
 - enlarge_chunks_in_place: 1.
 - use_allocation_guard: 0.


Internal statistics:

num_allocs_failed_limit: 0.
num_arena_births: 190.
num_arena_deaths: 0.
num_vsnodes_births: 2.
num_vsnodes_deaths: 0.
num_space_committed: 205.
num_space_uncommitted: 0.
num_chunks_returned_to_freelist: 0.
num_chunks_taken_from_freelist: 307.
num_chunk_merges: 0.
num_chunk_splits: 181.
num_chunks_enlarged: 99.
num_inconsistent_stats: 0.

CodeHeap 'non-profiled nmethods': size=119168Kb used=567Kb max_used=567Kb free=118600Kb
 bounds [0x0000017ec3ea0000, 0x0000017ec4110000, 0x0000017ecb300000]
CodeHeap 'profiled nmethods': size=119104Kb used=3285Kb max_used=3285Kb free=115818Kb
 bounds [0x0000017ebc300000, 0x0000017ebc640000, 0x0000017ec3750000]
CodeHeap 'non-nmethods': size=7488Kb used=3546Kb max_used=3560Kb free=3941Kb
 bounds [0x0000017ec3750000, 0x0000017ec3ae0000, 0x0000017ec3ea0000]
 total_blobs=2503 nmethods=1800 adapters=604
 compilation: enabled
              stopped_count=0, restarted_count=0
 full_count=0

Compilation events (20 events):
Event: 0.847 Thread 0x0000017ed3b09530 nmethod 1756 0x0000017ec3f2af90 code [0x0000017ec3f2b100, 0x0000017ec3f2b180]
Event: 0.847 Thread 0x0000017ed3b09530 1763       4       sun.java2d.loops.GraphicsPrimitiveMgr$2::compare (24 bytes)
Event: 0.848 Thread 0x0000017ed3b09530 nmethod 1763 0x0000017ec3f2b290 code [0x0000017ec3f2b420, 0x0000017ec3f2b558]
Event: 0.848 Thread 0x0000017f19140640 1765       3       java.lang.invoke.LambdaForm::returnType (26 bytes)
Event: 0.848 Thread 0x0000017f19140640 nmethod 1765 0x0000017ebc623f10 code [0x0000017ebc6240c0, 0x0000017ebc624270]
Event: 0.849 Thread 0x0000017f19140640 1766       3       java.awt.Component::invalidateIfValid (12 bytes)
Event: 0.849 Thread 0x0000017f19140640 nmethod 1766 0x0000017ebc624390 code [0x0000017ebc624540, 0x0000017ebc6248a0]
Event: 0.850 Thread 0x0000017f19140640 1767       3       java.lang.ref.SoftReference::get (29 bytes)
Event: 0.850 Thread 0x0000017f19140640 nmethod 1767 0x0000017ebc624990 code [0x0000017ebc624b20, 0x0000017ebc624ce0]
Event: 0.851 Thread 0x0000017f19140640 1768       3       java.lang.invoke.InvokerBytecodeGenerator::emitReferenceCast (188 bytes)
Event: 0.851 Thread 0x0000017f19140640 nmethod 1768 0x0000017ebc624d90 code [0x0000017ebc625060, 0x0000017ebc625ce0]
Event: 0.851 Thread 0x0000017ed3b09530 1769       4       java.lang.String::indexOf (7 bytes)
Event: 0.852 Thread 0x0000017f19a444f0 1772       3       jdk.internal.org.objectweb.asm.ClassWriter::visit (160 bytes)
Event: 0.852 Thread 0x0000017ed3b0b530 1773       3       jdk.internal.org.objectweb.asm.SymbolTable::setMajorVersionAndClassName (19 bytes)
Event: 0.852 Thread 0x0000017f1a72d9b0 1775       3       jdk.internal.org.objectweb.asm.AnnotationWriter::create (34 bytes)
Event: 0.852 Thread 0x0000017f19140640 1774       3       jdk.internal.org.objectweb.asm.MethodWriter::visitAnnotation (40 bytes)
Event: 0.852 Thread 0x0000017ed3b0b530 nmethod 1773 0x0000017ebc626010 code [0x0000017ebc6261c0, 0x0000017ebc6263d0]
Event: 0.852 Thread 0x0000017ed3b0b530 1779       3       jdk.internal.org.objectweb.asm.ClassWriter::toByteArray (1517 bytes)
Event: 0.853 Thread 0x0000017f1a72d9b0 nmethod 1775 0x0000017ebc626510 code [0x0000017ebc626700, 0x0000017ebc626bc8]
Event: 0.853 Thread 0x0000017f1a72d9b0 1776       3       jdk.internal.org.objectweb.asm.AnnotationWriter::<init> (60 bytes)

GC Heap History (2 events):
Event: 0.660 GC heap before
{Heap before GC invocations=0 (full 0):
 garbage-first heap   total reserved 4139008K, committed 260096K, used 45056K [0x0000000703600000, 0x0000000800000000)
  region size 2048K, 12 young (24576K), 0 survivors (0K)
 Metaspace       used 12092K, committed 12288K, reserved 1114112K
  class space    used 1398K, committed 1472K, reserved 1048576K
}
Event: 0.674 GC heap after
{Heap after GC invocations=1 (full 0):
 garbage-first heap   total reserved 4139008K, committed 260096K, used 25463K [0x0000000703600000, 0x0000000800000000)
  region size 2048K, 2 young (4096K), 2 survivors (4096K)
 Metaspace       used 12092K, committed 12288K, reserved 1114112K
  class space    used 1398K, committed 1472K, reserved 1048576K
}

Dll operation events (11 events):
Event: 0.007 Loaded shared library C:\Program Files\Java\jdk-22\bin\java.dll
Event: 0.033 Loaded shared library C:\Program Files\Java\jdk-22\bin\jsvml.dll
Event: 0.056 Loaded shared library C:\Program Files\Java\jdk-22\bin\net.dll
Event: 0.057 Loaded shared library C:\Program Files\Java\jdk-22\bin\nio.dll
Event: 0.073 Loaded shared library C:\Program Files\Java\jdk-22\bin\zip.dll
Event: 0.088 Loaded shared library C:\Program Files\Java\jdk-22\bin\jimage.dll
Event: 0.097 Loaded shared library C:\Program Files\Java\jdk-22\bin\awt.dll
Event: 0.168 Loaded shared library C:\Program Files\Java\jdk-22\bin\freetype.dll
Event: 0.168 Loaded shared library C:\Program Files\Java\jdk-22\bin\fontmanager.dll
Event: 0.304 Loaded shared library C:\Users\ACER\AppData\Local\Temp\flatlaf.temp\flatlaf-windows-x86_64-189961297497000.dll
Event: 0.317 Loaded shared library C:\Program Files\Java\jdk-22\bin\verify.dll

Deoptimization events (20 events):
Event: 0.736 Thread 0x0000017f1a710b50 DEOPT PACKING pc=0x0000017ebc601926 sp=0x000000652b9ff0d0
Event: 0.736 Thread 0x0000017f1a710b50 DEOPT UNPACKING pc=0x0000017ec37a88e2 sp=0x000000652b9fe540 mode 0
Event: 0.737 Thread 0x0000017f1a710b50 DEOPT PACKING pc=0x0000017ebc601926 sp=0x000000652b9ff0d0
Event: 0.737 Thread 0x0000017f1a710b50 DEOPT UNPACKING pc=0x0000017ec37a88e2 sp=0x000000652b9fe540 mode 0
Event: 0.737 Thread 0x0000017f1a710b50 DEOPT PACKING pc=0x0000017ebc601926 sp=0x000000652b9ff0d0
Event: 0.737 Thread 0x0000017f1a710b50 DEOPT UNPACKING pc=0x0000017ec37a88e2 sp=0x000000652b9fe540 mode 0
Event: 0.737 Thread 0x0000017f1a710b50 DEOPT PACKING pc=0x0000017ebc601926 sp=0x000000652b9ff0d0
Event: 0.737 Thread 0x0000017f1a710b50 DEOPT UNPACKING pc=0x0000017ec37a88e2 sp=0x000000652b9fe540 mode 0
Event: 0.825 Thread 0x0000017f1a710b50 Uncommon trap: trap_request=0xffffff45 fr.pc=0x0000017ec3f1dd30 relative=0x0000000000000310
Event: 0.825 Thread 0x0000017f1a710b50 Uncommon trap: reason=unstable_if action=reinterpret pc=0x0000017ec3f1dd30 method=sun.awt.image.ImageRepresentation.getOpaqueRGBImage()Ljava/awt/image/BufferedImage; @ 57 c2
Event: 0.825 Thread 0x0000017f1a710b50 DEOPT PACKING pc=0x0000017ec3f1dd30 sp=0x000000652b9fefb0
Event: 0.825 Thread 0x0000017f1a710b50 DEOPT UNPACKING pc=0x0000017ec37a7da2 sp=0x000000652b9fef40 mode 2
Event: 0.826 Thread 0x0000017f19bfe610 Uncommon trap: trap_request=0xffffff45 fr.pc=0x0000017ec3f0fa84 relative=0x00000000000000e4
Event: 0.826 Thread 0x0000017f19bfe610 Uncommon trap: reason=unstable_if action=reinterpret pc=0x0000017ec3f0fa84 method=java.lang.ref.SoftReference.get()Ljava/lang/Object; @ 17 c2
Event: 0.826 Thread 0x0000017f19bfe610 DEOPT PACKING pc=0x0000017ec3f0fa84 sp=0x000000652b7fe730
Event: 0.826 Thread 0x0000017f19bfe610 DEOPT UNPACKING pc=0x0000017ec37a7da2 sp=0x000000652b7fe6e0 mode 2
Event: 0.833 Thread 0x0000017f193ef150 Uncommon trap: trap_request=0xffffff45 fr.pc=0x0000017ec3f0b8ec relative=0x000000000000006c
Event: 0.833 Thread 0x0000017f193ef150 Uncommon trap: reason=unstable_if action=reinterpret pc=0x0000017ec3f0b8ec method=java.lang.ref.ReferenceQueue.headIsNull()Z @ 4 c2
Event: 0.834 Thread 0x0000017f193ef150 DEOPT PACKING pc=0x0000017ec3f0b8ec sp=0x000000652b4fd770
Event: 0.834 Thread 0x0000017f193ef150 DEOPT UNPACKING pc=0x0000017ec37a7da2 sp=0x000000652b4fd698 mode 2

Classes loaded (20 events):
Event: 0.849 Loading class sun/awt/windows/WFontPeer
Event: 0.849 Loading class sun/awt/PlatformFont
Event: 0.849 Loading class java/awt/peer/FontPeer
Event: 0.849 Loading class java/awt/peer/FontPeer done
Event: 0.849 Loading class sun/awt/PlatformFont done
Event: 0.849 Loading class sun/awt/windows/WFontPeer done
Event: 0.849 Loading class sun/awt/NativeLibLoader
Event: 0.849 Loading class sun/awt/NativeLibLoader done
Event: 0.849 Loading class sun/awt/NativeLibLoader$1
Event: 0.849 Loading class sun/awt/NativeLibLoader$1 done
Event: 0.850 Loading class sun/awt/FontConfiguration$2
Event: 0.850 Loading class sun/awt/FontConfiguration$2 done
Event: 0.850 Loading class sun/awt/windows/WingDings
Event: 0.851 Loading class sun/awt/windows/WingDings done
Event: 0.851 Loading class sun/awt/windows/WingDings$Encoder
Event: 0.851 Loading class sun/awt/windows/WingDings$Encoder done
Event: 0.851 Loading class sun/awt/Symbol
Event: 0.851 Loading class sun/awt/Symbol done
Event: 0.851 Loading class sun/awt/Symbol$Encoder
Event: 0.851 Loading class sun/awt/Symbol$Encoder done

Classes unloaded (0 events):
No events

Classes redefined (0 events):
No events

Internal exceptions (20 events):
Event: 0.192 Thread 0x0000017eb3fbf510 Exception <a 'java/lang/ClassNotFoundException'{0x0000000712d8c4b0}: com/sun/swing/internal/plaf/metal/resources/spi/metalProvider> (0x0000000712d8c4b0) 
thrown [s\open\src\hotspot\share\classfile\systemDictionary.cpp, line 313]
Event: 0.193 Thread 0x0000017eb3fbf510 Exception <a 'java/lang/ClassNotFoundException'{0x0000000712d901b0}: com/sun/swing/internal/plaf/basic/resources/spi/basicProvider> (0x0000000712d901b0) 
thrown [s\open\src\hotspot\share\classfile\systemDictionary.cpp, line 313]
Event: 0.206 Thread 0x0000017eb3fbf510 Exception <a 'java/lang/NoSuchMethodError'{0x0000000712a25e00}: 'void java.lang.invoke.DirectMethodHandle$Holder.invokeStatic(java.lang.Object, java.lang.Object)'> (0x0000000712a25e00) 
thrown [s\open\src\hotspot\share\interpreter\linkResolver.cpp, line 774]
Event: 0.212 Thread 0x0000017eb3fbf510 Exception <a 'java/lang/NoSuchMethodError'{0x0000000712a5d318}: 'int java.lang.invoke.DirectMethodHandle$Holder.invokeStatic(java.lang.Object)'> (0x0000000712a5d318) 
thrown [s\open\src\hotspot\share\interpreter\linkResolver.cpp, line 774]
Event: 0.282 Thread 0x0000017f19bfe610 Exception <a 'java/lang/NoSuchMethodError'{0x000000071291abe0}: 'java.lang.Object java.lang.invoke.Invokers$Holder.invokeExact_MT(java.lang.Object, java.lang.Object, java.lang.Object, java.lang.Object, java.lang.Object, java.lang.Object)'> (0x000000071291abe0) 
thrown [s\open\src\hotspot\share\interpreter\linkResolver.cpp, line 774]
Event: 0.294 Thread 0x0000017f19bfe610 Exception <a 'java/lang/NoSuchMethodError'{0x0000000712621e88}: 'int java.lang.invoke.Invokers$Holder.invokeExact_MT(java.lang.Object, java.lang.Object)'> (0x0000000712621e88) 
thrown [s\open\src\hotspot\share\interpreter\linkResolver.cpp, line 774]
Event: 0.298 Thread 0x0000017f19bfe610 Exception <a 'sun/nio/fs/WindowsException'{0x0000000712644a58}> (0x0000000712644a58) 
thrown [s\open\src\hotspot\share\prims\jni.cpp, line 520]
Event: 0.323 Thread 0x0000017f19bfe610 Exception <a 'java/lang/NoSuchMethodError'{0x00000007126e66e0}: 'java.lang.Object java.lang.invoke.DirectMethodHandle$Holder.invokeVirtual(java.lang.Object, java.lang.Object, java.lang.Object, java.lang.Object)'> (0x00000007126e66e0) 
thrown [s\open\src\hotspot\share\interpreter\linkResolver.cpp, line 774]
Event: 0.384 Thread 0x0000017f19bfe610 Exception <a 'java/lang/ClassNotFoundException'{0x0000000712496b40}: java/lang/ObjectCustomizer> (0x0000000712496b40) 
thrown [s\open\src\hotspot\share\classfile\systemDictionary.cpp, line 313]
Event: 0.388 Thread 0x0000017f19bfe610 Exception <a 'java/lang/NoSuchMethodError'{0x000000071249daf0}: 'java.lang.Object java.lang.invoke.DirectMethodHandle$Holder.invokeInterface(java.lang.Object, java.lang.Object)'> (0x000000071249daf0) 
thrown [s\open\src\hotspot\share\interpreter\linkResolver.cpp, line 774]
Event: 0.389 Thread 0x0000017f19bfe610 Exception <a 'java/lang/IncompatibleClassChangeError'{0x00000007124a1018}: Found class java.lang.Object, but interface was expected> (0x00000007124a1018) 
thrown [s\open\src\hotspot\share\interpreter\linkResolver.cpp, line 841]
Event: 0.401 Thread 0x0000017f19bfe610 Exception <a 'java/lang/ClassNotFoundException'{0x00000007124df0a0}: net/miginfocom/layout/UnitValueCustomizer> (0x00000007124df0a0) 
thrown [s\open\src\hotspot\share\classfile\systemDictionary.cpp, line 313]
Event: 0.403 Thread 0x0000017f19bfe610 Exception <a 'java/lang/ClassNotFoundException'{0x00000007124f0c20}: java/lang/ObjectCustomizer> (0x00000007124f0c20) 
thrown [s\open\src\hotspot\share\classfile\systemDictionary.cpp, line 313]
Event: 0.403 Thread 0x0000017f19bfe610 Exception <a 'java/lang/ClassNotFoundException'{0x00000007124f61b8}: net/miginfocom/layout/BoundSizeCustomizer> (0x00000007124f61b8) 
thrown [s\open\src\hotspot\share\classfile\systemDictionary.cpp, line 313]
Event: 0.412 Thread 0x0000017f19bfe610 Exception <a 'java/lang/NoSuchMethodError'{0x0000000712533120}: 'void java.lang.invoke.DirectMethodHandle$Holder.invokeVirtual(java.lang.Object, java.lang.Object)'> (0x0000000712533120) 
thrown [s\open\src\hotspot\share\interpreter\linkResolver.cpp, line 774]
Event: 0.414 Thread 0x0000017f19bfe610 Exception <a 'java/lang/NoSuchMethodError'{0x0000000712541608}: 'int java.lang.invoke.DirectMethodHandle$Holder.invokeSpecial(java.lang.Object, java.lang.Object, java.lang.Object)'> (0x0000000712541608) 
thrown [s\open\src\hotspot\share\interpreter\linkResolver.cpp, line 774]
Event: 0.475 Thread 0x0000017f1a710b50 Implicit null exception at 0x0000017ec3f08a24 to 0x0000017ec3f09030
Event: 0.475 Thread 0x0000017f1a710b50 Implicit null exception at 0x0000017ec3f07e20 to 0x0000017ec3f08420
Event: 0.511 Thread 0x0000017f1a710b50 Exception <a 'java/lang/NoSuchMethodError'{0x0000000711e18cb0}: 'java.lang.Object java.lang.invoke.DirectMethodHandle$Holder.newInvokeSpecial(java.lang.Object, java.lang.Object, java.lang.Object, int, int, int, int, int)'> (0x0000000711e18cb0) 
thrown [s\open\src\hotspot\share\interpreter\linkResolver.cpp, line 774]
Event: 0.848 Thread 0x0000017f19bfe610 Exception <a 'java/lang/NoSuchMethodError'{0x00000007124f5780}: 'void java.lang.invoke.DirectMethodHandle$Holder.invokeStaticInit(java.lang.Object)'> (0x00000007124f5780) 
thrown [s\open\src\hotspot\share\interpreter\linkResolver.cpp, line 774]

ZGC Phase Switch (0 events):
No events

VM Operations (20 events):
Event: 0.280 Executing VM operation: HandshakeAllThreads (Deoptimize)
Event: 0.280 Executing VM operation: HandshakeAllThreads (Deoptimize) done
Event: 0.377 Executing VM operation: ICBufferFull
Event: 0.377 Executing VM operation: ICBufferFull done
Event: 0.396 Executing VM operation: HandshakeAllThreads (Deoptimize)
Event: 0.396 Executing VM operation: HandshakeAllThreads (Deoptimize) done
Event: 0.411 Executing VM operation: HandshakeAllThreads (Deoptimize)
Event: 0.411 Executing VM operation: HandshakeAllThreads (Deoptimize) done
Event: 0.420 Executing VM operation: HandshakeAllThreads (Deoptimize)
Event: 0.420 Executing VM operation: HandshakeAllThreads (Deoptimize) done
Event: 0.470 Executing VM operation: HandshakeAllThreads (Deoptimize)
Event: 0.470 Executing VM operation: HandshakeAllThreads (Deoptimize) done
Event: 0.497 Executing VM operation: ICBufferFull
Event: 0.497 Executing VM operation: ICBufferFull done
Event: 0.505 Executing VM operation: HandshakeAllThreads (Deoptimize)
Event: 0.505 Executing VM operation: HandshakeAllThreads (Deoptimize) done
Event: 0.660 Executing VM operation: G1CollectForAllocation (G1 Evacuation Pause)
Event: 0.674 Executing VM operation: G1CollectForAllocation (G1 Evacuation Pause) done
Event: 0.828 Executing VM operation: HandshakeAllThreads (Deoptimize)
Event: 0.828 Executing VM operation: HandshakeAllThreads (Deoptimize) done

Events (20 events):
Event: 0.030 Thread 0x0000017ed3afc4f0 Thread added: 0x0000017ed3afc4f0
Event: 0.030 Thread 0x0000017ed3afd7f0 Thread added: 0x0000017ed3afd7f0
Event: 0.030 Thread 0x0000017ed3b08670 Thread added: 0x0000017ed3b08670
Event: 0.030 Thread 0x0000017ed3b09530 Thread added: 0x0000017ed3b09530
Event: 0.030 Thread 0x0000017ed3b0b530 Thread added: 0x0000017ed3b0b530
Event: 0.048 Thread 0x0000017ed3ac9780 Thread added: 0x0000017ed3ac9780
Event: 0.053 Thread 0x0000017f19140640 Thread added: 0x0000017f19140640
Event: 0.068 Thread 0x0000017f19212f10 Thread added: 0x0000017f19212f10
Event: 0.072 Thread 0x0000017f19221dd0 Thread added: 0x0000017f19221dd0
Event: 0.128 Thread 0x0000017f193ec600 Thread added: 0x0000017f193ec600
Event: 0.129 Thread 0x0000017f193ed8a0 Thread added: 0x0000017f193ed8a0
Event: 0.130 Thread 0x0000017f193ef150 Thread added: 0x0000017f193ef150
Event: 0.233 Thread 0x0000017f196ea7a0 Thread added: 0x0000017f196ea7a0
Event: 0.234 Thread 0x0000017f19a444f0 Thread added: 0x0000017f19a444f0
Event: 0.273 Thread 0x0000017f19bfe610 Thread added: 0x0000017f19bfe610
Event: 0.273 Thread 0x0000017eb3fbf510 Thread exited: 0x0000017eb3fbf510
Event: 0.273 Thread 0x0000017eb3fbf510 Thread added: 0x0000017eb3fbf510
Event: 0.378 Thread 0x0000017f1a5bba10 Thread added: 0x0000017f1a5bba10
Event: 0.473 Thread 0x0000017f1a710b50 Thread added: 0x0000017f1a710b50
Event: 0.492 Thread 0x0000017f1a72d9b0 Thread added: 0x0000017f1a72d9b0


Dynamic libraries:
0x00007ff783a00000 - 0x00007ff783a10000 	C:\Program Files\Java\jdk-22\bin\java.exe
0x00007ffdb9090000 - 0x00007ffdb92a7000 	C:\WINDOWS\SYSTEM32\ntdll.dll
0x00007ffdb87f0000 - 0x00007ffdb88b4000 	C:\WINDOWS\System32\KERNEL32.DLL
0x00007ffdb6510000 - 0x00007ffdb68b7000 	C:\WINDOWS\System32\KERNELBASE.dll
0x00007ffdb68c0000 - 0x00007ffdb69d1000 	C:\WINDOWS\System32\ucrtbase.dll
0x00007ffd7c030000 - 0x00007ffd7c04b000 	C:\Program Files\Java\jdk-22\bin\VCRUNTIME140.dll
0x00007ffdacac0000 - 0x00007ffdacad7000 	C:\Program Files\Java\jdk-22\bin\jli.dll
0x00007ffdb86b0000 - 0x00007ffdb8762000 	C:\WINDOWS\System32\ADVAPI32.dll
0x00007ffdb7fc0000 - 0x00007ffdb8067000 	C:\WINDOWS\System32\msvcrt.dll
0x00007ffdb8190000 - 0x00007ffdb8238000 	C:\WINDOWS\System32\sechost.dll
0x00007ffdb6d90000 - 0x00007ffdb6db8000 	C:\WINDOWS\System32\bcrypt.dll
0x00007ffdb8070000 - 0x00007ffdb8185000 	C:\WINDOWS\System32\RPCRT4.dll
0x00007ffdb83a0000 - 0x00007ffdb854e000 	C:\WINDOWS\System32\USER32.dll
0x00007ffd9c4d0000 - 0x00007ffd9c763000 	C:\WINDOWS\WinSxS\amd64_microsoft.windows.common-controls_6595b64144ccf1df_6.0.22621.3527_none_270e469b73872a76\COMCTL32.dll
0x00007ffdb6ad0000 - 0x00007ffdb6af6000 	C:\WINDOWS\System32\win32u.dll
0x00007ffdb6dd0000 - 0x00007ffdb6df9000 	C:\WINDOWS\System32\GDI32.dll
0x00007ffdb6c70000 - 0x00007ffdb6d89000 	C:\WINDOWS\System32\gdi32full.dll
0x00007ffdb63b0000 - 0x00007ffdb644a000 	C:\WINDOWS\System32\msvcp_win.dll
0x00007ffdaabb0000 - 0x00007ffdaabba000 	C:\WINDOWS\SYSTEM32\VERSION.dll
0x00007ffdb88c0000 - 0x00007ffdb88f1000 	C:\WINDOWS\System32\IMM32.DLL
0x00007ffd81f30000 - 0x00007ffd81f3c000 	C:\Program Files\Java\jdk-22\bin\vcruntime140_1.dll
0x00007ffd172b0000 - 0x00007ffd1733e000 	C:\Program Files\Java\jdk-22\bin\msvcp140.dll
0x00007ffd0dbb0000 - 0x00007ffd0e8f8000 	C:\Program Files\Java\jdk-22\bin\server\jvm.dll
0x00007ffdb8d60000 - 0x00007ffdb8dd1000 	C:\WINDOWS\System32\WS2_32.dll
0x00007ffdb51f0000 - 0x00007ffdb523d000 	C:\WINDOWS\SYSTEM32\POWRPROF.dll
0x00007ffdac930000 - 0x00007ffdac964000 	C:\WINDOWS\SYSTEM32\WINMM.dll
0x00007ffdb51d0000 - 0x00007ffdb51e3000 	C:\WINDOWS\SYSTEM32\UMPDC.dll
0x00007ffdb5480000 - 0x00007ffdb5498000 	C:\WINDOWS\SYSTEM32\kernel.appcore.dll
0x00007ffd7c020000 - 0x00007ffd7c02a000 	C:\Program Files\Java\jdk-22\bin\jimage.dll
0x00007ffdb3c40000 - 0x00007ffdb3e72000 	C:\WINDOWS\SYSTEM32\DBGHELP.DLL
0x00007ffdb7c30000 - 0x00007ffdb7fb8000 	C:\WINDOWS\System32\combase.dll
0x00007ffdb8240000 - 0x00007ffdb8317000 	C:\WINDOWS\System32\OLEAUT32.dll
0x00007ffda96c0000 - 0x00007ffda96f2000 	C:\WINDOWS\SYSTEM32\dbgcore.DLL
0x00007ffdb6a50000 - 0x00007ffdb6ac9000 	C:\WINDOWS\System32\bcryptPrimitives.dll
0x00007ffd77f40000 - 0x00007ffd77f5e000 	C:\Program Files\Java\jdk-22\bin\java.dll
0x00007ffdb6eb0000 - 0x00007ffdb770c000 	C:\WINDOWS\System32\SHELL32.dll
0x00007ffdb8a90000 - 0x00007ffdb8c35000 	C:\WINDOWS\System32\ole32.dll
0x00007ffdb42b0000 - 0x00007ffdb4ba6000 	C:\WINDOWS\SYSTEM32\windows.storage.dll
0x00007ffdb4170000 - 0x00007ffdb42ae000 	C:\WINDOWS\SYSTEM32\wintypes.dll
0x00007ffdb8990000 - 0x00007ffdb8a85000 	C:\WINDOWS\System32\SHCORE.dll
0x00007ffdb8340000 - 0x00007ffdb839e000 	C:\WINDOWS\System32\shlwapi.dll
0x00007ffdb62e0000 - 0x00007ffdb6301000 	C:\WINDOWS\SYSTEM32\profapi.dll
0x00007ffd17340000 - 0x00007ffd17417000 	C:\Program Files\Java\jdk-22\bin\jsvml.dll
0x00007ffdacab0000 - 0x00007ffdacac0000 	C:\Program Files\Java\jdk-22\bin\net.dll
0x00007ffdb58f0000 - 0x00007ffdb5959000 	C:\WINDOWS\system32\mswsock.dll
0x00007ffdaca90000 - 0x00007ffdacaa6000 	C:\Program Files\Java\jdk-22\bin\nio.dll
0x00007ffd77120000 - 0x00007ffd77137000 	C:\Program Files\Java\jdk-22\bin\zip.dll
0x00007ffd16bb0000 - 0x00007ffd16d3e000 	C:\Program Files\Java\jdk-22\bin\awt.dll
0x00007ffdb0b10000 - 0x00007ffdb0ba7000 	C:\WINDOWS\SYSTEM32\apphelp.dll
0x00007ffdb0bd0000 - 0x00007ffdb0c7b000 	C:\WINDOWS\system32\uxtheme.dll
0x00007ffdb8550000 - 0x00007ffdb86a3000 	C:\WINDOWS\System32\MSCTF.dll
0x00007ffdb0dd0000 - 0x00007ffdb0dfb000 	C:\WINDOWS\system32\DWMAPI.DLL
0x00007ffd16e70000 - 0x00007ffd16ef7000 	C:\Program Files\Java\jdk-22\bin\freetype.dll
0x00007ffd12d70000 - 0x00007ffd12e47000 	C:\Program Files\Java\jdk-22\bin\fontmanager.dll
0x00007ffd78540000 - 0x00007ffd78640000 	C:\WINDOWS\system32\opengl32.dll
0x00007ffd78b60000 - 0x00007ffd78b8d000 	C:\WINDOWS\SYSTEM32\GLU32.dll
0x00007ffdb3500000 - 0x00007ffdb3539000 	C:\WINDOWS\SYSTEM32\dxcore.dll
0x00007ffdae660000 - 0x00007ffdae666000 	C:\Users\ACER\AppData\Local\Temp\flatlaf.temp\flatlaf-windows-x86_64-189961297497000.dll
0x00007ffdaca80000 - 0x00007ffdaca90000 	C:\Program Files\Java\jdk-22\bin\verify.dll
0x00007ffd77f80000 - 0x00007ffd77f87000 	C:\Program Files\Java\jdk-22\bin\jawt.dll

dbghelp: loaded successfully - version: 4.0.5 - missing functions: none
symbol engine: initialized successfully - sym options: 0x614 - pdb path: .;C:\Program Files\Java\jdk-22\bin;C:\WINDOWS\SYSTEM32;C:\WINDOWS\WinSxS\amd64_microsoft.windows.common-controls_6595b64144ccf1df_6.0.22621.3527_none_270e469b73872a76;C:\Program Files\Java\jdk-22\bin\server;C:\Users\ACER\AppData\Local\Temp\flatlaf.temp

VM Arguments:
jvm_args: -Dfile.encoding=UTF-8 --module-path=E:\IE003\UITravel\build\classes 
java_command: uitravel.UserSearch
java_class_path (initial): E:\IE003\UITravel\TimingFramework-0.55.jar;E:\IE003\UITravel\library\TimingFramework-0.55.jar;E:\IE003\UITravel\library\datechooser-swing-1.4.1.jar;E:\IE003\UITravel\library\flatlaf-3.4.1.jar;E:\IE003\UITravel\library\flatlaf-extras-3.4.1.jar;E:\IE003\UITravel\library\jsvg-1.4.0.jar;E:\IE003\UITravel\library\miglayout-4.0.jar;E:\IE003\UITravel\library\miglayout-core.jar;E:\IE003\UITravel\library\miglayout-swing.jar;E:\IE003\UITravel\library\svgSalamander-1.1.4.jar;E:\IE003\UITravel\library\swing-datetime-picker-1.2.0.jar;E:\IE003\UITravel\library\adyen-java-api-library-25.1.0.jar;C:\Program Files\NetBeans-21\netbeans\java\modules\ext\AbsoluteLayout.jar;E:\IE003\UITravel\build\classes
Launcher Type: SUN_STANDARD

[Global flags]
     intx CICompilerCount                          = 12                                        {product} {ergonomic}
     uint ConcGCThreads                            = 3                                         {product} {ergonomic}
     uint G1ConcRefinementThreads                  = 13                                        {product} {ergonomic}
   size_t G1HeapRegionSize                         = 2097152                                   {product} {ergonomic}
   size_t InitialHeapSize                          = 266338304                                 {product} {ergonomic}
   size_t MarkStackSize                            = 4194304                                   {product} {ergonomic}
   size_t MaxHeapSize                              = 4238344192                                {product} {ergonomic}
   size_t MaxNewSize                               = 2541748224                                {product} {ergonomic}
   size_t MinHeapDeltaBytes                        = 2097152                                   {product} {ergonomic}
   size_t MinHeapSize                              = 8388608                                   {product} {ergonomic}
    uintx NonNMethodCodeHeapSize                   = 7602480                                {pd product} {ergonomic}
    uintx NonProfiledCodeHeapSize                  = 122027880                              {pd product} {ergonomic}
    uintx ProfiledCodeHeapSize                     = 122027880                              {pd product} {ergonomic}
    uintx ReservedCodeCacheSize                    = 251658240                              {pd product} {ergonomic}
     bool SegmentedCodeCache                       = true                                      {product} {ergonomic}
   size_t SoftMaxHeapSize                          = 4238344192                             {manageable} {ergonomic}
     bool UseCompressedOops                        = true                           {product lp64_product} {ergonomic}
     bool UseG1GC                                  = true                                      {product} {ergonomic}
     bool UseLargePagesIndividualAllocation        = false                                  {pd product} {ergonomic}

Logging:
Log output configuration:
 #0: stdout all=warning uptime,level,tags foldmultilines=false
 #1: stderr all=off uptime,level,tags foldmultilines=false

Environment Variables:
JAVA_HOME=C:\Program Files\Java\jdk-22
PATH=C:\Program Files\Eclipse Adoptium\jdk-21.0.3.9-hotspot\bin;C:\Program Files\Common Files\Oracle\Java\javapath;C:\Program Files (x86)\Common Files\Oracle\Java\javapath;C:\Program Files\Eclipse Adoptium\jdk-21.0.2.13-hotspot\bin;C:\Program Files (x86)\Common Files\Intel\Shared Libraries\redist\intel64\compiler;C:\Program Files (x86)\Common Files\Intel\Shared Libraries\redist\ia32\compiler;C:\Windows\system32;C:\Windows;C:\Windows\System32\Wbem;C:\Windows\System32\WindowsPowerShell\v1.0\;C:\Windows\System32\OpenSSH\;C:\Program Files (x86)\NVIDIA Corporation\PhysX\Common;C:\Program Files\NVIDIA Corporation\NVIDIA NvDLISR;C:\Program Files (x86)\mingw-w64\i686-8.1.0-posix-dwarf-rt_v6-rev0\mingw32\bin;C:\WINDOWS\system32;C:\WINDOWS;C:\WINDOWS\System32\Wbem;C:\WINDOWS\System32\WindowsPowerShell\v1.0\;C:\WINDOWS\System32\OpenSSH\;C:\Program Files\Microsoft SQL Server\Client SDK\ODBC\170\Tools\Binn\;C:\Program Files (x86)\Microsoft SQL Server\150\Tools\Binn\;C:\Program Files\Microsoft SQL Server\150\Tools\Binn\;C:\Program Files\Microsoft SQL Server\150\DTS\Binn\;C:\Program Files (x86)\Microsoft SQL Server\150\DTS\Binn\;C:\Program Files\CMake\bin;C:\Program Files\Docker\Docker\resources\bin;C:\Program Files\dotnet\;C:\Program Files\nodejs\;C:\Program Files\Git\cmd;C:\Program Files\Cloudflare\Cloudflare WARP\;C:\Users\ACER\AppData\Local\Programs\Python\Python310\Scripts\;C:\Users\ACER\AppData\Local\Programs\Python\Python310\;C:\Users\ACER\AppData\Local\Microsoft\WindowsApps;C:\Users\ACER\AppData\Local\Programs\Microsoft VS Code\bin;C:\Program Files\Azure Data Studio\bin;C:\Users\ACER\AppData\Local\GitHubDesktop\bin;E:\Barebone\Compiler\win_flex_bison-2.5.4;C:\Users\ACER\AppData\Roaming\Microsoft\Windows\Start Menu\Programs\Python 3.10;C:\Users\ACER\.dotnet\tools;C:\Users\ACER\AppData\Roaming\npm;C:\Program Files (x86)\GnuWin32\bin;E:\nlp;E:\nlp\access;C:\Users\ACER\AppData\Local\Android\Sdk\emulator;C:\Users\ACER\AppData\Local\Android\android-sdk;C:\Users\ACER\AppData\Local\Android\Sdk\platform-tools;C:\Users\ACER\AppData\Local\Android\Sdk;C:\Users\ACER\AppData\Local\Android\android-sdk;C:\Program Files\Java\jdk-22\bin;C:\Program Files\Java\jre-1.8\bin;
USERNAME=ACER
OS=Windows_NT
PROCESSOR_IDENTIFIER=Intel64 Family 6 Model 141 Stepping 1, GenuineIntel
TMP=C:\Users\ACER\AppData\Local\Temp
TEMP=C:\Users\ACER\AppData\Local\Temp




Periodic native trim disabled

---------------  S Y S T E M  ---------------

OS:
 Windows 11 , 64 bit Build 22621 (10.0.22621.3527)
OS uptime: 0 days 5:16 hours
Hyper-V role detected

CPU: total 16 (initial active 16) (8 cores per cpu, 2 threads per core) family 6 model 141 stepping 1 microcode 0x3c, cx8, cmov, fxsr, ht, mmx, 3dnowpref, sse, sse2, sse3, ssse3, sse4.1, sse4.2, popcnt, lzcnt, tsc, tscinvbit, avx, avx2, aes, erms, clmul, bmi1, bmi2, adx, avx512f, avx512dq, avx512cd, avx512bw, avx512vl, sha, fma, vzeroupper, avx512_vpopcntdq, avx512_vpclmulqdq, avx512_vaes, avx512_vnni, clflush, clflushopt, clwb, avx512_vbmi2, avx512_vbmi, hv, rdtscp, rdpid, fsrm, gfni, avx512_bitalg, f16c, cet_ibt, cet_ss, avx512_ifma
Processor Information for all 16 processors :
  Max Mhz: 2304, Current Mhz: 2304, Mhz Limit: 2304

Memory: 4k page, system-wide physical 16163M (3482M free)
TotalPageFile size 18211M (AvailPageFile size 3M)
current process WorkingSet (physical memory assigned to process): 142M, peak: 142M
current process commit charge ("private bytes"): 403M, peak: 403M

vm_info: Java HotSpot(TM) 64-Bit Server VM (22+36-2370) for windows-amd64 JRE (22+36-2370), built on 2024-02-15T22:15:19Z by "mach5one" with MS VC++ 17.6 (VS2022)

END.
