#
# There is insufficient memory for the Java Runtime Environment to continue.
# Native memory allocation (malloc) failed to allocate 1281472 bytes. Error detail: Chunk::new
# Possible reasons:
#   The system is out of physical RAM or swap space
#   This process is running with CompressedOops enabled, and the Java Heap may be blocking the growth of the native heap
# Possible solutions:
#   Reduce memory load on the system
#   Increase physical memory or swap space
#   Check if swap backing store is full
#   Decrease Java heap size (-Xmx/-Xms)
#   Decrease number of Java threads
#   Decrease Java thread stack sizes (-Xss)
#   Set larger code cache with -XX:ReservedCodeCacheSize=
#   JVM is running with Zero Based Compressed Oops mode in which the Java heap is
#     placed in the first 32GB address space. The Java Heap base address is the
#     maximum limit for the native heap growth. Please use -XX:HeapBaseMinAddress
#     to set the Java Heap base and to place the Java Heap above 32GB virtual address.
# This output file may be truncated or incomplete.
#
#  Out of Memory Error (arena.cpp:150), pid=21660, tid=16184
#
# JRE version: Java(TM) SE Runtime Environment (22.0+36) (build 22+36-2370)
# Java VM: Java HotSpot(TM) 64-Bit Server VM (22+36-2370, mixed mode, sharing, tiered, compressed oops, compressed class ptrs, g1 gc, windows-amd64)
# No core dump will be written. Minidumps are not enabled by default on client versions of Windows
#

---------------  S U M M A R Y ------------

Command Line: -Dfile.encoding=UTF-8 --module-path=E:\IE003\UITravel\build\classes uitravel.test

Host: 11th Gen Intel(R) Core(TM) i7-11800H @ 2.30GHz, 16 cores, 15G,  Windows 11 , 64 bit Build 22621 (10.0.22621.3527)
Time: Wed May 29 21:41:54 2024 SE Asia Standard Time elapsed time: 1.979168 seconds (0d 0h 0m 1s)

---------------  T H R E A D  ---------------

Current thread (0x00000295c6bb8a90):  JavaThread "C2 CompilerThread1" daemon [_thread_in_native, id=16184, stack(0x000000a370100000,0x000000a370200000) (1024K)]


Current CompileTask:
C2:1979 2095 %     4       sun.java2d.marlin.Renderer::_endRendering @ 1815 (2646 bytes)

Stack: [0x000000a370100000,0x000000a370200000]
Native frames: (J=compiled Java code, j=interpreted, Vv=VM code, C=native code)
V  [jvm.dll+0x6e2349]  (no source info available)
V  [jvm.dll+0x874ed3]  (no source info available)
V  [jvm.dll+0x8772fe]  (no source info available)
V  [jvm.dll+0x8779d3]  (no source info available)
V  [jvm.dll+0x27fcb6]  (no source info available)
V  [jvm.dll+0xc3d0f]  (no source info available)
V  [jvm.dll+0xc3f6b]  (no source info available)
V  [jvm.dll+0x3bb05c]  (no source info available)
V  [jvm.dll+0x1df86e]  (no source info available)
V  [jvm.dll+0x247a4c]  (no source info available)
V  [jvm.dll+0x246faf]  (no source info available)
V  [jvm.dll+0x1c4e90]  (no source info available)
V  [jvm.dll+0x25699e]  (no source info available)
V  [jvm.dll+0x254c5a]  (no source info available)
V  [jvm.dll+0x3f5426]  (no source info available)
V  [jvm.dll+0x81d50b]  (no source info available)
V  [jvm.dll+0x6e09e5]  (no source info available)
C  [ucrtbase.dll+0x29333]  (no source info available)
C  [KERNEL32.DLL+0x1257d]  (no source info available)
C  [ntdll.dll+0x5aa48]  (no source info available)


---------------  P R O C E S S  ---------------

Threads class SMR info:
_java_thread_list=0x00000295c6b538f0, length=22, elements={
0x00000295eb549230, 0x00000295eb54a040, 0x00000295eb54be30, 0x00000295eb54d2d0,
0x00000295eb54f280, 0x00000295eb5500f0, 0x00000295eb55b9e0, 0x00000295eb55d9e0,
0x00000295eb51b7f0, 0x00000295c526a7a0, 0x00000295c526ee70, 0x00000295c536fdd0,
0x00000295c5536da0, 0x00000295c5541160, 0x00000295c55421f0, 0x00000295c6942b90,
0x00000295ca429430, 0x00000295c5b17a60, 0x00000295c5b1ab50, 0x00000295c6a29aa0,
0x00000295c6bb8a90, 0x00000295c6a48710
}

Java Threads: ( => current thread )
  0x00000295eb549230 JavaThread "Reference Handler"          daemon [_thread_blocked, id=20164, stack(0x000000a36f600000,0x000000a36f700000) (1024K)]
  0x00000295eb54a040 JavaThread "Finalizer"                  daemon [_thread_blocked, id=25588, stack(0x000000a36f700000,0x000000a36f800000) (1024K)]
  0x00000295eb54be30 JavaThread "Signal Dispatcher"          daemon [_thread_blocked, id=8580, stack(0x000000a36f800000,0x000000a36f900000) (1024K)]
  0x00000295eb54d2d0 JavaThread "Attach Listener"            daemon [_thread_blocked, id=25120, stack(0x000000a36f900000,0x000000a36fa00000) (1024K)]
  0x00000295eb54f280 JavaThread "Service Thread"             daemon [_thread_blocked, id=26620, stack(0x000000a36fa00000,0x000000a36fb00000) (1024K)]
  0x00000295eb5500f0 JavaThread "Monitor Deflation Thread"   daemon [_thread_blocked, id=19712, stack(0x000000a36fb00000,0x000000a36fc00000) (1024K)]
  0x00000295eb55b9e0 JavaThread "C2 CompilerThread0"         daemon [_thread_blocked, id=17636, stack(0x000000a36fc00000,0x000000a36fd00000) (1024K)]
  0x00000295eb55d9e0 JavaThread "C1 CompilerThread0"         daemon [_thread_blocked, id=14652, stack(0x000000a36fd00000,0x000000a36fe00000) (1024K)]
  0x00000295eb51b7f0 JavaThread "Common-Cleaner"             daemon [_thread_blocked, id=19208, stack(0x000000a36fe00000,0x000000a36ff00000) (1024K)]
  0x00000295c526a7a0 JavaThread "C1 CompilerThread1"         daemon [_thread_blocked, id=26348, stack(0x000000a36ff00000,0x000000a370000000) (1024K)]
  0x00000295c526ee70 JavaThread "C1 CompilerThread2"         daemon [_thread_blocked, id=23824, stack(0x000000a370000000,0x000000a370100000) (1024K)]
  0x00000295c536fdd0 JavaThread "Notification Thread"        daemon [_thread_blocked, id=26100, stack(0x000000a370200000,0x000000a370300000) (1024K)]
  0x00000295c5536da0 JavaThread "Java2D Disposer"            daemon [_thread_blocked, id=8440, stack(0x000000a370300000,0x000000a370400000) (1024K)]
  0x00000295c5541160 JavaThread "AWT-Shutdown"                      [_thread_blocked, id=27416, stack(0x000000a370400000,0x000000a370500000) (1024K)]
  0x00000295c55421f0 JavaThread "AWT-Windows"                daemon [_thread_in_native, id=21344, stack(0x000000a370500000,0x000000a370600000) (1024K)]
  0x00000295c6942b90 JavaThread "AWT-EventQueue-0"                  [_thread_in_Java, id=24928, stack(0x000000a370700000,0x000000a370800000) (1024K)]
  0x00000295ca429430 JavaThread "DestroyJavaVM"                     [_thread_blocked, id=21068, stack(0x000000a36ee00000,0x000000a36ef00000) (1024K)]
  0x00000295c5b17a60 JavaThread "TimerQueue"                 daemon [_thread_blocked, id=5916, stack(0x000000a370800000,0x000000a370900000) (1024K)]
  0x00000295c5b1ab50 JavaThread "Image Fetcher 0"            daemon [_thread_blocked, id=10512, stack(0x000000a370900000,0x000000a370a00000) (1024K)]
  0x00000295c6a29aa0 JavaThread "C1 CompilerThread3"         daemon [_thread_blocked, id=13696, stack(0x000000a370a00000,0x000000a370b00000) (1024K)]
=>0x00000295c6bb8a90 JavaThread "C2 CompilerThread1"         daemon [_thread_in_native, id=16184, stack(0x000000a370100000,0x000000a370200000) (1024K)]
  0x00000295c6a48710 JavaThread "C2 CompilerThread2"         daemon [_thread_blocked, id=2532, stack(0x000000a370600000,0x000000a370700000) (1024K)]
Total: 22

Other Threads:
  0x00000295eb534800 VMThread "VM Thread"                           [id=20188, stack(0x000000a36f500000,0x000000a36f600000) (1024K)]
  0x00000295eb51abb0 WatcherThread "VM Periodic Task Thread"        [id=12856, stack(0x000000a36f400000,0x000000a36f500000) (1024K)]
  0x00000295ca703260 WorkerThread "GC Thread#0"                     [id=25760, stack(0x000000a36ef00000,0x000000a36f000000) (1024K)]
  0x00000295c6cdd9d0 WorkerThread "GC Thread#1"                     [id=21884, stack(0x000000a370e00000,0x000000a370f00000) (1024K)]
  0x00000295c6cddd80 WorkerThread "GC Thread#2"                     [id=26496, stack(0x000000a370f00000,0x000000a371000000) (1024K)]
  0x00000295c6ca4730 WorkerThread "GC Thread#3"                     [id=26168, stack(0x000000a371000000,0x000000a371100000) (1024K)]
  0x00000295c6f252b0 WorkerThread "GC Thread#4"                     [id=27456, stack(0x000000a371100000,0x000000a371200000) (1024K)]
  0x00000295c6f35670 WorkerThread "GC Thread#5"                     [id=10624, stack(0x000000a371200000,0x000000a371300000) (1024K)]
  0x00000295c6b3a740 WorkerThread "GC Thread#6"                     [id=25408, stack(0x000000a371300000,0x000000a371400000) (1024K)]
  0x00000295c7436ad0 WorkerThread "GC Thread#7"                     [id=9924, stack(0x000000a371400000,0x000000a371500000) (1024K)]
  0x00000295c7436e80 WorkerThread "GC Thread#8"                     [id=5616, stack(0x000000a371500000,0x000000a371600000) (1024K)]
  0x00000295c7437230 WorkerThread "GC Thread#9"                     [id=23384, stack(0x000000a371600000,0x000000a371700000) (1024K)]
  0x00000295c74379f0 WorkerThread "GC Thread#10"                    [id=22112, stack(0x000000a371700000,0x000000a371800000) (1024K)]
  0x00000295c7438960 WorkerThread "GC Thread#11"                    [id=5064, stack(0x000000a371800000,0x000000a371900000) (1024K)]
  0x00000295c7438200 WorkerThread "GC Thread#12"                    [id=10540, stack(0x000000a371900000,0x000000a371a00000) (1024K)]
  0x00000295ca715680 ConcurrentGCThread "G1 Main Marker"            [id=18152, stack(0x000000a36f000000,0x000000a36f100000) (1024K)]
  0x00000295ca716240 WorkerThread "G1 Conc#0"                       [id=23952, stack(0x000000a36f100000,0x000000a36f200000) (1024K)]
  0x00000295eb3ee430 ConcurrentGCThread "G1 Refine#0"               [id=14972, stack(0x000000a36f200000,0x000000a36f300000) (1024K)]
  0x00000295eb3eec60 ConcurrentGCThread "G1 Service"                [id=7176, stack(0x000000a36f300000,0x000000a36f400000) (1024K)]
Total: 19

Threads with active compile tasks:
C2 CompilerThread1  2010 2095 %     4       sun.java2d.marlin.Renderer::_endRendering @ 1815 (2646 bytes)
Total: 1

VM state: not at safepoint (normal execution)

VM Mutex/Monitor currently owned by a thread: None

Heap address: 0x0000000703600000, size: 4042 MB, Compressed Oops mode: Zero based, Oop shift amount: 3

CDS archive(s) mapped at: [0x0000029580000000-0x0000029580c60000-0x0000029580c60000), size 12976128, SharedBaseAddress: 0x0000029580000000, ArchiveRelocationMode: 1.
Compressed class space mapped at: 0x0000029581000000-0x00000295c1000000, reserved size: 1073741824
Narrow klass base: 0x0000029580000000, Narrow klass shift: 0, Narrow klass range: 0x41000000

GC Precious Log:
 CardTable entry size: 512
 Card Set container configuration: InlinePtr #cards 4 size 8 Array Of Cards #cards 16 size 48 Howl #buckets 8 coarsen threshold 3686 Howl Bitmap #cards 512 size 80 coarsen threshold 460 Card regions per heap region 1 cards per card region 4096
 CPUs: 16 total, 16 available
 Memory: 16163M
 Large Page Support: Disabled
 NUMA Support: Disabled
 Compressed Oops: Enabled (Zero based)
 Heap Region Size: 2M
 Heap Min Capacity: 8M
 Heap Initial Capacity: 254M
 Heap Max Capacity: 4042M
 Pre-touch: Disabled
 Parallel Workers: 13
 Concurrent Workers: 3
 Concurrent Refinement Workers: 13
 Periodic GC: Disabled

Heap:
 garbage-first heap   total reserved 4139008K, committed 260096K, used 17267K [0x0000000703600000, 0x0000000800000000)
  region size 2048K, 3 young (6144K), 2 survivors (4096K)
 Metaspace       used 13705K, committed 13952K, reserved 1114112K
  class space    used 1542K, committed 1664K, reserved 1048576K

Heap Regions: E=young(eden), S=young(survivor), O=old, HS=humongous(starts), HC=humongous(continues), CS=collection set, F=free, TAMS=top-at-mark-start, PB=parsable bottom
|   0|0x0000000703600000, 0x0000000703800000, 0x0000000703800000|100%|HS|  |TAMS 0x0000000703600000| PB 0x0000000703600000| Complete |  0
|   1|0x0000000703800000, 0x0000000703a00000, 0x0000000703a00000|100%|HC|  |TAMS 0x0000000703800000| PB 0x0000000703800000| Complete |  0
|   2|0x0000000703a00000, 0x0000000703c00000, 0x0000000703c00000|100%|HS|  |TAMS 0x0000000703a00000| PB 0x0000000703a00000| Complete |  0
|   3|0x0000000703c00000, 0x0000000703e00000, 0x0000000703e00000|100%|HC|  |TAMS 0x0000000703c00000| PB 0x0000000703c00000| Complete |  0
|   4|0x0000000703e00000, 0x0000000704000000, 0x0000000704000000|100%|HC|  |TAMS 0x0000000703e00000| PB 0x0000000703e00000| Complete |  0
|   5|0x0000000704000000, 0x0000000704200000, 0x0000000704200000|100%|HC|  |TAMS 0x0000000704000000| PB 0x0000000704000000| Complete |  0
|   6|0x0000000704200000, 0x00000007042dcef0, 0x0000000704400000| 43%| O|  |TAMS 0x0000000704200000| PB 0x0000000704200000| Untracked |  0
|   7|0x0000000704400000, 0x0000000704400000, 0x0000000704600000|  0%| F|  |TAMS 0x0000000704400000| PB 0x0000000704400000| Untracked |  0
|   8|0x0000000704600000, 0x0000000704600000, 0x0000000704800000|  0%| F|  |TAMS 0x0000000704600000| PB 0x0000000704600000| Untracked |  0
|   9|0x0000000704800000, 0x0000000704800000, 0x0000000704a00000|  0%| F|  |TAMS 0x0000000704800000| PB 0x0000000704800000| Untracked |  0
|  10|0x0000000704a00000, 0x0000000704a00000, 0x0000000704c00000|  0%| F|  |TAMS 0x0000000704a00000| PB 0x0000000704a00000| Untracked |  0
|  11|0x0000000704c00000, 0x0000000704c00000, 0x0000000704e00000|  0%| F|  |TAMS 0x0000000704c00000| PB 0x0000000704c00000| Untracked |  0
|  12|0x0000000704e00000, 0x0000000704e00000, 0x0000000705000000|  0%| F|  |TAMS 0x0000000704e00000| PB 0x0000000704e00000| Untracked |  0
|  13|0x0000000705000000, 0x0000000705000000, 0x0000000705200000|  0%| F|  |TAMS 0x0000000705000000| PB 0x0000000705000000| Untracked |  0
|  14|0x0000000705200000, 0x0000000705200000, 0x0000000705400000|  0%| F|  |TAMS 0x0000000705200000| PB 0x0000000705200000| Untracked |  0
|  15|0x0000000705400000, 0x0000000705400000, 0x0000000705600000|  0%| F|  |TAMS 0x0000000705400000| PB 0x0000000705400000| Untracked |  0
|  16|0x0000000705600000, 0x0000000705600000, 0x0000000705800000|  0%| F|  |TAMS 0x0000000705600000| PB 0x0000000705600000| Untracked |  0
|  17|0x0000000705800000, 0x0000000705800000, 0x0000000705a00000|  0%| F|  |TAMS 0x0000000705800000| PB 0x0000000705800000| Untracked |  0
|  18|0x0000000705a00000, 0x0000000705a00000, 0x0000000705c00000|  0%| F|  |TAMS 0x0000000705a00000| PB 0x0000000705a00000| Untracked |  0
|  19|0x0000000705c00000, 0x0000000705c00000, 0x0000000705e00000|  0%| F|  |TAMS 0x0000000705c00000| PB 0x0000000705c00000| Untracked |  0
|  20|0x0000000705e00000, 0x0000000705e00000, 0x0000000706000000|  0%| F|  |TAMS 0x0000000705e00000| PB 0x0000000705e00000| Untracked |  0
|  21|0x0000000706000000, 0x0000000706000000, 0x0000000706200000|  0%| F|  |TAMS 0x0000000706000000| PB 0x0000000706000000| Untracked |  0
|  22|0x0000000706200000, 0x0000000706200000, 0x0000000706400000|  0%| F|  |TAMS 0x0000000706200000| PB 0x0000000706200000| Untracked |  0
|  23|0x0000000706400000, 0x0000000706400000, 0x0000000706600000|  0%| F|  |TAMS 0x0000000706400000| PB 0x0000000706400000| Untracked |  0
|  24|0x0000000706600000, 0x0000000706600000, 0x0000000706800000|  0%| F|  |TAMS 0x0000000706600000| PB 0x0000000706600000| Untracked |  0
|  25|0x0000000706800000, 0x0000000706800000, 0x0000000706a00000|  0%| F|  |TAMS 0x0000000706800000| PB 0x0000000706800000| Untracked |  0
|  26|0x0000000706a00000, 0x0000000706a00000, 0x0000000706c00000|  0%| F|  |TAMS 0x0000000706a00000| PB 0x0000000706a00000| Untracked |  0
|  27|0x0000000706c00000, 0x0000000706c00000, 0x0000000706e00000|  0%| F|  |TAMS 0x0000000706c00000| PB 0x0000000706c00000| Untracked |  0
|  28|0x0000000706e00000, 0x0000000706e00000, 0x0000000707000000|  0%| F|  |TAMS 0x0000000706e00000| PB 0x0000000706e00000| Untracked |  0
|  29|0x0000000707000000, 0x0000000707000000, 0x0000000707200000|  0%| F|  |TAMS 0x0000000707000000| PB 0x0000000707000000| Untracked |  0
|  30|0x0000000707200000, 0x0000000707200000, 0x0000000707400000|  0%| F|  |TAMS 0x0000000707200000| PB 0x0000000707200000| Untracked |  0
|  31|0x0000000707400000, 0x0000000707400000, 0x0000000707600000|  0%| F|  |TAMS 0x0000000707400000| PB 0x0000000707400000| Untracked |  0
|  32|0x0000000707600000, 0x0000000707600000, 0x0000000707800000|  0%| F|  |TAMS 0x0000000707600000| PB 0x0000000707600000| Untracked |  0
|  33|0x0000000707800000, 0x0000000707800000, 0x0000000707a00000|  0%| F|  |TAMS 0x0000000707800000| PB 0x0000000707800000| Untracked |  0
|  34|0x0000000707a00000, 0x0000000707a00000, 0x0000000707c00000|  0%| F|  |TAMS 0x0000000707a00000| PB 0x0000000707a00000| Untracked |  0
|  35|0x0000000707c00000, 0x0000000707c00000, 0x0000000707e00000|  0%| F|  |TAMS 0x0000000707c00000| PB 0x0000000707c00000| Untracked |  0
|  36|0x0000000707e00000, 0x0000000707e00000, 0x0000000708000000|  0%| F|  |TAMS 0x0000000707e00000| PB 0x0000000707e00000| Untracked |  0
|  37|0x0000000708000000, 0x0000000708000000, 0x0000000708200000|  0%| F|  |TAMS 0x0000000708000000| PB 0x0000000708000000| Untracked |  0
|  38|0x0000000708200000, 0x0000000708200000, 0x0000000708400000|  0%| F|  |TAMS 0x0000000708200000| PB 0x0000000708200000| Untracked |  0
|  39|0x0000000708400000, 0x0000000708400000, 0x0000000708600000|  0%| F|  |TAMS 0x0000000708400000| PB 0x0000000708400000| Untracked |  0
|  40|0x0000000708600000, 0x0000000708600000, 0x0000000708800000|  0%| F|  |TAMS 0x0000000708600000| PB 0x0000000708600000| Untracked |  0
|  41|0x0000000708800000, 0x0000000708800000, 0x0000000708a00000|  0%| F|  |TAMS 0x0000000708800000| PB 0x0000000708800000| Untracked |  0
|  42|0x0000000708a00000, 0x0000000708a00000, 0x0000000708c00000|  0%| F|  |TAMS 0x0000000708a00000| PB 0x0000000708a00000| Untracked |  0
|  43|0x0000000708c00000, 0x0000000708c00000, 0x0000000708e00000|  0%| F|  |TAMS 0x0000000708c00000| PB 0x0000000708c00000| Untracked |  0
|  44|0x0000000708e00000, 0x0000000708e00000, 0x0000000709000000|  0%| F|  |TAMS 0x0000000708e00000| PB 0x0000000708e00000| Untracked |  0
|  45|0x0000000709000000, 0x0000000709000000, 0x0000000709200000|  0%| F|  |TAMS 0x0000000709000000| PB 0x0000000709000000| Untracked |  0
|  46|0x0000000709200000, 0x0000000709200000, 0x0000000709400000|  0%| F|  |TAMS 0x0000000709200000| PB 0x0000000709200000| Untracked |  0
|  47|0x0000000709400000, 0x0000000709400000, 0x0000000709600000|  0%| F|  |TAMS 0x0000000709400000| PB 0x0000000709400000| Untracked |  0
|  48|0x0000000709600000, 0x0000000709600000, 0x0000000709800000|  0%| F|  |TAMS 0x0000000709600000| PB 0x0000000709600000| Untracked |  0
|  49|0x0000000709800000, 0x0000000709800000, 0x0000000709a00000|  0%| F|  |TAMS 0x0000000709800000| PB 0x0000000709800000| Untracked |  0
|  50|0x0000000709a00000, 0x0000000709a00000, 0x0000000709c00000|  0%| F|  |TAMS 0x0000000709a00000| PB 0x0000000709a00000| Untracked |  0
|  51|0x0000000709c00000, 0x0000000709c00000, 0x0000000709e00000|  0%| F|  |TAMS 0x0000000709c00000| PB 0x0000000709c00000| Untracked |  0
|  52|0x0000000709e00000, 0x0000000709e00000, 0x000000070a000000|  0%| F|  |TAMS 0x0000000709e00000| PB 0x0000000709e00000| Untracked |  0
|  53|0x000000070a000000, 0x000000070a000000, 0x000000070a200000|  0%| F|  |TAMS 0x000000070a000000| PB 0x000000070a000000| Untracked |  0
|  54|0x000000070a200000, 0x000000070a200000, 0x000000070a400000|  0%| F|  |TAMS 0x000000070a200000| PB 0x000000070a200000| Untracked |  0
|  55|0x000000070a400000, 0x000000070a400000, 0x000000070a600000|  0%| F|  |TAMS 0x000000070a400000| PB 0x000000070a400000| Untracked |  0
|  56|0x000000070a600000, 0x000000070a600000, 0x000000070a800000|  0%| F|  |TAMS 0x000000070a600000| PB 0x000000070a600000| Untracked |  0
|  57|0x000000070a800000, 0x000000070a800000, 0x000000070aa00000|  0%| F|  |TAMS 0x000000070a800000| PB 0x000000070a800000| Untracked |  0
|  58|0x000000070aa00000, 0x000000070aa00000, 0x000000070ac00000|  0%| F|  |TAMS 0x000000070aa00000| PB 0x000000070aa00000| Untracked |  0
|  59|0x000000070ac00000, 0x000000070ac00000, 0x000000070ae00000|  0%| F|  |TAMS 0x000000070ac00000| PB 0x000000070ac00000| Untracked |  0
|  60|0x000000070ae00000, 0x000000070ae00000, 0x000000070b000000|  0%| F|  |TAMS 0x000000070ae00000| PB 0x000000070ae00000| Untracked |  0
|  61|0x000000070b000000, 0x000000070b000000, 0x000000070b200000|  0%| F|  |TAMS 0x000000070b000000| PB 0x000000070b000000| Untracked |  0
|  62|0x000000070b200000, 0x000000070b200000, 0x000000070b400000|  0%| F|  |TAMS 0x000000070b200000| PB 0x000000070b200000| Untracked |  0
|  63|0x000000070b400000, 0x000000070b400000, 0x000000070b600000|  0%| F|  |TAMS 0x000000070b400000| PB 0x000000070b400000| Untracked |  0
|  64|0x000000070b600000, 0x000000070b600000, 0x000000070b800000|  0%| F|  |TAMS 0x000000070b600000| PB 0x000000070b600000| Untracked |  0
|  65|0x000000070b800000, 0x000000070b800000, 0x000000070ba00000|  0%| F|  |TAMS 0x000000070b800000| PB 0x000000070b800000| Untracked |  0
|  66|0x000000070ba00000, 0x000000070ba00000, 0x000000070bc00000|  0%| F|  |TAMS 0x000000070ba00000| PB 0x000000070ba00000| Untracked |  0
|  67|0x000000070bc00000, 0x000000070bc00000, 0x000000070be00000|  0%| F|  |TAMS 0x000000070bc00000| PB 0x000000070bc00000| Untracked |  0
|  68|0x000000070be00000, 0x000000070be00000, 0x000000070c000000|  0%| F|  |TAMS 0x000000070be00000| PB 0x000000070be00000| Untracked |  0
|  69|0x000000070c000000, 0x000000070c000000, 0x000000070c200000|  0%| F|  |TAMS 0x000000070c000000| PB 0x000000070c000000| Untracked |  0
|  70|0x000000070c200000, 0x000000070c200000, 0x000000070c400000|  0%| F|  |TAMS 0x000000070c200000| PB 0x000000070c200000| Untracked |  0
|  71|0x000000070c400000, 0x000000070c400000, 0x000000070c600000|  0%| F|  |TAMS 0x000000070c400000| PB 0x000000070c400000| Untracked |  0
|  72|0x000000070c600000, 0x000000070c600000, 0x000000070c800000|  0%| F|  |TAMS 0x000000070c600000| PB 0x000000070c600000| Untracked |  0
|  73|0x000000070c800000, 0x000000070c800000, 0x000000070ca00000|  0%| F|  |TAMS 0x000000070c800000| PB 0x000000070c800000| Untracked |  0
|  74|0x000000070ca00000, 0x000000070ca00000, 0x000000070cc00000|  0%| F|  |TAMS 0x000000070ca00000| PB 0x000000070ca00000| Untracked |  0
|  75|0x000000070cc00000, 0x000000070cc00000, 0x000000070ce00000|  0%| F|  |TAMS 0x000000070cc00000| PB 0x000000070cc00000| Untracked |  0
|  76|0x000000070ce00000, 0x000000070ce00000, 0x000000070d000000|  0%| F|  |TAMS 0x000000070ce00000| PB 0x000000070ce00000| Untracked |  0
|  77|0x000000070d000000, 0x000000070d000000, 0x000000070d200000|  0%| F|  |TAMS 0x000000070d000000| PB 0x000000070d000000| Untracked |  0
|  78|0x000000070d200000, 0x000000070d200000, 0x000000070d400000|  0%| F|  |TAMS 0x000000070d200000| PB 0x000000070d200000| Untracked |  0
|  79|0x000000070d400000, 0x000000070d400000, 0x000000070d600000|  0%| F|  |TAMS 0x000000070d400000| PB 0x000000070d400000| Untracked |  0
|  80|0x000000070d600000, 0x000000070d600000, 0x000000070d800000|  0%| F|  |TAMS 0x000000070d600000| PB 0x000000070d600000| Untracked |  0
|  81|0x000000070d800000, 0x000000070d800000, 0x000000070da00000|  0%| F|  |TAMS 0x000000070d800000| PB 0x000000070d800000| Untracked |  0
|  82|0x000000070da00000, 0x000000070da00000, 0x000000070dc00000|  0%| F|  |TAMS 0x000000070da00000| PB 0x000000070da00000| Untracked |  0
|  83|0x000000070dc00000, 0x000000070dc00000, 0x000000070de00000|  0%| F|  |TAMS 0x000000070dc00000| PB 0x000000070dc00000| Untracked |  0
|  84|0x000000070de00000, 0x000000070de00000, 0x000000070e000000|  0%| F|  |TAMS 0x000000070de00000| PB 0x000000070de00000| Untracked |  0
|  85|0x000000070e000000, 0x000000070e000000, 0x000000070e200000|  0%| F|  |TAMS 0x000000070e000000| PB 0x000000070e000000| Untracked |  0
|  86|0x000000070e200000, 0x000000070e200000, 0x000000070e400000|  0%| F|  |TAMS 0x000000070e200000| PB 0x000000070e200000| Untracked |  0
|  87|0x000000070e400000, 0x000000070e400000, 0x000000070e600000|  0%| F|  |TAMS 0x000000070e400000| PB 0x000000070e400000| Untracked |  0
|  88|0x000000070e600000, 0x000000070e600000, 0x000000070e800000|  0%| F|  |TAMS 0x000000070e600000| PB 0x000000070e600000| Untracked |  0
|  89|0x000000070e800000, 0x000000070e800000, 0x000000070ea00000|  0%| F|  |TAMS 0x000000070e800000| PB 0x000000070e800000| Untracked |  0
|  90|0x000000070ea00000, 0x000000070ea00000, 0x000000070ec00000|  0%| F|  |TAMS 0x000000070ea00000| PB 0x000000070ea00000| Untracked |  0
|  91|0x000000070ec00000, 0x000000070ec00000, 0x000000070ee00000|  0%| F|  |TAMS 0x000000070ec00000| PB 0x000000070ec00000| Untracked |  0
|  92|0x000000070ee00000, 0x000000070ee00000, 0x000000070f000000|  0%| F|  |TAMS 0x000000070ee00000| PB 0x000000070ee00000| Untracked |  0
|  93|0x000000070f000000, 0x000000070f000000, 0x000000070f200000|  0%| F|  |TAMS 0x000000070f000000| PB 0x000000070f000000| Untracked |  0
|  94|0x000000070f200000, 0x000000070f200000, 0x000000070f400000|  0%| F|  |TAMS 0x000000070f200000| PB 0x000000070f200000| Untracked |  0
|  95|0x000000070f400000, 0x000000070f400000, 0x000000070f600000|  0%| F|  |TAMS 0x000000070f400000| PB 0x000000070f400000| Untracked |  0
|  96|0x000000070f600000, 0x000000070f600000, 0x000000070f800000|  0%| F|  |TAMS 0x000000070f600000| PB 0x000000070f600000| Untracked |  0
|  97|0x000000070f800000, 0x000000070f800000, 0x000000070fa00000|  0%| F|  |TAMS 0x000000070f800000| PB 0x000000070f800000| Untracked |  0
|  98|0x000000070fa00000, 0x000000070fa00000, 0x000000070fc00000|  0%| F|  |TAMS 0x000000070fa00000| PB 0x000000070fa00000| Untracked |  0
|  99|0x000000070fc00000, 0x000000070fc00000, 0x000000070fe00000|  0%| F|  |TAMS 0x000000070fc00000| PB 0x000000070fc00000| Untracked |  0
| 100|0x000000070fe00000, 0x000000070fe00000, 0x0000000710000000|  0%| F|  |TAMS 0x000000070fe00000| PB 0x000000070fe00000| Untracked |  0
| 101|0x0000000710000000, 0x0000000710000000, 0x0000000710200000|  0%| F|  |TAMS 0x0000000710000000| PB 0x0000000710000000| Untracked |  0
| 102|0x0000000710200000, 0x0000000710200000, 0x0000000710400000|  0%| F|  |TAMS 0x0000000710200000| PB 0x0000000710200000| Untracked |  0
| 103|0x0000000710400000, 0x0000000710400000, 0x0000000710600000|  0%| F|  |TAMS 0x0000000710400000| PB 0x0000000710400000| Untracked |  0
| 104|0x0000000710600000, 0x0000000710600000, 0x0000000710800000|  0%| F|  |TAMS 0x0000000710600000| PB 0x0000000710600000| Untracked |  0
| 105|0x0000000710800000, 0x0000000710800000, 0x0000000710a00000|  0%| F|  |TAMS 0x0000000710800000| PB 0x0000000710800000| Untracked |  0
| 106|0x0000000710a00000, 0x0000000710a00000, 0x0000000710c00000|  0%| F|  |TAMS 0x0000000710a00000| PB 0x0000000710a00000| Untracked |  0
| 107|0x0000000710c00000, 0x0000000710c00000, 0x0000000710e00000|  0%| F|  |TAMS 0x0000000710c00000| PB 0x0000000710c00000| Untracked |  0
| 108|0x0000000710e00000, 0x0000000710e00000, 0x0000000711000000|  0%| F|  |TAMS 0x0000000710e00000| PB 0x0000000710e00000| Untracked |  0
| 109|0x0000000711000000, 0x0000000711000000, 0x0000000711200000|  0%| F|  |TAMS 0x0000000711000000| PB 0x0000000711000000| Untracked |  0
| 110|0x0000000711200000, 0x0000000711200000, 0x0000000711400000|  0%| F|  |TAMS 0x0000000711200000| PB 0x0000000711200000| Untracked |  0
| 111|0x0000000711400000, 0x0000000711400000, 0x0000000711600000|  0%| F|  |TAMS 0x0000000711400000| PB 0x0000000711400000| Untracked |  0
| 112|0x0000000711600000, 0x0000000711600000, 0x0000000711800000|  0%| F|  |TAMS 0x0000000711600000| PB 0x0000000711600000| Untracked |  0
| 113|0x0000000711800000, 0x0000000711a00000, 0x0000000711a00000|100%| S|CS|TAMS 0x0000000711800000| PB 0x0000000711800000| Complete |  0
| 114|0x0000000711a00000, 0x0000000711c00000, 0x0000000711c00000|100%| S|CS|TAMS 0x0000000711a00000| PB 0x0000000711a00000| Complete |  0
| 115|0x0000000711c00000, 0x0000000711c00000, 0x0000000711e00000|  0%| F|  |TAMS 0x0000000711c00000| PB 0x0000000711c00000| Untracked |  0
| 116|0x0000000711e00000, 0x0000000711e00000, 0x0000000712000000|  0%| F|  |TAMS 0x0000000711e00000| PB 0x0000000711e00000| Untracked |  0
| 117|0x0000000712000000, 0x0000000712000000, 0x0000000712200000|  0%| F|  |TAMS 0x0000000712000000| PB 0x0000000712000000| Untracked |  0
| 118|0x0000000712200000, 0x0000000712200000, 0x0000000712400000|  0%| F|  |TAMS 0x0000000712200000| PB 0x0000000712200000| Untracked |  0
| 119|0x0000000712400000, 0x0000000712400000, 0x0000000712600000|  0%| F|  |TAMS 0x0000000712400000| PB 0x0000000712400000| Untracked |  0
| 120|0x0000000712600000, 0x0000000712600000, 0x0000000712800000|  0%| F|  |TAMS 0x0000000712600000| PB 0x0000000712600000| Untracked |  0
| 121|0x0000000712800000, 0x0000000712800000, 0x0000000712a00000|  0%| F|  |TAMS 0x0000000712800000| PB 0x0000000712800000| Untracked |  0
| 122|0x0000000712a00000, 0x0000000712a00000, 0x0000000712c00000|  0%| F|  |TAMS 0x0000000712a00000| PB 0x0000000712a00000| Untracked |  0
| 123|0x0000000712c00000, 0x0000000712c00000, 0x0000000712e00000|  0%| F|  |TAMS 0x0000000712c00000| PB 0x0000000712c00000| Untracked |  0
| 124|0x0000000712e00000, 0x0000000712e00000, 0x0000000713000000|  0%| F|  |TAMS 0x0000000712e00000| PB 0x0000000712e00000| Untracked |  0
| 125|0x0000000713000000, 0x0000000713000000, 0x0000000713200000|  0%| F|  |TAMS 0x0000000713000000| PB 0x0000000713000000| Untracked |  0
| 126|0x0000000713200000, 0x000000071337aed8, 0x0000000713400000| 74%| E|  |TAMS 0x0000000713200000| PB 0x0000000713200000| Complete |  0

Card table byte_map: [0x00000295e4960000,0x00000295e5150000] _byte_map_base: 0x00000295e1145000

Marking Bits: (CMBitMap*) 0x00000295ca703870
 Bits: [0x00000295e5150000, 0x00000295e9078000)

Polling page: 0x00000295d4190000

Metaspace:

Usage:
  Non-class:     11.88 MB used.
      Class:      1.51 MB used.
       Both:     13.38 MB used.

Virtual space:
  Non-class space:       64.00 MB reserved,      12.00 MB ( 19%) committed,  1 nodes.
      Class space:        1.00 GB reserved,       1.62 MB ( <1%) committed,  1 nodes.
             Both:        1.06 GB reserved,      13.62 MB (  1%) committed. 

Chunk freelists:
   Non-Class:  4.01 MB
       Class:  14.24 MB
        Both:  18.25 MB

MaxMetaspaceSize: unlimited
CompressedClassSpaceSize: 1.00 GB
Initial GC threshold: 21.00 MB
Current GC threshold: 21.00 MB
CDS: on
 - commit_granule_bytes: 65536.
 - commit_granule_words: 8192.
 - virtual_space_node_default_size: 8388608.
 - enlarge_chunks_in_place: 1.
 - use_allocation_guard: 0.


Internal statistics:

num_allocs_failed_limit: 0.
num_arena_births: 212.
num_arena_deaths: 0.
num_vsnodes_births: 2.
num_vsnodes_deaths: 0.
num_space_committed: 218.
num_space_uncommitted: 0.
num_chunks_returned_to_freelist: 0.
num_chunks_taken_from_freelist: 336.
num_chunk_merges: 0.
num_chunk_splits: 197.
num_chunks_enlarged: 106.
num_inconsistent_stats: 0.

CodeHeap 'non-profiled nmethods': size=119168Kb used=749Kb max_used=749Kb free=118418Kb
 bounds [0x00000295dbd50000, 0x00000295dbfc0000, 0x00000295e31b0000]
CodeHeap 'profiled nmethods': size=119104Kb used=4092Kb max_used=4092Kb free=115011Kb
 bounds [0x00000295d41b0000, 0x00000295d45b0000, 0x00000295db600000]
CodeHeap 'non-nmethods': size=7488Kb used=3625Kb max_used=3664Kb free=3862Kb
 bounds [0x00000295db600000, 0x00000295db9a0000, 0x00000295dbd50000]
 total_blobs=2902 nmethods=2146 adapters=657
 compilation: enabled
              stopped_count=0, restarted_count=0
 full_count=0

Compilation events (20 events):
Event: 1.972 Thread 0x00000295c6a48710 nmethod 2121 0x00000295dbe08990 code [0x00000295dbe08b00, 0x00000295dbe08b78]
Event: 1.973 Thread 0x00000295eb55b9e0 nmethod 2118 0x00000295dbe08c90 code [0x00000295dbe08ea0, 0x00000295dbe09ab8]
Event: 1.975 Thread 0x00000295c526a7a0 2122       3       javax.swing.JComponent::getFontMetrics (6 bytes)
Event: 1.975 Thread 0x00000295c6a29aa0 2123       3       sun.swing.SwingUtilities2::getFontMetrics (19 bytes)
Event: 1.975 Thread 0x00000295eb55d9e0 2124       3       sun.swing.SwingUtilities2::getFRCProperty (38 bytes)
Event: 1.975 Thread 0x00000295c526ee70 2125       3       sun.swing.SwingUtilities2::getFRCFromCache (128 bytes)
Event: 1.975 Thread 0x00000295c6a29aa0 nmethod 2123 0x00000295d45a1510 code [0x00000295d45a16c0, 0x00000295d45a1858]
Event: 1.975 Thread 0x00000295c526a7a0 nmethod 2122 0x00000295d45a1910 code [0x00000295d45a1ac0, 0x00000295d45a1cd0]
Event: 1.975 Thread 0x00000295c6a29aa0 2126       3       sun.swing.SwingUtilities2$KeyPair::hashCode (19 bytes)
Event: 1.975 Thread 0x00000295c526a7a0 2127       3       sun.swing.SwingUtilities2$KeyPair::<init> (15 bytes)
Event: 1.975 Thread 0x00000295eb55d9e0 nmethod 2124 0x00000295d45a1e10 code [0x00000295d45a2000, 0x00000295d45a23f8]
Event: 1.975 Thread 0x00000295eb55d9e0 2128       3       sun.swing.SwingUtilities2$KeyPair::equals (48 bytes)
Event: 1.975 Thread 0x00000295c526a7a0 nmethod 2127 0x00000295d45a2590 code [0x00000295d45a2740, 0x00000295d45a2970]
Event: 1.975 Thread 0x00000295c526a7a0 2129       3       sun.awt.SunHints$Value::equals (11 bytes)
Event: 1.975 Thread 0x00000295c6a29aa0 nmethod 2126 0x00000295d45a2a10 code [0x00000295d45a2bc0, 0x00000295d45a2e88]
Event: 1.975 Thread 0x00000295c526a7a0 nmethod 2129 0x00000295d45a2f90 code [0x00000295d45a3120, 0x00000295d45a3280]
Event: 1.975 Thread 0x00000295eb55d9e0 nmethod 2128 0x00000295d45a3310 code [0x00000295d45a34e0, 0x00000295d45a3a40]
Event: 1.975 Thread 0x00000295c526ee70 nmethod 2125 0x00000295d45a3b90 code [0x00000295d45a3e00, 0x00000295d45a49a0]
Event: 1.977 Thread 0x00000295c526ee70 2130       3       sun.java2d.marlin.TransformingPathConsumer2D$PathClipFilter::_closePath (88 bytes)
Event: 1.977 Thread 0x00000295c526ee70 nmethod 2130 0x00000295d45a4d10 code [0x00000295d45a4f00, 0x00000295d45a54c0]

GC Heap History (2 events):
Event: 1.924 GC heap before
{Heap before GC invocations=0 (full 0):
 garbage-first heap   total reserved 4139008K, committed 260096K, used 36864K [0x0000000703600000, 0x0000000800000000)
  region size 2048K, 12 young (24576K), 0 survivors (0K)
 Metaspace       used 13657K, committed 13888K, reserved 1114112K
  class space    used 1542K, committed 1664K, reserved 1048576K
}
Event: 1.929 GC heap after
{Heap after GC invocations=1 (full 0):
 garbage-first heap   total reserved 4139008K, committed 260096K, used 17267K [0x0000000703600000, 0x0000000800000000)
  region size 2048K, 2 young (4096K), 2 survivors (4096K)
 Metaspace       used 13657K, committed 13888K, reserved 1114112K
  class space    used 1542K, committed 1664K, reserved 1048576K
}

Dll operation events (11 events):
Event: 0.005 Loaded shared library C:\Program Files\Java\jdk-22\bin\java.dll
Event: 0.025 Loaded shared library C:\Program Files\Java\jdk-22\bin\jsvml.dll
Event: 0.044 Loaded shared library C:\Program Files\Java\jdk-22\bin\net.dll
Event: 0.045 Loaded shared library C:\Program Files\Java\jdk-22\bin\nio.dll
Event: 0.058 Loaded shared library C:\Program Files\Java\jdk-22\bin\zip.dll
Event: 0.069 Loaded shared library C:\Program Files\Java\jdk-22\bin\jimage.dll
Event: 0.077 Loaded shared library C:\Program Files\Java\jdk-22\bin\awt.dll
Event: 0.145 Loaded shared library C:\Program Files\Java\jdk-22\bin\freetype.dll
Event: 0.146 Loaded shared library C:\Program Files\Java\jdk-22\bin\fontmanager.dll
Event: 0.271 Loaded shared library C:\Users\ACER\AppData\Local\Temp\flatlaf.temp\flatlaf-windows-x86_64-520093581306000.dll
Event: 0.281 Loaded shared library C:\Program Files\Java\jdk-22\bin\verify.dll

Deoptimization events (20 events):
Event: 1.894 Thread 0x00000295c6942b90 DEOPT PACKING pc=0x00000295d44cf5b7 sp=0x000000a3707fd4d0
Event: 1.894 Thread 0x00000295c6942b90 DEOPT UNPACKING pc=0x00000295db6588e2 sp=0x000000a3707fc8d0 mode 0
Event: 1.896 Thread 0x00000295c6942b90 DEOPT PACKING pc=0x00000295d44cf575 sp=0x000000a3707fcd50
Event: 1.896 Thread 0x00000295c6942b90 DEOPT UNPACKING pc=0x00000295db6588e2 sp=0x000000a3707fc148 mode 0
Event: 1.903 Thread 0x00000295c6942b90 DEOPT PACKING pc=0x00000295d44cf575 sp=0x000000a3707fd320
Event: 1.903 Thread 0x00000295c6942b90 DEOPT UNPACKING pc=0x00000295db6588e2 sp=0x000000a3707fc718 mode 0
Event: 1.910 Thread 0x00000295c6942b90 DEOPT PACKING pc=0x00000295d44cf5b7 sp=0x000000a3707fd320
Event: 1.910 Thread 0x00000295c6942b90 DEOPT UNPACKING pc=0x00000295db6588e2 sp=0x000000a3707fc720 mode 0
Event: 1.911 Thread 0x00000295c6942b90 DEOPT PACKING pc=0x00000295d44cf575 sp=0x000000a3707fd320
Event: 1.911 Thread 0x00000295c6942b90 DEOPT UNPACKING pc=0x00000295db6588e2 sp=0x000000a3707fc718 mode 0
Event: 1.912 Thread 0x00000295c6942b90 DEOPT PACKING pc=0x00000295d44cf596 sp=0x000000a3707fc960
Event: 1.912 Thread 0x00000295c6942b90 DEOPT UNPACKING pc=0x00000295db6588e2 sp=0x000000a3707fbd60 mode 0
Event: 1.918 Thread 0x00000295c6942b90 DEOPT PACKING pc=0x00000295d44cf5b7 sp=0x000000a3707fd300
Event: 1.918 Thread 0x00000295c6942b90 DEOPT UNPACKING pc=0x00000295db6588e2 sp=0x000000a3707fc700 mode 0
Event: 1.919 Thread 0x00000295c6942b90 DEOPT PACKING pc=0x00000295d44cf5b7 sp=0x000000a3707fd300
Event: 1.919 Thread 0x00000295c6942b90 DEOPT UNPACKING pc=0x00000295db6588e2 sp=0x000000a3707fc700 mode 0
Event: 1.937 Thread 0x00000295c6942b90 Uncommon trap: trap_request=0xffffff6e fr.pc=0x00000295dbe02bcc relative=0x00000000000031ec
Event: 1.937 Thread 0x00000295c6942b90 Uncommon trap: reason=loop_limit_check action=maybe_recompile pc=0x00000295dbe02bcc method=sun.java2d.marlin.Renderer._endRendering(II)V @ 1137 c2
Event: 1.937 Thread 0x00000295c6942b90 DEOPT PACKING pc=0x00000295dbe02bcc sp=0x000000a3707fd270
Event: 1.937 Thread 0x00000295c6942b90 DEOPT UNPACKING pc=0x00000295db657da2 sp=0x000000a3707fd048 mode 2

Classes loaded (20 events):
Event: 0.594 Loading class javax/swing/RepaintManager$3
Event: 0.594 Loading class javax/swing/RepaintManager$3 done
Event: 0.597 Loading class java/awt/KeyboardFocusManager$3
Event: 0.597 Loading class java/awt/KeyboardFocusManager$3 done
Event: 0.597 Loading class javax/swing/text/JTextComponent$InputMethodRequestsHandler
Event: 0.597 Loading class javax/swing/text/JTextComponent$InputMethodRequestsHandler done
Event: 0.601 Loading class sun/awt/im/CompositionAreaHandler
Event: 0.601 Loading class sun/awt/im/CompositionAreaHandler done
Event: 0.601 Loading class java/text/AttributedString
Event: 0.601 Loading class java/text/AttributedString done
Event: 0.601 Loading class java/text/AttributedString$AttributedStringIterator
Event: 0.601 Loading class java/text/AttributedCharacterIterator
Event: 0.601 Loading class java/text/AttributedCharacterIterator done
Event: 0.601 Loading class java/text/AttributedString$AttributedStringIterator done
Event: 0.602 Loading class javax/swing/TimerQueue$DelayedTimer
Event: 0.602 Loading class java/util/concurrent/Delayed
Event: 0.602 Loading class java/util/concurrent/Delayed done
Event: 0.602 Loading class javax/swing/TimerQueue$DelayedTimer done
Event: 1.113 Loading class javax/swing/Timer$1
Event: 1.113 Loading class javax/swing/Timer$1 done

Classes unloaded (0 events):
No events

Classes redefined (0 events):
No events

Internal exceptions (20 events):
Event: 0.169 Thread 0x00000295ca429430 Exception <a 'java/lang/ClassNotFoundException'{0x0000000712deefd0}: com/sun/swing/internal/plaf/metal/resources/spi/metalProvider> (0x0000000712deefd0) 
thrown [s\open\src\hotspot\share\classfile\systemDictionary.cpp, line 313]
Event: 0.170 Thread 0x00000295ca429430 Exception <a 'java/lang/ClassNotFoundException'{0x0000000712df2cd0}: com/sun/swing/internal/plaf/basic/resources/spi/basicProvider> (0x0000000712df2cd0) 
thrown [s\open\src\hotspot\share\classfile\systemDictionary.cpp, line 313]
Event: 0.181 Thread 0x00000295ca429430 Exception <a 'java/lang/NoSuchMethodError'{0x0000000712a878f0}: 'void java.lang.invoke.DirectMethodHandle$Holder.invokeStatic(java.lang.Object, java.lang.Object)'> (0x0000000712a878f0) 
thrown [s\open\src\hotspot\share\interpreter\linkResolver.cpp, line 774]
Event: 0.187 Thread 0x00000295ca429430 Exception <a 'java/lang/NoSuchMethodError'{0x0000000712abedf0}: 'int java.lang.invoke.DirectMethodHandle$Holder.invokeStatic(java.lang.Object)'> (0x0000000712abedf0) 
thrown [s\open\src\hotspot\share\interpreter\linkResolver.cpp, line 774]
Event: 0.253 Thread 0x00000295c6942b90 Exception <a 'java/lang/NoSuchMethodError'{0x000000071291a6d0}: 'java.lang.Object java.lang.invoke.Invokers$Holder.invokeExact_MT(java.lang.Object, java.lang.Object, java.lang.Object, java.lang.Object, java.lang.Object, java.lang.Object)'> (0x000000071291a6d0) 
thrown [s\open\src\hotspot\share\interpreter\linkResolver.cpp, line 774]
Event: 0.263 Thread 0x00000295c6942b90 Exception <a 'java/lang/NoSuchMethodError'{0x00000007126218f8}: 'int java.lang.invoke.Invokers$Holder.invokeExact_MT(java.lang.Object, java.lang.Object)'> (0x00000007126218f8) 
thrown [s\open\src\hotspot\share\interpreter\linkResolver.cpp, line 774]
Event: 0.266 Thread 0x00000295c6942b90 Exception <a 'sun/nio/fs/WindowsException'{0x00000007126445a0}> (0x00000007126445a0) 
thrown [s\open\src\hotspot\share\prims\jni.cpp, line 520]
Event: 0.286 Thread 0x00000295c6942b90 Exception <a 'java/lang/NoSuchMethodError'{0x00000007126e2180}: 'java.lang.Object java.lang.invoke.DirectMethodHandle$Holder.invokeVirtual(java.lang.Object, java.lang.Object, java.lang.Object, java.lang.Object)'> (0x00000007126e2180) 
thrown [s\open\src\hotspot\share\interpreter\linkResolver.cpp, line 774]
Event: 0.297 Thread 0x00000295c6942b90 Exception <a 'java/lang/NoSuchMethodError'{0x000000071272b068}: 'void java.lang.invoke.DirectMethodHandle$Holder.invokeVirtual(java.lang.Object, java.lang.Object)'> (0x000000071272b068) 
thrown [s\open\src\hotspot\share\interpreter\linkResolver.cpp, line 774]
Event: 0.299 Thread 0x00000295c6942b90 Exception <a 'java/lang/NoSuchMethodError'{0x000000071273ac28}: 'int java.lang.invoke.DirectMethodHandle$Holder.invokeSpecial(java.lang.Object, java.lang.Object, java.lang.Object)'> (0x000000071273ac28) 
thrown [s\open\src\hotspot\share\interpreter\linkResolver.cpp, line 774]
Event: 0.332 Thread 0x00000295c6942b90 Exception <a 'java/lang/ClassNotFoundException'{0x0000000712420a58}: java/lang/ObjectCustomizer> (0x0000000712420a58) 
thrown [s\open\src\hotspot\share\classfile\systemDictionary.cpp, line 313]
Event: 0.335 Thread 0x00000295c6942b90 Exception <a 'java/lang/NoSuchMethodError'{0x0000000712427a08}: 'java.lang.Object java.lang.invoke.DirectMethodHandle$Holder.invokeInterface(java.lang.Object, java.lang.Object)'> (0x0000000712427a08) 
thrown [s\open\src\hotspot\share\interpreter\linkResolver.cpp, line 774]
Event: 0.335 Thread 0x00000295c6942b90 Exception <a 'java/lang/IncompatibleClassChangeError'{0x000000071242af30}: Found class java.lang.Object, but interface was expected> (0x000000071242af30) 
thrown [s\open\src\hotspot\share\interpreter\linkResolver.cpp, line 841]
Event: 0.344 Thread 0x00000295c6942b90 Exception <a 'java/lang/ClassNotFoundException'{0x0000000712468fa8}: net/miginfocom/layout/UnitValueCustomizer> (0x0000000712468fa8) 
thrown [s\open\src\hotspot\share\classfile\systemDictionary.cpp, line 313]
Event: 0.345 Thread 0x00000295c6942b90 Exception <a 'java/lang/ClassNotFoundException'{0x00000007124f6238}: java/lang/ObjectCustomizer> (0x00000007124f6238) 
thrown [s\open\src\hotspot\share\classfile\systemDictionary.cpp, line 313]
Event: 0.346 Thread 0x00000295c6942b90 Exception <a 'java/lang/ClassNotFoundException'{0x00000007124fb560}: net/miginfocom/layout/BoundSizeCustomizer> (0x00000007124fb560) 
thrown [s\open\src\hotspot\share\classfile\systemDictionary.cpp, line 313]
Event: 0.381 Thread 0x00000295c5b1ab50 Exception <a 'java/lang/NoSuchMethodError'{0x000000071239d6a8}: 'java.lang.Object java.lang.invoke.DirectMethodHandle$Holder.newInvokeSpecial(java.lang.Object, java.lang.Object, java.lang.Object, int, int, int, int, int)'> (0x000000071239d6a8) 
thrown [s\open\src\hotspot\share\interpreter\linkResolver.cpp, line 774]
Event: 0.473 Thread 0x00000295c6942b90 Exception <a 'java/lang/NoSuchMethodError'{0x0000000711f7fa18}: 'void java.lang.invoke.DirectMethodHandle$Holder.invokeStaticInit(java.lang.Object)'> (0x0000000711f7fa18) 
thrown [s\open\src\hotspot\share\interpreter\linkResolver.cpp, line 774]
Event: 0.516 Thread 0x00000295c6942b90 Exception <a 'java/lang/NoSuchMethodError'{0x0000000711c4b110}: 'int java.lang.invoke.DirectMethodHandle$Holder.invokeVirtual(java.lang.Object, java.lang.Object)'> (0x0000000711c4b110) 
thrown [s\open\src\hotspot\share\interpreter\linkResolver.cpp, line 774]
Event: 0.518 Thread 0x00000295c6942b90 Implicit null exception at 0x00000295dbd9fcdd to 0x00000295dbd9fe54

ZGC Phase Switch (0 events):
No events

VM Operations (20 events):
Event: 0.217 Executing VM operation: HandshakeAllThreads (Deoptimize)
Event: 0.217 Executing VM operation: HandshakeAllThreads (Deoptimize) done
Event: 0.252 Executing VM operation: HandshakeAllThreads (Deoptimize)
Event: 0.252 Executing VM operation: HandshakeAllThreads (Deoptimize) done
Event: 0.340 Executing VM operation: HandshakeAllThreads (Deoptimize)
Event: 0.340 Executing VM operation: HandshakeAllThreads (Deoptimize) done
Event: 0.351 Executing VM operation: ICBufferFull
Event: 0.351 Executing VM operation: ICBufferFull done
Event: 0.378 Executing VM operation: HandshakeAllThreads (Deoptimize)
Event: 0.378 Executing VM operation: HandshakeAllThreads (Deoptimize) done
Event: 0.456 Executing VM operation: HandshakeAllThreads (Deoptimize)
Event: 0.456 Executing VM operation: HandshakeAllThreads (Deoptimize) done
Event: 0.553 Executing VM operation: HandshakeAllThreads (Deoptimize)
Event: 0.553 Executing VM operation: HandshakeAllThreads (Deoptimize) done
Event: 0.589 Executing VM operation: HandshakeAllThreads (Deoptimize)
Event: 0.589 Executing VM operation: HandshakeAllThreads (Deoptimize) done
Event: 1.600 Executing VM operation: Cleanup
Event: 1.600 Executing VM operation: Cleanup done
Event: 1.924 Executing VM operation: G1CollectForAllocation (G1 Evacuation Pause)
Event: 1.929 Executing VM operation: G1CollectForAllocation (G1 Evacuation Pause) done

Events (20 events):
Event: 0.024 Thread 0x00000295eb55d9e0 Thread added: 0x00000295eb55d9e0
Event: 0.038 Thread 0x00000295eb51b7f0 Thread added: 0x00000295eb51b7f0
Event: 0.043 Thread 0x00000295c526a7a0 Thread added: 0x00000295c526a7a0
Event: 0.043 Thread 0x00000295c526ee70 Thread added: 0x00000295c526ee70
Event: 0.052 Thread 0x00000295c52b9220 Thread added: 0x00000295c52b9220
Event: 0.054 Thread 0x00000295c536fdd0 Thread added: 0x00000295c536fdd0
Event: 0.107 Thread 0x00000295c5536da0 Thread added: 0x00000295c5536da0
Event: 0.108 Thread 0x00000295c5541160 Thread added: 0x00000295c5541160
Event: 0.109 Thread 0x00000295c55421f0 Thread added: 0x00000295c55421f0
Event: 0.206 Thread 0x00000295c56b2ed0 Thread added: 0x00000295c56b2ed0
Event: 0.245 Thread 0x00000295c6942b90 Thread added: 0x00000295c6942b90
Event: 0.245 Thread 0x00000295ca429430 Thread exited: 0x00000295ca429430
Event: 0.245 Thread 0x00000295ca429430 Thread added: 0x00000295ca429430
Event: 0.327 Thread 0x00000295c5b17a60 Thread added: 0x00000295c5b17a60
Event: 0.353 Thread 0x00000295c5b1ab50 Thread added: 0x00000295c5b1ab50
Event: 0.368 Thread 0x00000295c6a29aa0 Thread added: 0x00000295c6a29aa0
Event: 0.956 Thread 0x00000295c56b2ed0 Thread exited: 0x00000295c56b2ed0
Event: 0.956 Thread 0x00000295c52b9220 Thread exited: 0x00000295c52b9220
Event: 1.796 Thread 0x00000295c6bb8a90 Thread added: 0x00000295c6bb8a90
Event: 1.862 Thread 0x00000295c6a48710 Thread added: 0x00000295c6a48710


Dynamic libraries:
0x00007ff7b4f70000 - 0x00007ff7b4f80000 	C:\Program Files\Java\jdk-22\bin\java.exe
0x00007ffe44e90000 - 0x00007ffe450a7000 	C:\WINDOWS\SYSTEM32\ntdll.dll
0x00007ffe42ed0000 - 0x00007ffe42f94000 	C:\WINDOWS\System32\KERNEL32.DLL
0x00007ffe424b0000 - 0x00007ffe42857000 	C:\WINDOWS\System32\KERNELBASE.dll
0x00007ffe42aa0000 - 0x00007ffe42bb1000 	C:\WINDOWS\System32\ucrtbase.dll
0x00007ffe243f0000 - 0x00007ffe2440b000 	C:\Program Files\Java\jdk-22\bin\VCRUNTIME140.dll
0x00007ffe11390000 - 0x00007ffe113a7000 	C:\Program Files\Java\jdk-22\bin\jli.dll
0x00007ffe42cf0000 - 0x00007ffe42da2000 	C:\WINDOWS\System32\ADVAPI32.dll
0x00007ffe43560000 - 0x00007ffe43607000 	C:\WINDOWS\System32\msvcrt.dll
0x00007ffe42e20000 - 0x00007ffe42ec8000 	C:\WINDOWS\System32\sechost.dll
0x00007ffe42860000 - 0x00007ffe42888000 	C:\WINDOWS\System32\bcrypt.dll
0x00007ffe43f50000 - 0x00007ffe44065000 	C:\WINDOWS\System32\RPCRT4.dll
0x00007ffe43710000 - 0x00007ffe438be000 	C:\WINDOWS\System32\USER32.dll
0x00007ffe279b0000 - 0x00007ffe27c43000 	C:\WINDOWS\WinSxS\amd64_microsoft.windows.common-controls_6595b64144ccf1df_6.0.22621.3527_none_270e469b73872a76\COMCTL32.dll
0x00007ffe423c0000 - 0x00007ffe423e6000 	C:\WINDOWS\System32\win32u.dll
0x00007ffe44b90000 - 0x00007ffe44bb9000 	C:\WINDOWS\System32\GDI32.dll
0x00007ffe42980000 - 0x00007ffe42a99000 	C:\WINDOWS\System32\gdi32full.dll
0x00007ffe42320000 - 0x00007ffe423ba000 	C:\WINDOWS\System32\msvcp_win.dll
0x00007ffe36640000 - 0x00007ffe3664a000 	C:\WINDOWS\SYSTEM32\VERSION.dll
0x00007ffe43520000 - 0x00007ffe43551000 	C:\WINDOWS\System32\IMM32.DLL
0x00007ffe3a720000 - 0x00007ffe3a72c000 	C:\Program Files\Java\jdk-22\bin\vcruntime140_1.dll
0x00007ffdbb470000 - 0x00007ffdbb4fe000 	C:\Program Files\Java\jdk-22\bin\msvcp140.dll
0x00007ffd58cd0000 - 0x00007ffd59a18000 	C:\Program Files\Java\jdk-22\bin\server\jvm.dll
0x00007ffe42fa0000 - 0x00007ffe43011000 	C:\WINDOWS\System32\WS2_32.dll
0x00007ffe40ff0000 - 0x00007ffe4103d000 	C:\WINDOWS\SYSTEM32\POWRPROF.dll
0x00007ffe386d0000 - 0x00007ffe38704000 	C:\WINDOWS\SYSTEM32\WINMM.dll
0x00007ffe40fd0000 - 0x00007ffe40fe3000 	C:\WINDOWS\SYSTEM32\UMPDC.dll
0x00007ffe41280000 - 0x00007ffe41298000 	C:\WINDOWS\SYSTEM32\kernel.appcore.dll
0x00007ffe3a460000 - 0x00007ffe3a46a000 	C:\Program Files\Java\jdk-22\bin\jimage.dll
0x00007ffe3faa0000 - 0x00007ffe3fcd2000 	C:\WINDOWS\SYSTEM32\DBGHELP.DLL
0x00007ffe43020000 - 0x00007ffe433a8000 	C:\WINDOWS\System32\combase.dll
0x00007ffe43440000 - 0x00007ffe43517000 	C:\WINDOWS\System32\OLEAUT32.dll
0x00007ffe2f770000 - 0x00007ffe2f7a2000 	C:\WINDOWS\SYSTEM32\dbgcore.DLL
0x00007ffe42900000 - 0x00007ffe42979000 	C:\WINDOWS\System32\bcryptPrimitives.dll
0x00007ffe10a30000 - 0x00007ffe10a4e000 	C:\Program Files\Java\jdk-22\bin\java.dll
0x00007ffe44120000 - 0x00007ffe4497c000 	C:\WINDOWS\System32\SHELL32.dll
0x00007ffe43da0000 - 0x00007ffe43f45000 	C:\WINDOWS\System32\ole32.dll
0x00007ffe400b0000 - 0x00007ffe409a6000 	C:\WINDOWS\SYSTEM32\windows.storage.dll
0x00007ffe3ff70000 - 0x00007ffe400ae000 	C:\WINDOWS\SYSTEM32\wintypes.dll
0x00007ffe42be0000 - 0x00007ffe42cd5000 	C:\WINDOWS\System32\SHCORE.dll
0x00007ffe438c0000 - 0x00007ffe4391e000 	C:\WINDOWS\System32\shlwapi.dll
0x00007ffe420e0000 - 0x00007ffe42101000 	C:\WINDOWS\SYSTEM32\profapi.dll
0x00007ffdb09f0000 - 0x00007ffdb0ac7000 	C:\Program Files\Java\jdk-22\bin\jsvml.dll
0x00007ffe397a0000 - 0x00007ffe397b0000 	C:\Program Files\Java\jdk-22\bin\net.dll
0x00007ffe416f0000 - 0x00007ffe41759000 	C:\WINDOWS\system32\mswsock.dll
0x00007ffe05170000 - 0x00007ffe05186000 	C:\Program Files\Java\jdk-22\bin\nio.dll
0x00007ffe05150000 - 0x00007ffe05167000 	C:\Program Files\Java\jdk-22\bin\zip.dll
0x00007ffd9f400000 - 0x00007ffd9f58e000 	C:\Program Files\Java\jdk-22\bin\awt.dll
0x00007ffe3c910000 - 0x00007ffe3c9a7000 	C:\WINDOWS\SYSTEM32\apphelp.dll
0x00007ffe3c9d0000 - 0x00007ffe3ca7b000 	C:\WINDOWS\system32\uxtheme.dll
0x00007ffe44bc0000 - 0x00007ffe44d13000 	C:\WINDOWS\System32\MSCTF.dll
0x00007ffe3cbd0000 - 0x00007ffe3cbfb000 	C:\WINDOWS\system32\DWMAPI.DLL
0x00007ffdb4b90000 - 0x00007ffdb4c17000 	C:\Program Files\Java\jdk-22\bin\freetype.dll
0x00007ffd9f320000 - 0x00007ffd9f3f7000 	C:\Program Files\Java\jdk-22\bin\fontmanager.dll
0x00007ffe016e0000 - 0x00007ffe017e0000 	C:\WINDOWS\system32\opengl32.dll
0x00007ffe02590000 - 0x00007ffe025bd000 	C:\WINDOWS\SYSTEM32\GLU32.dll
0x00007ffe3f300000 - 0x00007ffe3f339000 	C:\WINDOWS\SYSTEM32\dxcore.dll
0x00007ffe380b0000 - 0x00007ffe380b6000 	C:\Users\ACER\AppData\Local\Temp\flatlaf.temp\flatlaf-windows-x86_64-520093581306000.dll
0x00007ffe387b0000 - 0x00007ffe387c0000 	C:\Program Files\Java\jdk-22\bin\verify.dll
0x00007ffe44070000 - 0x00007ffe44120000 	C:\WINDOWS\System32\clbcatq.dll
0x00007ffe3b0c0000 - 0x00007ffe3b270000 	C:\WINDOWS\SYSTEM32\WindowsCodecs.dll
0x00007ffe00bf0000 - 0x00007ffe00c4e000 	C:\WINDOWS\system32\dataexchange.dll
0x00007ffe399c0000 - 0x00007ffe39c4b000 	C:\WINDOWS\system32\twinapi.appcore.dll
0x00007ffe1d820000 - 0x00007ffe1d827000 	C:\Program Files\Java\jdk-22\bin\jawt.dll
0x00007ffe2bdc0000 - 0x00007ffe2bf0b000 	C:\WINDOWS\SYSTEM32\textinputframework.dll
0x00007ffe3c0f0000 - 0x00007ffe3c223000 	C:\WINDOWS\SYSTEM32\CoreMessaging.dll
0x00007ffe34230000 - 0x00007ffe3459c000 	C:\WINDOWS\SYSTEM32\CoreUIComponents.dll
0x00007ffe41990000 - 0x00007ffe4199c000 	C:\WINDOWS\SYSTEM32\CRYPTBASE.DLL

dbghelp: loaded successfully - version: 4.0.5 - missing functions: none
symbol engine: initialized successfully - sym options: 0x614 - pdb path: .;C:\Program Files\Java\jdk-22\bin;C:\WINDOWS\SYSTEM32;C:\WINDOWS\WinSxS\amd64_microsoft.windows.common-controls_6595b64144ccf1df_6.0.22621.3527_none_270e469b73872a76;C:\Program Files\Java\jdk-22\bin\server;C:\Users\ACER\AppData\Local\Temp\flatlaf.temp

VM Arguments:
jvm_args: -Dfile.encoding=UTF-8 --module-path=E:\IE003\UITravel\build\classes 
java_command: uitravel.test
java_class_path (initial): E:\IE003\UITravel\TimingFramework-0.55.jar;E:\IE003\UITravel\library\TimingFramework-0.55.jar;E:\IE003\UITravel\library\datechooser-swing-1.4.1.jar;E:\IE003\UITravel\library\flatlaf-3.4.1.jar;E:\IE003\UITravel\library\flatlaf-extras-3.4.1.jar;E:\IE003\UITravel\library\jsvg-1.4.0.jar;E:\IE003\UITravel\library\miglayout-4.0.jar;E:\IE003\UITravel\library\miglayout-core.jar;E:\IE003\UITravel\library\miglayout-swing.jar;E:\IE003\UITravel\library\svgSalamander-1.1.4.jar;E:\IE003\UITravel\library\swing-datetime-picker-1.2.0.jar;E:\IE003\UITravel\library\adyen-java-api-library-25.1.0.jar;C:\Program Files\NetBeans-21\netbeans\java\modules\ext\AbsoluteLayout.jar;E:\IE003\UITravel\build\classes
Launcher Type: SUN_STANDARD

[Global flags]
     intx CICompilerCount                          = 12                                        {product} {ergonomic}
     uint ConcGCThreads                            = 3                                         {product} {ergonomic}
     uint G1ConcRefinementThreads                  = 13                                        {product} {ergonomic}
   size_t G1HeapRegionSize                         = 2097152                                   {product} {ergonomic}
   size_t InitialHeapSize                          = 266338304                                 {product} {ergonomic}
   size_t MarkStackSize                            = 4194304                                   {product} {ergonomic}
   size_t MaxHeapSize                              = 4238344192                                {product} {ergonomic}
   size_t MaxNewSize                               = 2541748224                                {product} {ergonomic}
   size_t MinHeapDeltaBytes                        = 2097152                                   {product} {ergonomic}
   size_t MinHeapSize                              = 8388608                                   {product} {ergonomic}
    uintx NonNMethodCodeHeapSize                   = 7602480                                {pd product} {ergonomic}
    uintx NonProfiledCodeHeapSize                  = 122027880                              {pd product} {ergonomic}
    uintx ProfiledCodeHeapSize                     = 122027880                              {pd product} {ergonomic}
    uintx ReservedCodeCacheSize                    = 251658240                              {pd product} {ergonomic}
     bool SegmentedCodeCache                       = true                                      {product} {ergonomic}
   size_t SoftMaxHeapSize                          = 4238344192                             {manageable} {ergonomic}
     bool UseCompressedOops                        = true                           {product lp64_product} {ergonomic}
     bool UseG1GC                                  = true                                      {product} {ergonomic}
     bool UseLargePagesIndividualAllocation        = false                                  {pd product} {ergonomic}

Logging:
Log output configuration:
 #0: stdout all=warning uptime,level,tags foldmultilines=false
 #1: stderr all=off uptime,level,tags foldmultilines=false

Environment Variables:
JAVA_HOME=C:\Program Files\Java\jdk-22
PATH=C:\Program Files\Eclipse Adoptium\jdk-21.0.3.9-hotspot\bin;C:\Program Files\Common Files\Oracle\Java\javapath;C:\Program Files (x86)\Common Files\Oracle\Java\javapath;C:\Program Files\Eclipse Adoptium\jdk-21.0.2.13-hotspot\bin;C:\Program Files (x86)\Common Files\Intel\Shared Libraries\redist\intel64\compiler;C:\Program Files (x86)\Common Files\Intel\Shared Libraries\redist\ia32\compiler;C:\Windows\system32;C:\Windows;C:\Windows\System32\Wbem;C:\Windows\System32\WindowsPowerShell\v1.0\;C:\Windows\System32\OpenSSH\;C:\Program Files (x86)\NVIDIA Corporation\PhysX\Common;C:\Program Files\NVIDIA Corporation\NVIDIA NvDLISR;C:\Program Files (x86)\mingw-w64\i686-8.1.0-posix-dwarf-rt_v6-rev0\mingw32\bin;C:\WINDOWS\system32;C:\WINDOWS;C:\WINDOWS\System32\Wbem;C:\WINDOWS\System32\WindowsPowerShell\v1.0\;C:\WINDOWS\System32\OpenSSH\;C:\Program Files\Microsoft SQL Server\Client SDK\ODBC\170\Tools\Binn\;C:\Program Files (x86)\Microsoft SQL Server\150\Tools\Binn\;C:\Program Files\Microsoft SQL Server\150\Tools\Binn\;C:\Program Files\Microsoft SQL Server\150\DTS\Binn\;C:\Program Files (x86)\Microsoft SQL Server\150\DTS\Binn\;C:\Program Files\CMake\bin;C:\Program Files\Docker\Docker\resources\bin;C:\Program Files\dotnet\;C:\Program Files\nodejs\;C:\Program Files\Git\cmd;C:\Program Files\Cloudflare\Cloudflare WARP\;C:\Users\ACER\AppData\Local\Programs\Python\Python310\Scripts\;C:\Users\ACER\AppData\Local\Programs\Python\Python310\;C:\Users\ACER\AppData\Local\Microsoft\WindowsApps;C:\Users\ACER\AppData\Local\Programs\Microsoft VS Code\bin;C:\Program Files\Azure Data Studio\bin;C:\Users\ACER\AppData\Local\GitHubDesktop\bin;E:\Barebone\Compiler\win_flex_bison-2.5.4;C:\Users\ACER\AppData\Roaming\Microsoft\Windows\Start Menu\Programs\Python 3.10;C:\Users\ACER\.dotnet\tools;C:\Users\ACER\AppData\Roaming\npm;C:\Program Files (x86)\GnuWin32\bin;E:\nlp;E:\nlp\access;C:\Users\ACER\AppData\Local\Android\Sdk\emulator;C:\Users\ACER\AppData\Local\Android\android-sdk;C:\Users\ACER\AppData\Local\Android\Sdk\platform-tools;C:\Users\ACER\AppData\Local\Android\Sdk;C:\Users\ACER\AppData\Local\Android\android-sdk;C:\Program Files\Java\jdk-22\bin;C:\Program Files\Java\jre-1.8\bin;
USERNAME=ACER
OS=Windows_NT
PROCESSOR_IDENTIFIER=Intel64 Family 6 Model 141 Stepping 1, GenuineIntel
TMP=C:\Users\ACER\AppData\Local\Temp
TEMP=C:\Users\ACER\AppData\Local\Temp




Periodic native trim disabled

---------------  S Y S T E M  ---------------

OS:
 Windows 11 , 64 bit Build 22621 (10.0.22621.3527)
OS uptime: 0 days 14:26 hours
Hyper-V role detected

CPU: total 16 (initial active 16) (8 cores per cpu, 2 threads per core) family 6 model 141 stepping 1 microcode 0x3c, cx8, cmov, fxsr, ht, mmx, 3dnowpref, sse, sse2, sse3, ssse3, sse4.1, sse4.2, popcnt, lzcnt, tsc, tscinvbit, avx, avx2, aes, erms, clmul, bmi1, bmi2, adx, avx512f, avx512dq, avx512cd, avx512bw, avx512vl, sha, fma, vzeroupper, avx512_vpopcntdq, avx512_vpclmulqdq, avx512_vaes, avx512_vnni, clflush, clflushopt, clwb, avx512_vbmi2, avx512_vbmi, hv, rdtscp, rdpid, fsrm, gfni, avx512_bitalg, f16c, cet_ibt, cet_ss, avx512_ifma
Processor Information for all 16 processors :
  Max Mhz: 2304, Current Mhz: 2304, Mhz Limit: 2304

Memory: 4k page, system-wide physical 16163M (3112M free)
TotalPageFile size 18211M (AvailPageFile size 5M)
current process WorkingSet (physical memory assigned to process): 121M, peak: 122M
current process commit charge ("private bytes"): 390M, peak: 394M

vm_info: Java HotSpot(TM) 64-Bit Server VM (22+36-2370) for windows-amd64 JRE (22+36-2370), built on 2024-02-15T22:15:19Z by "mach5one" with MS VC++ 17.6 (VS2022)

END.
