#
# There is insufficient memory for the Java Runtime Environment to continue.
# Native memory allocation (malloc) failed to allocate 505536 bytes. Error detail: Chunk::new
# Possible reasons:
#   The system is out of physical RAM or swap space
#   This process is running with CompressedOops enabled, and the Java Heap may be blocking the growth of the native heap
# Possible solutions:
#   Reduce memory load on the system
#   Increase physical memory or swap space
#   Check if swap backing store is full
#   Decrease Java heap size (-Xmx/-Xms)
#   Decrease number of Java threads
#   Decrease Java thread stack sizes (-Xss)
#   Set larger code cache with -XX:ReservedCodeCacheSize=
#   JVM is running with Zero Based Compressed Oops mode in which the Java heap is
#     placed in the first 32GB address space. The Java Heap base address is the
#     maximum limit for the native heap growth. Please use -XX:HeapBaseMinAddress
#     to set the Java Heap base and to place the Java Heap above 32GB virtual address.
# This output file may be truncated or incomplete.
#
#  Out of Memory Error (arena.cpp:150), pid=17592, tid=24260
#
# JRE version: Java(TM) SE Runtime Environment (22.0+36) (build 22+36-2370)
# Java VM: Java HotSpot(TM) 64-Bit Server VM (22+36-2370, mixed mode, sharing, tiered, compressed oops, compressed class ptrs, g1 gc, windows-amd64)
# No core dump will be written. Minidumps are not enabled by default on client versions of Windows
#

---------------  S U M M A R Y ------------

Command Line: -Dfile.encoding=UTF-8 --module-path=E:\IE003\UITravel\build\classes uitravel.AdminMain

Host: 11th Gen Intel(R) Core(TM) i7-11800H @ 2.30GHz, 16 cores, 15G,  Windows 11 , 64 bit Build 22621 (10.0.22621.3527)
Time: Tue May 28 20:46:58 2024 SE Asia Standard Time elapsed time: 0.862261 seconds (0d 0h 0m 0s)

---------------  T H R E A D  ---------------

Current thread (0x00000201091a5ee0):  JavaThread "C2 CompilerThread3" daemon [_thread_in_native, id=24260, stack(0x0000002190200000,0x0000002190300000) (1024K)]


Current CompileTask:
C2:862 2725       4       net.miginfocom.layout.LayoutUtil::calculateSerial (616 bytes)

Stack: [0x0000002190200000,0x0000002190300000]
Native frames: (J=compiled Java code, j=interpreted, Vv=VM code, C=native code)
V  [jvm.dll+0x6e2349]  (no source info available)
V  [jvm.dll+0x874ed3]  (no source info available)
V  [jvm.dll+0x8772fe]  (no source info available)
V  [jvm.dll+0x8779d3]  (no source info available)
V  [jvm.dll+0x27fcb6]  (no source info available)
V  [jvm.dll+0xc3d0f]  (no source info available)
V  [jvm.dll+0xc3f6b]  (no source info available)
V  [jvm.dll+0x2f3b6f]  (no source info available)
V  [jvm.dll+0x60bd8a]  (no source info available)
V  [jvm.dll+0x2499d6]  (no source info available)
V  [jvm.dll+0x246eb6]  (no source info available)
V  [jvm.dll+0x1c4e90]  (no source info available)
V  [jvm.dll+0x25699e]  (no source info available)
V  [jvm.dll+0x254c5a]  (no source info available)
V  [jvm.dll+0x3f5426]  (no source info available)
V  [jvm.dll+0x81d50b]  (no source info available)
V  [jvm.dll+0x6e09e5]  (no source info available)
C  [ucrtbase.dll+0x29333]  (no source info available)
C  [KERNEL32.DLL+0x1257d]  (no source info available)
C  [ntdll.dll+0x5aa48]  (no source info available)


---------------  P R O C E S S  ---------------

Threads class SMR info:
_java_thread_list=0x000002010a74e9b0, length=27, elements={
0x00000200c34e9590, 0x00000200c34ea0e0, 0x00000200c34ead60, 0x00000200c34ebb10,
0x00000200c34eecd0, 0x00000200c34f2d50, 0x00000200c34f5af0, 0x00000200c34fc5d0,
0x00000200c34bc420, 0x00000200c3744610, 0x00000200c374a800, 0x00000200c3765d20,
0x00000200c379e370, 0x00000200c38606b0, 0x00000200c3a272a0, 0x000002010902bfa0,
0x0000020109032a30, 0x0000020109071340, 0x00000201091a5ee0, 0x00000201097407d0,
0x00000200a3a6f7a0, 0x000002010a1ded20, 0x000002010a080d10, 0x000002010a447fa0,
0x000002010abb5e90, 0x000002010a5072a0, 0x000002010a5a3910
}

Java Threads: ( => current thread )
  0x00000200c34e9590 JavaThread "Reference Handler"          daemon [_thread_blocked, id=17972, stack(0x000000218f000000,0x000000218f100000) (1024K)]
  0x00000200c34ea0e0 JavaThread "Finalizer"                  daemon [_thread_blocked, id=9608, stack(0x000000218f100000,0x000000218f200000) (1024K)]
  0x00000200c34ead60 JavaThread "Signal Dispatcher"          daemon [_thread_blocked, id=19708, stack(0x000000218f200000,0x000000218f300000) (1024K)]
  0x00000200c34ebb10 JavaThread "Attach Listener"            daemon [_thread_blocked, id=15504, stack(0x000000218f300000,0x000000218f400000) (1024K)]
  0x00000200c34eecd0 JavaThread "Service Thread"             daemon [_thread_blocked, id=15992, stack(0x000000218f400000,0x000000218f500000) (1024K)]
  0x00000200c34f2d50 JavaThread "Monitor Deflation Thread"   daemon [_thread_blocked, id=2792, stack(0x000000218f500000,0x000000218f600000) (1024K)]
  0x00000200c34f5af0 JavaThread "C2 CompilerThread0"         daemon [_thread_in_native, id=3796, stack(0x000000218f600000,0x000000218f700000) (1024K)]
  0x00000200c34fc5d0 JavaThread "C1 CompilerThread0"         daemon [_thread_blocked, id=22576, stack(0x000000218f700000,0x000000218f800000) (1024K)]
  0x00000200c34bc420 JavaThread "Common-Cleaner"             daemon [_thread_blocked, id=19004, stack(0x000000218f800000,0x000000218f900000) (1024K)]
  0x00000200c3744610 JavaThread "C1 CompilerThread1"         daemon [_thread_blocked, id=7724, stack(0x000000218f900000,0x000000218fa00000) (1024K)]
  0x00000200c374a800 JavaThread "C1 CompilerThread2"         daemon [_thread_blocked, id=18788, stack(0x000000218fa00000,0x000000218fb00000) (1024K)]
  0x00000200c3765d20 JavaThread "C1 CompilerThread3"         daemon [_thread_blocked, id=19636, stack(0x000000218fb00000,0x000000218fc00000) (1024K)]
  0x00000200c379e370 JavaThread "C2 CompilerThread1"         daemon [_thread_in_native, id=18444, stack(0x000000218fc00000,0x000000218fd00000) (1024K)]
  0x00000200c38606b0 JavaThread "Notification Thread"        daemon [_thread_blocked, id=18068, stack(0x000000218fd00000,0x000000218fe00000) (1024K)]
  0x00000200c3a272a0 JavaThread "Java2D Disposer"            daemon [_thread_blocked, id=12056, stack(0x000000218fe00000,0x000000218ff00000) (1024K)]
  0x000002010902bfa0 JavaThread "AWT-Shutdown"                      [_thread_blocked, id=10924, stack(0x000000218ff00000,0x0000002190000000) (1024K)]
  0x0000020109032a30 JavaThread "AWT-Windows"                daemon [_thread_in_native, id=13640, stack(0x0000002190000000,0x0000002190100000) (1024K)]
  0x0000020109071340 JavaThread "C2 CompilerThread2"         daemon [_thread_in_native, id=5212, stack(0x0000002190100000,0x0000002190200000) (1024K)]
=>0x00000201091a5ee0 JavaThread "C2 CompilerThread3"         daemon [_thread_in_native, id=24260, stack(0x0000002190200000,0x0000002190300000) (1024K)]
  0x00000201097407d0 JavaThread "AWT-EventQueue-0"                  [_thread_blocked, id=16196, stack(0x0000002190300000,0x0000002190400000) (1024K)]
  0x00000200a3a6f7a0 JavaThread "DestroyJavaVM"                     [_thread_blocked, id=23652, stack(0x000000218e800000,0x000000218e900000) (1024K)]
  0x000002010a1ded20 JavaThread "TimerQueue"                 daemon [_thread_blocked, id=21048, stack(0x0000002190400000,0x0000002190500000) (1024K)]
  0x000002010a080d10 JavaThread "Image Fetcher 0"            daemon [_thread_blocked, id=19896, stack(0x0000002190500000,0x0000002190600000) (1024K)]
  0x000002010a447fa0 JavaThread "C2 CompilerThread4"         daemon [_thread_in_native, id=22100, stack(0x0000002191500000,0x0000002191600000) (1024K)]
  0x000002010abb5e90 JavaThread "C2 CompilerThread5"         daemon [_thread_in_native, id=3200, stack(0x0000002191600000,0x0000002191700000) (1024K)]
  0x000002010a5072a0 JavaThread "C2 CompilerThread6"         daemon [_thread_in_native, id=19000, stack(0x0000002191700000,0x0000002191800000) (1024K)]
  0x000002010a5a3910 JavaThread "C2 CompilerThread7"         daemon [_thread_in_native, id=21488, stack(0x0000002191800000,0x0000002191900000) (1024K)]
Total: 27

Other Threads:
  0x00000200c34d6d60 VMThread "VM Thread"                           [id=24040, stack(0x000000218ef00000,0x000000218f000000) (1024K)]
  0x00000200c34bb5c0 WatcherThread "VM Periodic Task Thread"        [id=21336, stack(0x000000218ee00000,0x000000218ef00000) (1024K)]
  0x00000200a3ad4e90 WorkerThread "GC Thread#0"                     [id=23172, stack(0x000000218e900000,0x000000218ea00000) (1024K)]
  0x000002010a473fd0 WorkerThread "GC Thread#1"                     [id=21664, stack(0x0000002190900000,0x0000002190a00000) (1024K)]
  0x000002010a3d0be0 WorkerThread "GC Thread#2"                     [id=20680, stack(0x0000002190a00000,0x0000002190b00000) (1024K)]
  0x000002010a3d0f90 WorkerThread "GC Thread#3"                     [id=11408, stack(0x0000002190b00000,0x0000002190c00000) (1024K)]
  0x000002010a3d1340 WorkerThread "GC Thread#4"                     [id=16912, stack(0x0000002190c00000,0x0000002190d00000) (1024K)]
  0x000002010a29e6f0 WorkerThread "GC Thread#5"                     [id=9532, stack(0x0000002190d00000,0x0000002190e00000) (1024K)]
  0x000002010a451170 WorkerThread "GC Thread#6"                     [id=17432, stack(0x0000002190e00000,0x0000002190f00000) (1024K)]
  0x000002010a451520 WorkerThread "GC Thread#7"                     [id=13516, stack(0x0000002190f00000,0x0000002191000000) (1024K)]
  0x000002010a4ee610 WorkerThread "GC Thread#8"                     [id=13096, stack(0x0000002191000000,0x0000002191100000) (1024K)]
  0x000002010a4eedd0 WorkerThread "GC Thread#9"                     [id=17732, stack(0x0000002191100000,0x0000002191200000) (1024K)]
  0x000002010a4ef180 WorkerThread "GC Thread#10"                    [id=5020, stack(0x0000002191200000,0x0000002191300000) (1024K)]
  0x000002010a4f0490 WorkerThread "GC Thread#11"                    [id=19560, stack(0x0000002191300000,0x0000002191400000) (1024K)]
  0x000002010a4ef980 WorkerThread "GC Thread#12"                    [id=6884, stack(0x0000002191400000,0x0000002191500000) (1024K)]
  0x00000200a3ae76b0 ConcurrentGCThread "G1 Main Marker"            [id=19864, stack(0x000000218ea00000,0x000000218eb00000) (1024K)]
  0x00000200a3ae8270 WorkerThread "G1 Conc#0"                       [id=21384, stack(0x000000218eb00000,0x000000218ec00000) (1024K)]
  0x00000200c338a680 ConcurrentGCThread "G1 Refine#0"               [id=19672, stack(0x000000218ec00000,0x000000218ed00000) (1024K)]
  0x00000200c338aeb0 ConcurrentGCThread "G1 Service"                [id=20448, stack(0x000000218ed00000,0x000000218ee00000) (1024K)]
Total: 19

Threads with active compile tasks:
C2 CompilerThread0  898 2830 %     4       sun.java2d.marlin.Renderer::_endRendering @ 808 (2646 bytes)
C2 CompilerThread1  898 2541   !   4       sun.font.FontDesignMetrics::getMetrics (265 bytes)
C2 CompilerThread2  898 2555       4       javax.swing.GroupLayout$Group::calculateAutopadding (78 bytes)
C2 CompilerThread3  898 2725       4       net.miginfocom.layout.LayoutUtil::calculateSerial (616 bytes)
C2 CompilerThread4  898 2644       4       sun.swing.SwingUtilities2::getFontCharWidth (15 bytes)
C2 CompilerThread5  898 2643       4       sun.swing.SwingUtilities2::getFontCharsWidth (45 bytes)
C2 CompilerThread6  898 2660       4       java.awt.Font::getStringBounds (231 bytes)
C2 CompilerThread7  898 2848       4       sun.java2d.marlin.MarlinTileGenerator::getAlphaRLE (1749 bytes)
Total: 8

VM state: not at safepoint (normal execution)

VM Mutex/Monitor currently owned by a thread: None

Heap address: 0x0000000703600000, size: 4042 MB, Compressed Oops mode: Zero based, Oop shift amount: 3

CDS archive(s) mapped at: [0x00000200c4000000-0x00000200c4c60000-0x00000200c4c60000), size 12976128, SharedBaseAddress: 0x00000200c4000000, ArchiveRelocationMode: 1.
Compressed class space mapped at: 0x00000200c5000000-0x0000020105000000, reserved size: 1073741824
Narrow klass base: 0x00000200c4000000, Narrow klass shift: 0, Narrow klass range: 0x41000000

GC Precious Log:
 CardTable entry size: 512
 Card Set container configuration: InlinePtr #cards 4 size 8 Array Of Cards #cards 16 size 48 Howl #buckets 8 coarsen threshold 3686 Howl Bitmap #cards 512 size 80 coarsen threshold 460 Card regions per heap region 1 cards per card region 4096
 CPUs: 16 total, 16 available
 Memory: 16163M
 Large Page Support: Disabled
 NUMA Support: Disabled
 Compressed Oops: Enabled (Zero based)
 Heap Region Size: 2M
 Heap Min Capacity: 8M
 Heap Initial Capacity: 254M
 Heap Max Capacity: 4042M
 Pre-touch: Disabled
 Parallel Workers: 13
 Concurrent Workers: 3
 Concurrent Refinement Workers: 13
 Periodic GC: Disabled

Heap:
 garbage-first heap   total reserved 4139008K, committed 260096K, used 37405K [0x0000000703600000, 0x0000000800000000)
  region size 2048K, 10 young (20480K), 2 survivors (4096K)
 Metaspace       used 14374K, committed 14656K, reserved 1114112K
  class space    used 1596K, committed 1728K, reserved 1048576K

Heap Regions: E=young(eden), S=young(survivor), O=old, HS=humongous(starts), HC=humongous(continues), CS=collection set, F=free, TAMS=top-at-mark-start, PB=parsable bottom
|   0|0x0000000703600000, 0x0000000703800000, 0x0000000703800000|100%|HS|  |TAMS 0x0000000703600000| PB 0x0000000703600000| Complete |  0
|   1|0x0000000703800000, 0x0000000703a00000, 0x0000000703a00000|100%|HC|  |TAMS 0x0000000703800000| PB 0x0000000703800000| Complete |  0
|   2|0x0000000703a00000, 0x0000000703c00000, 0x0000000703c00000|100%|HC|  |TAMS 0x0000000703a00000| PB 0x0000000703a00000| Complete |  0
|   3|0x0000000703c00000, 0x0000000703e00000, 0x0000000703e00000|100%|HS|  |TAMS 0x0000000703c00000| PB 0x0000000703c00000| Complete |  0
|   4|0x0000000703e00000, 0x0000000704000000, 0x0000000704000000|100%|HC|  |TAMS 0x0000000703e00000| PB 0x0000000703e00000| Complete |  0
|   5|0x0000000704000000, 0x00000007040874c0, 0x0000000704200000| 26%| O|  |TAMS 0x0000000704000000| PB 0x0000000704000000| Untracked |  0
|   6|0x0000000704200000, 0x0000000704400000, 0x0000000704400000|100%|HS|  |TAMS 0x0000000704200000| PB 0x0000000704200000| Complete |  0
|   7|0x0000000704400000, 0x0000000704600000, 0x0000000704600000|100%|HC|  |TAMS 0x0000000704400000| PB 0x0000000704400000| Complete |  0
|   8|0x0000000704600000, 0x0000000704800000, 0x0000000704800000|100%|HC|  |TAMS 0x0000000704600000| PB 0x0000000704600000| Complete |  0
|   9|0x0000000704800000, 0x0000000704a00000, 0x0000000704a00000|100%|HC|  |TAMS 0x0000000704800000| PB 0x0000000704800000| Complete |  0
|  10|0x0000000704a00000, 0x0000000704a00000, 0x0000000704c00000|  0%| F|  |TAMS 0x0000000704a00000| PB 0x0000000704a00000| Untracked |  0
|  11|0x0000000704c00000, 0x0000000704c00000, 0x0000000704e00000|  0%| F|  |TAMS 0x0000000704c00000| PB 0x0000000704c00000| Untracked |  0
|  12|0x0000000704e00000, 0x0000000704e00000, 0x0000000705000000|  0%| F|  |TAMS 0x0000000704e00000| PB 0x0000000704e00000| Untracked |  0
|  13|0x0000000705000000, 0x0000000705000000, 0x0000000705200000|  0%| F|  |TAMS 0x0000000705000000| PB 0x0000000705000000| Untracked |  0
|  14|0x0000000705200000, 0x0000000705200000, 0x0000000705400000|  0%| F|  |TAMS 0x0000000705200000| PB 0x0000000705200000| Untracked |  0
|  15|0x0000000705400000, 0x0000000705400000, 0x0000000705600000|  0%| F|  |TAMS 0x0000000705400000| PB 0x0000000705400000| Untracked |  0
|  16|0x0000000705600000, 0x0000000705600000, 0x0000000705800000|  0%| F|  |TAMS 0x0000000705600000| PB 0x0000000705600000| Untracked |  0
|  17|0x0000000705800000, 0x0000000705800000, 0x0000000705a00000|  0%| F|  |TAMS 0x0000000705800000| PB 0x0000000705800000| Untracked |  0
|  18|0x0000000705a00000, 0x0000000705a00000, 0x0000000705c00000|  0%| F|  |TAMS 0x0000000705a00000| PB 0x0000000705a00000| Untracked |  0
|  19|0x0000000705c00000, 0x0000000705c00000, 0x0000000705e00000|  0%| F|  |TAMS 0x0000000705c00000| PB 0x0000000705c00000| Untracked |  0
|  20|0x0000000705e00000, 0x0000000705e00000, 0x0000000706000000|  0%| F|  |TAMS 0x0000000705e00000| PB 0x0000000705e00000| Untracked |  0
|  21|0x0000000706000000, 0x0000000706000000, 0x0000000706200000|  0%| F|  |TAMS 0x0000000706000000| PB 0x0000000706000000| Untracked |  0
|  22|0x0000000706200000, 0x0000000706200000, 0x0000000706400000|  0%| F|  |TAMS 0x0000000706200000| PB 0x0000000706200000| Untracked |  0
|  23|0x0000000706400000, 0x0000000706400000, 0x0000000706600000|  0%| F|  |TAMS 0x0000000706400000| PB 0x0000000706400000| Untracked |  0
|  24|0x0000000706600000, 0x0000000706600000, 0x0000000706800000|  0%| F|  |TAMS 0x0000000706600000| PB 0x0000000706600000| Untracked |  0
|  25|0x0000000706800000, 0x0000000706800000, 0x0000000706a00000|  0%| F|  |TAMS 0x0000000706800000| PB 0x0000000706800000| Untracked |  0
|  26|0x0000000706a00000, 0x0000000706a00000, 0x0000000706c00000|  0%| F|  |TAMS 0x0000000706a00000| PB 0x0000000706a00000| Untracked |  0
|  27|0x0000000706c00000, 0x0000000706c00000, 0x0000000706e00000|  0%| F|  |TAMS 0x0000000706c00000| PB 0x0000000706c00000| Untracked |  0
|  28|0x0000000706e00000, 0x0000000706e00000, 0x0000000707000000|  0%| F|  |TAMS 0x0000000706e00000| PB 0x0000000706e00000| Untracked |  0
|  29|0x0000000707000000, 0x0000000707000000, 0x0000000707200000|  0%| F|  |TAMS 0x0000000707000000| PB 0x0000000707000000| Untracked |  0
|  30|0x0000000707200000, 0x0000000707200000, 0x0000000707400000|  0%| F|  |TAMS 0x0000000707200000| PB 0x0000000707200000| Untracked |  0
|  31|0x0000000707400000, 0x0000000707400000, 0x0000000707600000|  0%| F|  |TAMS 0x0000000707400000| PB 0x0000000707400000| Untracked |  0
|  32|0x0000000707600000, 0x0000000707600000, 0x0000000707800000|  0%| F|  |TAMS 0x0000000707600000| PB 0x0000000707600000| Untracked |  0
|  33|0x0000000707800000, 0x0000000707800000, 0x0000000707a00000|  0%| F|  |TAMS 0x0000000707800000| PB 0x0000000707800000| Untracked |  0
|  34|0x0000000707a00000, 0x0000000707a00000, 0x0000000707c00000|  0%| F|  |TAMS 0x0000000707a00000| PB 0x0000000707a00000| Untracked |  0
|  35|0x0000000707c00000, 0x0000000707c00000, 0x0000000707e00000|  0%| F|  |TAMS 0x0000000707c00000| PB 0x0000000707c00000| Untracked |  0
|  36|0x0000000707e00000, 0x0000000707e00000, 0x0000000708000000|  0%| F|  |TAMS 0x0000000707e00000| PB 0x0000000707e00000| Untracked |  0
|  37|0x0000000708000000, 0x0000000708000000, 0x0000000708200000|  0%| F|  |TAMS 0x0000000708000000| PB 0x0000000708000000| Untracked |  0
|  38|0x0000000708200000, 0x0000000708200000, 0x0000000708400000|  0%| F|  |TAMS 0x0000000708200000| PB 0x0000000708200000| Untracked |  0
|  39|0x0000000708400000, 0x0000000708400000, 0x0000000708600000|  0%| F|  |TAMS 0x0000000708400000| PB 0x0000000708400000| Untracked |  0
|  40|0x0000000708600000, 0x0000000708600000, 0x0000000708800000|  0%| F|  |TAMS 0x0000000708600000| PB 0x0000000708600000| Untracked |  0
|  41|0x0000000708800000, 0x0000000708800000, 0x0000000708a00000|  0%| F|  |TAMS 0x0000000708800000| PB 0x0000000708800000| Untracked |  0
|  42|0x0000000708a00000, 0x0000000708a00000, 0x0000000708c00000|  0%| F|  |TAMS 0x0000000708a00000| PB 0x0000000708a00000| Untracked |  0
|  43|0x0000000708c00000, 0x0000000708c00000, 0x0000000708e00000|  0%| F|  |TAMS 0x0000000708c00000| PB 0x0000000708c00000| Untracked |  0
|  44|0x0000000708e00000, 0x0000000708e00000, 0x0000000709000000|  0%| F|  |TAMS 0x0000000708e00000| PB 0x0000000708e00000| Untracked |  0
|  45|0x0000000709000000, 0x0000000709000000, 0x0000000709200000|  0%| F|  |TAMS 0x0000000709000000| PB 0x0000000709000000| Untracked |  0
|  46|0x0000000709200000, 0x0000000709200000, 0x0000000709400000|  0%| F|  |TAMS 0x0000000709200000| PB 0x0000000709200000| Untracked |  0
|  47|0x0000000709400000, 0x0000000709400000, 0x0000000709600000|  0%| F|  |TAMS 0x0000000709400000| PB 0x0000000709400000| Untracked |  0
|  48|0x0000000709600000, 0x0000000709600000, 0x0000000709800000|  0%| F|  |TAMS 0x0000000709600000| PB 0x0000000709600000| Untracked |  0
|  49|0x0000000709800000, 0x0000000709800000, 0x0000000709a00000|  0%| F|  |TAMS 0x0000000709800000| PB 0x0000000709800000| Untracked |  0
|  50|0x0000000709a00000, 0x0000000709a00000, 0x0000000709c00000|  0%| F|  |TAMS 0x0000000709a00000| PB 0x0000000709a00000| Untracked |  0
|  51|0x0000000709c00000, 0x0000000709c00000, 0x0000000709e00000|  0%| F|  |TAMS 0x0000000709c00000| PB 0x0000000709c00000| Untracked |  0
|  52|0x0000000709e00000, 0x0000000709e00000, 0x000000070a000000|  0%| F|  |TAMS 0x0000000709e00000| PB 0x0000000709e00000| Untracked |  0
|  53|0x000000070a000000, 0x000000070a000000, 0x000000070a200000|  0%| F|  |TAMS 0x000000070a000000| PB 0x000000070a000000| Untracked |  0
|  54|0x000000070a200000, 0x000000070a200000, 0x000000070a400000|  0%| F|  |TAMS 0x000000070a200000| PB 0x000000070a200000| Untracked |  0
|  55|0x000000070a400000, 0x000000070a400000, 0x000000070a600000|  0%| F|  |TAMS 0x000000070a400000| PB 0x000000070a400000| Untracked |  0
|  56|0x000000070a600000, 0x000000070a600000, 0x000000070a800000|  0%| F|  |TAMS 0x000000070a600000| PB 0x000000070a600000| Untracked |  0
|  57|0x000000070a800000, 0x000000070a800000, 0x000000070aa00000|  0%| F|  |TAMS 0x000000070a800000| PB 0x000000070a800000| Untracked |  0
|  58|0x000000070aa00000, 0x000000070aa00000, 0x000000070ac00000|  0%| F|  |TAMS 0x000000070aa00000| PB 0x000000070aa00000| Untracked |  0
|  59|0x000000070ac00000, 0x000000070ac00000, 0x000000070ae00000|  0%| F|  |TAMS 0x000000070ac00000| PB 0x000000070ac00000| Untracked |  0
|  60|0x000000070ae00000, 0x000000070ae00000, 0x000000070b000000|  0%| F|  |TAMS 0x000000070ae00000| PB 0x000000070ae00000| Untracked |  0
|  61|0x000000070b000000, 0x000000070b000000, 0x000000070b200000|  0%| F|  |TAMS 0x000000070b000000| PB 0x000000070b000000| Untracked |  0
|  62|0x000000070b200000, 0x000000070b200000, 0x000000070b400000|  0%| F|  |TAMS 0x000000070b200000| PB 0x000000070b200000| Untracked |  0
|  63|0x000000070b400000, 0x000000070b400000, 0x000000070b600000|  0%| F|  |TAMS 0x000000070b400000| PB 0x000000070b400000| Untracked |  0
|  64|0x000000070b600000, 0x000000070b600000, 0x000000070b800000|  0%| F|  |TAMS 0x000000070b600000| PB 0x000000070b600000| Untracked |  0
|  65|0x000000070b800000, 0x000000070b800000, 0x000000070ba00000|  0%| F|  |TAMS 0x000000070b800000| PB 0x000000070b800000| Untracked |  0
|  66|0x000000070ba00000, 0x000000070ba00000, 0x000000070bc00000|  0%| F|  |TAMS 0x000000070ba00000| PB 0x000000070ba00000| Untracked |  0
|  67|0x000000070bc00000, 0x000000070bc00000, 0x000000070be00000|  0%| F|  |TAMS 0x000000070bc00000| PB 0x000000070bc00000| Untracked |  0
|  68|0x000000070be00000, 0x000000070be00000, 0x000000070c000000|  0%| F|  |TAMS 0x000000070be00000| PB 0x000000070be00000| Untracked |  0
|  69|0x000000070c000000, 0x000000070c000000, 0x000000070c200000|  0%| F|  |TAMS 0x000000070c000000| PB 0x000000070c000000| Untracked |  0
|  70|0x000000070c200000, 0x000000070c200000, 0x000000070c400000|  0%| F|  |TAMS 0x000000070c200000| PB 0x000000070c200000| Untracked |  0
|  71|0x000000070c400000, 0x000000070c400000, 0x000000070c600000|  0%| F|  |TAMS 0x000000070c400000| PB 0x000000070c400000| Untracked |  0
|  72|0x000000070c600000, 0x000000070c600000, 0x000000070c800000|  0%| F|  |TAMS 0x000000070c600000| PB 0x000000070c600000| Untracked |  0
|  73|0x000000070c800000, 0x000000070c800000, 0x000000070ca00000|  0%| F|  |TAMS 0x000000070c800000| PB 0x000000070c800000| Untracked |  0
|  74|0x000000070ca00000, 0x000000070ca00000, 0x000000070cc00000|  0%| F|  |TAMS 0x000000070ca00000| PB 0x000000070ca00000| Untracked |  0
|  75|0x000000070cc00000, 0x000000070cc00000, 0x000000070ce00000|  0%| F|  |TAMS 0x000000070cc00000| PB 0x000000070cc00000| Untracked |  0
|  76|0x000000070ce00000, 0x000000070ce00000, 0x000000070d000000|  0%| F|  |TAMS 0x000000070ce00000| PB 0x000000070ce00000| Untracked |  0
|  77|0x000000070d000000, 0x000000070d000000, 0x000000070d200000|  0%| F|  |TAMS 0x000000070d000000| PB 0x000000070d000000| Untracked |  0
|  78|0x000000070d200000, 0x000000070d200000, 0x000000070d400000|  0%| F|  |TAMS 0x000000070d200000| PB 0x000000070d200000| Untracked |  0
|  79|0x000000070d400000, 0x000000070d400000, 0x000000070d600000|  0%| F|  |TAMS 0x000000070d400000| PB 0x000000070d400000| Untracked |  0
|  80|0x000000070d600000, 0x000000070d600000, 0x000000070d800000|  0%| F|  |TAMS 0x000000070d600000| PB 0x000000070d600000| Untracked |  0
|  81|0x000000070d800000, 0x000000070d800000, 0x000000070da00000|  0%| F|  |TAMS 0x000000070d800000| PB 0x000000070d800000| Untracked |  0
|  82|0x000000070da00000, 0x000000070da00000, 0x000000070dc00000|  0%| F|  |TAMS 0x000000070da00000| PB 0x000000070da00000| Untracked |  0
|  83|0x000000070dc00000, 0x000000070dc00000, 0x000000070de00000|  0%| F|  |TAMS 0x000000070dc00000| PB 0x000000070dc00000| Untracked |  0
|  84|0x000000070de00000, 0x000000070de00000, 0x000000070e000000|  0%| F|  |TAMS 0x000000070de00000| PB 0x000000070de00000| Untracked |  0
|  85|0x000000070e000000, 0x000000070e000000, 0x000000070e200000|  0%| F|  |TAMS 0x000000070e000000| PB 0x000000070e000000| Untracked |  0
|  86|0x000000070e200000, 0x000000070e200000, 0x000000070e400000|  0%| F|  |TAMS 0x000000070e200000| PB 0x000000070e200000| Untracked |  0
|  87|0x000000070e400000, 0x000000070e400000, 0x000000070e600000|  0%| F|  |TAMS 0x000000070e400000| PB 0x000000070e400000| Untracked |  0
|  88|0x000000070e600000, 0x000000070e600000, 0x000000070e800000|  0%| F|  |TAMS 0x000000070e600000| PB 0x000000070e600000| Untracked |  0
|  89|0x000000070e800000, 0x000000070e800000, 0x000000070ea00000|  0%| F|  |TAMS 0x000000070e800000| PB 0x000000070e800000| Untracked |  0
|  90|0x000000070ea00000, 0x000000070ea00000, 0x000000070ec00000|  0%| F|  |TAMS 0x000000070ea00000| PB 0x000000070ea00000| Untracked |  0
|  91|0x000000070ec00000, 0x000000070ec00000, 0x000000070ee00000|  0%| F|  |TAMS 0x000000070ec00000| PB 0x000000070ec00000| Untracked |  0
|  92|0x000000070ee00000, 0x000000070ee00000, 0x000000070f000000|  0%| F|  |TAMS 0x000000070ee00000| PB 0x000000070ee00000| Untracked |  0
|  93|0x000000070f000000, 0x000000070f000000, 0x000000070f200000|  0%| F|  |TAMS 0x000000070f000000| PB 0x000000070f000000| Untracked |  0
|  94|0x000000070f200000, 0x000000070f200000, 0x000000070f400000|  0%| F|  |TAMS 0x000000070f200000| PB 0x000000070f200000| Untracked |  0
|  95|0x000000070f400000, 0x000000070f400000, 0x000000070f600000|  0%| F|  |TAMS 0x000000070f400000| PB 0x000000070f400000| Untracked |  0
|  96|0x000000070f600000, 0x000000070f600000, 0x000000070f800000|  0%| F|  |TAMS 0x000000070f600000| PB 0x000000070f600000| Untracked |  0
|  97|0x000000070f800000, 0x000000070f800000, 0x000000070fa00000|  0%| F|  |TAMS 0x000000070f800000| PB 0x000000070f800000| Untracked |  0
|  98|0x000000070fa00000, 0x000000070fa00000, 0x000000070fc00000|  0%| F|  |TAMS 0x000000070fa00000| PB 0x000000070fa00000| Untracked |  0
|  99|0x000000070fc00000, 0x000000070fc00000, 0x000000070fe00000|  0%| F|  |TAMS 0x000000070fc00000| PB 0x000000070fc00000| Untracked |  0
| 100|0x000000070fe00000, 0x000000070fe00000, 0x0000000710000000|  0%| F|  |TAMS 0x000000070fe00000| PB 0x000000070fe00000| Untracked |  0
| 101|0x0000000710000000, 0x0000000710000000, 0x0000000710200000|  0%| F|  |TAMS 0x0000000710000000| PB 0x0000000710000000| Untracked |  0
| 102|0x0000000710200000, 0x0000000710200000, 0x0000000710400000|  0%| F|  |TAMS 0x0000000710200000| PB 0x0000000710200000| Untracked |  0
| 103|0x0000000710400000, 0x0000000710400000, 0x0000000710600000|  0%| F|  |TAMS 0x0000000710400000| PB 0x0000000710400000| Untracked |  0
| 104|0x0000000710600000, 0x0000000710600000, 0x0000000710800000|  0%| F|  |TAMS 0x0000000710600000| PB 0x0000000710600000| Untracked |  0
| 105|0x0000000710800000, 0x0000000710800000, 0x0000000710a00000|  0%| F|  |TAMS 0x0000000710800000| PB 0x0000000710800000| Untracked |  0
| 106|0x0000000710a00000, 0x0000000710a00000, 0x0000000710c00000|  0%| F|  |TAMS 0x0000000710a00000| PB 0x0000000710a00000| Untracked |  0
| 107|0x0000000710c00000, 0x0000000710c00000, 0x0000000710e00000|  0%| F|  |TAMS 0x0000000710c00000| PB 0x0000000710c00000| Untracked |  0
| 108|0x0000000710e00000, 0x0000000710e00000, 0x0000000711000000|  0%| F|  |TAMS 0x0000000710e00000| PB 0x0000000710e00000| Untracked |  0
| 109|0x0000000711000000, 0x0000000711000000, 0x0000000711200000|  0%| F|  |TAMS 0x0000000711000000| PB 0x0000000711000000| Untracked |  0
| 110|0x0000000711200000, 0x0000000711200000, 0x0000000711400000|  0%| F|  |TAMS 0x0000000711200000| PB 0x0000000711200000| Untracked |  0
| 111|0x0000000711400000, 0x0000000711400000, 0x0000000711600000|  0%| F|  |TAMS 0x0000000711400000| PB 0x0000000711400000| Untracked |  0
| 112|0x0000000711600000, 0x0000000711600000, 0x0000000711800000|  0%| F|  |TAMS 0x0000000711600000| PB 0x0000000711600000| Untracked |  0
| 113|0x0000000711800000, 0x0000000711a00000, 0x0000000711a00000|100%| S|CS|TAMS 0x0000000711800000| PB 0x0000000711800000| Complete |  0
| 114|0x0000000711a00000, 0x0000000711c00000, 0x0000000711c00000|100%| S|CS|TAMS 0x0000000711a00000| PB 0x0000000711a00000| Complete |  0
| 115|0x0000000711c00000, 0x0000000711c00000, 0x0000000711e00000|  0%| F|  |TAMS 0x0000000711c00000| PB 0x0000000711c00000| Untracked |  0
| 116|0x0000000711e00000, 0x0000000711e00000, 0x0000000712000000|  0%| F|  |TAMS 0x0000000711e00000| PB 0x0000000711e00000| Untracked |  0
| 117|0x0000000712000000, 0x0000000712000000, 0x0000000712200000|  0%| F|  |TAMS 0x0000000712000000| PB 0x0000000712000000| Untracked |  0
| 118|0x0000000712200000, 0x0000000712200000, 0x0000000712400000|  0%| F|  |TAMS 0x0000000712200000| PB 0x0000000712200000| Untracked |  0
| 119|0x0000000712400000, 0x00000007124b3390, 0x0000000712600000| 35%| E|  |TAMS 0x0000000712400000| PB 0x0000000712400000| Complete |  0
| 120|0x0000000712600000, 0x0000000712800000, 0x0000000712800000|100%| E|CS|TAMS 0x0000000712600000| PB 0x0000000712600000| Complete |  0
| 121|0x0000000712800000, 0x0000000712a00000, 0x0000000712a00000|100%| E|CS|TAMS 0x0000000712800000| PB 0x0000000712800000| Complete |  0
| 122|0x0000000712a00000, 0x0000000712c00000, 0x0000000712c00000|100%| E|CS|TAMS 0x0000000712a00000| PB 0x0000000712a00000| Complete |  0
| 123|0x0000000712c00000, 0x0000000712e00000, 0x0000000712e00000|100%| E|CS|TAMS 0x0000000712c00000| PB 0x0000000712c00000| Complete |  0
| 124|0x0000000712e00000, 0x0000000713000000, 0x0000000713000000|100%| E|CS|TAMS 0x0000000712e00000| PB 0x0000000712e00000| Complete |  0
| 125|0x0000000713000000, 0x0000000713200000, 0x0000000713200000|100%| E|CS|TAMS 0x0000000713000000| PB 0x0000000713000000| Complete |  0
| 126|0x0000000713200000, 0x0000000713400000, 0x0000000713400000|100%| E|CS|TAMS 0x0000000713200000| PB 0x0000000713200000| Complete |  0

Card table byte_map: [0x00000200bbe20000,0x00000200bc610000] _byte_map_base: 0x00000200b8605000

Marking Bits: (CMBitMap*) 0x00000200a3ad54a0
 Bits: [0x00000200bc610000, 0x00000200c0538000)

Polling page: 0x00000200a17d0000

Metaspace:

Usage:
  Non-class:     12.48 MB used.
      Class:      1.56 MB used.
       Both:     14.04 MB used.

Virtual space:
  Non-class space:       64.00 MB reserved,      12.62 MB ( 20%) committed,  1 nodes.
      Class space:        1.00 GB reserved,       1.69 MB ( <1%) committed,  1 nodes.
             Both:        1.06 GB reserved,      14.31 MB (  1%) committed. 

Chunk freelists:
   Non-Class:  2.89 MB
       Class:  14.21 MB
        Both:  17.10 MB

MaxMetaspaceSize: unlimited
CompressedClassSpaceSize: 1.00 GB
Initial GC threshold: 21.00 MB
Current GC threshold: 21.00 MB
CDS: on
 - commit_granule_bytes: 65536.
 - commit_granule_words: 8192.
 - virtual_space_node_default_size: 8388608.
 - enlarge_chunks_in_place: 1.
 - use_allocation_guard: 0.


Internal statistics:

num_allocs_failed_limit: 0.
num_arena_births: 244.
num_arena_deaths: 0.
num_vsnodes_births: 2.
num_vsnodes_deaths: 0.
num_space_committed: 229.
num_space_uncommitted: 0.
num_chunks_returned_to_freelist: 0.
num_chunks_taken_from_freelist: 400.
num_chunk_merges: 0.
num_chunk_splits: 236.
num_chunks_enlarged: 120.
num_inconsistent_stats: 0.

CodeHeap 'non-profiled nmethods': size=119168Kb used=878Kb max_used=878Kb free=118290Kb
 bounds [0x00000200b3950000, 0x00000200b3bc0000, 0x00000200badb0000]
CodeHeap 'profiled nmethods': size=119104Kb used=5685Kb max_used=5685Kb free=113418Kb
 bounds [0x00000200abdb0000, 0x00000200ac340000, 0x00000200b3200000]
CodeHeap 'non-nmethods': size=7488Kb used=3656Kb max_used=3678Kb free=3831Kb
 bounds [0x00000200b3200000, 0x00000200b35a0000, 0x00000200b3950000]
 total_blobs=3581 nmethods=2823 adapters=656
 compilation: enabled
              stopped_count=0, restarted_count=0
 full_count=0

Compilation events (20 events):
Event: 0.852 Thread 0x00000200c3765d20 nmethod 2808 0x00000200ac323790 code [0x00000200ac323980, 0x00000200ac323d80]
Event: 0.852 Thread 0x00000200c3744610 2812       3       javax.swing.LayoutComparator::compare (13 bytes)
Event: 0.852 Thread 0x00000200c374a800 2810       3       java.util.ArrayList::rangeCheckForAdd (26 bytes)
Event: 0.852 Thread 0x00000200c3744610 nmethod 2812 0x00000200ac323f90 code [0x00000200ac324140, 0x00000200ac324420]
Event: 0.852 Thread 0x00000200c3765d20 2813       3       java.util.ArrayList::listIterator (15 bytes)
Event: 0.852 Thread 0x00000200c3744610 2814       3       java.util.ArrayList$ListItr::<init> (16 bytes)
Event: 0.853 Thread 0x00000200c3744610 nmethod 2814 0x00000200ac324510 code [0x00000200ac3246c0, 0x00000200ac324968]
Event: 0.853 Thread 0x00000200c3765d20 nmethod 2813 0x00000200ac324a90 code [0x00000200ac324c80, 0x00000200ac325178]
Event: 0.853 Thread 0x00000200c374a800 nmethod 2810 0x00000200ac325390 code [0x00000200ac3255e0, 0x00000200ac325d98]
Event: 0.855 Thread 0x00000200c3765d20 2818       3       javax.swing.SortingFocusTraversalPolicy::mergeSort (259 bytes)
Event: 0.855 Thread 0x00000200c3744610 2820   !   3       java.util.ArrayList$ListItr::set (45 bytes)
Event: 0.855 Thread 0x00000200c374a800 2821       3       java.util.ArrayList::set (24 bytes)
Event: 0.855 Thread 0x00000200c374a800 nmethod 2821 0x00000200ac326090 code [0x00000200ac326240, 0x00000200ac326680]
Event: 0.856 Thread 0x00000200c34fc5d0 nmethod 2809 0x00000200ac326810 code [0x00000200ac326da0, 0x00000200ac32a5e8]
Event: 0.856 Thread 0x00000200c3744610 nmethod 2820 0x00000200ac32b510 code [0x00000200ac32b720, 0x00000200ac32bf18]
Event: 0.856 Thread 0x00000200c3765d20 nmethod 2818 0x00000200ac32c310 code [0x00000200ac32c5a0, 0x00000200ac32d7d8]
Event: 0.859 Thread 0x00000200c34f5af0 nmethod 2539% 0x00000200b3a26d90 code [0x00000200b3a26fe0, 0x00000200b3a28758]
Event: 0.860 Thread 0x00000200c34fc5d0 2822       3       java.util.IdentityHashMap$IdentityHashMapIterator::nextIndex (72 bytes)
Event: 0.861 Thread 0x00000200c34fc5d0 nmethod 2822 0x00000200ac32dd90 code [0x00000200ac32df60, 0x00000200ac32e328]
Event: 0.861 Thread 0x00000200c374a800 2823       3       sun.java2d.SunGraphics2D::invalidatePipe (41 bytes)

GC Heap History (2 events):
Event: 0.511 GC heap before
{Heap before GC invocations=0 (full 0):
 garbage-first heap   total reserved 4139008K, committed 260096K, used 34816K [0x0000000703600000, 0x0000000800000000)
  region size 2048K, 12 young (24576K), 0 survivors (0K)
 Metaspace       used 12481K, committed 12672K, reserved 1114112K
  class space    used 1471K, committed 1536K, reserved 1048576K
}
Event: 0.516 GC heap after
{Heap after GC invocations=1 (full 0):
 garbage-first heap   total reserved 4139008K, committed 260096K, used 14877K [0x0000000703600000, 0x0000000800000000)
  region size 2048K, 2 young (4096K), 2 survivors (4096K)
 Metaspace       used 12481K, committed 12672K, reserved 1114112K
  class space    used 1471K, committed 1536K, reserved 1048576K
}

Dll operation events (12 events):
Event: 0.005 Loaded shared library C:\Program Files\Java\jdk-22\bin\java.dll
Event: 0.026 Loaded shared library C:\Program Files\Java\jdk-22\bin\jsvml.dll
Event: 0.045 Loaded shared library C:\Program Files\Java\jdk-22\bin\net.dll
Event: 0.046 Loaded shared library C:\Program Files\Java\jdk-22\bin\nio.dll
Event: 0.059 Loaded shared library C:\Program Files\Java\jdk-22\bin\zip.dll
Event: 0.072 Loaded shared library C:\Program Files\Java\jdk-22\bin\jimage.dll
Event: 0.081 Loaded shared library C:\Program Files\Java\jdk-22\bin\awt.dll
Event: 0.148 Loaded shared library C:\Program Files\Java\jdk-22\bin\freetype.dll
Event: 0.149 Loaded shared library C:\Program Files\Java\jdk-22\bin\fontmanager.dll
Event: 0.282 Loaded shared library C:\Users\ACER\AppData\Local\Temp\flatlaf.temp\flatlaf-windows-x86_64-1145516114067000.dll
Event: 0.293 Loaded shared library C:\Program Files\Java\jdk-22\bin\verify.dll
Event: 0.371 Loaded shared library C:\Program Files\Java\jdk-22\bin\javajpeg.dll

Deoptimization events (20 events):
Event: 0.770 Thread 0x00000201097407d0 DEOPT PACKING pc=0x00000200b39d9414 sp=0x00000021903fc460
Event: 0.770 Thread 0x00000201097407d0 DEOPT UNPACKING pc=0x00000200b3257da2 sp=0x00000021903fc428 mode 2
Event: 0.778 Thread 0x00000201097407d0 DEOPT PACKING pc=0x00000200ac26a7b3 sp=0x00000021903fc490
Event: 0.779 Thread 0x00000201097407d0 DEOPT UNPACKING pc=0x00000200b32588e2 sp=0x00000021903fb8e0 mode 0
Event: 0.780 Thread 0x00000201097407d0 DEOPT PACKING pc=0x00000200ac26a792 sp=0x00000021903fc430
Event: 0.780 Thread 0x00000201097407d0 DEOPT UNPACKING pc=0x00000200b32588e2 sp=0x00000021903fb880 mode 0
Event: 0.780 Thread 0x00000201097407d0 DEOPT PACKING pc=0x00000200ac26a7b3 sp=0x00000021903fc430
Event: 0.780 Thread 0x00000201097407d0 DEOPT UNPACKING pc=0x00000200b32588e2 sp=0x00000021903fb880 mode 0
Event: 0.781 Thread 0x00000201097407d0 DEOPT PACKING pc=0x00000200ac26a792 sp=0x00000021903fc490
Event: 0.782 Thread 0x00000201097407d0 DEOPT UNPACKING pc=0x00000200b32588e2 sp=0x00000021903fb8e0 mode 0
Event: 0.782 Thread 0x00000201097407d0 DEOPT PACKING pc=0x00000200ac26a792 sp=0x00000021903fc580
Event: 0.782 Thread 0x00000201097407d0 DEOPT UNPACKING pc=0x00000200b32588e2 sp=0x00000021903fb9d0 mode 0
Event: 0.788 Thread 0x00000201097407d0 Uncommon trap: trap_request=0xffffff6e fr.pc=0x00000200b3a0c1a4 relative=0x0000000000002b04
Event: 0.788 Thread 0x00000201097407d0 Uncommon trap: reason=loop_limit_check action=maybe_recompile pc=0x00000200b3a0c1a4 method=javax.swing.GroupLayout$Group.calculateAutopadding(I)V @ 13 c2
Event: 0.788 Thread 0x00000201097407d0 DEOPT PACKING pc=0x00000200b3a0c1a4 sp=0x00000021903fe370
Event: 0.788 Thread 0x00000201097407d0 DEOPT UNPACKING pc=0x00000200b3257da2 sp=0x00000021903fe350 mode 2
Event: 0.818 Thread 0x00000201097407d0 Uncommon trap: trap_request=0xffffff6e fr.pc=0x00000200b3a1e5d4 relative=0x0000000000000094
Event: 0.818 Thread 0x00000201097407d0 Uncommon trap: reason=loop_limit_check action=maybe_recompile pc=0x00000200b3a1e5d4 method=javax.swing.GroupLayout$Group.unsetAutopadding()V @ 17 c2
Event: 0.819 Thread 0x00000201097407d0 DEOPT PACKING pc=0x00000200b3a1e5d4 sp=0x00000021903fe300
Event: 0.819 Thread 0x00000201097407d0 DEOPT UNPACKING pc=0x00000200b3257da2 sp=0x00000021903fe2a8 mode 2

Classes loaded (20 events):
Event: 0.856 Loading class java/awt/DefaultKeyboardFocusManager$TypeAheadMarker
Event: 0.856 Loading class java/awt/DefaultKeyboardFocusManager$TypeAheadMarker done
Event: 0.857 Loading class java/awt/KeyboardFocusManager$LightweightFocusRequest
Event: 0.857 Loading class java/awt/KeyboardFocusManager$LightweightFocusRequest done
Event: 0.859 Loading class java/awt/Container$MouseEventTargetFilter
Event: 0.859 Loading class java/awt/Container$EventTargetFilter
Event: 0.859 Loading class java/awt/Container$EventTargetFilter done
Event: 0.859 Loading class java/awt/Container$MouseEventTargetFilter done
Event: 0.859 Loading class java/awt/LightweightDispatcher$1
Event: 0.859 Loading class java/awt/LightweightDispatcher$1 done
Event: 0.859 Loading class java/awt/event/AWTEventListenerProxy
Event: 0.859 Loading class java/awt/event/AWTEventListenerProxy done
Event: 0.859 Loading class java/awt/Toolkit$SelectiveAWTEventListener
Event: 0.859 Loading class java/awt/Toolkit$SelectiveAWTEventListener done
Event: 0.859 Loading class java/awt/Toolkit$ToolkitEventMulticaster
Event: 0.859 Loading class java/awt/Toolkit$ToolkitEventMulticaster done
Event: 0.859 Loading class java/awt/TextComponent
Event: 0.860 Loading class java/awt/TextComponent done
Event: 0.861 Loading class java/awt/geom/Path2D$Float$CopyIterator
Event: 0.861 Loading class java/awt/geom/Path2D$Float$CopyIterator done

Classes unloaded (0 events):
No events

Classes redefined (0 events):
No events

Internal exceptions (20 events):
Event: 0.262 Thread 0x00000201097407d0 Exception <a 'java/lang/NoSuchMethodError'{0x0000000712995c08}: 'java.lang.Object java.lang.invoke.Invokers$Holder.invokeExact_MT(java.lang.Object, java.lang.Object, java.lang.Object, java.lang.Object, java.lang.Object, java.lang.Object)'> (0x0000000712995c08) 
thrown [s\open\src\hotspot\share\interpreter\linkResolver.cpp, line 774]
Event: 0.274 Thread 0x00000201097407d0 Exception <a 'java/lang/NoSuchMethodError'{0x0000000712635b90}: 'int java.lang.invoke.Invokers$Holder.invokeExact_MT(java.lang.Object, java.lang.Object)'> (0x0000000712635b90) 
thrown [s\open\src\hotspot\share\interpreter\linkResolver.cpp, line 774]
Event: 0.277 Thread 0x00000201097407d0 Exception <a 'sun/nio/fs/WindowsException'{0x0000000712658700}> (0x0000000712658700) 
thrown [s\open\src\hotspot\share\prims\jni.cpp, line 520]
Event: 0.297 Thread 0x00000201097407d0 Exception <a 'java/lang/NoSuchMethodError'{0x00000007126f5548}: 'java.lang.Object java.lang.invoke.DirectMethodHandle$Holder.invokeVirtual(java.lang.Object, java.lang.Object, java.lang.Object, java.lang.Object)'> (0x00000007126f5548) 
thrown [s\open\src\hotspot\share\interpreter\linkResolver.cpp, line 774]
Event: 0.313 Thread 0x00000201097407d0 Exception <a 'java/lang/NoSuchMethodError'{0x00000007127567b0}: 'void java.lang.invoke.DirectMethodHandle$Holder.invokeVirtual(java.lang.Object, java.lang.Object)'> (0x00000007127567b0) 
thrown [s\open\src\hotspot\share\interpreter\linkResolver.cpp, line 774]
Event: 0.315 Thread 0x00000201097407d0 Exception <a 'java/lang/NoSuchMethodError'{0x0000000712766370}: 'int java.lang.invoke.DirectMethodHandle$Holder.invokeSpecial(java.lang.Object, java.lang.Object, java.lang.Object)'> (0x0000000712766370) 
thrown [s\open\src\hotspot\share\interpreter\linkResolver.cpp, line 774]
Event: 0.373 Thread 0x000002010a080d10 Exception <a 'java/lang/NoSuchMethodError'{0x000000071229d2a8}: 'java.lang.Object java.lang.invoke.DirectMethodHandle$Holder.newInvokeSpecial(java.lang.Object, java.lang.Object, java.lang.Object, int, int, int, int, int)'> (0x000000071229d2a8) 
thrown [s\open\src\hotspot\share\interpreter\linkResolver.cpp, line 774]
Event: 0.401 Thread 0x00000201097407d0 Exception <a 'java/lang/NoSuchMethodError'{0x0000000712452230}: 'void java.lang.invoke.DirectMethodHandle$Holder.invokeStaticInit(java.lang.Object)'> (0x0000000712452230) 
thrown [s\open\src\hotspot\share\interpreter\linkResolver.cpp, line 774]
Event: 0.464 Thread 0x00000201097407d0 Exception <a 'java/lang/ClassNotFoundException'{0x0000000711c15cb0}: java/lang/ObjectCustomizer> (0x0000000711c15cb0) 
thrown [s\open\src\hotspot\share\classfile\systemDictionary.cpp, line 313]
Event: 0.466 Thread 0x00000201097407d0 Exception <a 'java/lang/NoSuchMethodError'{0x0000000711c1c8c0}: 'java.lang.Object java.lang.invoke.DirectMethodHandle$Holder.invokeInterface(java.lang.Object, java.lang.Object)'> (0x0000000711c1c8c0) 
thrown [s\open\src\hotspot\share\interpreter\linkResolver.cpp, line 774]
Event: 0.467 Thread 0x00000201097407d0 Exception <a 'java/lang/IncompatibleClassChangeError'{0x0000000711c1fde8}: Found class java.lang.Object, but interface was expected> (0x0000000711c1fde8) 
thrown [s\open\src\hotspot\share\interpreter\linkResolver.cpp, line 841]
Event: 0.476 Thread 0x00000201097407d0 Exception <a 'java/lang/ClassNotFoundException'{0x0000000711c5db40}: net/miginfocom/layout/UnitValueCustomizer> (0x0000000711c5db40) 
thrown [s\open\src\hotspot\share\classfile\systemDictionary.cpp, line 313]
Event: 0.477 Thread 0x00000201097407d0 Exception <a 'java/lang/ClassNotFoundException'{0x0000000711c6f410}: java/lang/ObjectCustomizer> (0x0000000711c6f410) 
thrown [s\open\src\hotspot\share\classfile\systemDictionary.cpp, line 313]
Event: 0.478 Thread 0x00000201097407d0 Exception <a 'java/lang/ClassNotFoundException'{0x0000000711c74738}: net/miginfocom/layout/BoundSizeCustomizer> (0x0000000711c74738) 
thrown [s\open\src\hotspot\share\classfile\systemDictionary.cpp, line 313]
Event: 0.672 Thread 0x00000201097407d0 Exception <a 'java/lang/NoSuchMethodError'{0x0000000712ca2cf8}: 'int java.lang.invoke.DirectMethodHandle$Holder.invokeVirtual(java.lang.Object, java.lang.Object)'> (0x0000000712ca2cf8) 
thrown [s\open\src\hotspot\share\interpreter\linkResolver.cpp, line 774]
Event: 0.676 Thread 0x00000201097407d0 Exception <a 'java/lang/NoSuchMethodError'{0x0000000712cbe4d0}: 'int java.lang.invoke.DirectMethodHandle$Holder.invokeSpecial(java.lang.Object, java.lang.Object, java.lang.Object, int)'> (0x0000000712cbe4d0) 
thrown [s\open\src\hotspot\share\interpreter\linkResolver.cpp, line 774]
Event: 0.678 Thread 0x00000201097407d0 Exception <a 'java/lang/NoSuchMethodError'{0x0000000712cd0f88}: 'java.lang.Object java.lang.invoke.DirectMethodHandle$Holder.invokeStatic(java.lang.Object, java.lang.Object, java.lang.Object, java.lang.Object, int)'> (0x0000000712cd0f88) 
thrown [s\open\src\hotspot\share\interpreter\linkResolver.cpp, line 774]
Event: 0.679 Thread 0x00000201097407d0 Exception <a 'java/lang/NoSuchMethodError'{0x0000000712cdc388}: 'int java.lang.invoke.DelegatingMethodHandle$Holder.reinvoke_L(java.lang.Object, java.lang.Object, int, int)'> (0x0000000712cdc388) 
thrown [s\open\src\hotspot\share\interpreter\linkResolver.cpp, line 774]
Event: 0.680 Thread 0x00000201097407d0 Exception <a 'java/lang/NoSuchMethodError'{0x0000000712cea750}: 'java.lang.Object java.lang.invoke.Invokers$Holder.invokeExact_MT(java.lang.Object, java.lang.Object, java.lang.Object, java.lang.Object, java.lang.Object)'> (0x0000000712cea750) 
thrown [s\open\src\hotspot\share\interpreter\linkResolver.cpp, line 774]
Event: 0.682 Thread 0x00000201097407d0 Implicit null exception at 0x00000200b399e3dd to 0x00000200b399e558

ZGC Phase Switch (0 events):
No events

VM Operations (20 events):
Event: 0.348 Executing VM operation: ICBufferFull
Event: 0.349 Executing VM operation: ICBufferFull done
Event: 0.472 Executing VM operation: HandshakeAllThreads (Deoptimize)
Event: 0.472 Executing VM operation: HandshakeAllThreads (Deoptimize) done
Event: 0.511 Executing VM operation: G1CollectForAllocation (G1 Evacuation Pause)
Event: 0.516 Executing VM operation: G1CollectForAllocation (G1 Evacuation Pause) done
Event: 0.564 Executing VM operation: HandshakeAllThreads (Deoptimize)
Event: 0.564 Executing VM operation: HandshakeAllThreads (Deoptimize) done
Event: 0.645 Executing VM operation: ICBufferFull
Event: 0.645 Executing VM operation: ICBufferFull done
Event: 0.704 Executing VM operation: HandshakeAllThreads (Deoptimize)
Event: 0.704 Executing VM operation: HandshakeAllThreads (Deoptimize) done
Event: 0.733 Executing VM operation: ICBufferFull
Event: 0.733 Executing VM operation: ICBufferFull done
Event: 0.739 Executing VM operation: HandshakeAllThreads (Deoptimize)
Event: 0.739 Executing VM operation: HandshakeAllThreads (Deoptimize) done
Event: 0.744 Executing VM operation: HandshakeAllThreads (Deoptimize)
Event: 0.744 Executing VM operation: HandshakeAllThreads (Deoptimize) done
Event: 0.851 Executing VM operation: HandshakeAllThreads (Deoptimize)
Event: 0.851 Executing VM operation: HandshakeAllThreads (Deoptimize) done

Events (20 events):
Event: 0.038 Thread 0x00000200c34bc420 Thread added: 0x00000200c34bc420
Event: 0.043 Thread 0x00000200c3744610 Thread added: 0x00000200c3744610
Event: 0.050 Thread 0x00000200c374a800 Thread added: 0x00000200c374a800
Event: 0.051 Thread 0x00000200c3765d20 Thread added: 0x00000200c3765d20
Event: 0.053 Thread 0x00000200c379e370 Thread added: 0x00000200c379e370
Event: 0.056 Thread 0x00000200c38606b0 Thread added: 0x00000200c38606b0
Event: 0.111 Thread 0x00000200c3a272a0 Thread added: 0x00000200c3a272a0
Event: 0.112 Thread 0x000002010902bfa0 Thread added: 0x000002010902bfa0
Event: 0.112 Thread 0x0000020109032a30 Thread added: 0x0000020109032a30
Event: 0.208 Thread 0x0000020109071340 Thread added: 0x0000020109071340
Event: 0.212 Thread 0x00000201091a5ee0 Thread added: 0x00000201091a5ee0
Event: 0.253 Thread 0x00000201097407d0 Thread added: 0x00000201097407d0
Event: 0.253 Thread 0x00000200a3a6f7a0 Thread exited: 0x00000200a3a6f7a0
Event: 0.253 Thread 0x00000200a3a6f7a0 Thread added: 0x00000200a3a6f7a0
Event: 0.340 Thread 0x000002010a1ded20 Thread added: 0x000002010a1ded20
Event: 0.344 Thread 0x000002010a080d10 Thread added: 0x000002010a080d10
Event: 0.663 Thread 0x000002010a447fa0 Thread added: 0x000002010a447fa0
Event: 0.812 Thread 0x000002010abb5e90 Thread added: 0x000002010abb5e90
Event: 0.825 Thread 0x000002010a5072a0 Thread added: 0x000002010a5072a0
Event: 0.834 Thread 0x000002010a5a3910 Thread added: 0x000002010a5a3910


Dynamic libraries:
0x00007ff676f80000 - 0x00007ff676f90000 	C:\Program Files\Java\jdk-22\bin\java.exe
0x00007ff902a90000 - 0x00007ff902ca7000 	C:\WINDOWS\SYSTEM32\ntdll.dll
0x00007ff9011b0000 - 0x00007ff901274000 	C:\WINDOWS\System32\KERNEL32.DLL
0x00007ff8fff30000 - 0x00007ff9002d7000 	C:\WINDOWS\System32\KERNELBASE.dll
0x00007ff9002e0000 - 0x00007ff9003f1000 	C:\WINDOWS\System32\ucrtbase.dll
0x00007ff859930000 - 0x00007ff85994b000 	C:\Program Files\Java\jdk-22\bin\VCRUNTIME140.dll
0x00007ff8f6420000 - 0x00007ff8f6437000 	C:\Program Files\Java\jdk-22\bin\jli.dll
0x00007ff900940000 - 0x00007ff9009f2000 	C:\WINDOWS\System32\ADVAPI32.dll
0x00007ff900a30000 - 0x00007ff900ad7000 	C:\WINDOWS\System32\msvcrt.dll
0x00007ff902450000 - 0x00007ff9024f8000 	C:\WINDOWS\System32\sechost.dll
0x00007ff8fff00000 - 0x00007ff8fff28000 	C:\WINDOWS\System32\bcrypt.dll
0x00007ff902930000 - 0x00007ff902a45000 	C:\WINDOWS\System32\RPCRT4.dll
0x00007ff9013f0000 - 0x00007ff90159e000 	C:\WINDOWS\System32\USER32.dll
0x00007ff8ffed0000 - 0x00007ff8ffef6000 	C:\WINDOWS\System32\win32u.dll
0x00007ff8d2cf0000 - 0x00007ff8d2f83000 	C:\WINDOWS\WinSxS\amd64_microsoft.windows.common-controls_6595b64144ccf1df_6.0.22621.3527_none_270e469b73872a76\COMCTL32.dll
0x00007ff900a00000 - 0x00007ff900a29000 	C:\WINDOWS\System32\GDI32.dll
0x00007ff9006a0000 - 0x00007ff9007b9000 	C:\WINDOWS\System32\gdi32full.dll
0x00007ff8ffe30000 - 0x00007ff8ffeca000 	C:\WINDOWS\System32\msvcp_win.dll
0x00007ff8f47c0000 - 0x00007ff8f47ca000 	C:\WINDOWS\SYSTEM32\VERSION.dll
0x00007ff902500000 - 0x00007ff902531000 	C:\WINDOWS\System32\IMM32.DLL
0x00007ff8b5170000 - 0x00007ff8b517c000 	C:\Program Files\Java\jdk-22\bin\vcruntime140_1.dll
0x00007ff859590000 - 0x00007ff85961e000 	C:\Program Files\Java\jdk-22\bin\msvcp140.dll
0x00007ff859950000 - 0x00007ff85a698000 	C:\Program Files\Java\jdk-22\bin\server\jvm.dll
0x00007ff900cb0000 - 0x00007ff900d21000 	C:\WINDOWS\System32\WS2_32.dll
0x00007ff8febf0000 - 0x00007ff8fec3d000 	C:\WINDOWS\SYSTEM32\POWRPROF.dll
0x00007ff8f61d0000 - 0x00007ff8f6204000 	C:\WINDOWS\SYSTEM32\WINMM.dll
0x00007ff8febd0000 - 0x00007ff8febe3000 	C:\WINDOWS\SYSTEM32\UMPDC.dll
0x00007ff8fee80000 - 0x00007ff8fee98000 	C:\WINDOWS\SYSTEM32\kernel.appcore.dll
0x00007ff8b4070000 - 0x00007ff8b407a000 	C:\Program Files\Java\jdk-22\bin\jimage.dll
0x00007ff8fd6a0000 - 0x00007ff8fd8d2000 	C:\WINDOWS\SYSTEM32\DBGHELP.DLL
0x00007ff902540000 - 0x00007ff9028c8000 	C:\WINDOWS\System32\combase.dll
0x00007ff902360000 - 0x00007ff902437000 	C:\WINDOWS\System32\OLEAUT32.dll
0x00007ff8d11b0000 - 0x00007ff8d11e2000 	C:\WINDOWS\SYSTEM32\dbgcore.DLL
0x00007ff8ffdb0000 - 0x00007ff8ffe29000 	C:\WINDOWS\System32\bcryptPrimitives.dll
0x00007ff8598d0000 - 0x00007ff8598ee000 	C:\Program Files\Java\jdk-22\bin\java.dll
0x00007ff9017f0000 - 0x00007ff90204c000 	C:\WINDOWS\System32\SHELL32.dll
0x00007ff9021b0000 - 0x00007ff902355000 	C:\WINDOWS\System32\ole32.dll
0x00007ff8fdcb0000 - 0x00007ff8fe5a6000 	C:\WINDOWS\SYSTEM32\windows.storage.dll
0x00007ff8fdb70000 - 0x00007ff8fdcae000 	C:\WINDOWS\SYSTEM32\wintypes.dll
0x00007ff900ae0000 - 0x00007ff900bd5000 	C:\WINDOWS\System32\SHCORE.dll
0x00007ff900be0000 - 0x00007ff900c3e000 	C:\WINDOWS\System32\shlwapi.dll
0x00007ff8ffce0000 - 0x00007ff8ffd01000 	C:\WINDOWS\SYSTEM32\profapi.dll
0x00007ff8597f0000 - 0x00007ff8598c7000 	C:\Program Files\Java\jdk-22\bin\jsvml.dll
0x00007ff8b2960000 - 0x00007ff8b2970000 	C:\Program Files\Java\jdk-22\bin\net.dll
0x00007ff8ff2f0000 - 0x00007ff8ff359000 	C:\WINDOWS\system32\mswsock.dll
0x00007ff8597d0000 - 0x00007ff8597e6000 	C:\Program Files\Java\jdk-22\bin\nio.dll
0x00007ff8597b0000 - 0x00007ff8597c7000 	C:\Program Files\Java\jdk-22\bin\zip.dll
0x00007ff859620000 - 0x00007ff8597ae000 	C:\Program Files\Java\jdk-22\bin\awt.dll
0x00007ff8fa510000 - 0x00007ff8fa5a7000 	C:\WINDOWS\SYSTEM32\apphelp.dll
0x00007ff8fa5d0000 - 0x00007ff8fa67b000 	C:\WINDOWS\system32\uxtheme.dll
0x00007ff902050000 - 0x00007ff9021a3000 	C:\WINDOWS\System32\MSCTF.dll
0x00007ff8fa7d0000 - 0x00007ff8fa7fb000 	C:\WINDOWS\system32\DWMAPI.DLL
0x00007ff8563b0000 - 0x00007ff856437000 	C:\Program Files\Java\jdk-22\bin\freetype.dll
0x00007ff8562d0000 - 0x00007ff8563a7000 	C:\Program Files\Java\jdk-22\bin\fontmanager.dll
0x00007ff8c1040000 - 0x00007ff8c1140000 	C:\WINDOWS\system32\opengl32.dll
0x00007ff8c0fc0000 - 0x00007ff8c0fed000 	C:\WINDOWS\SYSTEM32\GLU32.dll
0x00007ff8fcf00000 - 0x00007ff8fcf39000 	C:\WINDOWS\SYSTEM32\dxcore.dll
0x00007ff8f6280000 - 0x00007ff8f6286000 	C:\Users\ACER\AppData\Local\Temp\flatlaf.temp\flatlaf-windows-x86_64-1145516114067000.dll
0x00007ff8ae400000 - 0x00007ff8ae410000 	C:\Program Files\Java\jdk-22\bin\verify.dll
0x00007ff8efe20000 - 0x00007ff8efe4e000 	C:\Program Files\Java\jdk-22\bin\javajpeg.dll
0x00007ff901340000 - 0x00007ff9013f0000 	C:\WINDOWS\System32\clbcatq.dll
0x00007ff8f8e10000 - 0x00007ff8f8fc0000 	C:\WINDOWS\SYSTEM32\WindowsCodecs.dll
0x00007ff8c0840000 - 0x00007ff8c089e000 	C:\WINDOWS\system32\dataexchange.dll
0x00007ff8f7f80000 - 0x00007ff8f820b000 	C:\WINDOWS\system32\twinapi.appcore.dll
0x00007ff85f060000 - 0x00007ff85f067000 	C:\Program Files\Java\jdk-22\bin\jawt.dll
0x00007ff8f0770000 - 0x00007ff8f08bb000 	C:\WINDOWS\SYSTEM32\textinputframework.dll
0x00007ff8fa110000 - 0x00007ff8fa243000 	C:\WINDOWS\SYSTEM32\CoreMessaging.dll
0x00007ff8f1e10000 - 0x00007ff8f217c000 	C:\WINDOWS\SYSTEM32\CoreUIComponents.dll
0x00007ff8ff550000 - 0x00007ff8ff55c000 	C:\WINDOWS\SYSTEM32\CRYPTBASE.DLL

dbghelp: loaded successfully - version: 4.0.5 - missing functions: none
symbol engine: initialized successfully - sym options: 0x614 - pdb path: .;C:\Program Files\Java\jdk-22\bin;C:\WINDOWS\SYSTEM32;C:\WINDOWS\WinSxS\amd64_microsoft.windows.common-controls_6595b64144ccf1df_6.0.22621.3527_none_270e469b73872a76;C:\Program Files\Java\jdk-22\bin\server;C:\Users\ACER\AppData\Local\Temp\flatlaf.temp

VM Arguments:
jvm_args: -Dfile.encoding=UTF-8 --module-path=E:\IE003\UITravel\build\classes 
java_command: uitravel.AdminMain
java_class_path (initial): E:\IE003\UITravel\TimingFramework-0.55.jar;E:\IE003\UITravel\library\TimingFramework-0.55.jar;E:\IE003\UITravel\library\datechooser-swing-1.4.1.jar;E:\IE003\UITravel\library\flatlaf-3.4.1.jar;E:\IE003\UITravel\library\flatlaf-extras-3.4.1.jar;E:\IE003\UITravel\library\jsvg-1.4.0.jar;E:\IE003\UITravel\library\miglayout-4.0.jar;E:\IE003\UITravel\library\miglayout-core.jar;E:\IE003\UITravel\library\miglayout-swing.jar;E:\IE003\UITravel\library\svgSalamander-1.1.4.jar;E:\IE003\UITravel\library\swing-datetime-picker-1.2.0.jar;E:\IE003\UITravel\library\adyen-java-api-library-25.1.0.jar;C:\Program Files\NetBeans-21\netbeans\java\modules\ext\AbsoluteLayout.jar;E:\IE003\UITravel\build\classes
Launcher Type: SUN_STANDARD

[Global flags]
     intx CICompilerCount                          = 12                                        {product} {ergonomic}
     uint ConcGCThreads                            = 3                                         {product} {ergonomic}
     uint G1ConcRefinementThreads                  = 13                                        {product} {ergonomic}
   size_t G1HeapRegionSize                         = 2097152                                   {product} {ergonomic}
   size_t InitialHeapSize                          = 266338304                                 {product} {ergonomic}
   size_t MarkStackSize                            = 4194304                                   {product} {ergonomic}
   size_t MaxHeapSize                              = 4238344192                                {product} {ergonomic}
   size_t MaxNewSize                               = 2541748224                                {product} {ergonomic}
   size_t MinHeapDeltaBytes                        = 2097152                                   {product} {ergonomic}
   size_t MinHeapSize                              = 8388608                                   {product} {ergonomic}
    uintx NonNMethodCodeHeapSize                   = 7602480                                {pd product} {ergonomic}
    uintx NonProfiledCodeHeapSize                  = 122027880                              {pd product} {ergonomic}
    uintx ProfiledCodeHeapSize                     = 122027880                              {pd product} {ergonomic}
    uintx ReservedCodeCacheSize                    = 251658240                              {pd product} {ergonomic}
     bool SegmentedCodeCache                       = true                                      {product} {ergonomic}
   size_t SoftMaxHeapSize                          = 4238344192                             {manageable} {ergonomic}
     bool UseCompressedOops                        = true                           {product lp64_product} {ergonomic}
     bool UseG1GC                                  = true                                      {product} {ergonomic}
     bool UseLargePagesIndividualAllocation        = false                                  {pd product} {ergonomic}

Logging:
Log output configuration:
 #0: stdout all=warning uptime,level,tags foldmultilines=false
 #1: stderr all=off uptime,level,tags foldmultilines=false

Environment Variables:
JAVA_HOME=C:\Program Files\Java\jdk-22
PATH=C:\Program Files\Eclipse Adoptium\jdk-21.0.3.9-hotspot\bin;C:\Program Files\Common Files\Oracle\Java\javapath;C:\Program Files (x86)\Common Files\Oracle\Java\javapath;C:\Program Files\Eclipse Adoptium\jdk-21.0.2.13-hotspot\bin;C:\Program Files (x86)\Common Files\Intel\Shared Libraries\redist\intel64\compiler;C:\Program Files (x86)\Common Files\Intel\Shared Libraries\redist\ia32\compiler;C:\Windows\system32;C:\Windows;C:\Windows\System32\Wbem;C:\Windows\System32\WindowsPowerShell\v1.0\;C:\Windows\System32\OpenSSH\;C:\Program Files (x86)\NVIDIA Corporation\PhysX\Common;C:\Program Files\NVIDIA Corporation\NVIDIA NvDLISR;C:\Program Files (x86)\mingw-w64\i686-8.1.0-posix-dwarf-rt_v6-rev0\mingw32\bin;C:\WINDOWS\system32;C:\WINDOWS;C:\WINDOWS\System32\Wbem;C:\WINDOWS\System32\WindowsPowerShell\v1.0\;C:\WINDOWS\System32\OpenSSH\;C:\Program Files\Microsoft SQL Server\Client SDK\ODBC\170\Tools\Binn\;C:\Program Files (x86)\Microsoft SQL Server\150\Tools\Binn\;C:\Program Files\Microsoft SQL Server\150\Tools\Binn\;C:\Program Files\Microsoft SQL Server\150\DTS\Binn\;C:\Program Files (x86)\Microsoft SQL Server\150\DTS\Binn\;C:\Program Files\CMake\bin;C:\Program Files\Docker\Docker\resources\bin;C:\Program Files\dotnet\;C:\Program Files\nodejs\;C:\Program Files\Git\cmd;C:\Program Files\Cloudflare\Cloudflare WARP\;C:\Users\ACER\AppData\Local\Programs\Python\Python310\Scripts\;C:\Users\ACER\AppData\Local\Programs\Python\Python310\;C:\Users\ACER\AppData\Local\Microsoft\WindowsApps;C:\Users\ACER\AppData\Local\Programs\Microsoft VS Code\bin;C:\Program Files\Azure Data Studio\bin;C:\Users\ACER\AppData\Local\GitHubDesktop\bin;E:\Barebone\Compiler\win_flex_bison-2.5.4;C:\Users\ACER\AppData\Roaming\Microsoft\Windows\Start Menu\Programs\Python 3.10;C:\Users\ACER\.dotnet\tools;C:\Users\ACER\AppData\Roaming\npm;C:\Program Files (x86)\GnuWin32\bin;E:\nlp;E:\nlp\access;C:\Users\ACER\AppData\Local\Android\Sdk\emulator;C:\Users\ACER\AppData\Local\Android\android-sdk;C:\Users\ACER\AppData\Local\Android\Sdk\platform-tools;C:\Users\ACER\AppData\Local\Android\Sdk;C:\Users\ACER\AppData\Local\Android\android-sdk;C:\Program Files\Java\jdk-22\bin;C:\Program Files\Java\jre-1.8\bin;
USERNAME=ACER
OS=Windows_NT
PROCESSOR_IDENTIFIER=Intel64 Family 6 Model 141 Stepping 1, GenuineIntel
TMP=C:\Users\ACER\AppData\Local\Temp
TEMP=C:\Users\ACER\AppData\Local\Temp




Periodic native trim disabled

---------------  S Y S T E M  ---------------

OS:
 Windows 11 , 64 bit Build 22621 (10.0.22621.3527)
OS uptime: 1 days 7:49 hours
Hyper-V role detected

CPU: total 16 (initial active 16) (8 cores per cpu, 2 threads per core) family 6 model 141 stepping 1 microcode 0x3c, cx8, cmov, fxsr, ht, mmx, 3dnowpref, sse, sse2, sse3, ssse3, sse4.1, sse4.2, popcnt, lzcnt, tsc, tscinvbit, avx, avx2, aes, erms, clmul, bmi1, bmi2, adx, avx512f, avx512dq, avx512cd, avx512bw, avx512vl, sha, fma, vzeroupper, avx512_vpopcntdq, avx512_vpclmulqdq, avx512_vaes, avx512_vnni, clflush, clflushopt, clwb, avx512_vbmi2, avx512_vbmi, hv, rdtscp, rdpid, fsrm, gfni, avx512_bitalg, f16c, cet_ibt, cet_ss, avx512_ifma
Processor Information for all 16 processors :
  Max Mhz: 2304, Current Mhz: 2304, Mhz Limit: 2304

Memory: 4k page, system-wide physical 16163M (4553M free)
TotalPageFile size 18211M (AvailPageFile size 4M)
current process WorkingSet (physical memory assigned to process): 156M, peak: 156M
current process commit charge ("private bytes"): 417M, peak: 417M

vm_info: Java HotSpot(TM) 64-Bit Server VM (22+36-2370) for windows-amd64 JRE (22+36-2370), built on 2024-02-15T22:15:19Z by "mach5one" with MS VC++ 17.6 (VS2022)

END.
