#
# There is insufficient memory for the Java Runtime Environment to continue.
# Native memory allocation (malloc) failed to allocate 32744 bytes. Error detail: Chunk::new
# Possible reasons:
#   The system is out of physical RAM or swap space
#   This process is running with CompressedOops enabled, and the Java Heap may be blocking the growth of the native heap
# Possible solutions:
#   Reduce memory load on the system
#   Increase physical memory or swap space
#   Check if swap backing store is full
#   Decrease Java heap size (-Xmx/-Xms)
#   Decrease number of Java threads
#   Decrease Java thread stack sizes (-Xss)
#   Set larger code cache with -XX:ReservedCodeCacheSize=
#   JVM is running with Zero Based Compressed Oops mode in which the Java heap is
#     placed in the first 32GB address space. The Java Heap base address is the
#     maximum limit for the native heap growth. Please use -XX:HeapBaseMinAddress
#     to set the Java Heap base and to place the Java Heap above 32GB virtual address.
# This output file may be truncated or incomplete.
#
#  Out of Memory Error (arena.cpp:150), pid=25560, tid=9732
#
# JRE version: Java(TM) SE Runtime Environment (22.0+36) (build 22+36-2370)
# Java VM: Java HotSpot(TM) 64-Bit Server VM (22+36-2370, mixed mode, sharing, tiered, compressed oops, compressed class ptrs, g1 gc, windows-amd64)
# No core dump will be written. Minidumps are not enabled by default on client versions of Windows
#

---------------  S U M M A R Y ------------

Command Line: -Dfile.encoding=UTF-8 --module-path=E:\IE003\UITravel\build\classes uitravel.test

Host: 11th Gen Intel(R) Core(TM) i7-11800H @ 2.30GHz, 16 cores, 15G,  Windows 11 , 64 bit Build 22621 (10.0.22621.3527)
Time: Wed May 29 20:45:44 2024 SE Asia Standard Time elapsed time: 0.213464 seconds (0d 0h 0m 0s)

---------------  T H R E A D  ---------------

Current thread (0x00000242452a2800):  JavaThread "C1 CompilerThread1" daemon [_thread_in_native, id=9732, stack(0x0000007333300000,0x0000007333400000) (1024K)]


Current CompileTask:
C1:213  717       3       javax.swing.UIDefaults$TextAndMnemonicHashMap::get (358 bytes)

Stack: [0x0000007333300000,0x0000007333400000]
Native frames: (J=compiled Java code, j=interpreted, Vv=VM code, C=native code)
V  [jvm.dll+0x6e2349]  (no source info available)
V  [jvm.dll+0x874ed3]  (no source info available)
V  [jvm.dll+0x8772fe]  (no source info available)
V  [jvm.dll+0x8779d3]  (no source info available)
V  [jvm.dll+0x27fcb6]  (no source info available)
V  [jvm.dll+0xc3d0f]  (no source info available)
V  [jvm.dll+0xc3f6b]  (no source info available)
V  [jvm.dll+0x194a43]  (no source info available)
V  [jvm.dll+0x194b0d]  (no source info available)
V  [jvm.dll+0x1970f9]  (no source info available)
V  [jvm.dll+0x198714]  (no source info available)
V  [jvm.dll+0x153e45]  (no source info available)
V  [jvm.dll+0x1535c3]  (no source info available)
V  [jvm.dll+0x1538a0]  (no source info available)
V  [jvm.dll+0x152c1d]  (no source info available)
V  [jvm.dll+0x154add]  (no source info available)
V  [jvm.dll+0x25699e]  (no source info available)
V  [jvm.dll+0x254c5a]  (no source info available)
V  [jvm.dll+0x3f5426]  (no source info available)
V  [jvm.dll+0x81d50b]  (no source info available)
V  [jvm.dll+0x6e09e5]  (no source info available)
C  [ucrtbase.dll+0x29333]  (no source info available)
C  [KERNEL32.DLL+0x1257d]  (no source info available)
C  [ntdll.dll+0x5aa48]  (no source info available)


---------------  P R O C E S S  ---------------

Threads class SMR info:
_java_thread_list=0x000002424557df10, length=17, elements={
0x0000024249a65200, 0x0000024268b70e20, 0x0000024268b71e30, 0x0000024268b74080,
0x0000024268b75030, 0x0000024268b7a070, 0x0000024268b77da0, 0x0000024268b78f30,
0x0000024245168dd0, 0x0000024268b41420, 0x00000242452a2800, 0x0000024245357f60,
0x000002424537bbf0, 0x00000242453f7070, 0x0000024245532350, 0x000002424558a3d0,
0x000002424558ae50
}

Java Threads: ( => current thread )
  0x0000024249a65200 JavaThread "main"                              [_thread_in_vm, id=13300, stack(0x0000007332200000,0x0000007332300000) (1024K)]
  0x0000024268b70e20 JavaThread "Reference Handler"          daemon [_thread_blocked, id=27176, stack(0x0000007332a00000,0x0000007332b00000) (1024K)]
  0x0000024268b71e30 JavaThread "Finalizer"                  daemon [_thread_blocked, id=7576, stack(0x0000007332b00000,0x0000007332c00000) (1024K)]
  0x0000024268b74080 JavaThread "Signal Dispatcher"          daemon [_thread_blocked, id=24112, stack(0x0000007332c00000,0x0000007332d00000) (1024K)]
  0x0000024268b75030 JavaThread "Attach Listener"            daemon [_thread_blocked, id=27520, stack(0x0000007332d00000,0x0000007332e00000) (1024K)]
  0x0000024268b7a070 JavaThread "Service Thread"             daemon [_thread_blocked, id=3244, stack(0x0000007332e00000,0x0000007332f00000) (1024K)]
  0x0000024268b77da0 JavaThread "Monitor Deflation Thread"   daemon [_thread_blocked, id=11644, stack(0x0000007332f00000,0x0000007333000000) (1024K)]
  0x0000024268b78f30 JavaThread "C2 CompilerThread0"         daemon [_thread_in_native, id=16212, stack(0x0000007333000000,0x0000007333100000) (1024K)]
  0x0000024245168dd0 JavaThread "C1 CompilerThread0"         daemon [_thread_in_native, id=21804, stack(0x0000007333100000,0x0000007333200000) (1024K)]
  0x0000024268b41420 JavaThread "Common-Cleaner"             daemon [_thread_blocked, id=26868, stack(0x0000007333200000,0x0000007333300000) (1024K)]
=>0x00000242452a2800 JavaThread "C1 CompilerThread1"         daemon [_thread_in_native, id=9732, stack(0x0000007333300000,0x0000007333400000) (1024K)]
  0x0000024245357f60 JavaThread "Notification Thread"        daemon [_thread_blocked, id=21544, stack(0x0000007333400000,0x0000007333500000) (1024K)]
  0x000002424537bbf0 JavaThread "C2 CompilerThread1"         daemon [_thread_in_native, id=25304, stack(0x0000007333500000,0x0000007333600000) (1024K)]
  0x00000242453f7070 JavaThread "C1 CompilerThread2"         daemon [_thread_in_native, id=24588, stack(0x0000007333600000,0x0000007333700000) (1024K)]
  0x0000024245532350 JavaThread "Java2D Disposer"            daemon [_thread_blocked, id=13000, stack(0x0000007333700000,0x0000007333800000) (1024K)]
  0x000002424558a3d0 JavaThread "AWT-Shutdown"                      [_thread_blocked, id=11816, stack(0x0000007333800000,0x0000007333900000) (1024K)]
  0x000002424558ae50 JavaThread "AWT-Windows"                daemon [_thread_in_native, id=7824, stack(0x0000007333900000,0x0000007333a00000) (1024K)]
Total: 17

Other Threads:
  0x0000024268b5c590 VMThread "VM Thread"                           [id=17976, stack(0x0000007332900000,0x0000007332a00000) (1024K)]
  0x0000024268b40830 WatcherThread "VM Periodic Task Thread"        [id=16192, stack(0x0000007332800000,0x0000007332900000) (1024K)]
  0x0000024249ac2ff0 WorkerThread "GC Thread#0"                     [id=20568, stack(0x0000007332300000,0x0000007332400000) (1024K)]
  0x0000024249ad4630 ConcurrentGCThread "G1 Main Marker"            [id=18888, stack(0x0000007332400000,0x0000007332500000) (1024K)]
  0x0000024249ad5140 WorkerThread "G1 Conc#0"                       [id=20860, stack(0x0000007332500000,0x0000007332600000) (1024K)]
  0x0000024268a16480 ConcurrentGCThread "G1 Refine#0"               [id=16788, stack(0x0000007332600000,0x0000007332700000) (1024K)]
  0x0000024268a16e10 ConcurrentGCThread "G1 Service"                [id=18748, stack(0x0000007332700000,0x0000007332800000) (1024K)]
Total: 7

Threads with active compile tasks:
C2 CompilerThread0  222  731       4       jdk.internal.jimage.ImageStringsReader::unmaskedHashCode (166 bytes)
C1 CompilerThread0  222  732       3       java.util.zip.ZipFile$Source::getEntryPos (164 bytes)
C1 CompilerThread1  222  717       3       javax.swing.UIDefaults$TextAndMnemonicHashMap::get (358 bytes)
C2 CompilerThread1  222  739       4       jdk.internal.misc.Unsafe::putReferenceRelease (9 bytes)
C1 CompilerThread2  222  734       3       java.util.Properties$LineReader::readLine (584 bytes)
Total: 5

VM state: not at safepoint (normal execution)

VM Mutex/Monitor currently owned by a thread:  ([mutex/lock_event])
[0x00007ffd9f6bab48] Metaspace_lock - owner thread: 0x0000024249a65200

Heap address: 0x0000000703600000, size: 4042 MB, Compressed Oops mode: Zero based, Oop shift amount: 3

CDS archive(s) mapped at: [0x0000024200000000-0x0000024200c60000-0x0000024200c60000), size 12976128, SharedBaseAddress: 0x0000024200000000, ArchiveRelocationMode: 1.
Compressed class space mapped at: 0x0000024201000000-0x0000024241000000, reserved size: 1073741824
Narrow klass base: 0x0000024200000000, Narrow klass shift: 0, Narrow klass range: 0x41000000

GC Precious Log:
 CardTable entry size: 512
 Card Set container configuration: InlinePtr #cards 4 size 8 Array Of Cards #cards 16 size 48 Howl #buckets 8 coarsen threshold 3686 Howl Bitmap #cards 512 size 80 coarsen threshold 460 Card regions per heap region 1 cards per card region 4096
 CPUs: 16 total, 16 available
 Memory: 16163M
 Large Page Support: Disabled
 NUMA Support: Disabled
 Compressed Oops: Enabled (Zero based)
 Heap Region Size: 2M
 Heap Min Capacity: 8M
 Heap Initial Capacity: 254M
 Heap Max Capacity: 4042M
 Pre-touch: Disabled
 Parallel Workers: 13
 Concurrent Workers: 3
 Concurrent Refinement Workers: 13
 Periodic GC: Disabled

Heap:
 garbage-first heap   total reserved 4139008K, committed 260096K, used 8192K [0x0000000703600000, 0x0000000800000000)
  region size 2048K, 5 young (10240K), 0 survivors (0K)
 Metaspace       used 6364K, committed 6528K, reserved 1114112K
  class space    used 740K, committed 832K, reserved 1048576K

Heap Regions: E=young(eden), S=young(survivor), O=old, HS=humongous(starts), HC=humongous(continues), CS=collection set, F=free, TAMS=top-at-mark-start, PB=parsable bottom
|   0|0x0000000703600000, 0x0000000703600000, 0x0000000703800000|  0%| F|  |TAMS 0x0000000703600000| PB 0x0000000703600000| Untracked |  0
|   1|0x0000000703800000, 0x0000000703800000, 0x0000000703a00000|  0%| F|  |TAMS 0x0000000703800000| PB 0x0000000703800000| Untracked |  0
|   2|0x0000000703a00000, 0x0000000703a00000, 0x0000000703c00000|  0%| F|  |TAMS 0x0000000703a00000| PB 0x0000000703a00000| Untracked |  0
|   3|0x0000000703c00000, 0x0000000703c00000, 0x0000000703e00000|  0%| F|  |TAMS 0x0000000703c00000| PB 0x0000000703c00000| Untracked |  0
|   4|0x0000000703e00000, 0x0000000703e00000, 0x0000000704000000|  0%| F|  |TAMS 0x0000000703e00000| PB 0x0000000703e00000| Untracked |  0
|   5|0x0000000704000000, 0x0000000704000000, 0x0000000704200000|  0%| F|  |TAMS 0x0000000704000000| PB 0x0000000704000000| Untracked |  0
|   6|0x0000000704200000, 0x0000000704200000, 0x0000000704400000|  0%| F|  |TAMS 0x0000000704200000| PB 0x0000000704200000| Untracked |  0
|   7|0x0000000704400000, 0x0000000704400000, 0x0000000704600000|  0%| F|  |TAMS 0x0000000704400000| PB 0x0000000704400000| Untracked |  0
|   8|0x0000000704600000, 0x0000000704600000, 0x0000000704800000|  0%| F|  |TAMS 0x0000000704600000| PB 0x0000000704600000| Untracked |  0
|   9|0x0000000704800000, 0x0000000704800000, 0x0000000704a00000|  0%| F|  |TAMS 0x0000000704800000| PB 0x0000000704800000| Untracked |  0
|  10|0x0000000704a00000, 0x0000000704a00000, 0x0000000704c00000|  0%| F|  |TAMS 0x0000000704a00000| PB 0x0000000704a00000| Untracked |  0
|  11|0x0000000704c00000, 0x0000000704c00000, 0x0000000704e00000|  0%| F|  |TAMS 0x0000000704c00000| PB 0x0000000704c00000| Untracked |  0
|  12|0x0000000704e00000, 0x0000000704e00000, 0x0000000705000000|  0%| F|  |TAMS 0x0000000704e00000| PB 0x0000000704e00000| Untracked |  0
|  13|0x0000000705000000, 0x0000000705000000, 0x0000000705200000|  0%| F|  |TAMS 0x0000000705000000| PB 0x0000000705000000| Untracked |  0
|  14|0x0000000705200000, 0x0000000705200000, 0x0000000705400000|  0%| F|  |TAMS 0x0000000705200000| PB 0x0000000705200000| Untracked |  0
|  15|0x0000000705400000, 0x0000000705400000, 0x0000000705600000|  0%| F|  |TAMS 0x0000000705400000| PB 0x0000000705400000| Untracked |  0
|  16|0x0000000705600000, 0x0000000705600000, 0x0000000705800000|  0%| F|  |TAMS 0x0000000705600000| PB 0x0000000705600000| Untracked |  0
|  17|0x0000000705800000, 0x0000000705800000, 0x0000000705a00000|  0%| F|  |TAMS 0x0000000705800000| PB 0x0000000705800000| Untracked |  0
|  18|0x0000000705a00000, 0x0000000705a00000, 0x0000000705c00000|  0%| F|  |TAMS 0x0000000705a00000| PB 0x0000000705a00000| Untracked |  0
|  19|0x0000000705c00000, 0x0000000705c00000, 0x0000000705e00000|  0%| F|  |TAMS 0x0000000705c00000| PB 0x0000000705c00000| Untracked |  0
|  20|0x0000000705e00000, 0x0000000705e00000, 0x0000000706000000|  0%| F|  |TAMS 0x0000000705e00000| PB 0x0000000705e00000| Untracked |  0
|  21|0x0000000706000000, 0x0000000706000000, 0x0000000706200000|  0%| F|  |TAMS 0x0000000706000000| PB 0x0000000706000000| Untracked |  0
|  22|0x0000000706200000, 0x0000000706200000, 0x0000000706400000|  0%| F|  |TAMS 0x0000000706200000| PB 0x0000000706200000| Untracked |  0
|  23|0x0000000706400000, 0x0000000706400000, 0x0000000706600000|  0%| F|  |TAMS 0x0000000706400000| PB 0x0000000706400000| Untracked |  0
|  24|0x0000000706600000, 0x0000000706600000, 0x0000000706800000|  0%| F|  |TAMS 0x0000000706600000| PB 0x0000000706600000| Untracked |  0
|  25|0x0000000706800000, 0x0000000706800000, 0x0000000706a00000|  0%| F|  |TAMS 0x0000000706800000| PB 0x0000000706800000| Untracked |  0
|  26|0x0000000706a00000, 0x0000000706a00000, 0x0000000706c00000|  0%| F|  |TAMS 0x0000000706a00000| PB 0x0000000706a00000| Untracked |  0
|  27|0x0000000706c00000, 0x0000000706c00000, 0x0000000706e00000|  0%| F|  |TAMS 0x0000000706c00000| PB 0x0000000706c00000| Untracked |  0
|  28|0x0000000706e00000, 0x0000000706e00000, 0x0000000707000000|  0%| F|  |TAMS 0x0000000706e00000| PB 0x0000000706e00000| Untracked |  0
|  29|0x0000000707000000, 0x0000000707000000, 0x0000000707200000|  0%| F|  |TAMS 0x0000000707000000| PB 0x0000000707000000| Untracked |  0
|  30|0x0000000707200000, 0x0000000707200000, 0x0000000707400000|  0%| F|  |TAMS 0x0000000707200000| PB 0x0000000707200000| Untracked |  0
|  31|0x0000000707400000, 0x0000000707400000, 0x0000000707600000|  0%| F|  |TAMS 0x0000000707400000| PB 0x0000000707400000| Untracked |  0
|  32|0x0000000707600000, 0x0000000707600000, 0x0000000707800000|  0%| F|  |TAMS 0x0000000707600000| PB 0x0000000707600000| Untracked |  0
|  33|0x0000000707800000, 0x0000000707800000, 0x0000000707a00000|  0%| F|  |TAMS 0x0000000707800000| PB 0x0000000707800000| Untracked |  0
|  34|0x0000000707a00000, 0x0000000707a00000, 0x0000000707c00000|  0%| F|  |TAMS 0x0000000707a00000| PB 0x0000000707a00000| Untracked |  0
|  35|0x0000000707c00000, 0x0000000707c00000, 0x0000000707e00000|  0%| F|  |TAMS 0x0000000707c00000| PB 0x0000000707c00000| Untracked |  0
|  36|0x0000000707e00000, 0x0000000707e00000, 0x0000000708000000|  0%| F|  |TAMS 0x0000000707e00000| PB 0x0000000707e00000| Untracked |  0
|  37|0x0000000708000000, 0x0000000708000000, 0x0000000708200000|  0%| F|  |TAMS 0x0000000708000000| PB 0x0000000708000000| Untracked |  0
|  38|0x0000000708200000, 0x0000000708200000, 0x0000000708400000|  0%| F|  |TAMS 0x0000000708200000| PB 0x0000000708200000| Untracked |  0
|  39|0x0000000708400000, 0x0000000708400000, 0x0000000708600000|  0%| F|  |TAMS 0x0000000708400000| PB 0x0000000708400000| Untracked |  0
|  40|0x0000000708600000, 0x0000000708600000, 0x0000000708800000|  0%| F|  |TAMS 0x0000000708600000| PB 0x0000000708600000| Untracked |  0
|  41|0x0000000708800000, 0x0000000708800000, 0x0000000708a00000|  0%| F|  |TAMS 0x0000000708800000| PB 0x0000000708800000| Untracked |  0
|  42|0x0000000708a00000, 0x0000000708a00000, 0x0000000708c00000|  0%| F|  |TAMS 0x0000000708a00000| PB 0x0000000708a00000| Untracked |  0
|  43|0x0000000708c00000, 0x0000000708c00000, 0x0000000708e00000|  0%| F|  |TAMS 0x0000000708c00000| PB 0x0000000708c00000| Untracked |  0
|  44|0x0000000708e00000, 0x0000000708e00000, 0x0000000709000000|  0%| F|  |TAMS 0x0000000708e00000| PB 0x0000000708e00000| Untracked |  0
|  45|0x0000000709000000, 0x0000000709000000, 0x0000000709200000|  0%| F|  |TAMS 0x0000000709000000| PB 0x0000000709000000| Untracked |  0
|  46|0x0000000709200000, 0x0000000709200000, 0x0000000709400000|  0%| F|  |TAMS 0x0000000709200000| PB 0x0000000709200000| Untracked |  0
|  47|0x0000000709400000, 0x0000000709400000, 0x0000000709600000|  0%| F|  |TAMS 0x0000000709400000| PB 0x0000000709400000| Untracked |  0
|  48|0x0000000709600000, 0x0000000709600000, 0x0000000709800000|  0%| F|  |TAMS 0x0000000709600000| PB 0x0000000709600000| Untracked |  0
|  49|0x0000000709800000, 0x0000000709800000, 0x0000000709a00000|  0%| F|  |TAMS 0x0000000709800000| PB 0x0000000709800000| Untracked |  0
|  50|0x0000000709a00000, 0x0000000709a00000, 0x0000000709c00000|  0%| F|  |TAMS 0x0000000709a00000| PB 0x0000000709a00000| Untracked |  0
|  51|0x0000000709c00000, 0x0000000709c00000, 0x0000000709e00000|  0%| F|  |TAMS 0x0000000709c00000| PB 0x0000000709c00000| Untracked |  0
|  52|0x0000000709e00000, 0x0000000709e00000, 0x000000070a000000|  0%| F|  |TAMS 0x0000000709e00000| PB 0x0000000709e00000| Untracked |  0
|  53|0x000000070a000000, 0x000000070a000000, 0x000000070a200000|  0%| F|  |TAMS 0x000000070a000000| PB 0x000000070a000000| Untracked |  0
|  54|0x000000070a200000, 0x000000070a200000, 0x000000070a400000|  0%| F|  |TAMS 0x000000070a200000| PB 0x000000070a200000| Untracked |  0
|  55|0x000000070a400000, 0x000000070a400000, 0x000000070a600000|  0%| F|  |TAMS 0x000000070a400000| PB 0x000000070a400000| Untracked |  0
|  56|0x000000070a600000, 0x000000070a600000, 0x000000070a800000|  0%| F|  |TAMS 0x000000070a600000| PB 0x000000070a600000| Untracked |  0
|  57|0x000000070a800000, 0x000000070a800000, 0x000000070aa00000|  0%| F|  |TAMS 0x000000070a800000| PB 0x000000070a800000| Untracked |  0
|  58|0x000000070aa00000, 0x000000070aa00000, 0x000000070ac00000|  0%| F|  |TAMS 0x000000070aa00000| PB 0x000000070aa00000| Untracked |  0
|  59|0x000000070ac00000, 0x000000070ac00000, 0x000000070ae00000|  0%| F|  |TAMS 0x000000070ac00000| PB 0x000000070ac00000| Untracked |  0
|  60|0x000000070ae00000, 0x000000070ae00000, 0x000000070b000000|  0%| F|  |TAMS 0x000000070ae00000| PB 0x000000070ae00000| Untracked |  0
|  61|0x000000070b000000, 0x000000070b000000, 0x000000070b200000|  0%| F|  |TAMS 0x000000070b000000| PB 0x000000070b000000| Untracked |  0
|  62|0x000000070b200000, 0x000000070b200000, 0x000000070b400000|  0%| F|  |TAMS 0x000000070b200000| PB 0x000000070b200000| Untracked |  0
|  63|0x000000070b400000, 0x000000070b400000, 0x000000070b600000|  0%| F|  |TAMS 0x000000070b400000| PB 0x000000070b400000| Untracked |  0
|  64|0x000000070b600000, 0x000000070b600000, 0x000000070b800000|  0%| F|  |TAMS 0x000000070b600000| PB 0x000000070b600000| Untracked |  0
|  65|0x000000070b800000, 0x000000070b800000, 0x000000070ba00000|  0%| F|  |TAMS 0x000000070b800000| PB 0x000000070b800000| Untracked |  0
|  66|0x000000070ba00000, 0x000000070ba00000, 0x000000070bc00000|  0%| F|  |TAMS 0x000000070ba00000| PB 0x000000070ba00000| Untracked |  0
|  67|0x000000070bc00000, 0x000000070bc00000, 0x000000070be00000|  0%| F|  |TAMS 0x000000070bc00000| PB 0x000000070bc00000| Untracked |  0
|  68|0x000000070be00000, 0x000000070be00000, 0x000000070c000000|  0%| F|  |TAMS 0x000000070be00000| PB 0x000000070be00000| Untracked |  0
|  69|0x000000070c000000, 0x000000070c000000, 0x000000070c200000|  0%| F|  |TAMS 0x000000070c000000| PB 0x000000070c000000| Untracked |  0
|  70|0x000000070c200000, 0x000000070c200000, 0x000000070c400000|  0%| F|  |TAMS 0x000000070c200000| PB 0x000000070c200000| Untracked |  0
|  71|0x000000070c400000, 0x000000070c400000, 0x000000070c600000|  0%| F|  |TAMS 0x000000070c400000| PB 0x000000070c400000| Untracked |  0
|  72|0x000000070c600000, 0x000000070c600000, 0x000000070c800000|  0%| F|  |TAMS 0x000000070c600000| PB 0x000000070c600000| Untracked |  0
|  73|0x000000070c800000, 0x000000070c800000, 0x000000070ca00000|  0%| F|  |TAMS 0x000000070c800000| PB 0x000000070c800000| Untracked |  0
|  74|0x000000070ca00000, 0x000000070ca00000, 0x000000070cc00000|  0%| F|  |TAMS 0x000000070ca00000| PB 0x000000070ca00000| Untracked |  0
|  75|0x000000070cc00000, 0x000000070cc00000, 0x000000070ce00000|  0%| F|  |TAMS 0x000000070cc00000| PB 0x000000070cc00000| Untracked |  0
|  76|0x000000070ce00000, 0x000000070ce00000, 0x000000070d000000|  0%| F|  |TAMS 0x000000070ce00000| PB 0x000000070ce00000| Untracked |  0
|  77|0x000000070d000000, 0x000000070d000000, 0x000000070d200000|  0%| F|  |TAMS 0x000000070d000000| PB 0x000000070d000000| Untracked |  0
|  78|0x000000070d200000, 0x000000070d200000, 0x000000070d400000|  0%| F|  |TAMS 0x000000070d200000| PB 0x000000070d200000| Untracked |  0
|  79|0x000000070d400000, 0x000000070d400000, 0x000000070d600000|  0%| F|  |TAMS 0x000000070d400000| PB 0x000000070d400000| Untracked |  0
|  80|0x000000070d600000, 0x000000070d600000, 0x000000070d800000|  0%| F|  |TAMS 0x000000070d600000| PB 0x000000070d600000| Untracked |  0
|  81|0x000000070d800000, 0x000000070d800000, 0x000000070da00000|  0%| F|  |TAMS 0x000000070d800000| PB 0x000000070d800000| Untracked |  0
|  82|0x000000070da00000, 0x000000070da00000, 0x000000070dc00000|  0%| F|  |TAMS 0x000000070da00000| PB 0x000000070da00000| Untracked |  0
|  83|0x000000070dc00000, 0x000000070dc00000, 0x000000070de00000|  0%| F|  |TAMS 0x000000070dc00000| PB 0x000000070dc00000| Untracked |  0
|  84|0x000000070de00000, 0x000000070de00000, 0x000000070e000000|  0%| F|  |TAMS 0x000000070de00000| PB 0x000000070de00000| Untracked |  0
|  85|0x000000070e000000, 0x000000070e000000, 0x000000070e200000|  0%| F|  |TAMS 0x000000070e000000| PB 0x000000070e000000| Untracked |  0
|  86|0x000000070e200000, 0x000000070e200000, 0x000000070e400000|  0%| F|  |TAMS 0x000000070e200000| PB 0x000000070e200000| Untracked |  0
|  87|0x000000070e400000, 0x000000070e400000, 0x000000070e600000|  0%| F|  |TAMS 0x000000070e400000| PB 0x000000070e400000| Untracked |  0
|  88|0x000000070e600000, 0x000000070e600000, 0x000000070e800000|  0%| F|  |TAMS 0x000000070e600000| PB 0x000000070e600000| Untracked |  0
|  89|0x000000070e800000, 0x000000070e800000, 0x000000070ea00000|  0%| F|  |TAMS 0x000000070e800000| PB 0x000000070e800000| Untracked |  0
|  90|0x000000070ea00000, 0x000000070ea00000, 0x000000070ec00000|  0%| F|  |TAMS 0x000000070ea00000| PB 0x000000070ea00000| Untracked |  0
|  91|0x000000070ec00000, 0x000000070ec00000, 0x000000070ee00000|  0%| F|  |TAMS 0x000000070ec00000| PB 0x000000070ec00000| Untracked |  0
|  92|0x000000070ee00000, 0x000000070ee00000, 0x000000070f000000|  0%| F|  |TAMS 0x000000070ee00000| PB 0x000000070ee00000| Untracked |  0
|  93|0x000000070f000000, 0x000000070f000000, 0x000000070f200000|  0%| F|  |TAMS 0x000000070f000000| PB 0x000000070f000000| Untracked |  0
|  94|0x000000070f200000, 0x000000070f200000, 0x000000070f400000|  0%| F|  |TAMS 0x000000070f200000| PB 0x000000070f200000| Untracked |  0
|  95|0x000000070f400000, 0x000000070f400000, 0x000000070f600000|  0%| F|  |TAMS 0x000000070f400000| PB 0x000000070f400000| Untracked |  0
|  96|0x000000070f600000, 0x000000070f600000, 0x000000070f800000|  0%| F|  |TAMS 0x000000070f600000| PB 0x000000070f600000| Untracked |  0
|  97|0x000000070f800000, 0x000000070f800000, 0x000000070fa00000|  0%| F|  |TAMS 0x000000070f800000| PB 0x000000070f800000| Untracked |  0
|  98|0x000000070fa00000, 0x000000070fa00000, 0x000000070fc00000|  0%| F|  |TAMS 0x000000070fa00000| PB 0x000000070fa00000| Untracked |  0
|  99|0x000000070fc00000, 0x000000070fc00000, 0x000000070fe00000|  0%| F|  |TAMS 0x000000070fc00000| PB 0x000000070fc00000| Untracked |  0
| 100|0x000000070fe00000, 0x000000070fe00000, 0x0000000710000000|  0%| F|  |TAMS 0x000000070fe00000| PB 0x000000070fe00000| Untracked |  0
| 101|0x0000000710000000, 0x0000000710000000, 0x0000000710200000|  0%| F|  |TAMS 0x0000000710000000| PB 0x0000000710000000| Untracked |  0
| 102|0x0000000710200000, 0x0000000710200000, 0x0000000710400000|  0%| F|  |TAMS 0x0000000710200000| PB 0x0000000710200000| Untracked |  0
| 103|0x0000000710400000, 0x0000000710400000, 0x0000000710600000|  0%| F|  |TAMS 0x0000000710400000| PB 0x0000000710400000| Untracked |  0
| 104|0x0000000710600000, 0x0000000710600000, 0x0000000710800000|  0%| F|  |TAMS 0x0000000710600000| PB 0x0000000710600000| Untracked |  0
| 105|0x0000000710800000, 0x0000000710800000, 0x0000000710a00000|  0%| F|  |TAMS 0x0000000710800000| PB 0x0000000710800000| Untracked |  0
| 106|0x0000000710a00000, 0x0000000710a00000, 0x0000000710c00000|  0%| F|  |TAMS 0x0000000710a00000| PB 0x0000000710a00000| Untracked |  0
| 107|0x0000000710c00000, 0x0000000710c00000, 0x0000000710e00000|  0%| F|  |TAMS 0x0000000710c00000| PB 0x0000000710c00000| Untracked |  0
| 108|0x0000000710e00000, 0x0000000710e00000, 0x0000000711000000|  0%| F|  |TAMS 0x0000000710e00000| PB 0x0000000710e00000| Untracked |  0
| 109|0x0000000711000000, 0x0000000711000000, 0x0000000711200000|  0%| F|  |TAMS 0x0000000711000000| PB 0x0000000711000000| Untracked |  0
| 110|0x0000000711200000, 0x0000000711200000, 0x0000000711400000|  0%| F|  |TAMS 0x0000000711200000| PB 0x0000000711200000| Untracked |  0
| 111|0x0000000711400000, 0x0000000711400000, 0x0000000711600000|  0%| F|  |TAMS 0x0000000711400000| PB 0x0000000711400000| Untracked |  0
| 112|0x0000000711600000, 0x0000000711600000, 0x0000000711800000|  0%| F|  |TAMS 0x0000000711600000| PB 0x0000000711600000| Untracked |  0
| 113|0x0000000711800000, 0x0000000711800000, 0x0000000711a00000|  0%| F|  |TAMS 0x0000000711800000| PB 0x0000000711800000| Untracked |  0
| 114|0x0000000711a00000, 0x0000000711a00000, 0x0000000711c00000|  0%| F|  |TAMS 0x0000000711a00000| PB 0x0000000711a00000| Untracked |  0
| 115|0x0000000711c00000, 0x0000000711c00000, 0x0000000711e00000|  0%| F|  |TAMS 0x0000000711c00000| PB 0x0000000711c00000| Untracked |  0
| 116|0x0000000711e00000, 0x0000000711e00000, 0x0000000712000000|  0%| F|  |TAMS 0x0000000711e00000| PB 0x0000000711e00000| Untracked |  0
| 117|0x0000000712000000, 0x0000000712000000, 0x0000000712200000|  0%| F|  |TAMS 0x0000000712000000| PB 0x0000000712000000| Untracked |  0
| 118|0x0000000712200000, 0x0000000712200000, 0x0000000712400000|  0%| F|  |TAMS 0x0000000712200000| PB 0x0000000712200000| Untracked |  0
| 119|0x0000000712400000, 0x0000000712400000, 0x0000000712600000|  0%| F|  |TAMS 0x0000000712400000| PB 0x0000000712400000| Untracked |  0
| 120|0x0000000712600000, 0x0000000712600000, 0x0000000712800000|  0%| F|  |TAMS 0x0000000712600000| PB 0x0000000712600000| Untracked |  0
| 121|0x0000000712800000, 0x0000000712800000, 0x0000000712a00000|  0%| F|  |TAMS 0x0000000712800000| PB 0x0000000712800000| Untracked |  0
| 122|0x0000000712a00000, 0x0000000712af9c48, 0x0000000712c00000| 48%| E|  |TAMS 0x0000000712a00000| PB 0x0000000712a00000| Complete |  0
| 123|0x0000000712c00000, 0x0000000712e00000, 0x0000000712e00000|100%| E|CS|TAMS 0x0000000712c00000| PB 0x0000000712c00000| Complete |  0
| 124|0x0000000712e00000, 0x0000000713000000, 0x0000000713000000|100%| E|CS|TAMS 0x0000000712e00000| PB 0x0000000712e00000| Complete |  0
| 125|0x0000000713000000, 0x0000000713200000, 0x0000000713200000|100%| E|CS|TAMS 0x0000000713000000| PB 0x0000000713000000| Complete |  0
| 126|0x0000000713200000, 0x0000000713400000, 0x0000000713400000|100%| E|CS|TAMS 0x0000000713200000| PB 0x0000000713200000| Complete |  0

Card table byte_map: [0x0000024261e30000,0x0000024262620000] _byte_map_base: 0x000002425e615000

Marking Bits: (CMBitMap*) 0x0000024249ac3f10
 Bits: [0x0000024262620000, 0x0000024266548000)

Polling page: 0x00000242479d0000

Metaspace:

Usage:
  Non-class:      5.49 MB used.
      Class:    740.59 KB used.
       Both:      6.22 MB used.

Virtual space:
  Non-class space:       64.00 MB reserved,       5.56 MB (  9%) committed,  1 nodes.
      Class space:        1.00 GB reserved,     832.00 KB ( <1%) committed,  1 nodes.
             Both:        1.06 GB reserved,       6.38 MB ( <1%) committed. 

Chunk freelists:
   Non-Class:  10.15 MB
       Class:  15.22 MB
        Both:  25.37 MB

MaxMetaspaceSize: unlimited
CompressedClassSpaceSize: 1.00 GB
Initial GC threshold: 21.00 MB
Current GC threshold: 21.00 MB
CDS: on
 - commit_granule_bytes: 65536.
 - commit_granule_words: 8192.
 - virtual_space_node_default_size: 8388608.
 - enlarge_chunks_in_place: 1.
 - use_allocation_guard: 0.


Internal statistics:

num_allocs_failed_limit: 0.
num_arena_births: 120.
num_arena_deaths: 0.
num_vsnodes_births: 2.
num_vsnodes_deaths: 0.
num_space_committed: 102.
num_space_uncommitted: 0.
num_chunks_returned_to_freelist: 0.
num_chunks_taken_from_freelist: 159.
num_chunk_merges: 0.
num_chunk_splits: 98.
num_chunks_enlarged: 48.
num_inconsistent_stats: 0.

CodeHeap 'non-profiled nmethods': size=119168Kb used=202Kb max_used=202Kb free=118965Kb
 bounds [0x0000024259940000, 0x0000024259bb0000, 0x0000024260da0000]
CodeHeap 'profiled nmethods': size=119104Kb used=1045Kb max_used=1045Kb free=118058Kb
 bounds [0x0000024251da0000, 0x0000024252010000, 0x00000242591f0000]
CodeHeap 'non-nmethods': size=7488Kb used=2752Kb max_used=2754Kb free=4735Kb
 bounds [0x00000242591f0000, 0x00000242594b0000, 0x0000024259940000]
 total_blobs=1286 nmethods=734 adapters=455
 compilation: enabled
              stopped_count=0, restarted_count=0
 full_count=0

Compilation events (20 events):
Event: 0.199 Thread 0x00000242452a2800  717       3       javax.swing.UIDefaults$TextAndMnemonicHashMap::get (358 bytes)
Event: 0.199 Thread 0x00000242453f7070 nmethod 715 0x0000024251e9a890 code [0x0000024251e9aa60, 0x0000024251e9ad68]
Event: 0.199 Thread 0x0000024245168dd0 nmethod 699% 0x0000024251e9ae90 code [0x0000024251e9b2a0, 0x0000024251e9e0b0]
Event: 0.199 Thread 0x0000024245168dd0  719       3       java.util.Hashtable$Enumerator::hasMoreElements (53 bytes)
Event: 0.199 Thread 0x00000242453f7070  718       3       java.util.Hashtable$Enumerator::hasNext (5 bytes)
Event: 0.199 Thread 0x00000242453f7070 nmethod 718 0x0000024251e9ef10 code [0x0000024251e9f0c0, 0x0000024251e9f200]
Event: 0.199 Thread 0x00000242453f7070  720       3       java.util.Hashtable$Enumerator::next (27 bytes)
Event: 0.199 Thread 0x0000024245168dd0 nmethod 719 0x0000024251e9f290 code [0x0000024251e9f440, 0x0000024251e9f708]
Event: 0.199 Thread 0x00000242453f7070 nmethod 720 0x0000024251e9f810 code [0x0000024251e9f9c0, 0x0000024251e9fbc0]
Event: 0.199 Thread 0x0000024245168dd0  721       3       java.util.Hashtable$Enumerator::nextElement (111 bytes)
Event: 0.200 Thread 0x00000242453f7070  722       1       java.net.URL::getProtocol (5 bytes)
Event: 0.200 Thread 0x00000242453f7070 nmethod 722 0x0000024259970f10 code [0x00000242599710a0, 0x0000024259971170]
Event: 0.200 Thread 0x0000024245168dd0 nmethod 721 0x0000024251e9fd10 code [0x0000024251e9ff00, 0x0000024251ea0408]
Event: 0.201 Thread 0x0000024268b78f30 nmethod 716 0x0000024259971210 code [0x0000024259971380, 0x0000024259971508]
Event: 0.201 Thread 0x0000024268b78f30  724       4       jdk.internal.org.objectweb.asm.ByteVector::putShort (52 bytes)
Event: 0.202 Thread 0x0000024268b78f30 nmethod 724 0x0000024259971910 code [0x0000024259971aa0, 0x0000024259971c08]
Event: 0.202 Thread 0x0000024245168dd0  725       3       java.util.Arrays::rangeCheck (74 bytes)
Event: 0.202 Thread 0x00000242453f7070  726       3       jdk.internal.module.SystemModuleFinders$SystemModuleReader::find (59 bytes)
Event: 0.202 Thread 0x0000024245168dd0 nmethod 725 0x0000024251ea0590 code [0x0000024251ea0840, 0x0000024251ea1168]
Event: 0.202 Thread 0x0000024245168dd0  727       3       jdk.internal.module.SystemModuleFinders$SystemModuleReader::containsImageLocation (42 bytes)

GC Heap History (0 events):
No events

Dll operation events (9 events):
Event: 0.006 Loaded shared library C:\Program Files\Java\jdk-22\bin\java.dll
Event: 0.029 Loaded shared library C:\Program Files\Java\jdk-22\bin\jsvml.dll
Event: 0.050 Loaded shared library C:\Program Files\Java\jdk-22\bin\net.dll
Event: 0.051 Loaded shared library C:\Program Files\Java\jdk-22\bin\nio.dll
Event: 0.064 Loaded shared library C:\Program Files\Java\jdk-22\bin\zip.dll
Event: 0.077 Loaded shared library C:\Program Files\Java\jdk-22\bin\jimage.dll
Event: 0.085 Loaded shared library C:\Program Files\Java\jdk-22\bin\awt.dll
Event: 0.156 Loaded shared library C:\Program Files\Java\jdk-22\bin\freetype.dll
Event: 0.157 Loaded shared library C:\Program Files\Java\jdk-22\bin\fontmanager.dll

Deoptimization events (8 events):
Event: 0.129 Thread 0x0000024249a65200 Uncommon trap: trap_request=0xffffff45 fr.pc=0x0000024259951814 relative=0x0000000000000a54
Event: 0.129 Thread 0x0000024249a65200 Uncommon trap: reason=unstable_if action=reinterpret pc=0x0000024259951814 method=java.util.HashMap.putVal(ILjava/lang/Object;Ljava/lang/Object;ZZ)Ljava/lang/Object; @ 236 c2
Event: 0.129 Thread 0x0000024249a65200 DEOPT PACKING pc=0x0000024259951814 sp=0x00000073322fe610
Event: 0.129 Thread 0x0000024249a65200 DEOPT UNPACKING pc=0x0000024259247da2 sp=0x00000073322fe5c8 mode 2
Event: 0.165 Thread 0x0000024249a65200 DEOPT PACKING pc=0x0000024251dc2a7c sp=0x00000073322feb10
Event: 0.165 Thread 0x0000024249a65200 DEOPT UNPACKING pc=0x00000242592488e2 sp=0x00000073322fdf30 mode 0
Event: 0.198 Thread 0x0000024249a65200 DEOPT PACKING pc=0x0000024251daaecc sp=0x00000073322fec60
Event: 0.199 Thread 0x0000024249a65200 DEOPT UNPACKING pc=0x00000242592488e2 sp=0x00000073322fe0c8 mode 0

Classes loaded (20 events):
Event: 0.197 Loading class java/util/PropertyResourceBundle
Event: 0.197 Loading class java/util/PropertyResourceBundle done
Event: 0.197 Loading class java/io/InputStreamReader
Event: 0.197 Loading class java/io/Reader
Event: 0.197 Loading class java/io/Reader done
Event: 0.197 Loading class java/io/InputStreamReader done
Event: 0.197 Loading class sun/util/PropertyResourceBundleCharset
Event: 0.197 Loading class sun/util/PropertyResourceBundleCharset done
Event: 0.197 Loading class sun/util/PropertyResourceBundleCharset$PropertiesFileDecoder
Event: 0.197 Loading class sun/util/PropertyResourceBundleCharset$PropertiesFileDecoder done
Event: 0.197 Loading class sun/nio/cs/StreamDecoder
Event: 0.197 Loading class sun/nio/cs/StreamDecoder done
Event: 0.199 Loading class java/util/Hashtable$KeySet
Event: 0.199 Loading class java/util/Hashtable$KeySet done
Event: 0.201 Loading class java/util/function/BooleanSupplier
Event: 0.201 Loading class java/util/function/BooleanSupplier done
Event: 0.202 Loading class javax/swing/InputMap
Event: 0.202 Loading class javax/swing/InputMap done
Event: 0.202 Loading class javax/swing/plaf/InputMapUIResource
Event: 0.202 Loading class javax/swing/plaf/InputMapUIResource done

Classes unloaded (0 events):
No events

Classes redefined (0 events):
No events

Internal exceptions (20 events):
Event: 0.179 Thread 0x0000024249a65200 Exception <a 'java/lang/ClassNotFoundException'{0x0000000712d469a8}: TextArea> (0x0000000712d469a8) 
thrown [s\open\src\hotspot\share\classfile\systemDictionary.cpp, line 313]
Event: 0.179 Thread 0x0000024249a65200 Exception <a 'java/lang/ClassNotFoundException'{0x0000000712d472c8}: TextPane> (0x0000000712d472c8) 
thrown [s\open\src\hotspot\share\classfile\systemDictionary.cpp, line 313]
Event: 0.179 Thread 0x0000024249a65200 Exception <a 'java/lang/ClassNotFoundException'{0x0000000712d47730}: EditorPane> (0x0000000712d47730) 
thrown [s\open\src\hotspot\share\classfile\systemDictionary.cpp, line 313]
Event: 0.179 Thread 0x0000024249a65200 Exception <a 'java/lang/ClassNotFoundException'{0x0000000712d48080}: ToolBar> (0x0000000712d48080) 
thrown [s\open\src\hotspot\share\classfile\systemDictionary.cpp, line 313]
Event: 0.179 Thread 0x0000024249a65200 Exception <a 'java/lang/ClassNotFoundException'{0x0000000712d48578}: ToolBar> (0x0000000712d48578) 
thrown [s\open\src\hotspot\share\classfile\systemDictionary.cpp, line 313]
Event: 0.179 Thread 0x0000024249a65200 Exception <a 'java/lang/ClassNotFoundException'{0x0000000712d488d8}: Button> (0x0000000712d488d8) 
thrown [s\open\src\hotspot\share\classfile\systemDictionary.cpp, line 313]
Event: 0.179 Thread 0x0000024249a65200 Exception <a 'java/lang/ClassNotFoundException'{0x0000000712d48da0}: ToolBar> (0x0000000712d48da0) 
thrown [s\open\src\hotspot\share\classfile\systemDictionary.cpp, line 313]
Event: 0.179 Thread 0x0000024249a65200 Exception <a 'java/lang/ClassNotFoundException'{0x0000000712d49110}: ToggleButton> (0x0000000712d49110) 
thrown [s\open\src\hotspot\share\classfile\systemDictionary.cpp, line 313]
Event: 0.179 Thread 0x0000024249a65200 Exception <a 'java/lang/ClassNotFoundException'{0x0000000712d49550}: javax/swing/JToolBarSeparator> (0x0000000712d49550) 
thrown [s\open\src\hotspot\share\classfile\systemDictionary.cpp, line 313]
Event: 0.179 Thread 0x0000024249a65200 Exception <a 'java/lang/ClassNotFoundException'{0x0000000712d49860}: ToolBarSeparator> (0x0000000712d49860) 
thrown [s\open\src\hotspot\share\classfile\systemDictionary.cpp, line 313]
Event: 0.179 Thread 0x0000024249a65200 Exception <a 'java/lang/ClassNotFoundException'{0x0000000712d49d68}: ToolTip> (0x0000000712d49d68) 
thrown [s\open\src\hotspot\share\classfile\systemDictionary.cpp, line 313]
Event: 0.180 Thread 0x0000024249a65200 Exception <a 'java/lang/ClassNotFoundException'{0x0000000712d4a6a8}: Tree> (0x0000000712d4a6a8) 
thrown [s\open\src\hotspot\share\classfile\systemDictionary.cpp, line 313]
Event: 0.180 Thread 0x0000024249a65200 Exception <a 'java/lang/ClassNotFoundException'{0x0000000712d4aba0}: Tree> (0x0000000712d4aba0) 
thrown [s\open\src\hotspot\share\classfile\systemDictionary.cpp, line 313]
Event: 0.180 Thread 0x0000024249a65200 Exception <a 'java/lang/ClassNotFoundException'{0x0000000712d4af10}: javax/swing/JTreeCell> (0x0000000712d4af10) 
thrown [s\open\src\hotspot\share\classfile\systemDictionary.cpp, line 313]
Event: 0.180 Thread 0x0000024249a65200 Exception <a 'java/lang/ClassNotFoundException'{0x0000000712d4b218}: TreeCell> (0x0000000712d4b218) 
thrown [s\open\src\hotspot\share\classfile\systemDictionary.cpp, line 313]
Event: 0.180 Thread 0x0000024249a65200 Exception <a 'java/lang/ClassNotFoundException'{0x0000000712d4b9c0}: RootPane> (0x0000000712d4b9c0) 
thrown [s\open\src\hotspot\share\classfile\systemDictionary.cpp, line 313]
Event: 0.181 Thread 0x0000024249a65200 Exception <a 'java/lang/ClassNotFoundException'{0x0000000712d4e750}: com/sun/swing/internal/plaf/metal/resources/spi/metalProvider> (0x0000000712d4e750) 
thrown [s\open\src\hotspot\share\classfile\systemDictionary.cpp, line 313]
Event: 0.182 Thread 0x0000024249a65200 Exception <a 'java/lang/ClassNotFoundException'{0x0000000712d52450}: com/sun/swing/internal/plaf/basic/resources/spi/basicProvider> (0x0000000712d52450) 
thrown [s\open\src\hotspot\share\classfile\systemDictionary.cpp, line 313]
Event: 0.194 Thread 0x0000024249a65200 Exception <a 'java/lang/NoSuchMethodError'{0x0000000712de5d00}: 'void java.lang.invoke.DirectMethodHandle$Holder.invokeStatic(java.lang.Object, java.lang.Object)'> (0x0000000712de5d00) 
thrown [s\open\src\hotspot\share\interpreter\linkResolver.cpp, line 774]
Event: 0.201 Thread 0x0000024249a65200 Exception <a 'java/lang/NoSuchMethodError'{0x0000000712a1fbc0}: 'int java.lang.invoke.DirectMethodHandle$Holder.invokeStatic(java.lang.Object)'> (0x0000000712a1fbc0) 
thrown [s\open\src\hotspot\share\interpreter\linkResolver.cpp, line 774]

ZGC Phase Switch (0 events):
No events

VM Operations (4 events):
Event: 0.054 Executing VM operation: HandshakeAllThreads (Deoptimize)
Event: 0.054 Executing VM operation: HandshakeAllThreads (Deoptimize) done
Event: 0.101 Executing VM operation: HandshakeAllThreads (Deoptimize)
Event: 0.101 Executing VM operation: HandshakeAllThreads (Deoptimize) done

Events (17 events):
Event: 0.019 Thread 0x0000024249a65200 Thread added: 0x0000024249a65200
Event: 0.028 Thread 0x0000024268b70e20 Thread added: 0x0000024268b70e20
Event: 0.028 Thread 0x0000024268b71e30 Thread added: 0x0000024268b71e30
Event: 0.028 Thread 0x0000024268b74080 Thread added: 0x0000024268b74080
Event: 0.028 Thread 0x0000024268b75030 Thread added: 0x0000024268b75030
Event: 0.028 Thread 0x0000024268b7a070 Thread added: 0x0000024268b7a070
Event: 0.028 Thread 0x0000024268b77da0 Thread added: 0x0000024268b77da0
Event: 0.028 Thread 0x0000024268b78f30 Thread added: 0x0000024268b78f30
Event: 0.028 Thread 0x0000024245168dd0 Thread added: 0x0000024245168dd0
Event: 0.043 Thread 0x0000024268b41420 Thread added: 0x0000024268b41420
Event: 0.048 Thread 0x00000242452a2800 Thread added: 0x00000242452a2800
Event: 0.061 Thread 0x0000024245357f60 Thread added: 0x0000024245357f60
Event: 0.063 Thread 0x000002424537bbf0 Thread added: 0x000002424537bbf0
Event: 0.065 Thread 0x00000242453f7070 Thread added: 0x00000242453f7070
Event: 0.116 Thread 0x0000024245532350 Thread added: 0x0000024245532350
Event: 0.117 Thread 0x000002424558a3d0 Thread added: 0x000002424558a3d0
Event: 0.117 Thread 0x000002424558ae50 Thread added: 0x000002424558ae50


Dynamic libraries:
0x00007ff7b4f70000 - 0x00007ff7b4f80000 	C:\Program Files\Java\jdk-22\bin\java.exe
0x00007ffe44e90000 - 0x00007ffe450a7000 	C:\WINDOWS\SYSTEM32\ntdll.dll
0x00007ffe42ed0000 - 0x00007ffe42f94000 	C:\WINDOWS\System32\KERNEL32.DLL
0x00007ffe424b0000 - 0x00007ffe42857000 	C:\WINDOWS\System32\KERNELBASE.dll
0x00007ffe42aa0000 - 0x00007ffe42bb1000 	C:\WINDOWS\System32\ucrtbase.dll
0x00007ffe387d0000 - 0x00007ffe387eb000 	C:\Program Files\Java\jdk-22\bin\VCRUNTIME140.dll
0x00007ffe06b60000 - 0x00007ffe06b77000 	C:\Program Files\Java\jdk-22\bin\jli.dll
0x00007ffe42cf0000 - 0x00007ffe42da2000 	C:\WINDOWS\System32\ADVAPI32.dll
0x00007ffe43560000 - 0x00007ffe43607000 	C:\WINDOWS\System32\msvcrt.dll
0x00007ffe42e20000 - 0x00007ffe42ec8000 	C:\WINDOWS\System32\sechost.dll
0x00007ffe42860000 - 0x00007ffe42888000 	C:\WINDOWS\System32\bcrypt.dll
0x00007ffe43f50000 - 0x00007ffe44065000 	C:\WINDOWS\System32\RPCRT4.dll
0x00007ffe43710000 - 0x00007ffe438be000 	C:\WINDOWS\System32\USER32.dll
0x00007ffe423c0000 - 0x00007ffe423e6000 	C:\WINDOWS\System32\win32u.dll
0x00007ffe279b0000 - 0x00007ffe27c43000 	C:\WINDOWS\WinSxS\amd64_microsoft.windows.common-controls_6595b64144ccf1df_6.0.22621.3527_none_270e469b73872a76\COMCTL32.dll
0x00007ffe44b90000 - 0x00007ffe44bb9000 	C:\WINDOWS\System32\GDI32.dll
0x00007ffe42980000 - 0x00007ffe42a99000 	C:\WINDOWS\System32\gdi32full.dll
0x00007ffe42320000 - 0x00007ffe423ba000 	C:\WINDOWS\System32\msvcp_win.dll
0x00007ffe36640000 - 0x00007ffe3664a000 	C:\WINDOWS\SYSTEM32\VERSION.dll
0x00007ffe43520000 - 0x00007ffe43551000 	C:\WINDOWS\System32\IMM32.DLL
0x00007ffe3a720000 - 0x00007ffe3a72c000 	C:\Program Files\Java\jdk-22\bin\vcruntime140_1.dll
0x00007ffdd0bf0000 - 0x00007ffdd0c7e000 	C:\Program Files\Java\jdk-22\bin\msvcp140.dll
0x00007ffd9ea50000 - 0x00007ffd9f798000 	C:\Program Files\Java\jdk-22\bin\server\jvm.dll
0x00007ffe42fa0000 - 0x00007ffe43011000 	C:\WINDOWS\System32\WS2_32.dll
0x00007ffe40ff0000 - 0x00007ffe4103d000 	C:\WINDOWS\SYSTEM32\POWRPROF.dll
0x00007ffe386d0000 - 0x00007ffe38704000 	C:\WINDOWS\SYSTEM32\WINMM.dll
0x00007ffe40fd0000 - 0x00007ffe40fe3000 	C:\WINDOWS\SYSTEM32\UMPDC.dll
0x00007ffe41280000 - 0x00007ffe41298000 	C:\WINDOWS\SYSTEM32\kernel.appcore.dll
0x00007ffe3a460000 - 0x00007ffe3a46a000 	C:\Program Files\Java\jdk-22\bin\jimage.dll
0x00007ffe3faa0000 - 0x00007ffe3fcd2000 	C:\WINDOWS\SYSTEM32\DBGHELP.DLL
0x00007ffe43020000 - 0x00007ffe433a8000 	C:\WINDOWS\System32\combase.dll
0x00007ffe43440000 - 0x00007ffe43517000 	C:\WINDOWS\System32\OLEAUT32.dll
0x00007ffe2f770000 - 0x00007ffe2f7a2000 	C:\WINDOWS\SYSTEM32\dbgcore.DLL
0x00007ffe42900000 - 0x00007ffe42979000 	C:\WINDOWS\System32\bcryptPrimitives.dll
0x00007ffe387b0000 - 0x00007ffe387ce000 	C:\Program Files\Java\jdk-22\bin\java.dll
0x00007ffe44120000 - 0x00007ffe4497c000 	C:\WINDOWS\System32\SHELL32.dll
0x00007ffe43da0000 - 0x00007ffe43f45000 	C:\WINDOWS\System32\ole32.dll
0x00007ffe400b0000 - 0x00007ffe409a6000 	C:\WINDOWS\SYSTEM32\windows.storage.dll
0x00007ffe3ff70000 - 0x00007ffe400ae000 	C:\WINDOWS\SYSTEM32\wintypes.dll
0x00007ffe42be0000 - 0x00007ffe42cd5000 	C:\WINDOWS\System32\SHCORE.dll
0x00007ffe438c0000 - 0x00007ffe4391e000 	C:\WINDOWS\System32\shlwapi.dll
0x00007ffe420e0000 - 0x00007ffe42101000 	C:\WINDOWS\SYSTEM32\profapi.dll
0x00007ffdb4c40000 - 0x00007ffdb4d17000 	C:\Program Files\Java\jdk-22\bin\jsvml.dll
0x00007ffe397a0000 - 0x00007ffe397b0000 	C:\Program Files\Java\jdk-22\bin\net.dll
0x00007ffe416f0000 - 0x00007ffe41759000 	C:\WINDOWS\system32\mswsock.dll
0x00007ffe1d810000 - 0x00007ffe1d826000 	C:\Program Files\Java\jdk-22\bin\nio.dll
0x00007ffe11390000 - 0x00007ffe113a7000 	C:\Program Files\Java\jdk-22\bin\zip.dll
0x00007ffdb4ab0000 - 0x00007ffdb4c3e000 	C:\Program Files\Java\jdk-22\bin\awt.dll
0x00007ffe3c910000 - 0x00007ffe3c9a7000 	C:\WINDOWS\SYSTEM32\apphelp.dll
0x00007ffe3c9d0000 - 0x00007ffe3ca7b000 	C:\WINDOWS\system32\uxtheme.dll
0x00007ffe44bc0000 - 0x00007ffe44d13000 	C:\WINDOWS\System32\MSCTF.dll
0x00007ffe3cbd0000 - 0x00007ffe3cbfb000 	C:\WINDOWS\system32\DWMAPI.DLL
0x00007ffdb55e0000 - 0x00007ffdb5667000 	C:\Program Files\Java\jdk-22\bin\freetype.dll
0x00007ffdb1320000 - 0x00007ffdb13f7000 	C:\Program Files\Java\jdk-22\bin\fontmanager.dll

dbghelp: loaded successfully - version: 4.0.5 - missing functions: none
symbol engine: initialized successfully - sym options: 0x614 - pdb path: .;C:\Program Files\Java\jdk-22\bin;C:\WINDOWS\SYSTEM32;C:\WINDOWS\WinSxS\amd64_microsoft.windows.common-controls_6595b64144ccf1df_6.0.22621.3527_none_270e469b73872a76;C:\Program Files\Java\jdk-22\bin\server

VM Arguments:
jvm_args: -Dfile.encoding=UTF-8 --module-path=E:\IE003\UITravel\build\classes 
java_command: uitravel.test
java_class_path (initial): E:\IE003\UITravel\TimingFramework-0.55.jar;E:\IE003\UITravel\library\TimingFramework-0.55.jar;E:\IE003\UITravel\library\datechooser-swing-1.4.1.jar;E:\IE003\UITravel\library\flatlaf-3.4.1.jar;E:\IE003\UITravel\library\flatlaf-extras-3.4.1.jar;E:\IE003\UITravel\library\jsvg-1.4.0.jar;E:\IE003\UITravel\library\miglayout-4.0.jar;E:\IE003\UITravel\library\miglayout-core.jar;E:\IE003\UITravel\library\miglayout-swing.jar;E:\IE003\UITravel\library\svgSalamander-1.1.4.jar;E:\IE003\UITravel\library\swing-datetime-picker-1.2.0.jar;E:\IE003\UITravel\library\adyen-java-api-library-25.1.0.jar;C:\Program Files\NetBeans-21\netbeans\java\modules\ext\AbsoluteLayout.jar;E:\IE003\UITravel\build\classes
Launcher Type: SUN_STANDARD

[Global flags]
     intx CICompilerCount                          = 12                                        {product} {ergonomic}
     uint ConcGCThreads                            = 3                                         {product} {ergonomic}
     uint G1ConcRefinementThreads                  = 13                                        {product} {ergonomic}
   size_t G1HeapRegionSize                         = 2097152                                   {product} {ergonomic}
   size_t InitialHeapSize                          = 266338304                                 {product} {ergonomic}
   size_t MarkStackSize                            = 4194304                                   {product} {ergonomic}
   size_t MaxHeapSize                              = 4238344192                                {product} {ergonomic}
   size_t MaxNewSize                               = 2541748224                                {product} {ergonomic}
   size_t MinHeapDeltaBytes                        = 2097152                                   {product} {ergonomic}
   size_t MinHeapSize                              = 8388608                                   {product} {ergonomic}
    uintx NonNMethodCodeHeapSize                   = 7602480                                {pd product} {ergonomic}
    uintx NonProfiledCodeHeapSize                  = 122027880                              {pd product} {ergonomic}
    uintx ProfiledCodeHeapSize                     = 122027880                              {pd product} {ergonomic}
    uintx ReservedCodeCacheSize                    = 251658240                              {pd product} {ergonomic}
     bool SegmentedCodeCache                       = true                                      {product} {ergonomic}
   size_t SoftMaxHeapSize                          = 4238344192                             {manageable} {ergonomic}
     bool UseCompressedOops                        = true                           {product lp64_product} {ergonomic}
     bool UseG1GC                                  = true                                      {product} {ergonomic}
     bool UseLargePagesIndividualAllocation        = false                                  {pd product} {ergonomic}

Logging:
Log output configuration:
 #0: stdout all=warning uptime,level,tags foldmultilines=false
 #1: stderr all=off uptime,level,tags foldmultilines=false

Environment Variables:
JAVA_HOME=C:\Program Files\Java\jdk-22
PATH=C:\Program Files\Eclipse Adoptium\jdk-21.0.3.9-hotspot\bin;C:\Program Files\Common Files\Oracle\Java\javapath;C:\Program Files (x86)\Common Files\Oracle\Java\javapath;C:\Program Files\Eclipse Adoptium\jdk-21.0.2.13-hotspot\bin;C:\Program Files (x86)\Common Files\Intel\Shared Libraries\redist\intel64\compiler;C:\Program Files (x86)\Common Files\Intel\Shared Libraries\redist\ia32\compiler;C:\Windows\system32;C:\Windows;C:\Windows\System32\Wbem;C:\Windows\System32\WindowsPowerShell\v1.0\;C:\Windows\System32\OpenSSH\;C:\Program Files (x86)\NVIDIA Corporation\PhysX\Common;C:\Program Files\NVIDIA Corporation\NVIDIA NvDLISR;C:\Program Files (x86)\mingw-w64\i686-8.1.0-posix-dwarf-rt_v6-rev0\mingw32\bin;C:\WINDOWS\system32;C:\WINDOWS;C:\WINDOWS\System32\Wbem;C:\WINDOWS\System32\WindowsPowerShell\v1.0\;C:\WINDOWS\System32\OpenSSH\;C:\Program Files\Microsoft SQL Server\Client SDK\ODBC\170\Tools\Binn\;C:\Program Files (x86)\Microsoft SQL Server\150\Tools\Binn\;C:\Program Files\Microsoft SQL Server\150\Tools\Binn\;C:\Program Files\Microsoft SQL Server\150\DTS\Binn\;C:\Program Files (x86)\Microsoft SQL Server\150\DTS\Binn\;C:\Program Files\CMake\bin;C:\Program Files\Docker\Docker\resources\bin;C:\Program Files\dotnet\;C:\Program Files\nodejs\;C:\Program Files\Git\cmd;C:\Program Files\Cloudflare\Cloudflare WARP\;C:\Users\ACER\AppData\Local\Programs\Python\Python310\Scripts\;C:\Users\ACER\AppData\Local\Programs\Python\Python310\;C:\Users\ACER\AppData\Local\Microsoft\WindowsApps;C:\Users\ACER\AppData\Local\Programs\Microsoft VS Code\bin;C:\Program Files\Azure Data Studio\bin;C:\Users\ACER\AppData\Local\GitHubDesktop\bin;E:\Barebone\Compiler\win_flex_bison-2.5.4;C:\Users\ACER\AppData\Roaming\Microsoft\Windows\Start Menu\Programs\Python 3.10;C:\Users\ACER\.dotnet\tools;C:\Users\ACER\AppData\Roaming\npm;C:\Program Files (x86)\GnuWin32\bin;E:\nlp;E:\nlp\access;C:\Users\ACER\AppData\Local\Android\Sdk\emulator;C:\Users\ACER\AppData\Local\Android\android-sdk;C:\Users\ACER\AppData\Local\Android\Sdk\platform-tools;C:\Users\ACER\AppData\Local\Android\Sdk;C:\Users\ACER\AppData\Local\Android\android-sdk;C:\Program Files\Java\jdk-22\bin;C:\Program Files\Java\jre-1.8\bin;
USERNAME=ACER
OS=Windows_NT
PROCESSOR_IDENTIFIER=Intel64 Family 6 Model 141 Stepping 1, GenuineIntel
TMP=C:\Users\ACER\AppData\Local\Temp
TEMP=C:\Users\ACER\AppData\Local\Temp




Periodic native trim disabled

---------------  S Y S T E M  ---------------

OS:
 Windows 11 , 64 bit Build 22621 (10.0.22621.3527)
OS uptime: 0 days 13:30 hours
Hyper-V role detected

CPU: total 16 (initial active 16) (8 cores per cpu, 2 threads per core) family 6 model 141 stepping 1 microcode 0x3c, cx8, cmov, fxsr, ht, mmx, 3dnowpref, sse, sse2, sse3, ssse3, sse4.1, sse4.2, popcnt, lzcnt, tsc, tscinvbit, avx, avx2, aes, erms, clmul, bmi1, bmi2, adx, avx512f, avx512dq, avx512cd, avx512bw, avx512vl, sha, fma, vzeroupper, avx512_vpopcntdq, avx512_vpclmulqdq, avx512_vaes, avx512_vnni, clflush, clflushopt, clwb, avx512_vbmi2, avx512_vbmi, hv, rdtscp, rdpid, fsrm, gfni, avx512_bitalg, f16c, cet_ibt, cet_ss, avx512_ifma
Processor Information for all 16 processors :
  Max Mhz: 2304, Current Mhz: 2304, Mhz Limit: 2304

Memory: 4k page, system-wide physical 16163M (3464M free)
TotalPageFile size 18211M (AvailPageFile size 5M)
current process WorkingSet (physical memory assigned to process): 59M, peak: 59M
current process commit charge ("private bytes"): 362M, peak: 362M

vm_info: Java HotSpot(TM) 64-Bit Server VM (22+36-2370) for windows-amd64 JRE (22+36-2370), built on 2024-02-15T22:15:19Z by "mach5one" with MS VC++ 17.6 (VS2022)

END.
