#
# There is insufficient memory for the Java Runtime Environment to continue.
# Native memory allocation (malloc) failed to allocate 1033136 bytes. Error detail: Chunk::new
# Possible reasons:
#   The system is out of physical RAM or swap space
#   This process is running with CompressedOops enabled, and the Java Heap may be blocking the growth of the native heap
# Possible solutions:
#   Reduce memory load on the system
#   Increase physical memory or swap space
#   Check if swap backing store is full
#   Decrease Java heap size (-Xmx/-Xms)
#   Decrease number of Java threads
#   Decrease Java thread stack sizes (-Xss)
#   Set larger code cache with -XX:ReservedCodeCacheSize=
#   JVM is running with Zero Based Compressed Oops mode in which the Java heap is
#     placed in the first 32GB address space. The Java Heap base address is the
#     maximum limit for the native heap growth. Please use -XX:HeapBaseMinAddress
#     to set the Java Heap base and to place the Java Heap above 32GB virtual address.
# This output file may be truncated or incomplete.
#
#  Out of Memory Error (arena.cpp:150), pid=24544, tid=25016
#
# JRE version: Java(TM) SE Runtime Environment (22.0+36) (build 22+36-2370)
# Java VM: Java HotSpot(TM) 64-Bit Server VM (22+36-2370, mixed mode, sharing, tiered, compressed oops, compressed class ptrs, g1 gc, windows-amd64)
# No core dump will be written. Minidumps are not enabled by default on client versions of Windows
#

---------------  S U M M A R Y ------------

Command Line: -Dfile.encoding=UTF-8 --module-path=E:\IE003\UITravel\build\classes uitravel.UserSearch

Host: 11th Gen Intel(R) Core(TM) i7-11800H @ 2.30GHz, 16 cores, 15G,  Windows 11 , 64 bit Build 22621 (10.0.22621.3527)
Time: Sat Jun  1 17:40:00 2024 SE Asia Standard Time elapsed time: 1.750705 seconds (0d 0h 0m 1s)

---------------  T H R E A D  ---------------

Current thread (0x0000013b86415690):  JavaThread "C2 CompilerThread1" daemon [_thread_in_native, id=25016, stack(0x0000001f0b500000,0x0000001f0b600000) (1024K)]


Current CompileTask:
C2:1750 3031       4       javax.swing.GroupLayout$Group::calculateAutopadding (78 bytes)

Stack: [0x0000001f0b500000,0x0000001f0b600000]
Native frames: (J=compiled Java code, j=interpreted, Vv=VM code, C=native code)
V  [jvm.dll+0x6e2349]  (no source info available)
V  [jvm.dll+0x874ed3]  (no source info available)
V  [jvm.dll+0x8772fe]  (no source info available)
V  [jvm.dll+0x8779d3]  (no source info available)
V  [jvm.dll+0x27fcb6]  (no source info available)
V  [jvm.dll+0xc3d0f]  (no source info available)
V  [jvm.dll+0xc3f6b]  (no source info available)
V  [jvm.dll+0x3bb05c]  (no source info available)
V  [jvm.dll+0x387abb]  (no source info available)
V  [jvm.dll+0x386f2a]  (no source info available)
V  [jvm.dll+0x247908]  (no source info available)
V  [jvm.dll+0x246faf]  (no source info available)
V  [jvm.dll+0x1c4e90]  (no source info available)
V  [jvm.dll+0x25699e]  (no source info available)
V  [jvm.dll+0x254c5a]  (no source info available)
V  [jvm.dll+0x3f5426]  (no source info available)
V  [jvm.dll+0x81d50b]  (no source info available)
V  [jvm.dll+0x6e09e5]  (no source info available)
C  [ucrtbase.dll+0x29333]  (no source info available)
C  [KERNEL32.DLL+0x1257d]  (no source info available)
C  [ntdll.dll+0x5aa48]  (no source info available)


---------------  P R O C E S S  ---------------

Threads class SMR info:
_java_thread_list=0x0000013b87a80a30, length=27, elements={
0x0000013b40d06fd0, 0x0000013b40d07fe0, 0x0000013b40d0a330, 0x0000013b40d0b290,
0x0000013b40d0e170, 0x0000013b40d10a10, 0x0000013b40d143d0, 0x0000013b40d1bab0,
0x0000013b860f9f80, 0x0000013b860fd8e0, 0x0000013b861a9e00, 0x0000013b863f1570,
0x0000013b863f2e20, 0x0000013b863f3b90, 0x0000013b86415690, 0x0000013b86454900,
0x0000013b86559800, 0x0000013b86a90390, 0x0000013b211cf0b0, 0x0000013b87701f00,
0x0000013b877e79c0, 0x0000013b87a119d0, 0x0000013b87906940, 0x0000013b87907000,
0x0000013b87907ee0, 0x0000013b88094050, 0x0000013b87e4e740
}

Java Threads: ( => current thread )
  0x0000013b40d06fd0 JavaThread "Reference Handler"          daemon [_thread_blocked, id=10372, stack(0x0000001f0a700000,0x0000001f0a800000) (1024K)]
  0x0000013b40d07fe0 JavaThread "Finalizer"                  daemon [_thread_blocked, id=21872, stack(0x0000001f0a800000,0x0000001f0a900000) (1024K)]
  0x0000013b40d0a330 JavaThread "Signal Dispatcher"          daemon [_thread_blocked, id=13952, stack(0x0000001f0a900000,0x0000001f0aa00000) (1024K)]
  0x0000013b40d0b290 JavaThread "Attach Listener"            daemon [_thread_blocked, id=14404, stack(0x0000001f0aa00000,0x0000001f0ab00000) (1024K)]
  0x0000013b40d0e170 JavaThread "Service Thread"             daemon [_thread_blocked, id=12964, stack(0x0000001f0ab00000,0x0000001f0ac00000) (1024K)]
  0x0000013b40d10a10 JavaThread "Monitor Deflation Thread"   daemon [_thread_blocked, id=2824, stack(0x0000001f0ac00000,0x0000001f0ad00000) (1024K)]
  0x0000013b40d143d0 JavaThread "C2 CompilerThread0"         daemon [_thread_in_native, id=19384, stack(0x0000001f0ad00000,0x0000001f0ae00000) (1024K)]
  0x0000013b40d1bab0 JavaThread "C1 CompilerThread0"         daemon [_thread_in_native, id=3876, stack(0x0000001f0ae00000,0x0000001f0af00000) (1024K)]
  0x0000013b860f9f80 JavaThread "Common-Cleaner"             daemon [_thread_blocked, id=2064, stack(0x0000001f0af00000,0x0000001f0b000000) (1024K)]
  0x0000013b860fd8e0 JavaThread "C1 CompilerThread1"         daemon [_thread_in_vm, id=23684, stack(0x0000001f0b000000,0x0000001f0b100000) (1024K)]
  0x0000013b861a9e00 JavaThread "Notification Thread"        daemon [_thread_blocked, id=20932, stack(0x0000001f0b100000,0x0000001f0b200000) (1024K)]
  0x0000013b863f1570 JavaThread "Java2D Disposer"            daemon [_thread_blocked, id=11192, stack(0x0000001f0b200000,0x0000001f0b300000) (1024K)]
  0x0000013b863f2e20 JavaThread "AWT-Shutdown"                      [_thread_blocked, id=18304, stack(0x0000001f0b300000,0x0000001f0b400000) (1024K)]
  0x0000013b863f3b90 JavaThread "AWT-Windows"                daemon [_thread_in_native, id=18068, stack(0x0000001f0b400000,0x0000001f0b500000) (1024K)]
=>0x0000013b86415690 JavaThread "C2 CompilerThread1"         daemon [_thread_in_native, id=25016, stack(0x0000001f0b500000,0x0000001f0b600000) (1024K)]
  0x0000013b86454900 JavaThread "C2 CompilerThread2"         daemon [_thread_in_native, id=22028, stack(0x0000001f0b600000,0x0000001f0b700000) (1024K)]
  0x0000013b86559800 JavaThread "C1 CompilerThread2"         daemon [_thread_blocked, id=8292, stack(0x0000001f0b700000,0x0000001f0b800000) (1024K)]
  0x0000013b86a90390 JavaThread "AWT-EventQueue-0"                  [_thread_in_vm, id=3212, stack(0x0000001f0b800000,0x0000001f0b900000) (1024K)]
  0x0000013b211cf0b0 JavaThread "DestroyJavaVM"                     [_thread_blocked, id=9996, stack(0x0000001f09f00000,0x0000001f0a000000) (1024K)]
  0x0000013b87701f00 JavaThread "C1 CompilerThread3"         daemon [_thread_blocked, id=10780, stack(0x0000001f0b900000,0x0000001f0ba00000) (1024K)]
  0x0000013b877e79c0 JavaThread "TimerQueue"                 daemon [_thread_blocked, id=12428, stack(0x0000001f0ba00000,0x0000001f0bb00000) (1024K)]
  0x0000013b87a119d0 JavaThread "Image Fetcher 0"            daemon [_thread_blocked, id=21904, stack(0x0000001f0bb00000,0x0000001f0bc00000) (1024K)]
  0x0000013b87906940 JavaThread "C2 CompilerThread3"         daemon [_thread_blocked, id=10000, stack(0x0000001f0cb00000,0x0000001f0cc00000) (1024K)]
  0x0000013b87907000 JavaThread "C2 CompilerThread4"         daemon [_thread_in_native, id=14320, stack(0x0000001f0cc00000,0x0000001f0cd00000) (1024K)]
  0x0000013b87907ee0 JavaThread "C2 CompilerThread5"         daemon [_thread_in_native, id=19984, stack(0x0000001f0cd00000,0x0000001f0ce00000) (1024K)]
  0x0000013b88094050 JavaThread "C2 CompilerThread6"         daemon [_thread_in_native, id=19952, stack(0x0000001f0ce00000,0x0000001f0cf00000) (1024K)]
  0x0000013b87e4e740 JavaThread "C2 CompilerThread7"         daemon [_thread_blocked, id=3908, stack(0x0000001f0cf00000,0x0000001f0d000000) (1024K)]
Total: 27

Other Threads:
  0x0000013b40cf0800 VMThread "VM Thread"                           [id=18800, stack(0x0000001f0a600000,0x0000001f0a700000) (1024K)]
  0x0000013b40cd8e20 WatcherThread "VM Periodic Task Thread"        [id=2680, stack(0x0000001f0a500000,0x0000001f0a600000) (1024K)]
  0x0000013b212320a0 WorkerThread "GC Thread#0"                     [id=19184, stack(0x0000001f0a000000,0x0000001f0a100000) (1024K)]
  0x0000013b87a0fc00 WorkerThread "GC Thread#1"                     [id=12272, stack(0x0000001f0bc00000,0x0000001f0bd00000) (1024K)]
  0x0000013b87a0ffb0 WorkerThread "GC Thread#2"                     [id=13032, stack(0x0000001f0bd00000,0x0000001f0be00000) (1024K)]
  0x0000013b87a10360 WorkerThread "GC Thread#3"                     [id=23856, stack(0x0000001f0be00000,0x0000001f0bf00000) (1024K)]
  0x0000013b8792ab00 WorkerThread "GC Thread#4"                     [id=20744, stack(0x0000001f0bf00000,0x0000001f0c000000) (1024K)]
  0x0000013b8792ff30 WorkerThread "GC Thread#5"                     [id=13472, stack(0x0000001f0c000000,0x0000001f0c100000) (1024K)]
  0x0000013b879302e0 WorkerThread "GC Thread#6"                     [id=22020, stack(0x0000001f0c100000,0x0000001f0c200000) (1024K)]
  0x0000013b87930690 WorkerThread "GC Thread#7"                     [id=20944, stack(0x0000001f0c200000,0x0000001f0c300000) (1024K)]
  0x0000013b8792fb80 WorkerThread "GC Thread#8"                     [id=21276, stack(0x0000001f0c300000,0x0000001f0c400000) (1024K)]
  0x0000013b878df590 WorkerThread "GC Thread#9"                     [id=25480, stack(0x0000001f0c400000,0x0000001f0c500000) (1024K)]
  0x0000013b878e0f60 WorkerThread "GC Thread#10"                    [id=6888, stack(0x0000001f0c500000,0x0000001f0c600000) (1024K)]
  0x0000013b878df940 WorkerThread "GC Thread#11"                    [id=5820, stack(0x0000001f0c600000,0x0000001f0c700000) (1024K)]
  0x0000013b878e1310 WorkerThread "GC Thread#12"                    [id=10764, stack(0x0000001f0c700000,0x0000001f0c800000) (1024K)]
  0x0000013b21242ed0 ConcurrentGCThread "G1 Main Marker"            [id=12788, stack(0x0000001f0a100000,0x0000001f0a200000) (1024K)]
  0x0000013b212441f0 WorkerThread "G1 Conc#0"                       [id=8076, stack(0x0000001f0a200000,0x0000001f0a300000) (1024K)]
  0x0000013b40ba6020 ConcurrentGCThread "G1 Refine#0"               [id=3420, stack(0x0000001f0a300000,0x0000001f0a400000) (1024K)]
  0x0000013b40ba6ab0 ConcurrentGCThread "G1 Service"                [id=4396, stack(0x0000001f0a400000,0x0000001f0a500000) (1024K)]
Total: 19

Threads with active compile tasks:
C2 CompilerThread0  1794 3191       4       javax.swing.GroupLayout$SequentialGroup::setValidSizeNotPreferred (371 bytes)
C2 CompilerThread1  1794 3031       4       javax.swing.GroupLayout$Group::calculateAutopadding (78 bytes)
C2 CompilerThread2  1794 3202       4       javax.swing.SwingUtilities::layoutCompoundLabelImpl (758 bytes)
C2 CompilerThread3  1794 3346       4       jdk.internal.misc.Unsafe::getByte (7 bytes)
C2 CompilerThread4  1794 3111   !   4       sun.font.FontDesignMetrics::getMetrics (265 bytes)
C2 CompilerThread5  1794 3199       4       javax.swing.JComponent::getFontMetrics (6 bytes)
C2 CompilerThread6  1794 3264       4       javax.swing.GroupLayout$SequentialGroup::buildResizableList (112 bytes)
C2 CompilerThread7  1794 3347       4       jdk.internal.misc.Unsafe::getInt (7 bytes)
Total: 8

VM state: not at safepoint (normal execution)

VM Mutex/Monitor currently owned by a thread: None

Heap address: 0x0000000703600000, size: 4042 MB, Compressed Oops mode: Zero based, Oop shift amount: 3

CDS archive(s) mapped at: [0x0000013b41000000-0x0000013b41c60000-0x0000013b41c60000), size 12976128, SharedBaseAddress: 0x0000013b41000000, ArchiveRelocationMode: 1.
Compressed class space mapped at: 0x0000013b42000000-0x0000013b82000000, reserved size: 1073741824
Narrow klass base: 0x0000013b41000000, Narrow klass shift: 0, Narrow klass range: 0x41000000

GC Precious Log:
 CardTable entry size: 512
 Card Set container configuration: InlinePtr #cards 4 size 8 Array Of Cards #cards 16 size 48 Howl #buckets 8 coarsen threshold 3686 Howl Bitmap #cards 512 size 80 coarsen threshold 460 Card regions per heap region 1 cards per card region 4096
 CPUs: 16 total, 16 available
 Memory: 16163M
 Large Page Support: Disabled
 NUMA Support: Disabled
 Compressed Oops: Enabled (Zero based)
 Heap Region Size: 2M
 Heap Min Capacity: 8M
 Heap Initial Capacity: 254M
 Heap Max Capacity: 4042M
 Pre-touch: Disabled
 Parallel Workers: 13
 Concurrent Workers: 3
 Concurrent Refinement Workers: 13
 Periodic GC: Disabled

Heap:
 garbage-first heap   total reserved 4139008K, committed 260096K, used 41409K [0x0000000703600000, 0x0000000800000000)
  region size 2048K, 5 young (10240K), 2 survivors (4096K)
 Metaspace       used 16769K, committed 17024K, reserved 1114112K
  class space    used 1924K, committed 2048K, reserved 1048576K

Heap Regions: E=young(eden), S=young(survivor), O=old, HS=humongous(starts), HC=humongous(continues), CS=collection set, F=free, TAMS=top-at-mark-start, PB=parsable bottom
|   0|0x0000000703600000, 0x0000000703800000, 0x0000000703800000|100%|HS|  |TAMS 0x0000000703600000| PB 0x0000000703600000| Complete |  0
|   1|0x0000000703800000, 0x0000000703a00000, 0x0000000703a00000|100%|HC|  |TAMS 0x0000000703800000| PB 0x0000000703800000| Complete |  0
|   2|0x0000000703a00000, 0x0000000703c00000, 0x0000000703c00000|100%| O|  |TAMS 0x0000000703a00000| PB 0x0000000703a00000| Untracked |  0
|   3|0x0000000703c00000, 0x0000000703e00000, 0x0000000703e00000|100%|HS|  |TAMS 0x0000000703c00000| PB 0x0000000703c00000| Complete |  0
|   4|0x0000000703e00000, 0x0000000704000000, 0x0000000704000000|100%|HC|  |TAMS 0x0000000703e00000| PB 0x0000000703e00000| Complete |  0
|   5|0x0000000704000000, 0x0000000704200000, 0x0000000704200000|100%|HC|  |TAMS 0x0000000704000000| PB 0x0000000704000000| Complete |  0
|   6|0x0000000704200000, 0x0000000704400000, 0x0000000704400000|100%|HC|  |TAMS 0x0000000704200000| PB 0x0000000704200000| Complete |  0
|   7|0x0000000704400000, 0x0000000704600000, 0x0000000704600000|100%|HC|  |TAMS 0x0000000704400000| PB 0x0000000704400000| Complete |  0
|   8|0x0000000704600000, 0x0000000704800000, 0x0000000704800000|100%|HC|  |TAMS 0x0000000704600000| PB 0x0000000704600000| Complete |  0
|   9|0x0000000704800000, 0x0000000704a00000, 0x0000000704a00000|100%|HC|  |TAMS 0x0000000704800000| PB 0x0000000704800000| Complete |  0
|  10|0x0000000704a00000, 0x0000000704c00000, 0x0000000704c00000|100%|HC|  |TAMS 0x0000000704a00000| PB 0x0000000704a00000| Complete |  0
|  11|0x0000000704c00000, 0x0000000704e00000, 0x0000000704e00000|100%| O|  |TAMS 0x0000000704c00000| PB 0x0000000704c00000| Untracked |  0
|  12|0x0000000704e00000, 0x0000000704fd5d60, 0x0000000705000000| 91%| O|  |TAMS 0x0000000704e00000| PB 0x0000000704e00000| Untracked |  0
|  13|0x0000000705000000, 0x0000000705200000, 0x0000000705200000|100%|HS|  |TAMS 0x0000000705000000| PB 0x0000000705000000| Complete |  0
|  14|0x0000000705200000, 0x0000000705400000, 0x0000000705400000|100%|HC|  |TAMS 0x0000000705200000| PB 0x0000000705200000| Complete |  0
|  15|0x0000000705400000, 0x0000000705600000, 0x0000000705600000|100%|HC|  |TAMS 0x0000000705400000| PB 0x0000000705400000| Complete |  0
|  16|0x0000000705600000, 0x0000000705800000, 0x0000000705800000|100%|HC|  |TAMS 0x0000000705600000| PB 0x0000000705600000| Complete |  0
|  17|0x0000000705800000, 0x0000000705800000, 0x0000000705a00000|  0%| F|  |TAMS 0x0000000705800000| PB 0x0000000705800000| Untracked |  0
|  18|0x0000000705a00000, 0x0000000705a00000, 0x0000000705c00000|  0%| F|  |TAMS 0x0000000705a00000| PB 0x0000000705a00000| Untracked |  0
|  19|0x0000000705c00000, 0x0000000705c00000, 0x0000000705e00000|  0%| F|  |TAMS 0x0000000705c00000| PB 0x0000000705c00000| Untracked |  0
|  20|0x0000000705e00000, 0x0000000705e00000, 0x0000000706000000|  0%| F|  |TAMS 0x0000000705e00000| PB 0x0000000705e00000| Untracked |  0
|  21|0x0000000706000000, 0x0000000706000000, 0x0000000706200000|  0%| F|  |TAMS 0x0000000706000000| PB 0x0000000706000000| Untracked |  0
|  22|0x0000000706200000, 0x0000000706200000, 0x0000000706400000|  0%| F|  |TAMS 0x0000000706200000| PB 0x0000000706200000| Untracked |  0
|  23|0x0000000706400000, 0x0000000706400000, 0x0000000706600000|  0%| F|  |TAMS 0x0000000706400000| PB 0x0000000706400000| Untracked |  0
|  24|0x0000000706600000, 0x0000000706600000, 0x0000000706800000|  0%| F|  |TAMS 0x0000000706600000| PB 0x0000000706600000| Untracked |  0
|  25|0x0000000706800000, 0x0000000706800000, 0x0000000706a00000|  0%| F|  |TAMS 0x0000000706800000| PB 0x0000000706800000| Untracked |  0
|  26|0x0000000706a00000, 0x0000000706a00000, 0x0000000706c00000|  0%| F|  |TAMS 0x0000000706a00000| PB 0x0000000706a00000| Untracked |  0
|  27|0x0000000706c00000, 0x0000000706c00000, 0x0000000706e00000|  0%| F|  |TAMS 0x0000000706c00000| PB 0x0000000706c00000| Untracked |  0
|  28|0x0000000706e00000, 0x0000000706e00000, 0x0000000707000000|  0%| F|  |TAMS 0x0000000706e00000| PB 0x0000000706e00000| Untracked |  0
|  29|0x0000000707000000, 0x0000000707000000, 0x0000000707200000|  0%| F|  |TAMS 0x0000000707000000| PB 0x0000000707000000| Untracked |  0
|  30|0x0000000707200000, 0x0000000707200000, 0x0000000707400000|  0%| F|  |TAMS 0x0000000707200000| PB 0x0000000707200000| Untracked |  0
|  31|0x0000000707400000, 0x0000000707400000, 0x0000000707600000|  0%| F|  |TAMS 0x0000000707400000| PB 0x0000000707400000| Untracked |  0
|  32|0x0000000707600000, 0x0000000707600000, 0x0000000707800000|  0%| F|  |TAMS 0x0000000707600000| PB 0x0000000707600000| Untracked |  0
|  33|0x0000000707800000, 0x0000000707800000, 0x0000000707a00000|  0%| F|  |TAMS 0x0000000707800000| PB 0x0000000707800000| Untracked |  0
|  34|0x0000000707a00000, 0x0000000707a00000, 0x0000000707c00000|  0%| F|  |TAMS 0x0000000707a00000| PB 0x0000000707a00000| Untracked |  0
|  35|0x0000000707c00000, 0x0000000707c00000, 0x0000000707e00000|  0%| F|  |TAMS 0x0000000707c00000| PB 0x0000000707c00000| Untracked |  0
|  36|0x0000000707e00000, 0x0000000707e00000, 0x0000000708000000|  0%| F|  |TAMS 0x0000000707e00000| PB 0x0000000707e00000| Untracked |  0
|  37|0x0000000708000000, 0x0000000708000000, 0x0000000708200000|  0%| F|  |TAMS 0x0000000708000000| PB 0x0000000708000000| Untracked |  0
|  38|0x0000000708200000, 0x0000000708200000, 0x0000000708400000|  0%| F|  |TAMS 0x0000000708200000| PB 0x0000000708200000| Untracked |  0
|  39|0x0000000708400000, 0x0000000708400000, 0x0000000708600000|  0%| F|  |TAMS 0x0000000708400000| PB 0x0000000708400000| Untracked |  0
|  40|0x0000000708600000, 0x0000000708600000, 0x0000000708800000|  0%| F|  |TAMS 0x0000000708600000| PB 0x0000000708600000| Untracked |  0
|  41|0x0000000708800000, 0x0000000708800000, 0x0000000708a00000|  0%| F|  |TAMS 0x0000000708800000| PB 0x0000000708800000| Untracked |  0
|  42|0x0000000708a00000, 0x0000000708a00000, 0x0000000708c00000|  0%| F|  |TAMS 0x0000000708a00000| PB 0x0000000708a00000| Untracked |  0
|  43|0x0000000708c00000, 0x0000000708c00000, 0x0000000708e00000|  0%| F|  |TAMS 0x0000000708c00000| PB 0x0000000708c00000| Untracked |  0
|  44|0x0000000708e00000, 0x0000000708e00000, 0x0000000709000000|  0%| F|  |TAMS 0x0000000708e00000| PB 0x0000000708e00000| Untracked |  0
|  45|0x0000000709000000, 0x0000000709000000, 0x0000000709200000|  0%| F|  |TAMS 0x0000000709000000| PB 0x0000000709000000| Untracked |  0
|  46|0x0000000709200000, 0x0000000709200000, 0x0000000709400000|  0%| F|  |TAMS 0x0000000709200000| PB 0x0000000709200000| Untracked |  0
|  47|0x0000000709400000, 0x0000000709400000, 0x0000000709600000|  0%| F|  |TAMS 0x0000000709400000| PB 0x0000000709400000| Untracked |  0
|  48|0x0000000709600000, 0x0000000709600000, 0x0000000709800000|  0%| F|  |TAMS 0x0000000709600000| PB 0x0000000709600000| Untracked |  0
|  49|0x0000000709800000, 0x0000000709800000, 0x0000000709a00000|  0%| F|  |TAMS 0x0000000709800000| PB 0x0000000709800000| Untracked |  0
|  50|0x0000000709a00000, 0x0000000709a00000, 0x0000000709c00000|  0%| F|  |TAMS 0x0000000709a00000| PB 0x0000000709a00000| Untracked |  0
|  51|0x0000000709c00000, 0x0000000709c00000, 0x0000000709e00000|  0%| F|  |TAMS 0x0000000709c00000| PB 0x0000000709c00000| Untracked |  0
|  52|0x0000000709e00000, 0x0000000709e00000, 0x000000070a000000|  0%| F|  |TAMS 0x0000000709e00000| PB 0x0000000709e00000| Untracked |  0
|  53|0x000000070a000000, 0x000000070a000000, 0x000000070a200000|  0%| F|  |TAMS 0x000000070a000000| PB 0x000000070a000000| Untracked |  0
|  54|0x000000070a200000, 0x000000070a200000, 0x000000070a400000|  0%| F|  |TAMS 0x000000070a200000| PB 0x000000070a200000| Untracked |  0
|  55|0x000000070a400000, 0x000000070a400000, 0x000000070a600000|  0%| F|  |TAMS 0x000000070a400000| PB 0x000000070a400000| Untracked |  0
|  56|0x000000070a600000, 0x000000070a600000, 0x000000070a800000|  0%| F|  |TAMS 0x000000070a600000| PB 0x000000070a600000| Untracked |  0
|  57|0x000000070a800000, 0x000000070a800000, 0x000000070aa00000|  0%| F|  |TAMS 0x000000070a800000| PB 0x000000070a800000| Untracked |  0
|  58|0x000000070aa00000, 0x000000070aa00000, 0x000000070ac00000|  0%| F|  |TAMS 0x000000070aa00000| PB 0x000000070aa00000| Untracked |  0
|  59|0x000000070ac00000, 0x000000070ac00000, 0x000000070ae00000|  0%| F|  |TAMS 0x000000070ac00000| PB 0x000000070ac00000| Untracked |  0
|  60|0x000000070ae00000, 0x000000070ae00000, 0x000000070b000000|  0%| F|  |TAMS 0x000000070ae00000| PB 0x000000070ae00000| Untracked |  0
|  61|0x000000070b000000, 0x000000070b000000, 0x000000070b200000|  0%| F|  |TAMS 0x000000070b000000| PB 0x000000070b000000| Untracked |  0
|  62|0x000000070b200000, 0x000000070b200000, 0x000000070b400000|  0%| F|  |TAMS 0x000000070b200000| PB 0x000000070b200000| Untracked |  0
|  63|0x000000070b400000, 0x000000070b400000, 0x000000070b600000|  0%| F|  |TAMS 0x000000070b400000| PB 0x000000070b400000| Untracked |  0
|  64|0x000000070b600000, 0x000000070b600000, 0x000000070b800000|  0%| F|  |TAMS 0x000000070b600000| PB 0x000000070b600000| Untracked |  0
|  65|0x000000070b800000, 0x000000070b800000, 0x000000070ba00000|  0%| F|  |TAMS 0x000000070b800000| PB 0x000000070b800000| Untracked |  0
|  66|0x000000070ba00000, 0x000000070ba00000, 0x000000070bc00000|  0%| F|  |TAMS 0x000000070ba00000| PB 0x000000070ba00000| Untracked |  0
|  67|0x000000070bc00000, 0x000000070bc00000, 0x000000070be00000|  0%| F|  |TAMS 0x000000070bc00000| PB 0x000000070bc00000| Untracked |  0
|  68|0x000000070be00000, 0x000000070be00000, 0x000000070c000000|  0%| F|  |TAMS 0x000000070be00000| PB 0x000000070be00000| Untracked |  0
|  69|0x000000070c000000, 0x000000070c000000, 0x000000070c200000|  0%| F|  |TAMS 0x000000070c000000| PB 0x000000070c000000| Untracked |  0
|  70|0x000000070c200000, 0x000000070c200000, 0x000000070c400000|  0%| F|  |TAMS 0x000000070c200000| PB 0x000000070c200000| Untracked |  0
|  71|0x000000070c400000, 0x000000070c400000, 0x000000070c600000|  0%| F|  |TAMS 0x000000070c400000| PB 0x000000070c400000| Untracked |  0
|  72|0x000000070c600000, 0x000000070c600000, 0x000000070c800000|  0%| F|  |TAMS 0x000000070c600000| PB 0x000000070c600000| Untracked |  0
|  73|0x000000070c800000, 0x000000070c800000, 0x000000070ca00000|  0%| F|  |TAMS 0x000000070c800000| PB 0x000000070c800000| Untracked |  0
|  74|0x000000070ca00000, 0x000000070ca00000, 0x000000070cc00000|  0%| F|  |TAMS 0x000000070ca00000| PB 0x000000070ca00000| Untracked |  0
|  75|0x000000070cc00000, 0x000000070cc00000, 0x000000070ce00000|  0%| F|  |TAMS 0x000000070cc00000| PB 0x000000070cc00000| Untracked |  0
|  76|0x000000070ce00000, 0x000000070ce00000, 0x000000070d000000|  0%| F|  |TAMS 0x000000070ce00000| PB 0x000000070ce00000| Untracked |  0
|  77|0x000000070d000000, 0x000000070d000000, 0x000000070d200000|  0%| F|  |TAMS 0x000000070d000000| PB 0x000000070d000000| Untracked |  0
|  78|0x000000070d200000, 0x000000070d200000, 0x000000070d400000|  0%| F|  |TAMS 0x000000070d200000| PB 0x000000070d200000| Untracked |  0
|  79|0x000000070d400000, 0x000000070d400000, 0x000000070d600000|  0%| F|  |TAMS 0x000000070d400000| PB 0x000000070d400000| Untracked |  0
|  80|0x000000070d600000, 0x000000070d600000, 0x000000070d800000|  0%| F|  |TAMS 0x000000070d600000| PB 0x000000070d600000| Untracked |  0
|  81|0x000000070d800000, 0x000000070d800000, 0x000000070da00000|  0%| F|  |TAMS 0x000000070d800000| PB 0x000000070d800000| Untracked |  0
|  82|0x000000070da00000, 0x000000070da00000, 0x000000070dc00000|  0%| F|  |TAMS 0x000000070da00000| PB 0x000000070da00000| Untracked |  0
|  83|0x000000070dc00000, 0x000000070dc00000, 0x000000070de00000|  0%| F|  |TAMS 0x000000070dc00000| PB 0x000000070dc00000| Untracked |  0
|  84|0x000000070de00000, 0x000000070de00000, 0x000000070e000000|  0%| F|  |TAMS 0x000000070de00000| PB 0x000000070de00000| Untracked |  0
|  85|0x000000070e000000, 0x000000070e000000, 0x000000070e200000|  0%| F|  |TAMS 0x000000070e000000| PB 0x000000070e000000| Untracked |  0
|  86|0x000000070e200000, 0x000000070e200000, 0x000000070e400000|  0%| F|  |TAMS 0x000000070e200000| PB 0x000000070e200000| Untracked |  0
|  87|0x000000070e400000, 0x000000070e400000, 0x000000070e600000|  0%| F|  |TAMS 0x000000070e400000| PB 0x000000070e400000| Untracked |  0
|  88|0x000000070e600000, 0x000000070e600000, 0x000000070e800000|  0%| F|  |TAMS 0x000000070e600000| PB 0x000000070e600000| Untracked |  0
|  89|0x000000070e800000, 0x000000070e800000, 0x000000070ea00000|  0%| F|  |TAMS 0x000000070e800000| PB 0x000000070e800000| Untracked |  0
|  90|0x000000070ea00000, 0x000000070ea00000, 0x000000070ec00000|  0%| F|  |TAMS 0x000000070ea00000| PB 0x000000070ea00000| Untracked |  0
|  91|0x000000070ec00000, 0x000000070ec00000, 0x000000070ee00000|  0%| F|  |TAMS 0x000000070ec00000| PB 0x000000070ec00000| Untracked |  0
|  92|0x000000070ee00000, 0x000000070ee00000, 0x000000070f000000|  0%| F|  |TAMS 0x000000070ee00000| PB 0x000000070ee00000| Untracked |  0
|  93|0x000000070f000000, 0x000000070f000000, 0x000000070f200000|  0%| F|  |TAMS 0x000000070f000000| PB 0x000000070f000000| Untracked |  0
|  94|0x000000070f200000, 0x000000070f200000, 0x000000070f400000|  0%| F|  |TAMS 0x000000070f200000| PB 0x000000070f200000| Untracked |  0
|  95|0x000000070f400000, 0x000000070f400000, 0x000000070f600000|  0%| F|  |TAMS 0x000000070f400000| PB 0x000000070f400000| Untracked |  0
|  96|0x000000070f600000, 0x000000070f600000, 0x000000070f800000|  0%| F|  |TAMS 0x000000070f600000| PB 0x000000070f600000| Untracked |  0
|  97|0x000000070f800000, 0x000000070f800000, 0x000000070fa00000|  0%| F|  |TAMS 0x000000070f800000| PB 0x000000070f800000| Untracked |  0
|  98|0x000000070fa00000, 0x000000070fa00000, 0x000000070fc00000|  0%| F|  |TAMS 0x000000070fa00000| PB 0x000000070fa00000| Untracked |  0
|  99|0x000000070fc00000, 0x000000070fc00000, 0x000000070fe00000|  0%| F|  |TAMS 0x000000070fc00000| PB 0x000000070fc00000| Untracked |  0
| 100|0x000000070fe00000, 0x000000070fe00000, 0x0000000710000000|  0%| F|  |TAMS 0x000000070fe00000| PB 0x000000070fe00000| Untracked |  0
| 101|0x0000000710000000, 0x0000000710000000, 0x0000000710200000|  0%| F|  |TAMS 0x0000000710000000| PB 0x0000000710000000| Untracked |  0
| 102|0x0000000710200000, 0x0000000710200000, 0x0000000710400000|  0%| F|  |TAMS 0x0000000710200000| PB 0x0000000710200000| Untracked |  0
| 103|0x0000000710400000, 0x0000000710400000, 0x0000000710600000|  0%| F|  |TAMS 0x0000000710400000| PB 0x0000000710400000| Untracked |  0
| 104|0x0000000710600000, 0x0000000710600000, 0x0000000710800000|  0%| F|  |TAMS 0x0000000710600000| PB 0x0000000710600000| Untracked |  0
| 105|0x0000000710800000, 0x0000000710800000, 0x0000000710a00000|  0%| F|  |TAMS 0x0000000710800000| PB 0x0000000710800000| Untracked |  0
| 106|0x0000000710a00000, 0x0000000710a00000, 0x0000000710c00000|  0%| F|  |TAMS 0x0000000710a00000| PB 0x0000000710a00000| Untracked |  0
| 107|0x0000000710c00000, 0x0000000710c00000, 0x0000000710e00000|  0%| F|  |TAMS 0x0000000710c00000| PB 0x0000000710c00000| Untracked |  0
| 108|0x0000000710e00000, 0x0000000710e9a830, 0x0000000711000000| 30%| S|CS|TAMS 0x0000000710e00000| PB 0x0000000710e00000| Complete |  0
| 109|0x0000000711000000, 0x0000000711200000, 0x0000000711200000|100%| S|CS|TAMS 0x0000000711000000| PB 0x0000000711000000| Complete |  0
| 110|0x0000000711200000, 0x0000000711200000, 0x0000000711400000|  0%| F|  |TAMS 0x0000000711200000| PB 0x0000000711200000| Untracked |  0
| 111|0x0000000711400000, 0x0000000711400000, 0x0000000711600000|  0%| F|  |TAMS 0x0000000711400000| PB 0x0000000711400000| Untracked |  0
| 112|0x0000000711600000, 0x0000000711600000, 0x0000000711800000|  0%| F|  |TAMS 0x0000000711600000| PB 0x0000000711600000| Untracked |  0
| 113|0x0000000711800000, 0x0000000711800000, 0x0000000711a00000|  0%| F|  |TAMS 0x0000000711800000| PB 0x0000000711800000| Untracked |  0
| 114|0x0000000711a00000, 0x0000000711a00000, 0x0000000711c00000|  0%| F|  |TAMS 0x0000000711a00000| PB 0x0000000711a00000| Untracked |  0
| 115|0x0000000711c00000, 0x0000000711c00000, 0x0000000711e00000|  0%| F|  |TAMS 0x0000000711c00000| PB 0x0000000711c00000| Untracked |  0
| 116|0x0000000711e00000, 0x0000000711e00000, 0x0000000712000000|  0%| F|  |TAMS 0x0000000711e00000| PB 0x0000000711e00000| Untracked |  0
| 117|0x0000000712000000, 0x0000000712000000, 0x0000000712200000|  0%| F|  |TAMS 0x0000000712000000| PB 0x0000000712000000| Untracked |  0
| 118|0x0000000712200000, 0x0000000712200000, 0x0000000712400000|  0%| F|  |TAMS 0x0000000712200000| PB 0x0000000712200000| Untracked |  0
| 119|0x0000000712400000, 0x0000000712400000, 0x0000000712600000|  0%| F|  |TAMS 0x0000000712400000| PB 0x0000000712400000| Untracked |  0
| 120|0x0000000712600000, 0x0000000712600000, 0x0000000712800000|  0%| F|  |TAMS 0x0000000712600000| PB 0x0000000712600000| Untracked |  0
| 121|0x0000000712800000, 0x0000000712800000, 0x0000000712a00000|  0%| F|  |TAMS 0x0000000712800000| PB 0x0000000712800000| Untracked |  0
| 122|0x0000000712a00000, 0x0000000712a00000, 0x0000000712c00000|  0%| F|  |TAMS 0x0000000712a00000| PB 0x0000000712a00000| Untracked |  0
| 123|0x0000000712c00000, 0x0000000712c00000, 0x0000000712e00000|  0%| F|  |TAMS 0x0000000712c00000| PB 0x0000000712c00000| Untracked |  0
| 124|0x0000000712e00000, 0x0000000712fdb750, 0x0000000713000000| 92%| E|  |TAMS 0x0000000712e00000| PB 0x0000000712e00000| Complete |  0
| 125|0x0000000713000000, 0x0000000713200000, 0x0000000713200000|100%| E|CS|TAMS 0x0000000713000000| PB 0x0000000713000000| Complete |  0
| 126|0x0000000713200000, 0x0000000713400000, 0x0000000713400000|100%| E|CS|TAMS 0x0000000713200000| PB 0x0000000713200000| Complete |  0

Card table byte_map: [0x0000013b39580000,0x0000013b39d70000] _byte_map_base: 0x0000013b35d65000

Marking Bits: (CMBitMap*) 0x0000013b212327b0
 Bits: [0x0000013b39d70000, 0x0000013b3dc98000)

Polling page: 0x0000013b20990000

Metaspace:

Usage:
  Non-class:     14.50 MB used.
      Class:      1.88 MB used.
       Both:     16.38 MB used.

Virtual space:
  Non-class space:       64.00 MB reserved,      14.62 MB ( 23%) committed,  1 nodes.
      Class space:        1.00 GB reserved,       2.00 MB ( <1%) committed,  1 nodes.
             Both:        1.06 GB reserved,      16.62 MB (  2%) committed. 

Chunk freelists:
   Non-Class:  962.00 KB
       Class:  13.97 MB
        Both:  14.91 MB

MaxMetaspaceSize: unlimited
CompressedClassSpaceSize: 1.00 GB
Initial GC threshold: 21.00 MB
Current GC threshold: 21.00 MB
CDS: on
 - commit_granule_bytes: 65536.
 - commit_granule_words: 8192.
 - virtual_space_node_default_size: 8388608.
 - enlarge_chunks_in_place: 1.
 - use_allocation_guard: 0.


Internal statistics:

num_allocs_failed_limit: 0.
num_arena_births: 240.
num_arena_deaths: 0.
num_vsnodes_births: 2.
num_vsnodes_deaths: 0.
num_space_committed: 266.
num_space_uncommitted: 0.
num_chunks_returned_to_freelist: 0.
num_chunks_taken_from_freelist: 411.
num_chunk_merges: 0.
num_chunk_splits: 246.
num_chunks_enlarged: 137.
num_inconsistent_stats: 0.

CodeHeap 'non-profiled nmethods': size=119168Kb used=1242Kb max_used=1242Kb free=117925Kb
 bounds [0x0000013b310b0000, 0x0000013b31320000, 0x0000013b38510000]
CodeHeap 'profiled nmethods': size=119104Kb used=6596Kb max_used=6596Kb free=112507Kb
 bounds [0x0000013b29510000, 0x0000013b29b90000, 0x0000013b30960000]
CodeHeap 'non-nmethods': size=7488Kb used=3646Kb max_used=3660Kb free=3841Kb
 bounds [0x0000013b30960000, 0x0000013b30d00000, 0x0000013b310b0000]
 total_blobs=4115 nmethods=3348 adapters=667
 compilation: enabled
              stopped_count=0, restarted_count=0
 full_count=0

Compilation events (20 events):
Event: 1.734 Thread 0x0000013b87906940 3203       4       sun.font.FileFontStrike::getGlyphAdvance (397 bytes)
Event: 1.734 Thread 0x0000013b860fd8e0 nmethod 3309 0x0000013b311de210 code [0x0000013b311de3a0, 0x0000013b311de470]
Event: 1.734 Thread 0x0000013b86559800 3310       3       sun.awt.AWTAccessor::getEventQueueAccessor (19 bytes)
Event: 1.734 Thread 0x0000013b40d1bab0 3311       3       sun.swing.SwingUtilities2::getFontCharsWidth (45 bytes)
Event: 1.735 Thread 0x0000013b860fd8e0 3312       3       javax.swing.text.ParagraphView$Row::getLeftInset (36 bytes)
Event: 1.735 Thread 0x0000013b86559800 nmethod 3310 0x0000013b29b75590 code [0x0000013b29b757a0, 0x0000013b29b75c28]
Event: 1.735 Thread 0x0000013b40d1bab0 nmethod 3311 0x0000013b29b75e90 code [0x0000013b29b760a0, 0x0000013b29b764f0]
Event: 1.736 Thread 0x0000013b860fd8e0 nmethod 3312 0x0000013b29b76690 code [0x0000013b29b76840, 0x0000013b29b76b70]
Event: 1.737 Thread 0x0000013b87701f00 3314       3       javax.swing.text.ParagraphView$Row::getBottomInset (36 bytes)
Event: 1.737 Thread 0x0000013b86559800 3315       1       javax.swing.DefaultBoundedRangeModel::getValue (5 bytes)
Event: 1.737 Thread 0x0000013b860fd8e0 3316       3       javax.swing.text.BoxView::setSize (41 bytes)
Event: 1.737 Thread 0x0000013b40d1bab0 3317       3       javax.swing.text.BoxView::layout (15 bytes)
Event: 1.738 Thread 0x0000013b87701f00 nmethod 3314 0x0000013b29b76c90 code [0x0000013b29b76e20, 0x0000013b29b76fe8]
Event: 1.738 Thread 0x0000013b86559800 nmethod 3315 0x0000013b311de510 code [0x0000013b311de6a0, 0x0000013b311de768]
Event: 1.738 Thread 0x0000013b40d1bab0 nmethod 3317 0x0000013b29b77110 code [0x0000013b29b772c0, 0x0000013b29b77568]
Event: 1.738 Thread 0x0000013b860fd8e0 nmethod 3316 0x0000013b29b77690 code [0x0000013b29b77880, 0x0000013b29b77ee8]
Event: 1.739 Thread 0x0000013b87e4e740 nmethod 3294 0x0000013b311de810 code [0x0000013b311de9a0, 0x0000013b311deaa0]
Event: 1.740 Thread 0x0000013b87e4e740 3297   !   4       sun.font.FileFontStrike::getCachedGlyphPtr (27 bytes)
Event: 1.746 Thread 0x0000013b87e4e740 nmethod 3297 0x0000013b311dec10 code [0x0000013b311deda0, 0x0000013b311def00]
Event: 1.747 Thread 0x0000013b87e4e740 3299       4       sun.font.FileFontStrike::getCachedGlyphPtrInternal (120 bytes)

GC Heap History (4 events):
Event: 0.833 GC heap before
{Heap before GC invocations=0 (full 0):
 garbage-first heap   total reserved 4139008K, committed 260096K, used 28672K [0x0000000703600000, 0x0000000800000000)
  region size 2048K, 12 young (24576K), 0 survivors (0K)
 Metaspace       used 14238K, committed 14464K, reserved 1114112K
  class space    used 1686K, committed 1792K, reserved 1048576K
}
Event: 0.839 GC heap after
{Heap after GC invocations=1 (full 0):
 garbage-first heap   total reserved 4139008K, committed 260096K, used 9803K [0x0000000703600000, 0x0000000800000000)
  region size 2048K, 2 young (4096K), 2 survivors (4096K)
 Metaspace       used 14238K, committed 14464K, reserved 1114112K
  class space    used 1686K, committed 1792K, reserved 1048576K
}
Event: 1.646 GC heap before
{Heap before GC invocations=1 (full 0):
 garbage-first heap   total reserved 4139008K, committed 260096K, used 56907K [0x0000000703600000, 0x0000000800000000)
  region size 2048K, 17 young (34816K), 2 survivors (4096K)
 Metaspace       used 16132K, committed 16448K, reserved 1114112K
  class space    used 1867K, committed 2048K, reserved 1048576K
}
Event: 1.651 GC heap after
{Heap after GC invocations=2 (full 0):
 garbage-first heap   total reserved 4139008K, committed 260096K, used 29121K [0x0000000703600000, 0x0000000800000000)
  region size 2048K, 2 young (4096K), 2 survivors (4096K)
 Metaspace       used 16132K, committed 16448K, reserved 1114112K
  class space    used 1867K, committed 2048K, reserved 1048576K
}

Dll operation events (11 events):
Event: 0.008 Loaded shared library C:\Program Files\Java\jdk-22\bin\java.dll
Event: 0.038 Loaded shared library C:\Program Files\Java\jdk-22\bin\jsvml.dll
Event: 0.065 Loaded shared library C:\Program Files\Java\jdk-22\bin\net.dll
Event: 0.067 Loaded shared library C:\Program Files\Java\jdk-22\bin\nio.dll
Event: 0.086 Loaded shared library C:\Program Files\Java\jdk-22\bin\zip.dll
Event: 0.112 Loaded shared library C:\Program Files\Java\jdk-22\bin\jimage.dll
Event: 0.124 Loaded shared library C:\Program Files\Java\jdk-22\bin\awt.dll
Event: 0.224 Loaded shared library C:\Program Files\Java\jdk-22\bin\freetype.dll
Event: 0.224 Loaded shared library C:\Program Files\Java\jdk-22\bin\fontmanager.dll
Event: 0.440 Loaded shared library C:\Users\ACER\AppData\Local\Temp\flatlaf.temp\flatlaf-windows-x86_64-847888794146000.dll
Event: 0.567 Loaded shared library C:\Program Files\Java\jdk-22\bin\verify.dll

Deoptimization events (20 events):
Event: 1.726 Thread 0x0000013b86a90390 Uncommon trap: trap_request=0xffffffde fr.pc=0x0000013b3119ceac relative=0x00000000000005ec
Event: 1.726 Thread 0x0000013b86a90390 Uncommon trap: reason=class_check action=maybe_recompile pc=0x0000013b3119ceac method=sun.util.logging.PlatformLogger.isLoggable(Lsun/util/logging/PlatformLogger$Level;)Z @ 17 c2
Event: 1.726 Thread 0x0000013b86a90390 DEOPT PACKING pc=0x0000013b3119ceac sp=0x0000001f0b8feb60
Event: 1.726 Thread 0x0000013b86a90390 DEOPT UNPACKING pc=0x0000013b309b7da2 sp=0x0000001f0b8feb38 mode 2
Event: 1.729 Thread 0x0000013b86a90390 Uncommon trap: trap_request=0xffffff45 fr.pc=0x0000013b31183f44 relative=0x00000000000010c4
Event: 1.729 Thread 0x0000013b86a90390 Uncommon trap: reason=unstable_if action=reinterpret pc=0x0000013b31183f44 method=sun.font.FontUtilities.isComplexText([CII)Z @ 13 c2
Event: 1.729 Thread 0x0000013b86a90390 DEOPT PACKING pc=0x0000013b31183f44 sp=0x0000001f0b8fe890
Event: 1.729 Thread 0x0000013b86a90390 DEOPT UNPACKING pc=0x0000013b309b7da2 sp=0x0000001f0b8fe768 mode 2
Event: 1.729 Thread 0x0000013b86a90390 Uncommon trap: trap_request=0xffffff45 fr.pc=0x0000013b31171a40 relative=0x0000000000000260
Event: 1.729 Thread 0x0000013b86a90390 Uncommon trap: reason=unstable_if action=reinterpret pc=0x0000013b31171a40 method=sun.font.FontDesignMetrics.getSimpleBounds([CII)Ljava/awt/geom/Rectangle2D; @ 29 c2
Event: 1.729 Thread 0x0000013b86a90390 DEOPT PACKING pc=0x0000013b31171a40 sp=0x0000001f0b8fe7b0
Event: 1.729 Thread 0x0000013b86a90390 DEOPT UNPACKING pc=0x0000013b309b7da2 sp=0x0000001f0b8fe748 mode 2
Event: 1.738 Thread 0x0000013b86a90390 Uncommon trap: trap_request=0xffffff45 fr.pc=0x0000013b311a3cc8 relative=0x00000000000003c8
Event: 1.738 Thread 0x0000013b86a90390 Uncommon trap: reason=unstable_if action=reinterpret pc=0x0000013b311a3cc8 method=javax.swing.RepaintManager.addDirtyRegion0(Ljava/awt/Container;IIII)V @ 78 c2
Event: 1.738 Thread 0x0000013b86a90390 DEOPT PACKING pc=0x0000013b311a3cc8 sp=0x0000001f0b8fe950
Event: 1.738 Thread 0x0000013b86a90390 DEOPT UNPACKING pc=0x0000013b309b7da2 sp=0x0000001f0b8fe7b8 mode 2
Event: 1.738 Thread 0x0000013b86a90390 Uncommon trap: trap_request=0xffffff45 fr.pc=0x0000013b31170154 relative=0x00000000000000b4
Event: 1.738 Thread 0x0000013b86a90390 Uncommon trap: reason=unstable_if action=reinterpret pc=0x0000013b31170154 method=sun.font.FontUtilities.isComplexText([CII)Z @ 13 c2
Event: 1.739 Thread 0x0000013b86a90390 DEOPT PACKING pc=0x0000013b31170154 sp=0x0000001f0b8fe7f0
Event: 1.739 Thread 0x0000013b86a90390 DEOPT UNPACKING pc=0x0000013b309b7da2 sp=0x0000001f0b8fe780 mode 2

Classes loaded (20 events):
Event: 1.743 Loading class sun/java2d/d3d/D3DSurfaceData done
Event: 1.743 Loading class sun/java2d/d3d/D3DSurfaceData$D3DWindowSurfaceData done
Event: 1.743 Loading class java/awt/geom/Rectangle2D$Double
Event: 1.743 Loading class java/awt/geom/Rectangle2D$Double done
Event: 1.744 Loading class java/awt/GraphicsCallback$PaintCallback
Event: 1.744 Loading class java/awt/GraphicsCallback
Event: 1.744 Loading class sun/awt/SunGraphicsCallback
Event: 1.744 Loading class sun/awt/SunGraphicsCallback done
Event: 1.744 Loading class java/awt/GraphicsCallback done
Event: 1.744 Loading class java/awt/GraphicsCallback$PaintCallback done
Event: 1.745 Loading class sun/awt/image/BufferedImageGraphicsConfig
Event: 1.745 Loading class sun/awt/image/BufferedImageGraphicsConfig done
Event: 1.745 Loading class sun/print/PrinterGraphicsConfig
Event: 1.746 Loading class sun/print/PrinterGraphicsConfig done
Event: 1.746 Loading class sun/java2d/opengl/WGLGraphicsConfig
Event: 1.746 Loading class sun/java2d/opengl/OGLGraphicsConfig
Event: 1.746 Loading class sun/java2d/opengl/OGLGraphicsConfig done
Event: 1.746 Loading class sun/java2d/opengl/WGLGraphicsConfig done
Event: 1.746 Loading class sun/awt/image/BufImgVolatileSurfaceManager
Event: 1.747 Loading class sun/awt/image/BufImgVolatileSurfaceManager done

Classes unloaded (0 events):
No events

Classes redefined (0 events):
No events

Internal exceptions (20 events):
Event: 0.541 Thread 0x0000013b86a90390 Exception <a 'java/lang/NoSuchMethodError'{0x000000071258aa28}: 'void java.lang.invoke.DirectMethodHandle$Holder.invokeStatic(java.lang.Object, java.lang.Object, java.lang.Object)'> (0x000000071258aa28) 
thrown [s\open\src\hotspot\share\interpreter\linkResolver.cpp, line 774]
Event: 0.581 Thread 0x0000013b86a90390 Exception <a 'java/lang/NoSuchMethodError'{0x00000007122752e8}: 'java.lang.Object java.lang.invoke.DirectMethodHandle$Holder.invokeVirtual(java.lang.Object, java.lang.Object, java.lang.Object, java.lang.Object)'> (0x00000007122752e8) 
thrown [s\open\src\hotspot\share\interpreter\linkResolver.cpp, line 774]
Event: 0.620 Thread 0x0000013b86a90390 Exception <a 'java/lang/NoSuchMethodError'{0x000000071200a480}: 'void java.lang.invoke.Invokers$Holder.invokeExact_MT(java.lang.Object, java.lang.Object, java.lang.Object, java.lang.Object)'> (0x000000071200a480) 
thrown [s\open\src\hotspot\share\interpreter\linkResolver.cpp, line 774]
Event: 0.715 Thread 0x0000013b86a90390 Exception <a 'java/lang/ClassNotFoundException'{0x00000007121cbcf0}: java/lang/ObjectCustomizer> (0x00000007121cbcf0) 
thrown [s\open\src\hotspot\share\classfile\systemDictionary.cpp, line 313]
Event: 0.718 Thread 0x0000013b86a90390 Exception <a 'java/lang/IncompatibleClassChangeError'{0x00000007121d17b0}: Found class java.lang.Object, but interface was expected> (0x00000007121d17b0) 
thrown [s\open\src\hotspot\share\interpreter\linkResolver.cpp, line 841]
Event: 0.722 Thread 0x0000013b86a90390 Exception <a 'java/lang/ClassNotFoundException'{0x00000007121e7db0}: net/miginfocom/layout/UnitValueCustomizer> (0x00000007121e7db0) 
thrown [s\open\src\hotspot\share\classfile\systemDictionary.cpp, line 313]
Event: 0.725 Thread 0x0000013b86a90390 Exception <a 'java/lang/ClassNotFoundException'{0x00000007121f9ae8}: java/lang/ObjectCustomizer> (0x00000007121f9ae8) 
thrown [s\open\src\hotspot\share\classfile\systemDictionary.cpp, line 313]
Event: 0.725 Thread 0x0000013b86a90390 Exception <a 'java/lang/ClassNotFoundException'{0x00000007121fee10}: net/miginfocom/layout/BoundSizeCustomizer> (0x00000007121fee10) 
thrown [s\open\src\hotspot\share\classfile\systemDictionary.cpp, line 313]
Event: 0.736 Thread 0x0000013b86a90390 Exception <a 'java/lang/NoSuchMethodError'{0x0000000711e3bcb0}: 'void java.lang.invoke.DirectMethodHandle$Holder.invokeVirtual(java.lang.Object, java.lang.Object)'> (0x0000000711e3bcb0) 
thrown [s\open\src\hotspot\share\interpreter\linkResolver.cpp, line 774]
Event: 0.739 Thread 0x0000013b86a90390 Exception <a 'java/lang/NoSuchMethodError'{0x0000000711e4a0e0}: 'int java.lang.invoke.DirectMethodHandle$Holder.invokeSpecial(java.lang.Object, java.lang.Object, java.lang.Object)'> (0x0000000711e4a0e0) 
thrown [s\open\src\hotspot\share\interpreter\linkResolver.cpp, line 774]
Event: 0.804 Thread 0x0000013b87a119d0 Implicit null exception at 0x0000013b31117024 to 0x0000013b3111778c
Event: 0.804 Thread 0x0000013b87a119d0 Implicit null exception at 0x0000013b31115ba0 to 0x0000013b311162fc
Event: 0.808 Thread 0x0000013b87a119d0 Exception <a 'java/lang/NoSuchMethodError'{0x0000000711d2a7a8}: 'java.lang.Object java.lang.invoke.DirectMethodHandle$Holder.newInvokeSpecial(java.lang.Object, java.lang.Object, java.lang.Object, int, int, int, int, int)'> (0x0000000711d2a7a8) 
thrown [s\open\src\hotspot\share\interpreter\linkResolver.cpp, line 774]
Event: 1.104 Thread 0x0000013b86a90390 Exception <a 'java/lang/NoSuchMethodError'{0x0000000712e6aef0}: 'void java.lang.invoke.DirectMethodHandle$Holder.invokeStaticInit(java.lang.Object)'> (0x0000000712e6aef0) 
thrown [s\open\src\hotspot\share\interpreter\linkResolver.cpp, line 774]
Event: 1.226 Thread 0x0000013b86a90390 Exception <a 'java/lang/NoSuchMethodError'{0x0000000711f4fe18}: 'int java.lang.invoke.DirectMethodHandle$Holder.invokeVirtual(java.lang.Object, java.lang.Object)'> (0x0000000711f4fe18) 
thrown [s\open\src\hotspot\share\interpreter\linkResolver.cpp, line 774]
Event: 1.234 Thread 0x0000013b86a90390 Implicit null exception at 0x0000013b3112995d to 0x0000013b31129ad0
Event: 1.273 Thread 0x0000013b86a90390 Implicit null exception at 0x0000013b311762a3 to 0x0000013b3117667c
Event: 1.278 Thread 0x0000013b86a90390 Implicit null exception at 0x0000013b31178de4 to 0x0000013b31179e30
Event: 1.367 Thread 0x0000013b86a90390 Implicit null exception at 0x0000013b31186a2b to 0x0000013b31188630
Event: 1.662 Thread 0x0000013b86a90390 Implicit null exception at 0x0000013b311bd661 to 0x0000013b311bd8f4

ZGC Phase Switch (0 events):
No events

VM Operations (20 events):
Event: 0.727 Executing VM operation: ICBufferFull
Event: 0.727 Executing VM operation: ICBufferFull done
Event: 0.833 Executing VM operation: G1CollectForAllocation (G1 Evacuation Pause)
Event: 0.839 Executing VM operation: G1CollectForAllocation (G1 Evacuation Pause) done
Event: 1.083 Executing VM operation: HandshakeAllThreads (Deoptimize)
Event: 1.083 Executing VM operation: HandshakeAllThreads (Deoptimize) done
Event: 1.091 Executing VM operation: HandshakeAllThreads (Deoptimize)
Event: 1.091 Executing VM operation: HandshakeAllThreads (Deoptimize) done
Event: 1.268 Executing VM operation: ICBufferFull
Event: 1.268 Executing VM operation: ICBufferFull done
Event: 1.482 Executing VM operation: ICBufferFull
Event: 1.482 Executing VM operation: ICBufferFull done
Event: 1.641 Executing VM operation: ICBufferFull
Event: 1.642 Executing VM operation: ICBufferFull done
Event: 1.646 Executing VM operation: G1CollectForAllocation (G1 Evacuation Pause)
Event: 1.651 Executing VM operation: G1CollectForAllocation (G1 Evacuation Pause) done
Event: 1.710 Executing VM operation: HandshakeAllThreads (Deoptimize)
Event: 1.710 Executing VM operation: HandshakeAllThreads (Deoptimize) done
Event: 1.745 Executing VM operation: HandshakeAllThreads (Deoptimize)
Event: 1.745 Executing VM operation: HandshakeAllThreads (Deoptimize) done

Events (20 events):
Event: 0.054 Thread 0x0000013b860f9f80 Thread added: 0x0000013b860f9f80
Event: 0.061 Thread 0x0000013b860fd8e0 Thread added: 0x0000013b860fd8e0
Event: 0.081 Thread 0x0000013b861a9e00 Thread added: 0x0000013b861a9e00
Event: 0.170 Thread 0x0000013b863f1570 Thread added: 0x0000013b863f1570
Event: 0.171 Thread 0x0000013b863f2e20 Thread added: 0x0000013b863f2e20
Event: 0.172 Thread 0x0000013b863f3b90 Thread added: 0x0000013b863f3b90
Event: 0.298 Thread 0x0000013b86415690 Thread added: 0x0000013b86415690
Event: 0.322 Thread 0x0000013b86454900 Thread added: 0x0000013b86454900
Event: 0.329 Thread 0x0000013b86559800 Thread added: 0x0000013b86559800
Event: 0.394 Thread 0x0000013b86a90390 Thread added: 0x0000013b86a90390
Event: 0.394 Thread 0x0000013b211cf0b0 Thread exited: 0x0000013b211cf0b0
Event: 0.394 Thread 0x0000013b211cf0b0 Thread added: 0x0000013b211cf0b0
Event: 0.468 Thread 0x0000013b87701f00 Thread added: 0x0000013b87701f00
Event: 0.600 Thread 0x0000013b877e79c0 Thread added: 0x0000013b877e79c0
Event: 0.797 Thread 0x0000013b87a119d0 Thread added: 0x0000013b87a119d0
Event: 1.205 Thread 0x0000013b87906940 Thread added: 0x0000013b87906940
Event: 1.205 Thread 0x0000013b87907000 Thread added: 0x0000013b87907000
Event: 1.206 Thread 0x0000013b87907ee0 Thread added: 0x0000013b87907ee0
Event: 1.691 Thread 0x0000013b88094050 Thread added: 0x0000013b88094050
Event: 1.691 Thread 0x0000013b87e4e740 Thread added: 0x0000013b87e4e740


Dynamic libraries:
0x00007ff6cf2a0000 - 0x00007ff6cf2b0000 	C:\Program Files\Java\jdk-22\bin\java.exe
0x00007ffd5cab0000 - 0x00007ffd5ccc7000 	C:\WINDOWS\SYSTEM32\ntdll.dll
0x00007ffd5bc80000 - 0x00007ffd5bd44000 	C:\WINDOWS\System32\KERNEL32.DLL
0x00007ffd5a240000 - 0x00007ffd5a5e7000 	C:\WINDOWS\System32\KERNELBASE.dll
0x00007ffd5a120000 - 0x00007ffd5a231000 	C:\WINDOWS\System32\ucrtbase.dll
0x00007ffd3f610000 - 0x00007ffd3f62b000 	C:\Program Files\Java\jdk-22\bin\VCRUNTIME140.dll
0x00007ffd4f260000 - 0x00007ffd4f277000 	C:\Program Files\Java\jdk-22\bin\jli.dll
0x00007ffd5bd60000 - 0x00007ffd5be12000 	C:\WINDOWS\System32\ADVAPI32.dll
0x00007ffd5c970000 - 0x00007ffd5ca17000 	C:\WINDOWS\System32\msvcrt.dll
0x00007ffd5b560000 - 0x00007ffd5b608000 	C:\WINDOWS\System32\sechost.dll
0x00007ffd5a0c0000 - 0x00007ffd5a0e8000 	C:\WINDOWS\System32\bcrypt.dll
0x00007ffd5b220000 - 0x00007ffd5b335000 	C:\WINDOWS\System32\RPCRT4.dll
0x00007ffd5c200000 - 0x00007ffd5c3ae000 	C:\WINDOWS\System32\USER32.dll
0x00007ffd5a0f0000 - 0x00007ffd5a116000 	C:\WINDOWS\System32\win32u.dll
0x00007ffd401d0000 - 0x00007ffd40463000 	C:\WINDOWS\WinSxS\amd64_microsoft.windows.common-controls_6595b64144ccf1df_6.0.22621.3527_none_270e469b73872a76\COMCTL32.dll
0x00007ffd5bbb0000 - 0x00007ffd5bbd9000 	C:\WINDOWS\System32\GDI32.dll
0x00007ffd59dd0000 - 0x00007ffd59ee9000 	C:\WINDOWS\System32\gdi32full.dll
0x00007ffd5a020000 - 0x00007ffd5a0ba000 	C:\WINDOWS\System32\msvcp_win.dll
0x00007ffd4e900000 - 0x00007ffd4e90a000 	C:\WINDOWS\SYSTEM32\VERSION.dll
0x00007ffd5ca20000 - 0x00007ffd5ca51000 	C:\WINDOWS\System32\IMM32.DLL
0x00007ffd54250000 - 0x00007ffd5425c000 	C:\Program Files\Java\jdk-22\bin\vcruntime140_1.dll
0x00007ffd0f500000 - 0x00007ffd0f58e000 	C:\Program Files\Java\jdk-22\bin\msvcp140.dll
0x00007ffcafea0000 - 0x00007ffcb0be8000 	C:\Program Files\Java\jdk-22\bin\server\jvm.dll
0x00007ffd5c400000 - 0x00007ffd5c471000 	C:\WINDOWS\System32\WS2_32.dll
0x00007ffd58c10000 - 0x00007ffd58c5d000 	C:\WINDOWS\SYSTEM32\POWRPROF.dll
0x00007ffd50470000 - 0x00007ffd504a4000 	C:\WINDOWS\SYSTEM32\WINMM.dll
0x00007ffd58bf0000 - 0x00007ffd58c03000 	C:\WINDOWS\SYSTEM32\UMPDC.dll
0x00007ffd58ea0000 - 0x00007ffd58eb8000 	C:\WINDOWS\SYSTEM32\kernel.appcore.dll
0x00007ffd523f0000 - 0x00007ffd523fa000 	C:\Program Files\Java\jdk-22\bin\jimage.dll
0x00007ffd57260000 - 0x00007ffd57492000 	C:\WINDOWS\SYSTEM32\DBGHELP.DLL
0x00007ffd5c480000 - 0x00007ffd5c808000 	C:\WINDOWS\System32\combase.dll
0x00007ffd5a8e0000 - 0x00007ffd5a9b7000 	C:\WINDOWS\System32\OLEAUT32.dll
0x00007ffd4c320000 - 0x00007ffd4c352000 	C:\WINDOWS\SYSTEM32\dbgcore.DLL
0x00007ffd5a760000 - 0x00007ffd5a7d9000 	C:\WINDOWS\System32\bcryptPrimitives.dll
0x00007ffd28d10000 - 0x00007ffd28d2e000 	C:\Program Files\Java\jdk-22\bin\java.dll
0x00007ffd5a9c0000 - 0x00007ffd5b21c000 	C:\WINDOWS\System32\SHELL32.dll
0x00007ffd5be40000 - 0x00007ffd5bfe5000 	C:\WINDOWS\System32\ole32.dll
0x00007ffd57cd0000 - 0x00007ffd585c6000 	C:\WINDOWS\SYSTEM32\windows.storage.dll
0x00007ffd57b90000 - 0x00007ffd57cce000 	C:\WINDOWS\SYSTEM32\wintypes.dll
0x00007ffd5a7e0000 - 0x00007ffd5a8d5000 	C:\WINDOWS\System32\SHCORE.dll
0x00007ffd5c110000 - 0x00007ffd5c16e000 	C:\WINDOWS\System32\shlwapi.dll
0x00007ffd59d00000 - 0x00007ffd59d21000 	C:\WINDOWS\SYSTEM32\profapi.dll
0x00007ffd03da0000 - 0x00007ffd03e77000 	C:\Program Files\Java\jdk-22\bin\jsvml.dll
0x00007ffd52380000 - 0x00007ffd52390000 	C:\Program Files\Java\jdk-22\bin\net.dll
0x00007ffd59310000 - 0x00007ffd59379000 	C:\WINDOWS\system32\mswsock.dll
0x00007ffd287a0000 - 0x00007ffd287b6000 	C:\Program Files\Java\jdk-22\bin\nio.dll
0x00007ffd28720000 - 0x00007ffd28737000 	C:\Program Files\Java\jdk-22\bin\zip.dll
0x00007ffce5d90000 - 0x00007ffce5f1e000 	C:\Program Files\Java\jdk-22\bin\awt.dll
0x00007ffd54460000 - 0x00007ffd544f7000 	C:\WINDOWS\SYSTEM32\apphelp.dll
0x00007ffd545a0000 - 0x00007ffd5464b000 	C:\WINDOWS\system32\uxtheme.dll
0x00007ffd5c810000 - 0x00007ffd5c963000 	C:\WINDOWS\System32\MSCTF.dll
0x00007ffd547e0000 - 0x00007ffd5480b000 	C:\WINDOWS\system32\DWMAPI.DLL
0x00007ffce5d00000 - 0x00007ffce5d87000 	C:\Program Files\Java\jdk-22\bin\freetype.dll
0x00007ffcc7960000 - 0x00007ffcc7a37000 	C:\Program Files\Java\jdk-22\bin\fontmanager.dll
0x00007ffd0eaa0000 - 0x00007ffd0eba0000 	C:\WINDOWS\system32\opengl32.dll
0x00007ffd21040000 - 0x00007ffd2106d000 	C:\WINDOWS\SYSTEM32\GLU32.dll
0x00007ffd57130000 - 0x00007ffd57169000 	C:\WINDOWS\SYSTEM32\dxcore.dll
0x00007ffd3ead0000 - 0x00007ffd3ead6000 	C:\Users\ACER\AppData\Local\Temp\flatlaf.temp\flatlaf-windows-x86_64-847888794146000.dll
0x00007ffd52110000 - 0x00007ffd52120000 	C:\Program Files\Java\jdk-22\bin\verify.dll
0x00007ffd5bff0000 - 0x00007ffd5c0a0000 	C:\WINDOWS\System32\clbcatq.dll
0x00007ffd52d60000 - 0x00007ffd52f10000 	C:\WINDOWS\SYSTEM32\WindowsCodecs.dll
0x00007ffd0e110000 - 0x00007ffd0e16e000 	C:\WINDOWS\system32\dataexchange.dll
0x00007ffd51b90000 - 0x00007ffd51e1b000 	C:\WINDOWS\system32\twinapi.appcore.dll
0x00007ffd28790000 - 0x00007ffd28797000 	C:\Program Files\Java\jdk-22\bin\jawt.dll
0x00007ffd41af0000 - 0x00007ffd41c3b000 	C:\WINDOWS\SYSTEM32\textinputframework.dll

dbghelp: loaded successfully - version: 4.0.5 - missing functions: none
symbol engine: initialized successfully - sym options: 0x614 - pdb path: .;C:\Program Files\Java\jdk-22\bin;C:\WINDOWS\SYSTEM32;C:\WINDOWS\WinSxS\amd64_microsoft.windows.common-controls_6595b64144ccf1df_6.0.22621.3527_none_270e469b73872a76;C:\Program Files\Java\jdk-22\bin\server;C:\Users\ACER\AppData\Local\Temp\flatlaf.temp

VM Arguments:
jvm_args: -Dfile.encoding=UTF-8 --module-path=E:\IE003\UITravel\build\classes 
java_command: uitravel.UserSearch
java_class_path (initial): E:\IE003\UITravel\TimingFramework-0.55.jar;E:\IE003\UITravel\library\TimingFramework-0.55.jar;E:\IE003\UITravel\library\datechooser-swing-1.4.1.jar;E:\IE003\UITravel\library\flatlaf-3.4.1.jar;E:\IE003\UITravel\library\flatlaf-extras-3.4.1.jar;E:\IE003\UITravel\library\jsvg-1.4.0.jar;E:\IE003\UITravel\library\miglayout-4.0.jar;E:\IE003\UITravel\library\miglayout-core.jar;E:\IE003\UITravel\library\miglayout-swing.jar;E:\IE003\UITravel\library\svgSalamander-1.1.4.jar;E:\IE003\UITravel\library\swing-datetime-picker-1.2.0.jar;E:\IE003\UITravel\library\adyen-java-api-library-25.1.0.jar;C:\Program Files\NetBeans-21\netbeans\java\modules\ext\AbsoluteLayout.jar;E:\IE003\UITravel\build\classes
Launcher Type: SUN_STANDARD

[Global flags]
     intx CICompilerCount                          = 12                                        {product} {ergonomic}
     uint ConcGCThreads                            = 3                                         {product} {ergonomic}
     uint G1ConcRefinementThreads                  = 13                                        {product} {ergonomic}
   size_t G1HeapRegionSize                         = 2097152                                   {product} {ergonomic}
   size_t InitialHeapSize                          = 266338304                                 {product} {ergonomic}
   size_t MarkStackSize                            = 4194304                                   {product} {ergonomic}
   size_t MaxHeapSize                              = 4238344192                                {product} {ergonomic}
   size_t MaxNewSize                               = 2541748224                                {product} {ergonomic}
   size_t MinHeapDeltaBytes                        = 2097152                                   {product} {ergonomic}
   size_t MinHeapSize                              = 8388608                                   {product} {ergonomic}
    uintx NonNMethodCodeHeapSize                   = 7602480                                {pd product} {ergonomic}
    uintx NonProfiledCodeHeapSize                  = 122027880                              {pd product} {ergonomic}
    uintx ProfiledCodeHeapSize                     = 122027880                              {pd product} {ergonomic}
    uintx ReservedCodeCacheSize                    = 251658240                              {pd product} {ergonomic}
     bool SegmentedCodeCache                       = true                                      {product} {ergonomic}
   size_t SoftMaxHeapSize                          = 4238344192                             {manageable} {ergonomic}
     bool UseCompressedOops                        = true                           {product lp64_product} {ergonomic}
     bool UseG1GC                                  = true                                      {product} {ergonomic}
     bool UseLargePagesIndividualAllocation        = false                                  {pd product} {ergonomic}

Logging:
Log output configuration:
 #0: stdout all=warning uptime,level,tags foldmultilines=false
 #1: stderr all=off uptime,level,tags foldmultilines=false

Environment Variables:
JAVA_HOME=C:\Program Files\Java\jdk-22
PATH=C:\Program Files\Eclipse Adoptium\jdk-21.0.3.9-hotspot\bin;C:\Program Files\Common Files\Oracle\Java\javapath;C:\Program Files (x86)\Common Files\Oracle\Java\javapath;C:\Program Files\Eclipse Adoptium\jdk-21.0.2.13-hotspot\bin;C:\Program Files (x86)\Common Files\Intel\Shared Libraries\redist\intel64\compiler;C:\Program Files (x86)\Common Files\Intel\Shared Libraries\redist\ia32\compiler;C:\Windows\system32;C:\Windows;C:\Windows\System32\Wbem;C:\Windows\System32\WindowsPowerShell\v1.0\;C:\Windows\System32\OpenSSH\;C:\Program Files (x86)\NVIDIA Corporation\PhysX\Common;C:\Program Files\NVIDIA Corporation\NVIDIA NvDLISR;C:\Program Files (x86)\mingw-w64\i686-8.1.0-posix-dwarf-rt_v6-rev0\mingw32\bin;C:\WINDOWS\system32;C:\WINDOWS;C:\WINDOWS\System32\Wbem;C:\WINDOWS\System32\WindowsPowerShell\v1.0\;C:\WINDOWS\System32\OpenSSH\;C:\Program Files\Microsoft SQL Server\Client SDK\ODBC\170\Tools\Binn\;C:\Program Files (x86)\Microsoft SQL Server\150\Tools\Binn\;C:\Program Files\Microsoft SQL Server\150\Tools\Binn\;C:\Program Files\Microsoft SQL Server\150\DTS\Binn\;C:\Program Files (x86)\Microsoft SQL Server\150\DTS\Binn\;C:\Program Files\CMake\bin;C:\Program Files\Docker\Docker\resources\bin;C:\Program Files\dotnet\;C:\Program Files\nodejs\;C:\Program Files\Git\cmd;C:\Program Files\Cloudflare\Cloudflare WARP\;C:\Users\ACER\AppData\Local\Programs\Python\Python310\Scripts\;C:\Users\ACER\AppData\Local\Programs\Python\Python310\;C:\Users\ACER\AppData\Local\Microsoft\WindowsApps;C:\Users\ACER\AppData\Local\Programs\Microsoft VS Code\bin;C:\Program Files\Azure Data Studio\bin;C:\Users\ACER\AppData\Local\GitHubDesktop\bin;E:\Barebone\Compiler\win_flex_bison-2.5.4;C:\Users\ACER\AppData\Roaming\Microsoft\Windows\Start Menu\Programs\Python 3.10;C:\Users\ACER\.dotnet\tools;C:\Users\ACER\AppData\Roaming\npm;C:\Program Files (x86)\GnuWin32\bin;E:\nlp;E:\nlp\access;C:\Users\ACER\AppData\Local\Android\Sdk\emulator;C:\Users\ACER\AppData\Local\Android\android-sdk;C:\Users\ACER\AppData\Local\Android\Sdk\platform-tools;C:\Users\ACER\AppData\Local\Android\Sdk;C:\Users\ACER\AppData\Local\Android\android-sdk;C:\Program Files\Java\jdk-22\bin;C:\Program Files\Java\jre-1.8\bin;
USERNAME=ACER
OS=Windows_NT
PROCESSOR_IDENTIFIER=Intel64 Family 6 Model 141 Stepping 1, GenuineIntel
TMP=C:\Users\ACER\AppData\Local\Temp
TEMP=C:\Users\ACER\AppData\Local\Temp




Periodic native trim disabled

---------------  S Y S T E M  ---------------

OS:
 Windows 11 , 64 bit Build 22621 (10.0.22621.3527)
OS uptime: 0 days 23:33 hours
Hyper-V role detected

CPU: total 16 (initial active 16) (8 cores per cpu, 2 threads per core) family 6 model 141 stepping 1 microcode 0x3c, cx8, cmov, fxsr, ht, mmx, 3dnowpref, sse, sse2, sse3, ssse3, sse4.1, sse4.2, popcnt, lzcnt, tsc, tscinvbit, avx, avx2, aes, erms, clmul, bmi1, bmi2, adx, avx512f, avx512dq, avx512cd, avx512bw, avx512vl, sha, fma, vzeroupper, avx512_vpopcntdq, avx512_vpclmulqdq, avx512_vaes, avx512_vnni, clflush, clflushopt, clwb, avx512_vbmi2, avx512_vbmi, hv, rdtscp, rdpid, fsrm, gfni, avx512_bitalg, f16c, cet_ibt, cet_ss, avx512_ifma
Processor Information for all 16 processors :
  Max Mhz: 2304, Current Mhz: 2304, Mhz Limit: 2304

Memory: 4k page, system-wide physical 16163M (2725M free)
TotalPageFile size 18211M (AvailPageFile size 5M)
current process WorkingSet (physical memory assigned to process): 169M, peak: 169M
current process commit charge ("private bytes"): 409M, peak: 409M

vm_info: Java HotSpot(TM) 64-Bit Server VM (22+36-2370) for windows-amd64 JRE (22+36-2370), built on 2024-02-15T22:15:19Z by "mach5one" with MS VC++ 17.6 (VS2022)

END.
