#
# There is insufficient memory for the Java Runtime Environment to continue.
# Native memory allocation (malloc) failed to allocate 672336 bytes. Error detail: Chunk::new
# Possible reasons:
#   The system is out of physical RAM or swap space
#   This process is running with CompressedOops enabled, and the Java Heap may be blocking the growth of the native heap
# Possible solutions:
#   Reduce memory load on the system
#   Increase physical memory or swap space
#   Check if swap backing store is full
#   Decrease Java heap size (-Xmx/-Xms)
#   Decrease number of Java threads
#   Decrease Java thread stack sizes (-Xss)
#   Set larger code cache with -XX:ReservedCodeCacheSize=
#   JVM is running with Zero Based Compressed Oops mode in which the Java heap is
#     placed in the first 32GB address space. The Java Heap base address is the
#     maximum limit for the native heap growth. Please use -XX:HeapBaseMinAddress
#     to set the Java Heap base and to place the Java Heap above 32GB virtual address.
# This output file may be truncated or incomplete.
#
#  Out of Memory Error (arena.cpp:150), pid=18672, tid=21260
#
# JRE version: Java(TM) SE Runtime Environment (22.0+36) (build 22+36-2370)
# Java VM: Java HotSpot(TM) 64-Bit Server VM (22+36-2370, mixed mode, sharing, tiered, compressed oops, compressed class ptrs, g1 gc, windows-amd64)
# No core dump will be written. Minidumps are not enabled by default on client versions of Windows
#

---------------  S U M M A R Y ------------

Command Line: -Dfile.encoding=UTF-8 --module-path=F:\IE003\UITravel\build\classes uitravel.UITravel

Host: 11th Gen Intel(R) Core(TM) i7-11800H @ 2.30GHz, 16 cores, 15G,  Windows 11 , 64 bit Build 22621 (10.0.22621.3527)
Time: Thu Jun  6 23:28:13 2024 SE Asia Standard Time elapsed time: 6.152927 seconds (0d 0h 0m 6s)

---------------  T H R E A D  ---------------

Current thread (0x000001a4b44c84e0):  JavaThread "C2 CompilerThread0" daemon [_thread_in_native, id=21260, stack(0x0000006a69a00000,0x0000006a69b00000) (1024K)]


Current CompileTask:
C2:6152 3539       4       sun.java2d.marlin.MarlinTileGenerator::getAlphaRLE (1749 bytes)

Stack: [0x0000006a69a00000,0x0000006a69b00000]
Native frames: (J=compiled Java code, j=interpreted, Vv=VM code, C=native code)
V  [jvm.dll+0x6e2349]  (no source info available)
V  [jvm.dll+0x874ed3]  (no source info available)
V  [jvm.dll+0x8772fe]  (no source info available)
V  [jvm.dll+0x8779d3]  (no source info available)
V  [jvm.dll+0x27fcb6]  (no source info available)
V  [jvm.dll+0xc3d0f]  (no source info available)
V  [jvm.dll+0xc3f6b]  (no source info available)
V  [jvm.dll+0x3bb05c]  (no source info available)
V  [jvm.dll+0x387abb]  (no source info available)
V  [jvm.dll+0x386f2a]  (no source info available)
V  [jvm.dll+0x247908]  (no source info available)
V  [jvm.dll+0x246faf]  (no source info available)
V  [jvm.dll+0x1c4e90]  (no source info available)
V  [jvm.dll+0x25699e]  (no source info available)
V  [jvm.dll+0x254c5a]  (no source info available)
V  [jvm.dll+0x3f5426]  (no source info available)
V  [jvm.dll+0x81d50b]  (no source info available)
V  [jvm.dll+0x6e09e5]  (no source info available)
C  [ucrtbase.dll+0x29333]  (no source info available)
C  [KERNEL32.DLL+0x1257d]  (no source info available)
C  [ntdll.dll+0x5aa48]  (no source info available)


---------------  P R O C E S S  ---------------

Threads class SMR info:
_java_thread_list=0x000001a4fb4f19f0, length=17, elements={
0x000001a4b44bf340, 0x000001a4b44c0260, 0x000001a4b44c24f0, 0x000001a4b44c5190,
0x000001a4b44c5bf0, 0x000001a4b44c7740, 0x000001a4b44c84e0, 0x000001a4b44c8f90,
0x000001a4b47104e0, 0x000001a4b4838000, 0x000001a4fa314520, 0x000001a4fa336600,
0x000001a4fa337490, 0x000001a4fa4a4ed0, 0x000001a4fb3aea00, 0x000001a4927048c0,
0x000001a4fb6b79e0
}

Java Threads: ( => current thread )
  0x000001a4b44bf340 JavaThread "Reference Handler"          daemon [_thread_blocked, id=21352, stack(0x0000006a69400000,0x0000006a69500000) (1024K)]
  0x000001a4b44c0260 JavaThread "Finalizer"                  daemon [_thread_blocked, id=12224, stack(0x0000006a69500000,0x0000006a69600000) (1024K)]
  0x000001a4b44c24f0 JavaThread "Signal Dispatcher"          daemon [_thread_blocked, id=24660, stack(0x0000006a69600000,0x0000006a69700000) (1024K)]
  0x000001a4b44c5190 JavaThread "Attach Listener"            daemon [_thread_blocked, id=15516, stack(0x0000006a69700000,0x0000006a69800000) (1024K)]
  0x000001a4b44c5bf0 JavaThread "Service Thread"             daemon [_thread_blocked, id=13624, stack(0x0000006a69800000,0x0000006a69900000) (1024K)]
  0x000001a4b44c7740 JavaThread "Monitor Deflation Thread"   daemon [_thread_blocked, id=13352, stack(0x0000006a69900000,0x0000006a69a00000) (1024K)]
=>0x000001a4b44c84e0 JavaThread "C2 CompilerThread0"         daemon [_thread_in_native, id=21260, stack(0x0000006a69a00000,0x0000006a69b00000) (1024K)]
  0x000001a4b44c8f90 JavaThread "C1 CompilerThread0"         daemon [_thread_blocked, id=17160, stack(0x0000006a69b00000,0x0000006a69c00000) (1024K)]
  0x000001a4b47104e0 JavaThread "Common-Cleaner"             daemon [_thread_blocked, id=15924, stack(0x0000006a69c00000,0x0000006a69d00000) (1024K)]
  0x000001a4b4838000 JavaThread "Notification Thread"        daemon [_thread_blocked, id=11956, stack(0x0000006a6a000000,0x0000006a6a100000) (1024K)]
  0x000001a4fa314520 JavaThread "Java2D Disposer"            daemon [_thread_blocked, id=15584, stack(0x0000006a6a100000,0x0000006a6a200000) (1024K)]
  0x000001a4fa336600 JavaThread "AWT-Shutdown"                      [_thread_blocked, id=1488, stack(0x0000006a6a200000,0x0000006a6a300000) (1024K)]
  0x000001a4fa337490 JavaThread "AWT-Windows"                daemon [_thread_in_native, id=21760, stack(0x0000006a6a300000,0x0000006a6a400000) (1024K)]
  0x000001a4fa4a4ed0 JavaThread "AWT-EventQueue-0"                  [_thread_blocked, id=21044, stack(0x0000006a6a500000,0x0000006a6a600000) (1024K)]
  0x000001a4fb3aea00 JavaThread "Image Fetcher 0"            daemon [_thread_blocked, id=13760, stack(0x0000006a6a600000,0x0000006a6a700000) (1024K)]
  0x000001a4927048c0 JavaThread "DestroyJavaVM"                     [_thread_blocked, id=21896, stack(0x0000006a68c00000,0x0000006a68d00000) (1024K)]
  0x000001a4fb6b79e0 JavaThread "TimerQueue"                 daemon [_thread_blocked, id=19692, stack(0x0000006a69f00000,0x0000006a6a000000) (1024K)]
Total: 17

Other Threads:
  0x000001a4b44abda0 VMThread "VM Thread"                           [id=3016, stack(0x0000006a69300000,0x0000006a69400000) (1024K)]
  0x000001a4b44902f0 WatcherThread "VM Periodic Task Thread"        [id=5188, stack(0x0000006a69200000,0x0000006a69300000) (1024K)]
  0x000001a4949dd810 WorkerThread "GC Thread#0"                     [id=22176, stack(0x0000006a68d00000,0x0000006a68e00000) (1024K)]
  0x000001a4fb5fc560 WorkerThread "GC Thread#1"                     [id=12924, stack(0x0000006a6a800000,0x0000006a6a900000) (1024K)]
  0x000001a4fb5fc910 WorkerThread "GC Thread#2"                     [id=22912, stack(0x0000006a6a900000,0x0000006a6aa00000) (1024K)]
  0x000001a4fb4feb90 WorkerThread "GC Thread#3"                     [id=18704, stack(0x0000006a6aa00000,0x0000006a6ab00000) (1024K)]
  0x000001a4fb4fef40 WorkerThread "GC Thread#4"                     [id=13472, stack(0x0000006a6ab00000,0x0000006a6ac00000) (1024K)]
  0x000001a4fb500550 WorkerThread "GC Thread#5"                     [id=23984, stack(0x0000006a6ac00000,0x0000006a6ad00000) (1024K)]
  0x000001a4fb56b670 WorkerThread "GC Thread#6"                     [id=17172, stack(0x0000006a6ad00000,0x0000006a6ae00000) (1024K)]
  0x000001a4fb786610 WorkerThread "GC Thread#7"                     [id=14068, stack(0x0000006a6ae00000,0x0000006a6af00000) (1024K)]
  0x000001a4fb565380 WorkerThread "GC Thread#8"                     [id=4532, stack(0x0000006a6af00000,0x0000006a6b000000) (1024K)]
  0x000001a4fb675ab0 WorkerThread "GC Thread#9"                     [id=3780, stack(0x0000006a6b000000,0x0000006a6b100000) (1024K)]
  0x000001a4fb67a280 WorkerThread "GC Thread#10"                    [id=18776, stack(0x0000006a6b100000,0x0000006a6b200000) (1024K)]
  0x000001a4fb6b9a90 WorkerThread "GC Thread#11"                    [id=3172, stack(0x0000006a6b800000,0x0000006a6b900000) (1024K)]
  0x000001a4fb924170 WorkerThread "GC Thread#12"                    [id=20060, stack(0x0000006a6b900000,0x0000006a6ba00000) (1024K)]
  0x000001a4949eed60 ConcurrentGCThread "G1 Main Marker"            [id=23040, stack(0x0000006a68e00000,0x0000006a68f00000) (1024K)]
  0x000001a4949ef780 WorkerThread "G1 Conc#0"                       [id=25544, stack(0x0000006a68f00000,0x0000006a69000000) (1024K)]
  0x000001a4b4364990 ConcurrentGCThread "G1 Refine#0"               [id=7784, stack(0x0000006a69000000,0x0000006a69100000) (1024K)]
  0x000001a4b4365420 ConcurrentGCThread "G1 Service"                [id=9352, stack(0x0000006a69100000,0x0000006a69200000) (1024K)]
Total: 19

Threads with active compile tasks:
C2 CompilerThread0  6191 3539       4       sun.java2d.marlin.MarlinTileGenerator::getAlphaRLE (1749 bytes)
Total: 1

VM state: not at safepoint (normal execution)

VM Mutex/Monitor currently owned by a thread: None

Heap address: 0x0000000703600000, size: 4042 MB, Compressed Oops mode: Zero based, Oop shift amount: 3

CDS archive(s) mapped at: [0x000001a4b5000000-0x000001a4b5c60000-0x000001a4b5c60000), size 12976128, SharedBaseAddress: 0x000001a4b5000000, ArchiveRelocationMode: 1.
Compressed class space mapped at: 0x000001a4b6000000-0x000001a4f6000000, reserved size: 1073741824
Narrow klass base: 0x000001a4b5000000, Narrow klass shift: 0, Narrow klass range: 0x41000000

GC Precious Log:
 CardTable entry size: 512
 Card Set container configuration: InlinePtr #cards 4 size 8 Array Of Cards #cards 16 size 48 Howl #buckets 8 coarsen threshold 3686 Howl Bitmap #cards 512 size 80 coarsen threshold 460 Card regions per heap region 1 cards per card region 4096
 CPUs: 16 total, 16 available
 Memory: 16163M
 Large Page Support: Disabled
 NUMA Support: Disabled
 Compressed Oops: Enabled (Zero based)
 Heap Region Size: 2M
 Heap Min Capacity: 8M
 Heap Initial Capacity: 254M
 Heap Max Capacity: 4042M
 Pre-touch: Disabled
 Parallel Workers: 13
 Concurrent Workers: 3
 Concurrent Refinement Workers: 13
 Periodic GC: Disabled

Heap:
 garbage-first heap   total reserved 4139008K, committed 260096K, used 43216K [0x0000000703600000, 0x0000000800000000)
  region size 2048K, 5 young (10240K), 2 survivors (4096K)
 Metaspace       used 16805K, committed 17088K, reserved 1114112K
  class space    used 1919K, committed 2048K, reserved 1048576K

Heap Regions: E=young(eden), S=young(survivor), O=old, HS=humongous(starts), HC=humongous(continues), CS=collection set, F=free, TAMS=top-at-mark-start, PB=parsable bottom
|   0|0x0000000703600000, 0x0000000703800000, 0x0000000703800000|100%|HS|  |TAMS 0x0000000703600000| PB 0x0000000703600000| Complete |  0
|   1|0x0000000703800000, 0x0000000703a00000, 0x0000000703a00000|100%|HC|  |TAMS 0x0000000703800000| PB 0x0000000703800000| Complete |  0
|   2|0x0000000703a00000, 0x0000000703c00000, 0x0000000703c00000|100%| O|  |TAMS 0x0000000703a00000| PB 0x0000000703a00000| Untracked |  0
|   3|0x0000000703c00000, 0x0000000703e00000, 0x0000000703e00000|100%| O|  |TAMS 0x0000000703c00000| PB 0x0000000703c00000| Untracked |  0
|   4|0x0000000703e00000, 0x0000000704000000, 0x0000000704000000|100%|HS|  |TAMS 0x0000000703e00000| PB 0x0000000703e00000| Complete |  0
|   5|0x0000000704000000, 0x0000000704200000, 0x0000000704200000|100%|HC|  |TAMS 0x0000000704000000| PB 0x0000000704000000| Complete |  0
|   6|0x0000000704200000, 0x0000000704400000, 0x0000000704400000|100%|HC|  |TAMS 0x0000000704200000| PB 0x0000000704200000| Complete |  0
|   7|0x0000000704400000, 0x0000000704600000, 0x0000000704600000|100%|HC|  |TAMS 0x0000000704400000| PB 0x0000000704400000| Complete |  0
|   8|0x0000000704600000, 0x0000000704800000, 0x0000000704800000|100%|HC|  |TAMS 0x0000000704600000| PB 0x0000000704600000| Complete |  0
|   9|0x0000000704800000, 0x0000000704a00000, 0x0000000704a00000|100%|HC|  |TAMS 0x0000000704800000| PB 0x0000000704800000| Complete |  0
|  10|0x0000000704a00000, 0x0000000704c00000, 0x0000000704c00000|100%|HC|  |TAMS 0x0000000704a00000| PB 0x0000000704a00000| Complete |  0
|  11|0x0000000704c00000, 0x0000000704e00000, 0x0000000704e00000|100%|HC|  |TAMS 0x0000000704c00000| PB 0x0000000704c00000| Complete |  0
|  12|0x0000000704e00000, 0x0000000705000000, 0x0000000705000000|100%|HS|  |TAMS 0x0000000704e00000| PB 0x0000000704e00000| Complete |  0
|  13|0x0000000705000000, 0x0000000705200000, 0x0000000705200000|100%|HC|  |TAMS 0x0000000705000000| PB 0x0000000705000000| Complete |  0
|  14|0x0000000705200000, 0x0000000705400000, 0x0000000705400000|100%|HC|  |TAMS 0x0000000705200000| PB 0x0000000705200000| Complete |  0
|  15|0x0000000705400000, 0x0000000705600000, 0x0000000705600000|100%|HC|  |TAMS 0x0000000705400000| PB 0x0000000705400000| Complete |  0
|  16|0x0000000705600000, 0x0000000705800000, 0x0000000705800000|100%| O|  |TAMS 0x0000000705600000| PB 0x0000000705600000| Untracked |  0
|  17|0x0000000705800000, 0x0000000705989b28, 0x0000000705a00000| 76%| O|  |TAMS 0x0000000705800000| PB 0x0000000705800000| Untracked |  0
|  18|0x0000000705a00000, 0x0000000705a00000, 0x0000000705c00000|  0%| F|  |TAMS 0x0000000705a00000| PB 0x0000000705a00000| Untracked |  0
|  19|0x0000000705c00000, 0x0000000705c00000, 0x0000000705e00000|  0%| F|  |TAMS 0x0000000705c00000| PB 0x0000000705c00000| Untracked |  0
|  20|0x0000000705e00000, 0x0000000705e00000, 0x0000000706000000|  0%| F|  |TAMS 0x0000000705e00000| PB 0x0000000705e00000| Untracked |  0
|  21|0x0000000706000000, 0x0000000706000000, 0x0000000706200000|  0%| F|  |TAMS 0x0000000706000000| PB 0x0000000706000000| Untracked |  0
|  22|0x0000000706200000, 0x0000000706200000, 0x0000000706400000|  0%| F|  |TAMS 0x0000000706200000| PB 0x0000000706200000| Untracked |  0
|  23|0x0000000706400000, 0x0000000706400000, 0x0000000706600000|  0%| F|  |TAMS 0x0000000706400000| PB 0x0000000706400000| Untracked |  0
|  24|0x0000000706600000, 0x0000000706600000, 0x0000000706800000|  0%| F|  |TAMS 0x0000000706600000| PB 0x0000000706600000| Untracked |  0
|  25|0x0000000706800000, 0x0000000706800000, 0x0000000706a00000|  0%| F|  |TAMS 0x0000000706800000| PB 0x0000000706800000| Untracked |  0
|  26|0x0000000706a00000, 0x0000000706a00000, 0x0000000706c00000|  0%| F|  |TAMS 0x0000000706a00000| PB 0x0000000706a00000| Untracked |  0
|  27|0x0000000706c00000, 0x0000000706c00000, 0x0000000706e00000|  0%| F|  |TAMS 0x0000000706c00000| PB 0x0000000706c00000| Untracked |  0
|  28|0x0000000706e00000, 0x0000000706e00000, 0x0000000707000000|  0%| F|  |TAMS 0x0000000706e00000| PB 0x0000000706e00000| Untracked |  0
|  29|0x0000000707000000, 0x0000000707000000, 0x0000000707200000|  0%| F|  |TAMS 0x0000000707000000| PB 0x0000000707000000| Untracked |  0
|  30|0x0000000707200000, 0x0000000707200000, 0x0000000707400000|  0%| F|  |TAMS 0x0000000707200000| PB 0x0000000707200000| Untracked |  0
|  31|0x0000000707400000, 0x0000000707400000, 0x0000000707600000|  0%| F|  |TAMS 0x0000000707400000| PB 0x0000000707400000| Untracked |  0
|  32|0x0000000707600000, 0x0000000707600000, 0x0000000707800000|  0%| F|  |TAMS 0x0000000707600000| PB 0x0000000707600000| Untracked |  0
|  33|0x0000000707800000, 0x0000000707800000, 0x0000000707a00000|  0%| F|  |TAMS 0x0000000707800000| PB 0x0000000707800000| Untracked |  0
|  34|0x0000000707a00000, 0x0000000707a00000, 0x0000000707c00000|  0%| F|  |TAMS 0x0000000707a00000| PB 0x0000000707a00000| Untracked |  0
|  35|0x0000000707c00000, 0x0000000707c00000, 0x0000000707e00000|  0%| F|  |TAMS 0x0000000707c00000| PB 0x0000000707c00000| Untracked |  0
|  36|0x0000000707e00000, 0x0000000707e00000, 0x0000000708000000|  0%| F|  |TAMS 0x0000000707e00000| PB 0x0000000707e00000| Untracked |  0
|  37|0x0000000708000000, 0x0000000708000000, 0x0000000708200000|  0%| F|  |TAMS 0x0000000708000000| PB 0x0000000708000000| Untracked |  0
|  38|0x0000000708200000, 0x0000000708200000, 0x0000000708400000|  0%| F|  |TAMS 0x0000000708200000| PB 0x0000000708200000| Untracked |  0
|  39|0x0000000708400000, 0x0000000708400000, 0x0000000708600000|  0%| F|  |TAMS 0x0000000708400000| PB 0x0000000708400000| Untracked |  0
|  40|0x0000000708600000, 0x0000000708600000, 0x0000000708800000|  0%| F|  |TAMS 0x0000000708600000| PB 0x0000000708600000| Untracked |  0
|  41|0x0000000708800000, 0x0000000708800000, 0x0000000708a00000|  0%| F|  |TAMS 0x0000000708800000| PB 0x0000000708800000| Untracked |  0
|  42|0x0000000708a00000, 0x0000000708a00000, 0x0000000708c00000|  0%| F|  |TAMS 0x0000000708a00000| PB 0x0000000708a00000| Untracked |  0
|  43|0x0000000708c00000, 0x0000000708c00000, 0x0000000708e00000|  0%| F|  |TAMS 0x0000000708c00000| PB 0x0000000708c00000| Untracked |  0
|  44|0x0000000708e00000, 0x0000000708e00000, 0x0000000709000000|  0%| F|  |TAMS 0x0000000708e00000| PB 0x0000000708e00000| Untracked |  0
|  45|0x0000000709000000, 0x0000000709000000, 0x0000000709200000|  0%| F|  |TAMS 0x0000000709000000| PB 0x0000000709000000| Untracked |  0
|  46|0x0000000709200000, 0x0000000709200000, 0x0000000709400000|  0%| F|  |TAMS 0x0000000709200000| PB 0x0000000709200000| Untracked |  0
|  47|0x0000000709400000, 0x0000000709400000, 0x0000000709600000|  0%| F|  |TAMS 0x0000000709400000| PB 0x0000000709400000| Untracked |  0
|  48|0x0000000709600000, 0x0000000709600000, 0x0000000709800000|  0%| F|  |TAMS 0x0000000709600000| PB 0x0000000709600000| Untracked |  0
|  49|0x0000000709800000, 0x0000000709800000, 0x0000000709a00000|  0%| F|  |TAMS 0x0000000709800000| PB 0x0000000709800000| Untracked |  0
|  50|0x0000000709a00000, 0x0000000709a00000, 0x0000000709c00000|  0%| F|  |TAMS 0x0000000709a00000| PB 0x0000000709a00000| Untracked |  0
|  51|0x0000000709c00000, 0x0000000709c00000, 0x0000000709e00000|  0%| F|  |TAMS 0x0000000709c00000| PB 0x0000000709c00000| Untracked |  0
|  52|0x0000000709e00000, 0x0000000709e00000, 0x000000070a000000|  0%| F|  |TAMS 0x0000000709e00000| PB 0x0000000709e00000| Untracked |  0
|  53|0x000000070a000000, 0x000000070a000000, 0x000000070a200000|  0%| F|  |TAMS 0x000000070a000000| PB 0x000000070a000000| Untracked |  0
|  54|0x000000070a200000, 0x000000070a200000, 0x000000070a400000|  0%| F|  |TAMS 0x000000070a200000| PB 0x000000070a200000| Untracked |  0
|  55|0x000000070a400000, 0x000000070a400000, 0x000000070a600000|  0%| F|  |TAMS 0x000000070a400000| PB 0x000000070a400000| Untracked |  0
|  56|0x000000070a600000, 0x000000070a600000, 0x000000070a800000|  0%| F|  |TAMS 0x000000070a600000| PB 0x000000070a600000| Untracked |  0
|  57|0x000000070a800000, 0x000000070a800000, 0x000000070aa00000|  0%| F|  |TAMS 0x000000070a800000| PB 0x000000070a800000| Untracked |  0
|  58|0x000000070aa00000, 0x000000070aa00000, 0x000000070ac00000|  0%| F|  |TAMS 0x000000070aa00000| PB 0x000000070aa00000| Untracked |  0
|  59|0x000000070ac00000, 0x000000070ac00000, 0x000000070ae00000|  0%| F|  |TAMS 0x000000070ac00000| PB 0x000000070ac00000| Untracked |  0
|  60|0x000000070ae00000, 0x000000070ae00000, 0x000000070b000000|  0%| F|  |TAMS 0x000000070ae00000| PB 0x000000070ae00000| Untracked |  0
|  61|0x000000070b000000, 0x000000070b000000, 0x000000070b200000|  0%| F|  |TAMS 0x000000070b000000| PB 0x000000070b000000| Untracked |  0
|  62|0x000000070b200000, 0x000000070b200000, 0x000000070b400000|  0%| F|  |TAMS 0x000000070b200000| PB 0x000000070b200000| Untracked |  0
|  63|0x000000070b400000, 0x000000070b400000, 0x000000070b600000|  0%| F|  |TAMS 0x000000070b400000| PB 0x000000070b400000| Untracked |  0
|  64|0x000000070b600000, 0x000000070b600000, 0x000000070b800000|  0%| F|  |TAMS 0x000000070b600000| PB 0x000000070b600000| Untracked |  0
|  65|0x000000070b800000, 0x000000070b800000, 0x000000070ba00000|  0%| F|  |TAMS 0x000000070b800000| PB 0x000000070b800000| Untracked |  0
|  66|0x000000070ba00000, 0x000000070ba00000, 0x000000070bc00000|  0%| F|  |TAMS 0x000000070ba00000| PB 0x000000070ba00000| Untracked |  0
|  67|0x000000070bc00000, 0x000000070bc00000, 0x000000070be00000|  0%| F|  |TAMS 0x000000070bc00000| PB 0x000000070bc00000| Untracked |  0
|  68|0x000000070be00000, 0x000000070be00000, 0x000000070c000000|  0%| F|  |TAMS 0x000000070be00000| PB 0x000000070be00000| Untracked |  0
|  69|0x000000070c000000, 0x000000070c000000, 0x000000070c200000|  0%| F|  |TAMS 0x000000070c000000| PB 0x000000070c000000| Untracked |  0
|  70|0x000000070c200000, 0x000000070c200000, 0x000000070c400000|  0%| F|  |TAMS 0x000000070c200000| PB 0x000000070c200000| Untracked |  0
|  71|0x000000070c400000, 0x000000070c400000, 0x000000070c600000|  0%| F|  |TAMS 0x000000070c400000| PB 0x000000070c400000| Untracked |  0
|  72|0x000000070c600000, 0x000000070c600000, 0x000000070c800000|  0%| F|  |TAMS 0x000000070c600000| PB 0x000000070c600000| Untracked |  0
|  73|0x000000070c800000, 0x000000070c800000, 0x000000070ca00000|  0%| F|  |TAMS 0x000000070c800000| PB 0x000000070c800000| Untracked |  0
|  74|0x000000070ca00000, 0x000000070ca00000, 0x000000070cc00000|  0%| F|  |TAMS 0x000000070ca00000| PB 0x000000070ca00000| Untracked |  0
|  75|0x000000070cc00000, 0x000000070cc00000, 0x000000070ce00000|  0%| F|  |TAMS 0x000000070cc00000| PB 0x000000070cc00000| Untracked |  0
|  76|0x000000070ce00000, 0x000000070ce00000, 0x000000070d000000|  0%| F|  |TAMS 0x000000070ce00000| PB 0x000000070ce00000| Untracked |  0
|  77|0x000000070d000000, 0x000000070d000000, 0x000000070d200000|  0%| F|  |TAMS 0x000000070d000000| PB 0x000000070d000000| Untracked |  0
|  78|0x000000070d200000, 0x000000070d200000, 0x000000070d400000|  0%| F|  |TAMS 0x000000070d200000| PB 0x000000070d200000| Untracked |  0
|  79|0x000000070d400000, 0x000000070d400000, 0x000000070d600000|  0%| F|  |TAMS 0x000000070d400000| PB 0x000000070d400000| Untracked |  0
|  80|0x000000070d600000, 0x000000070d600000, 0x000000070d800000|  0%| F|  |TAMS 0x000000070d600000| PB 0x000000070d600000| Untracked |  0
|  81|0x000000070d800000, 0x000000070d800000, 0x000000070da00000|  0%| F|  |TAMS 0x000000070d800000| PB 0x000000070d800000| Untracked |  0
|  82|0x000000070da00000, 0x000000070da00000, 0x000000070dc00000|  0%| F|  |TAMS 0x000000070da00000| PB 0x000000070da00000| Untracked |  0
|  83|0x000000070dc00000, 0x000000070dc00000, 0x000000070de00000|  0%| F|  |TAMS 0x000000070dc00000| PB 0x000000070dc00000| Untracked |  0
|  84|0x000000070de00000, 0x000000070de00000, 0x000000070e000000|  0%| F|  |TAMS 0x000000070de00000| PB 0x000000070de00000| Untracked |  0
|  85|0x000000070e000000, 0x000000070e000000, 0x000000070e200000|  0%| F|  |TAMS 0x000000070e000000| PB 0x000000070e000000| Untracked |  0
|  86|0x000000070e200000, 0x000000070e200000, 0x000000070e400000|  0%| F|  |TAMS 0x000000070e200000| PB 0x000000070e200000| Untracked |  0
|  87|0x000000070e400000, 0x000000070e400000, 0x000000070e600000|  0%| F|  |TAMS 0x000000070e400000| PB 0x000000070e400000| Untracked |  0
|  88|0x000000070e600000, 0x000000070e600000, 0x000000070e800000|  0%| F|  |TAMS 0x000000070e600000| PB 0x000000070e600000| Untracked |  0
|  89|0x000000070e800000, 0x000000070e800000, 0x000000070ea00000|  0%| F|  |TAMS 0x000000070e800000| PB 0x000000070e800000| Untracked |  0
|  90|0x000000070ea00000, 0x000000070ea00000, 0x000000070ec00000|  0%| F|  |TAMS 0x000000070ea00000| PB 0x000000070ea00000| Untracked |  0
|  91|0x000000070ec00000, 0x000000070ec00000, 0x000000070ee00000|  0%| F|  |TAMS 0x000000070ec00000| PB 0x000000070ec00000| Untracked |  0
|  92|0x000000070ee00000, 0x000000070ee00000, 0x000000070f000000|  0%| F|  |TAMS 0x000000070ee00000| PB 0x000000070ee00000| Untracked |  0
|  93|0x000000070f000000, 0x000000070f000000, 0x000000070f200000|  0%| F|  |TAMS 0x000000070f000000| PB 0x000000070f000000| Untracked |  0
|  94|0x000000070f200000, 0x000000070f200000, 0x000000070f400000|  0%| F|  |TAMS 0x000000070f200000| PB 0x000000070f200000| Untracked |  0
|  95|0x000000070f400000, 0x000000070f400000, 0x000000070f600000|  0%| F|  |TAMS 0x000000070f400000| PB 0x000000070f400000| Untracked |  0
|  96|0x000000070f600000, 0x000000070f600000, 0x000000070f800000|  0%| F|  |TAMS 0x000000070f600000| PB 0x000000070f600000| Untracked |  0
|  97|0x000000070f800000, 0x000000070f800000, 0x000000070fa00000|  0%| F|  |TAMS 0x000000070f800000| PB 0x000000070f800000| Untracked |  0
|  98|0x000000070fa00000, 0x000000070fa00000, 0x000000070fc00000|  0%| F|  |TAMS 0x000000070fa00000| PB 0x000000070fa00000| Untracked |  0
|  99|0x000000070fc00000, 0x000000070fc00000, 0x000000070fe00000|  0%| F|  |TAMS 0x000000070fc00000| PB 0x000000070fc00000| Untracked |  0
| 100|0x000000070fe00000, 0x000000070fe00000, 0x0000000710000000|  0%| F|  |TAMS 0x000000070fe00000| PB 0x000000070fe00000| Untracked |  0
| 101|0x0000000710000000, 0x0000000710000000, 0x0000000710200000|  0%| F|  |TAMS 0x0000000710000000| PB 0x0000000710000000| Untracked |  0
| 102|0x0000000710200000, 0x0000000710200000, 0x0000000710400000|  0%| F|  |TAMS 0x0000000710200000| PB 0x0000000710200000| Untracked |  0
| 103|0x0000000710400000, 0x0000000710400000, 0x0000000710600000|  0%| F|  |TAMS 0x0000000710400000| PB 0x0000000710400000| Untracked |  0
| 104|0x0000000710600000, 0x0000000710600000, 0x0000000710800000|  0%| F|  |TAMS 0x0000000710600000| PB 0x0000000710600000| Untracked |  0
| 105|0x0000000710800000, 0x0000000710800000, 0x0000000710a00000|  0%| F|  |TAMS 0x0000000710800000| PB 0x0000000710800000| Untracked |  0
| 106|0x0000000710a00000, 0x0000000710a00000, 0x0000000710c00000|  0%| F|  |TAMS 0x0000000710a00000| PB 0x0000000710a00000| Untracked |  0
| 107|0x0000000710c00000, 0x0000000710c00000, 0x0000000710e00000|  0%| F|  |TAMS 0x0000000710c00000| PB 0x0000000710c00000| Untracked |  0
| 108|0x0000000710e00000, 0x0000000710e00000, 0x0000000711000000|  0%| F|  |TAMS 0x0000000710e00000| PB 0x0000000710e00000| Untracked |  0
| 109|0x0000000711000000, 0x00000007110aa5a8, 0x0000000711200000| 33%| S|CS|TAMS 0x0000000711000000| PB 0x0000000711000000| Complete |  0
| 110|0x0000000711200000, 0x0000000711400000, 0x0000000711400000|100%| S|CS|TAMS 0x0000000711200000| PB 0x0000000711200000| Complete |  0
| 111|0x0000000711400000, 0x0000000711400000, 0x0000000711600000|  0%| F|  |TAMS 0x0000000711400000| PB 0x0000000711400000| Untracked |  0
| 112|0x0000000711600000, 0x0000000711600000, 0x0000000711800000|  0%| F|  |TAMS 0x0000000711600000| PB 0x0000000711600000| Untracked |  0
| 113|0x0000000711800000, 0x0000000711800000, 0x0000000711a00000|  0%| F|  |TAMS 0x0000000711800000| PB 0x0000000711800000| Untracked |  0
| 114|0x0000000711a00000, 0x0000000711a00000, 0x0000000711c00000|  0%| F|  |TAMS 0x0000000711a00000| PB 0x0000000711a00000| Untracked |  0
| 115|0x0000000711c00000, 0x0000000711c00000, 0x0000000711e00000|  0%| F|  |TAMS 0x0000000711c00000| PB 0x0000000711c00000| Untracked |  0
| 116|0x0000000711e00000, 0x0000000711e00000, 0x0000000712000000|  0%| F|  |TAMS 0x0000000711e00000| PB 0x0000000711e00000| Untracked |  0
| 117|0x0000000712000000, 0x0000000712000000, 0x0000000712200000|  0%| F|  |TAMS 0x0000000712000000| PB 0x0000000712000000| Untracked |  0
| 118|0x0000000712200000, 0x0000000712200000, 0x0000000712400000|  0%| F|  |TAMS 0x0000000712200000| PB 0x0000000712200000| Untracked |  0
| 119|0x0000000712400000, 0x0000000712400000, 0x0000000712600000|  0%| F|  |TAMS 0x0000000712400000| PB 0x0000000712400000| Untracked |  0
| 120|0x0000000712600000, 0x0000000712600000, 0x0000000712800000|  0%| F|  |TAMS 0x0000000712600000| PB 0x0000000712600000| Untracked |  0
| 121|0x0000000712800000, 0x0000000712800000, 0x0000000712a00000|  0%| F|  |TAMS 0x0000000712800000| PB 0x0000000712800000| Untracked |  0
| 122|0x0000000712a00000, 0x0000000712a00000, 0x0000000712c00000|  0%| F|  |TAMS 0x0000000712a00000| PB 0x0000000712a00000| Untracked |  0
| 123|0x0000000712c00000, 0x0000000712c00000, 0x0000000712e00000|  0%| F|  |TAMS 0x0000000712c00000| PB 0x0000000712c00000| Untracked |  0
| 124|0x0000000712e00000, 0x0000000712f9c828, 0x0000000713000000| 80%| E|  |TAMS 0x0000000712e00000| PB 0x0000000712e00000| Complete |  0
| 125|0x0000000713000000, 0x0000000713200000, 0x0000000713200000|100%| E|CS|TAMS 0x0000000713000000| PB 0x0000000713000000| Complete |  0
| 126|0x0000000713200000, 0x0000000713400000, 0x0000000713400000|100%| E|CS|TAMS 0x0000000713200000| PB 0x0000000713200000| Complete |  0

Card table byte_map: [0x000001a4acd20000,0x000001a4ad510000] _byte_map_base: 0x000001a4a9505000

Marking Bits: (CMBitMap*) 0x000001a4949dde30
 Bits: [0x000001a4ad510000, 0x000001a4b1438000)

Polling page: 0x000001a4926c0000

Metaspace:

Usage:
  Non-class:     14.54 MB used.
      Class:      1.87 MB used.
       Both:     16.41 MB used.

Virtual space:
  Non-class space:       64.00 MB reserved,      14.69 MB ( 23%) committed,  1 nodes.
      Class space:        1.00 GB reserved,       2.00 MB ( <1%) committed,  1 nodes.
             Both:        1.06 GB reserved,      16.69 MB (  2%) committed. 

Chunk freelists:
   Non-Class:  986.00 KB
       Class:  14.04 MB
        Both:  15.00 MB

MaxMetaspaceSize: unlimited
CompressedClassSpaceSize: 1.00 GB
Initial GC threshold: 21.00 MB
Current GC threshold: 21.00 MB
CDS: on
 - commit_granule_bytes: 65536.
 - commit_granule_words: 8192.
 - virtual_space_node_default_size: 8388608.
 - enlarge_chunks_in_place: 1.
 - use_allocation_guard: 0.


Internal statistics:

num_allocs_failed_limit: 0.
num_arena_births: 270.
num_arena_deaths: 0.
num_vsnodes_births: 2.
num_vsnodes_deaths: 0.
num_space_committed: 267.
num_space_uncommitted: 0.
num_chunks_returned_to_freelist: 0.
num_chunks_taken_from_freelist: 455.
num_chunk_merges: 0.
num_chunk_splits: 274.
num_chunks_enlarged: 150.
num_inconsistent_stats: 0.

CodeHeap 'non-profiled nmethods': size=119168Kb used=1644Kb max_used=1644Kb free=117524Kb
 bounds [0x000001a4a4850000, 0x000001a4a4ac0000, 0x000001a4abcb0000]
CodeHeap 'profiled nmethods': size=119104Kb used=7176Kb max_used=7176Kb free=111927Kb
 bounds [0x000001a49ccb0000, 0x000001a49d3c0000, 0x000001a4a4100000]
CodeHeap 'non-nmethods': size=7488Kb used=1943Kb max_used=3652Kb free=5544Kb
 bounds [0x000001a4a4100000, 0x000001a4a44a0000, 0x000001a4a4850000]
 total_blobs=4295 nmethods=3538 adapters=659
 compilation: enabled
              stopped_count=0, restarted_count=0
 full_count=0

Compilation events (20 events):
Event: 5.956 Thread 0x000001a4b44c8f90 nmethod 3530 0x000001a49d3ae310 code [0x000001a49d3ae520, 0x000001a49d3aeb80]
Event: 5.956 Thread 0x000001a4b44c84e0 3531       4       sun.java2d.marlin.Renderer::_endRendering (2646 bytes)
Event: 5.956 Thread 0x000001a4b44c8f90 3532       3       javax.swing.SwingUtilities::getRootPane (43 bytes)
Event: 5.956 Thread 0x000001a4b44c8f90 nmethod 3532 0x000001a49d3aed90 code [0x000001a49d3aef80, 0x000001a49d3af710]
Event: 5.956 Thread 0x000001a4b44c8f90 3533       1       java.util.LinkedList::size (5 bytes)
Event: 5.956 Thread 0x000001a4b44c8f90 nmethod 3533 0x000001a4a49e3890 code [0x000001a4a49e3a20, 0x000001a4a49e3ae8]
Event: 5.957 Thread 0x000001a4b44c8f90 3534       3       sun.java2d.SunGraphics2D::clipRect (17 bytes)
Event: 5.957 Thread 0x000001a4b44c8f90 nmethod 3534 0x000001a49d3af890 code [0x000001a49d3afa60, 0x000001a49d3afd98]
Event: 5.994 Thread 0x000001a4b44c84e0 nmethod 3531 0x000001a4a49e3b90 code [0x000001a4a49e3e60, 0x000001a4a49e7ac0]
Event: 6.017 Thread 0x000001a4b44c8f90 3535       3       java.awt.LightweightDispatcher::dispatchEvent (73 bytes)
Event: 6.018 Thread 0x000001a4b44c8f90 nmethod 3535 0x000001a49d3aff10 code [0x000001a49d3b0100, 0x000001a49d3b07e8]
Event: 6.018 Thread 0x000001a4b44c8f90 3536   !   3       sun.java2d.SunGraphics2D::fillRect (74 bytes)
Event: 6.018 Thread 0x000001a4b44c8f90 nmethod 3536 0x000001a49d3b0990 code [0x000001a49d3b0ba0, 0x000001a49d3b12d8]
Event: 6.018 Thread 0x000001a4b44c8f90 3537       1       java.awt.Font::getStyle (5 bytes)
Event: 6.018 Thread 0x000001a4b44c8f90 nmethod 3537 0x000001a4a49ead10 code [0x000001a4a49eaea0, 0x000001a4a49eaf68]
Event: 6.114 Thread 0x000001a4b44c8f90 3538       3       sun.java2d.marlin.TransformingPathConsumer2D$PathClipFilter::_closePath (88 bytes)
Event: 6.114 Thread 0x000001a4b44c84e0 3539       4       sun.java2d.marlin.MarlinTileGenerator::getAlphaRLE (1749 bytes)
Event: 6.114 Thread 0x000001a4b44c8f90 nmethod 3538 0x000001a49d3b1690 code [0x000001a49d3b1880, 0x000001a49d3b1e40]
Event: 6.114 Thread 0x000001a4b44c8f90 3540       3       sun.java2d.marlin.ArrayCacheIntClean$Reference::doSetRef (14 bytes)
Event: 6.114 Thread 0x000001a4b44c8f90 nmethod 3540 0x000001a49d3b2010 code [0x000001a49d3b21a0, 0x000001a49d3b2308]

GC Heap History (4 events):
Event: 0.567 GC heap before
{Heap before GC invocations=0 (full 0):
 garbage-first heap   total reserved 4139008K, committed 260096K, used 26624K [0x0000000703600000, 0x0000000800000000)
  region size 2048K, 12 young (24576K), 0 survivors (0K)
 Metaspace       used 10650K, committed 10880K, reserved 1114112K
  class space    used 1205K, committed 1280K, reserved 1048576K
}
Event: 0.572 GC heap after
{Heap after GC invocations=1 (full 0):
 garbage-first heap   total reserved 4139008K, committed 260096K, used 11554K [0x0000000703600000, 0x0000000800000000)
  region size 2048K, 2 young (4096K), 2 survivors (4096K)
 Metaspace       used 10650K, committed 10880K, reserved 1114112K
  class space    used 1205K, committed 1280K, reserved 1048576K
}
Event: 1.160 GC heap before
{Heap before GC invocations=1 (full 0):
 garbage-first heap   total reserved 4139008K, committed 260096K, used 62754K [0x0000000703600000, 0x0000000800000000)
  region size 2048K, 16 young (32768K), 2 survivors (4096K)
 Metaspace       used 15201K, committed 15488K, reserved 1114112K
  class space    used 1746K, committed 1920K, reserved 1048576K
}
Event: 1.166 GC heap after
{Heap after GC invocations=2 (full 0):
 garbage-first heap   total reserved 4139008K, committed 260096K, used 39120K [0x0000000703600000, 0x0000000800000000)
  region size 2048K, 2 young (4096K), 2 survivors (4096K)
 Metaspace       used 15201K, committed 15488K, reserved 1114112K
  class space    used 1746K, committed 1920K, reserved 1048576K
}

Dll operation events (11 events):
Event: 0.007 Loaded shared library C:\Program Files\Java\jdk-22\bin\java.dll
Event: 0.033 Loaded shared library C:\Program Files\Java\jdk-22\bin\jsvml.dll
Event: 0.063 Loaded shared library C:\Program Files\Java\jdk-22\bin\net.dll
Event: 0.064 Loaded shared library C:\Program Files\Java\jdk-22\bin\nio.dll
Event: 0.076 Loaded shared library C:\Program Files\Java\jdk-22\bin\zip.dll
Event: 0.124 Loaded shared library C:\Program Files\Java\jdk-22\bin\jimage.dll
Event: 0.126 Loaded shared library C:\Program Files\Java\jdk-22\bin\awt.dll
Event: 0.237 Loaded shared library C:\Program Files\Java\jdk-22\bin\freetype.dll
Event: 0.238 Loaded shared library C:\Program Files\Java\jdk-22\bin\fontmanager.dll
Event: 0.322 Loaded shared library C:\Users\ACER\AppData\Local\Temp\flatlaf.temp\flatlaf-windows-x86_64-1806076499163000.dll
Event: 0.333 Loaded shared library C:\Program Files\Java\jdk-22\bin\verify.dll

Deoptimization events (20 events):
Event: 4.629 Thread 0x000001a4fa4a4ed0 Uncommon trap: trap_request=0xffffff45 fr.pc=0x000001a4a49a5bb0 relative=0x0000000000002690
Event: 4.629 Thread 0x000001a4fa4a4ed0 Uncommon trap: reason=unstable_if action=reinterpret pc=0x000001a4a49a5bb0 method=sun.java2d.marlin.MarlinTileGenerator.getAlphaRLE([BII)V @ 304 c2
Event: 4.629 Thread 0x000001a4fa4a4ed0 DEOPT PACKING pc=0x000001a4a49a5bb0 sp=0x0000006a6a5fb660
Event: 4.629 Thread 0x000001a4fa4a4ed0 DEOPT UNPACKING pc=0x000001a4a4157da2 sp=0x0000006a6a5fb528 mode 2
Event: 4.632 Thread 0x000001a4fa4a4ed0 Uncommon trap: trap_request=0xffffff45 fr.pc=0x000001a4a49b0c94 relative=0x0000000000000b54
Event: 4.632 Thread 0x000001a4fa4a4ed0 Uncommon trap: reason=unstable_if action=reinterpret pc=0x000001a4a49b0c94 method=javax.swing.RepaintManager.addDirtyRegion0(Ljava/awt/Container;IIII)V @ 94 c2
Event: 4.632 Thread 0x000001a4fa4a4ed0 DEOPT PACKING pc=0x000001a4a49b0c94 sp=0x0000006a6a5fc660
Event: 4.632 Thread 0x000001a4fa4a4ed0 DEOPT UNPACKING pc=0x000001a4a4157da2 sp=0x0000006a6a5fc4e8 mode 2
Event: 5.298 Thread 0x000001a4fa4a4ed0 DEOPT PACKING pc=0x000001a49d2a24fd sp=0x0000006a6a5fbde0
Event: 5.298 Thread 0x000001a4fa4a4ed0 DEOPT UNPACKING pc=0x000001a4a41588e2 sp=0x0000006a6a5fb1d8 mode 0
Event: 5.386 Thread 0x000001a4fa4a4ed0 Uncommon trap: trap_request=0xffffff6e fr.pc=0x000001a4a49c358c relative=0x000000000000342c
Event: 5.386 Thread 0x000001a4fa4a4ed0 Uncommon trap: reason=loop_limit_check action=maybe_recompile pc=0x000001a4a49c358c method=sun.java2d.marlin.Renderer._endRendering(II)V @ 1137 c2
Event: 5.386 Thread 0x000001a4fa4a4ed0 DEOPT PACKING pc=0x000001a4a49c358c sp=0x0000006a6a5fbf00
Event: 5.386 Thread 0x000001a4fa4a4ed0 DEOPT UNPACKING pc=0x000001a4a4157da2 sp=0x0000006a6a5fbd00 mode 2
Event: 5.479 Thread 0x000001a4fa4a4ed0 Uncommon trap: trap_request=0xffffff45 fr.pc=0x000001a4a48de940 relative=0x0000000000000220
Event: 5.479 Thread 0x000001a4fa4a4ed0 Uncommon trap: reason=unstable_if action=reinterpret pc=0x000001a4a48de940 method=javax.swing.ArrayTable.size()I @ 4 c2
Event: 5.479 Thread 0x000001a4fa4a4ed0 DEOPT PACKING pc=0x000001a4a48de940 sp=0x0000006a6a5fd330
Event: 5.479 Thread 0x000001a4fa4a4ed0 DEOPT UNPACKING pc=0x000001a4a4157da2 sp=0x0000006a6a5fd2e8 mode 2
Event: 6.114 Thread 0x000001a4fa4a4ed0 DEOPT PACKING pc=0x000001a49d384db1 sp=0x0000006a6a5fda30
Event: 6.114 Thread 0x000001a4fa4a4ed0 DEOPT UNPACKING pc=0x000001a4a41588e2 sp=0x0000006a6a5fce30 mode 0

Classes loaded (20 events):
Event: 4.626 Loading class java/awt/WaitDispatchSupport$1
Event: 4.626 Loading class java/awt/WaitDispatchSupport$1 done
Event: 4.626 Loading class java/awt/WaitDispatchSupport$2
Event: 4.626 Loading class java/awt/WaitDispatchSupport$2 done
Event: 4.626 Loading class java/awt/WaitDispatchSupport$4
Event: 4.626 Loading class java/awt/WaitDispatchSupport$4 done
Event: 4.627 Loading class sun/awt/ModalExclude
Event: 4.627 Loading class sun/awt/ModalExclude done
Event: 4.629 Loading class java/awt/geom/Ellipse2D$Float
Event: 4.629 Loading class java/awt/geom/Ellipse2D
Event: 4.629 Loading class java/awt/geom/Ellipse2D done
Event: 4.629 Loading class java/awt/geom/Ellipse2D$Float done
Event: 4.630 Loading class java/awt/geom/EllipseIterator
Event: 4.630 Loading class java/awt/geom/EllipseIterator done
Event: 5.475 Loading class sun/awt/SunToolkit$1
Event: 5.475 Loading class sun/awt/SunToolkit$1 done
Event: 5.753 Loading class java/awt/Canvas
Event: 5.753 Loading class java/awt/Canvas done
Event: 5.753 Loading class java/awt/Scrollbar
Event: 5.754 Loading class java/awt/Scrollbar done

Classes unloaded (0 events):
No events

Classes redefined (0 events):
No events

Internal exceptions (20 events):
Event: 0.525 Thread 0x000001a4927048c0 Exception <a 'java/lang/IncompatibleClassChangeError'{0x0000000711c9b498}: Found class java.lang.Object, but interface was expected> (0x0000000711c9b498) 
thrown [s\open\src\hotspot\share\interpreter\linkResolver.cpp, line 841]
Event: 0.534 Thread 0x000001a4927048c0 Exception <a 'java/lang/ClassNotFoundException'{0x0000000711cda2c8}: net/miginfocom/layout/UnitValueCustomizer> (0x0000000711cda2c8) 
thrown [s\open\src\hotspot\share\classfile\systemDictionary.cpp, line 313]
Event: 0.536 Thread 0x000001a4927048c0 Exception <a 'java/lang/ClassNotFoundException'{0x0000000711ceb8e8}: java/lang/ObjectCustomizer> (0x0000000711ceb8e8) 
thrown [s\open\src\hotspot\share\classfile\systemDictionary.cpp, line 313]
Event: 0.536 Thread 0x000001a4927048c0 Exception <a 'java/lang/ClassNotFoundException'{0x0000000711cf1780}: net/miginfocom/layout/BoundSizeCustomizer> (0x0000000711cf1780) 
thrown [s\open\src\hotspot\share\classfile\systemDictionary.cpp, line 313]
Event: 0.548 Thread 0x000001a4927048c0 Exception <a 'java/lang/NoSuchMethodError'{0x0000000711d30140}: 'void java.lang.invoke.DirectMethodHandle$Holder.invokeVirtual(java.lang.Object, java.lang.Object)'> (0x0000000711d30140) 
thrown [s\open\src\hotspot\share\interpreter\linkResolver.cpp, line 774]
Event: 0.550 Thread 0x000001a4927048c0 Exception <a 'java/lang/NoSuchMethodError'{0x0000000711d3e628}: 'int java.lang.invoke.DirectMethodHandle$Holder.invokeSpecial(java.lang.Object, java.lang.Object, java.lang.Object)'> (0x0000000711d3e628) 
thrown [s\open\src\hotspot\share\interpreter\linkResolver.cpp, line 774]
Event: 0.744 Thread 0x000001a4927048c0 Exception <a 'java/lang/NoSuchMethodError'{0x0000000713096a90}: 'void java.lang.invoke.DirectMethodHandle$Holder.invokeStaticInit(java.lang.Object)'> (0x0000000713096a90) 
thrown [s\open\src\hotspot\share\interpreter\linkResolver.cpp, line 774]
Event: 0.841 Thread 0x000001a4927048c0 Exception <a 'java/lang/NoSuchMethodError'{0x0000000711e34d78}: 'int java.lang.invoke.DirectMethodHandle$Holder.invokeVirtual(java.lang.Object, java.lang.Object)'> (0x0000000711e34d78) 
thrown [s\open\src\hotspot\share\interpreter\linkResolver.cpp, line 774]
Event: 0.847 Thread 0x000001a4927048c0 Implicit null exception at 0x000001a4a48d6028 to 0x000001a4a48d614c
Event: 0.928 Thread 0x000001a4927048c0 Exception <a 'java/lang/NoSuchMethodError'{0x0000000711c325f0}: 'void java.lang.invoke.DirectMethodHandle$Holder.invokeStatic(java.lang.Object, java.lang.Object, java.lang.Object)'> (0x0000000711c325f0) 
thrown [s\open\src\hotspot\share\interpreter\linkResolver.cpp, line 774]
Event: 0.962 Thread 0x000001a4927048c0 Implicit null exception at 0x000001a4a490c2a3 to 0x000001a4a490c67c
Event: 0.964 Thread 0x000001a4927048c0 Implicit null exception at 0x000001a4a4916bab to 0x000001a4a49187c0
Event: 0.989 Thread 0x000001a4927048c0 Exception <a 'java/lang/NoSuchMethodError'{0x0000000711d8f308}: 'void java.lang.invoke.Invokers$Holder.invokeExact_MT(java.lang.Object, java.lang.Object, java.lang.Object, java.lang.Object)'> (0x0000000711d8f308) 
thrown [s\open\src\hotspot\share\interpreter\linkResolver.cpp, line 774]
Event: 1.635 Thread 0x000001a4fa4a4ed0 Exception <a 'java/lang/NoSuchMethodError'{0x000000071304dc40}: 'java.lang.Object java.lang.invoke.DirectMethodHandle$Holder.newInvokeSpecial(java.lang.Object, java.lang.Object, java.lang.Object, java.lang.Object, java.lang.Object, java.lang.Object, java.lang.Object)'> (0x000000071304dc40) 
thrown [s\open\src\hotspot\share\interpreter\linkResolver.cpp, line 774]
Event: 1.637 Thread 0x000001a4fa4a4ed0 Exception <a 'java/lang/NoSuchMethodError'{0x000000071305e818}: 'void java.lang.invoke.DirectMethodHandle$Holder.invokeSpecial(java.lang.Object, java.lang.Object, java.lang.Object, java.lang.Object, java.lang.Object)'> (0x000000071305e818) 
thrown [s\open\src\hotspot\share\interpreter\linkResolver.cpp, line 774]
Event: 1.649 Thread 0x000001a4fa4a4ed0 Exception <a 'java/lang/NoSuchMethodError'{0x0000000713073048}: 'int java.lang.invoke.DirectMethodHandle$Holder.invokeSpecial(java.lang.Object, java.lang.Object, java.lang.Object, int)'> (0x0000000713073048) 
thrown [s\open\src\hotspot\share\interpreter\linkResolver.cpp, line 774]
Event: 1.650 Thread 0x000001a4fa4a4ed0 Exception <a 'java/lang/NoSuchMethodError'{0x00000007130f80b8}: 'java.lang.Object java.lang.invoke.DirectMethodHandle$Holder.invokeStatic(java.lang.Object, java.lang.Object, java.lang.Object, java.lang.Object, int)'> (0x00000007130f80b8) 
thrown [s\open\src\hotspot\share\interpreter\linkResolver.cpp, line 774]
Event: 1.650 Thread 0x000001a4fa4a4ed0 Exception <a 'java/lang/NoSuchMethodError'{0x00000007131033a0}: 'int java.lang.invoke.DelegatingMethodHandle$Holder.reinvoke_L(java.lang.Object, java.lang.Object, int, int)'> (0x00000007131033a0) 
thrown [s\open\src\hotspot\share\interpreter\linkResolver.cpp, line 774]
Event: 1.651 Thread 0x000001a4fa4a4ed0 Exception <a 'java/lang/NoSuchMethodError'{0x0000000713111470}: 'java.lang.Object java.lang.invoke.Invokers$Holder.invokeExact_MT(java.lang.Object, java.lang.Object, java.lang.Object, java.lang.Object, java.lang.Object)'> (0x0000000713111470) 
thrown [s\open\src\hotspot\share\interpreter\linkResolver.cpp, line 774]
Event: 5.479 Thread 0x000001a4fa4a4ed0 Implicit null exception at 0x000001a4a48de75e to 0x000001a4a48de930

ZGC Phase Switch (0 events):
No events

VM Operations (20 events):
Event: 1.019 Executing VM operation: ICBufferFull
Event: 1.019 Executing VM operation: ICBufferFull done
Event: 1.130 Executing VM operation: HandshakeAllThreads (Deoptimize)
Event: 1.130 Executing VM operation: HandshakeAllThreads (Deoptimize) done
Event: 1.149 Executing VM operation: HandshakeAllThreads (Deoptimize)
Event: 1.149 Executing VM operation: HandshakeAllThreads (Deoptimize) done
Event: 1.156 Executing VM operation: HandshakeAllThreads (Deoptimize)
Event: 1.156 Executing VM operation: HandshakeAllThreads (Deoptimize) done
Event: 1.160 Executing VM operation: G1CollectForAllocation (G1 Evacuation Pause)
Event: 1.166 Executing VM operation: G1CollectForAllocation (G1 Evacuation Pause) done
Event: 1.663 Executing VM operation: ICBufferFull
Event: 1.663 Executing VM operation: ICBufferFull done
Event: 2.677 Executing VM operation: Cleanup
Event: 2.677 Executing VM operation: Cleanup done
Event: 3.691 Executing VM operation: Cleanup
Event: 3.691 Executing VM operation: Cleanup done
Event: 4.703 Executing VM operation: Cleanup
Event: 4.703 Executing VM operation: Cleanup done
Event: 5.703 Executing VM operation: Cleanup
Event: 5.704 Executing VM operation: Cleanup done

Events (20 events):
Event: 0.152 Thread 0x000001a4fa336600 Thread added: 0x000001a4fa336600
Event: 0.153 Thread 0x000001a4fa337490 Thread added: 0x000001a4fa337490
Event: 0.220 Thread 0x000001a4fa387c10 Thread added: 0x000001a4fa387c10
Event: 0.366 Thread 0x000001a4fa4a4ed0 Thread added: 0x000001a4fa4a4ed0
Event: 0.371 Thread 0x000001a4fb3aea00 Thread added: 0x000001a4fb3aea00
Event: 0.386 Thread 0x000001a4fb463280 Thread added: 0x000001a4fb463280
Event: 0.582 Thread 0x000001a4fb67ba70 Thread added: 0x000001a4fb67ba70
Event: 0.824 Thread 0x000001a4fb6e6180 Thread added: 0x000001a4fb6e6180
Event: 0.826 Thread 0x000001a4fb6e9ac0 Thread added: 0x000001a4fb6e9ac0
Event: 1.128 Thread 0x000001a4927048c0 Thread exited: 0x000001a4927048c0
Event: 1.128 Thread 0x000001a4927048c0 Thread added: 0x000001a4927048c0
Event: 1.377 Thread 0x000001a4fb6e9ac0 Thread exited: 0x000001a4fb6e9ac0
Event: 1.377 Thread 0x000001a4fb6e6180 Thread exited: 0x000001a4fb6e6180
Event: 1.377 Thread 0x000001a4fb67ba70 Thread exited: 0x000001a4fb67ba70
Event: 1.377 Thread 0x000001a4fa387c10 Thread exited: 0x000001a4fa387c10
Event: 1.457 Thread 0x000001a4b47597b0 Thread exited: 0x000001a4b47597b0
Event: 1.713 Thread 0x000001a4fb6b79e0 Thread added: 0x000001a4fb6b79e0
Event: 2.697 Thread 0x000001a4fb463280 Thread exited: 0x000001a4fb463280
Event: 3.252 Thread 0x000001a4b47389c0 Thread exited: 0x000001a4b47389c0
Event: 5.241 Thread 0x000001a4b47172e0 Thread exited: 0x000001a4b47172e0


Dynamic libraries:
0x00007ff7721d0000 - 0x00007ff7721e0000 	C:\Program Files\Java\jdk-22\bin\java.exe
0x00007ffa02330000 - 0x00007ffa02547000 	C:\WINDOWS\SYSTEM32\ntdll.dll
0x00007ffa019b0000 - 0x00007ffa01a74000 	C:\WINDOWS\System32\KERNEL32.DLL
0x00007ff9ff980000 - 0x00007ff9ffd27000 	C:\WINDOWS\System32\KERNELBASE.dll
0x00007ff9ffe50000 - 0x00007ff9fff61000 	C:\WINDOWS\System32\ucrtbase.dll
0x00007ff9b2670000 - 0x00007ff9b268b000 	C:\Program Files\Java\jdk-22\bin\VCRUNTIME140.dll
0x00007ff9f8000000 - 0x00007ff9f8017000 	C:\Program Files\Java\jdk-22\bin\jli.dll
0x00007ffa01ce0000 - 0x00007ffa01d92000 	C:\WINDOWS\System32\ADVAPI32.dll
0x00007ffa01320000 - 0x00007ffa013c7000 	C:\WINDOWS\System32\msvcrt.dll
0x00007ffa01900000 - 0x00007ffa019a8000 	C:\WINDOWS\System32\sechost.dll
0x00007ff9fff70000 - 0x00007ff9fff98000 	C:\WINDOWS\System32\bcrypt.dll
0x00007ffa00d30000 - 0x00007ffa00e45000 	C:\WINDOWS\System32\RPCRT4.dll
0x00007ffa01b30000 - 0x00007ffa01cde000 	C:\WINDOWS\System32\USER32.dll
0x00007ff9eb0d0000 - 0x00007ff9eb363000 	C:\WINDOWS\WinSxS\amd64_microsoft.windows.common-controls_6595b64144ccf1df_6.0.22621.3527_none_270e469b73872a76\COMCTL32.dll
0x00007ff9ff6c0000 - 0x00007ff9ff6e6000 	C:\WINDOWS\System32\win32u.dll
0x00007ffa012e0000 - 0x00007ffa01309000 	C:\WINDOWS\System32\GDI32.dll
0x00007ff9ffd30000 - 0x00007ff9ffe49000 	C:\WINDOWS\System32\gdi32full.dll
0x00007ff9ff8e0000 - 0x00007ff9ff97a000 	C:\WINDOWS\System32\msvcp_win.dll
0x00007ff9f4060000 - 0x00007ff9f406a000 	C:\WINDOWS\SYSTEM32\VERSION.dll
0x00007ffa002b0000 - 0x00007ffa002e1000 	C:\WINDOWS\System32\IMM32.DLL
0x00007ff9b9fa0000 - 0x00007ff9b9fac000 	C:\Program Files\Java\jdk-22\bin\vcruntime140_1.dll
0x00007ff9a48a0000 - 0x00007ff9a492e000 	C:\Program Files\Java\jdk-22\bin\msvcp140.dll
0x00007ff968cf0000 - 0x00007ff969a38000 	C:\Program Files\Java\jdk-22\bin\server\jvm.dll
0x00007ffa01a80000 - 0x00007ffa01af1000 	C:\WINDOWS\System32\WS2_32.dll
0x00007ff9fe490000 - 0x00007ff9fe4dd000 	C:\WINDOWS\SYSTEM32\POWRPROF.dll
0x00007ff9f5b00000 - 0x00007ff9f5b34000 	C:\WINDOWS\SYSTEM32\WINMM.dll
0x00007ff9fe470000 - 0x00007ff9fe483000 	C:\WINDOWS\SYSTEM32\UMPDC.dll
0x00007ff9fe720000 - 0x00007ff9fe738000 	C:\WINDOWS\SYSTEM32\kernel.appcore.dll
0x00007ff9b4750000 - 0x00007ff9b475a000 	C:\Program Files\Java\jdk-22\bin\jimage.dll
0x00007ff9fccc0000 - 0x00007ff9fcef2000 	C:\WINDOWS\SYSTEM32\DBGHELP.DLL
0x00007ffa00e50000 - 0x00007ffa011d8000 	C:\WINDOWS\System32\combase.dll
0x00007ffa01480000 - 0x00007ffa01557000 	C:\WINDOWS\System32\OLEAUT32.dll
0x00007ff9f1c30000 - 0x00007ff9f1c62000 	C:\WINDOWS\SYSTEM32\dbgcore.DLL
0x00007ff9ff6f0000 - 0x00007ff9ff769000 	C:\WINDOWS\System32\bcryptPrimitives.dll
0x00007ff9b25c0000 - 0x00007ff9b25de000 	C:\Program Files\Java\jdk-22\bin\java.dll
0x00007ffa004d0000 - 0x00007ffa00d2c000 	C:\WINDOWS\System32\SHELL32.dll
0x00007ffa01750000 - 0x00007ffa018f5000 	C:\WINDOWS\System32\ole32.dll
0x00007ff9fd550000 - 0x00007ff9fde46000 	C:\WINDOWS\SYSTEM32\windows.storage.dll
0x00007ff9fd410000 - 0x00007ff9fd54e000 	C:\WINDOWS\SYSTEM32\wintypes.dll
0x00007ffa00380000 - 0x00007ffa00475000 	C:\WINDOWS\System32\SHCORE.dll
0x00007ffa016f0000 - 0x00007ffa0174e000 	C:\WINDOWS\System32\shlwapi.dll
0x00007ff9ff580000 - 0x00007ff9ff5a1000 	C:\WINDOWS\SYSTEM32\profapi.dll
0x00007ff9a4c20000 - 0x00007ff9a4cf7000 	C:\Program Files\Java\jdk-22\bin\jsvml.dll
0x00007ff9b28a0000 - 0x00007ff9b28b0000 	C:\Program Files\Java\jdk-22\bin\net.dll
0x00007ff9feb90000 - 0x00007ff9febf9000 	C:\WINDOWS\system32\mswsock.dll
0x00007ff9a9620000 - 0x00007ff9a9636000 	C:\Program Files\Java\jdk-22\bin\nio.dll
0x00007ff9a95d0000 - 0x00007ff9a95e7000 	C:\Program Files\Java\jdk-22\bin\zip.dll
0x00007ff99cce0000 - 0x00007ff99ce6e000 	C:\Program Files\Java\jdk-22\bin\awt.dll
0x00007ff9f9db0000 - 0x00007ff9f9e47000 	C:\WINDOWS\SYSTEM32\apphelp.dll
0x00007ff9f9e70000 - 0x00007ff9f9f1b000 	C:\WINDOWS\system32\uxtheme.dll
0x00007ffa01570000 - 0x00007ffa016c3000 	C:\WINDOWS\System32\MSCTF.dll
0x00007ff9fa070000 - 0x00007ff9fa09b000 	C:\WINDOWS\system32\DWMAPI.DLL
0x00007ff99f830000 - 0x00007ff99f8b7000 	C:\Program Files\Java\jdk-22\bin\freetype.dll
0x00007ff99b0e0000 - 0x00007ff99b1b7000 	C:\Program Files\Java\jdk-22\bin\fontmanager.dll
0x00007ff9b5690000 - 0x00007ff9b5790000 	C:\WINDOWS\system32\opengl32.dll
0x00007ff9b52c0000 - 0x00007ff9b52ed000 	C:\WINDOWS\SYSTEM32\GLU32.dll
0x00007ff9fc9b0000 - 0x00007ff9fc9e9000 	C:\WINDOWS\SYSTEM32\dxcore.dll
0x00007ff9f96f0000 - 0x00007ff9f96f6000 	C:\Users\ACER\AppData\Local\Temp\flatlaf.temp\flatlaf-windows-x86_64-1806076499163000.dll
0x00007ff9b2820000 - 0x00007ff9b2830000 	C:\Program Files\Java\jdk-22\bin\verify.dll
0x00007ffa013d0000 - 0x00007ffa01480000 	C:\WINDOWS\System32\clbcatq.dll
0x00007ff9f9180000 - 0x00007ff9f9330000 	C:\WINDOWS\SYSTEM32\WindowsCodecs.dll
0x00007ff9b4860000 - 0x00007ff9b48be000 	C:\WINDOWS\system32\dataexchange.dll
0x00007ff9f7970000 - 0x00007ff9f7bfb000 	C:\WINDOWS\system32\twinapi.appcore.dll
0x00007ff9b1fd0000 - 0x00007ff9b1fd7000 	C:\Program Files\Java\jdk-22\bin\jawt.dll
0x00007ff9ec560000 - 0x00007ff9ec6ab000 	C:\WINDOWS\SYSTEM32\textinputframework.dll
0x00007ff9f95b0000 - 0x00007ff9f96e3000 	C:\WINDOWS\SYSTEM32\CoreMessaging.dll
0x00007ff9f1620000 - 0x00007ff9f198c000 	C:\WINDOWS\SYSTEM32\CoreUIComponents.dll
0x00007ff9fee30000 - 0x00007ff9fee3c000 	C:\WINDOWS\SYSTEM32\CRYPTBASE.DLL

dbghelp: loaded successfully - version: 4.0.5 - missing functions: none
symbol engine: initialized successfully - sym options: 0x614 - pdb path: .;C:\Program Files\Java\jdk-22\bin;C:\WINDOWS\SYSTEM32;C:\WINDOWS\WinSxS\amd64_microsoft.windows.common-controls_6595b64144ccf1df_6.0.22621.3527_none_270e469b73872a76;C:\Program Files\Java\jdk-22\bin\server;C:\Users\ACER\AppData\Local\Temp\flatlaf.temp

VM Arguments:
jvm_args: -Dfile.encoding=UTF-8 --module-path=F:\IE003\UITravel\build\classes 
java_command: uitravel.UITravel
java_class_path (initial): F:\IE003\UITravel\library\TimingFramework-0.55.jar;F:\IE003\UITravel\library\datechooser-swing-1.4.1.jar;F:\IE003\UITravel\library\flatlaf-3.4.1.jar;F:\IE003\UITravel\library\flatlaf-extras-3.4.1.jar;F:\IE003\UITravel\library\jsvg-1.4.0.jar;F:\IE003\UITravel\library\miglayout-4.0.jar;F:\IE003\UITravel\library\miglayout-core.jar;F:\IE003\UITravel\library\miglayout-swing.jar;F:\IE003\UITravel\library\svgSalamander-1.1.4.jar;F:\IE003\UITravel\library\swing-datetime-picker-1.2.0.jar;F:\IE003\UITravel\library\adyen-java-api-library-25.1.0.jar;C:\Program Files\NetBeans-21\netbeans\java\modules\ext\AbsoluteLayout.jar;F:\IE003\UITravel\library\jar_files\animal-sniffer-annotations-1.23.jar;F:\IE003\UITravel\library\jar_files\annotations-4.1.1.4.jar;F:\IE003\UITravel\library\jar_files\api-common-2.31.0.jar;F:\IE003\UITravel\library\jar_files\auto-value-annotations-1.10.4.jar;F:\IE003\UITravel\library\jar_files\checker-qual-3.42.0.jar;F:\IE003\UITravel\library\jar_files\commons-codec-1.16.1.jar;F:\IE003\UITravel\library\jar_files\commons-logging-1.2.jar;F:\IE003\UITravel\library\jar_files\conscrypt-openjdk-uber-2.5.2.jar;F:\IE003\UITravel\library\jar_files\error_prone_annotations-2.23.0.jar;F:\IE003\UITravel\library\jar_files\failureaccess-1.0.2.jar;F:\IE003\UITravel\library\jar_files\firebase-admin-9.3.0.jar;F:\IE003\UITravel\library\jar_files\gapic-google-cloud-storage-v2-2.38.0-alpha.jar;F:\IE003\UITravel\library\jar_files\gax-2.48.0.jar;F:\IE003\UITravel\library\jar_files\gax-grpc-2.48.0.jar;F:\IE003\UITravel\library\jar_files\gax-httpjson-2.48.0.jar;F:\IE003\UITravel\library\jar_files\google-api-client-2.4.0.jar;F:\IE003\UITravel\library\jar_files\google-api-client-gson-2.4.0.jar;F:\IE003\UITravel\library\jar_files\google-api-services-storage-v1-rev20240319-2.0.0.jar;F:\IE003\UITravel\library\jar_files\google-auth-library-credentials-1.23.0.jar;F:\IE003\UITravel\library\jar_files\google-auth-library-oauth2-http-1.23.0.jar;F:\IE003\UITravel\library\jar_files\google-cloud-core-2.38.0.jar;F:\IE003\UITravel\library\jar_files\google-cloud-core-grpc-2.38.0.jar;F:\IE003\UITravel\library\jar_files\google-cloud-core-http-2.38.0.jar;F:\IE003\UITravel\library\jar_files\google-cloud-firestore-3.21.1.jar;F:\IE003\UITravel\library\jar_files\google-cloud-storage-2.38.0.jar;F:\IE003\UITravel\library\jar_files\google-http-client-1.44.1.jar;F:\IE003\UITravel\library\jar_files\google-http-client-apache-v2-1.44.1.jar;F:\IE003\UITravel\library\jar_files\google-http-client-appengine-1.44.1.jar;F:\IE003\UITravel\library\jar_files\google-http-client-gson-1.44.1.jar;F:\IE003\UITravel\library\jar_files\google-http-client-jackson2-1.44.1.jar;F:\IE003\UITravel\library\jar_files\google-oauth-client-1.35.0.jar;F:\IE003\UITravel\library\jar_files\grpc-alts-1.62.2.jar;F:\IE003\UITravel\library\jar_files\grpc-api-1.62.2.jar;F:\IE003\UITravel\library\jar_files\grpc-auth-1.62.2.jar;F:\IE003\UITravel\library\jar_files\grpc-context-1.60.1.jar;F:\IE003\UITravel\library\jar_files\grpc-core-1.62.2.jar;F:\IE003\UITravel\library\jar_files\grpc-google-cloud-storage-v2-2.38.0-alpha.jar;F:\IE003\UITravel\library\jar_files\grpc-googleapis-1.62.2.jar;F:\IE003\UITravel\library\jar_files\grpc-grpclb-1.62.2.jar;F:\IE003\UITravel\library\jar_files\grpc-inprocess-1.62.2.jar;F:\IE003\UITravel\library\jar_files\grpc-netty-shaded-1.62.2.jar;F:\IE003\UITravel\library\jar_files\grpc-protobuf-1.62.2.jar;F:\IE003\UITravel\library\jar_files\grpc-protobuf-lite-1.62.2.jar;F:\IE003\UITravel\library\jar_files\grpc-rls-1.62.2.jar;F:\IE003\UITravel\library\jar_files\grpc-services-1.62.2.jar;F:\IE003\UITravel\library\jar_files\grpc-stub-1.62.2.jar;F:\IE003\UITravel\library\jar_files\grpc-util-1.62.2.jar;F:\IE003\UITravel\library\jar_files\grpc-xds-1.62.2.jar;F:\IE003\UITravel\library\jar_files\gson-2.10.1.jar;F:\IE003\UITravel\library\jar_files\guava-33.1.0-jre.jar;F:\IE003\UITravel\library\jar_files\httpclient-4.5.14.jar;F:\IE003\UITravel\library\jar_files\httpcore-4.4.16.jar;F:\IE003\UITravel\library\jar_files\j2objc-annotations-2.8.jar;F:\IE003\UITravel\library\jar_files\jackson-core-2.17.0.jar;F:\IE003\UITravel\library\jar_files\javax.annotation-api-1.3.2.jar;F:\IE003\UITravel\library\jar_files\jsr305-3.0.2.jar;F:\IE003\UITravel\library\jar_files\listenablefuture-9999.0-empty-to-avoid-conflict-with-guava.jar;F:\IE003\UITravel\library\jar_files\netty-buffer-4.1.109.Final.jar;F:\IE003\UITravel\library\jar_files\netty-codec-4.1.109.Final.jar;F:\IE003\UITravel\library\jar_files\netty-codec-http-4.1.109.Final.jar;F:\IE003\UITravel\library\jar_files\netty-common-4.1.109.Final.jar;F:\IE003\UITravel\library\jar_files\netty-handler-4.1.109.Final.jar;F:\IE003\UITravel\library\jar_files\netty-resolver-4.1.109.Final.jar;F:\IE003\UITravel\library\jar_files\netty-transport-4.1.109.Final.jar;F:\IE003\UITravel\library\jar_files\netty-transport-native-unix-common-4.1.109.Final.jar;F:\IE003\UITravel\library\jar_files\opencensus-api-0.31.1.jar;F:\IE003\UITravel\library\jar_files\opencensus-contrib-grpc-util-0.31.1.jar;F:\IE003\UITravel\library\jar_files\opencensus-contrib-http-util-0.31.1.jar;F:\IE003\UITravel\library\jar_files\opencensus-proto-0.2.0.jar;F:\IE003\UITravel\library\jar_files\perfmark-api-0.27.0.jar;F:\IE003\UITravel\library\jar_files\proto-google-cloud-firestore-bundle-v1-3.21.1.jar;F:\IE003\UITravel\library\jar_files\proto-google-cloud-firestore-v1-3.21.1.jar;F:\IE003\UITravel\library\jar_files\proto-google-cloud-storage-v2-2.38.0-alpha.jar;F:\IE003\UITravel\library\jar_files\proto-google-common-protos-2.39.0.jar;F:\IE003\UITravel\library\jar_files\proto-google-iam-v1-1.34.0.jar;F:\IE003\UITravel\library\jar_files\protobuf-java-3.25.3.jar;F:\IE003\UITravel\library\jar_files\protobuf-java-util-3.25.3.jar;F:\IE003\UITravel\library\jar_files\re2j-1.7.jar;F:\IE003\UITravel\library\jar_files\slf4j-api-2.0.13.jar;F:\IE003\UITravel\library\jar_files\threetenbp-1.6.9.jar;F:\IE003\UITravel\library\commons-lang3-3.14.0-r1.jar;F:\IE003\UITravel\library\json-20240303.jar;F:\IE003\UITravel\library\firebase-admin-5.9.0.jar;F:\IE003\UITravel\build\classes
Launcher Type: SUN_STANDARD

[Global flags]
     intx CICompilerCount                          = 12                                        {product} {ergonomic}
     uint ConcGCThreads                            = 3                                         {product} {ergonomic}
     uint G1ConcRefinementThreads                  = 13                                        {product} {ergonomic}
   size_t G1HeapRegionSize                         = 2097152                                   {product} {ergonomic}
   size_t InitialHeapSize                          = 266338304                                 {product} {ergonomic}
   size_t MarkStackSize                            = 4194304                                   {product} {ergonomic}
   size_t MaxHeapSize                              = 4238344192                                {product} {ergonomic}
   size_t MaxNewSize                               = 2541748224                                {product} {ergonomic}
   size_t MinHeapDeltaBytes                        = 2097152                                   {product} {ergonomic}
   size_t MinHeapSize                              = 8388608                                   {product} {ergonomic}
    uintx NonNMethodCodeHeapSize                   = 7602480                                {pd product} {ergonomic}
    uintx NonProfiledCodeHeapSize                  = 122027880                              {pd product} {ergonomic}
    uintx ProfiledCodeHeapSize                     = 122027880                              {pd product} {ergonomic}
    uintx ReservedCodeCacheSize                    = 251658240                              {pd product} {ergonomic}
     bool SegmentedCodeCache                       = true                                      {product} {ergonomic}
   size_t SoftMaxHeapSize                          = 4238344192                             {manageable} {ergonomic}
     bool UseCompressedOops                        = true                           {product lp64_product} {ergonomic}
     bool UseG1GC                                  = true                                      {product} {ergonomic}
     bool UseLargePagesIndividualAllocation        = false                                  {pd product} {ergonomic}

Logging:
Log output configuration:
 #0: stdout all=warning uptime,level,tags foldmultilines=false
 #1: stderr all=off uptime,level,tags foldmultilines=false

Environment Variables:
JAVA_HOME=C:\Program Files\Java\jdk-22
PATH=C:\Program Files\Common Files\Oracle\Java\javapath;C:\Program Files (x86)\Common Files\Oracle\Java\javapath;C:\Program Files\Eclipse Adoptium\jdk-21.0.2.13-hotspot\bin;C:\Program Files (x86)\Common Files\Intel\Shared Libraries\redist\intel64\compiler;C:\Program Files (x86)\Common Files\Intel\Shared Libraries\redist\ia32\compiler;C:\Windows\system32;C:\Windows;C:\Windows\System32\Wbem;C:\Windows\System32\WindowsPowerShell\v1.0\;C:\Windows\System32\OpenSSH\;C:\Program Files (x86)\NVIDIA Corporation\PhysX\Common;C:\Program Files\NVIDIA Corporation\NVIDIA NvDLISR;C:\Program Files (x86)\mingw-w64\i686-8.1.0-posix-dwarf-rt_v6-rev0\mingw32\bin;C:\WINDOWS\system32;C:\WINDOWS;C:\WINDOWS\System32\Wbem;C:\WINDOWS\System32\WindowsPowerShell\v1.0\;C:\WINDOWS\System32\OpenSSH\;C:\Program Files\Microsoft SQL Server\Client SDK\ODBC\170\Tools\Binn\;C:\Program Files (x86)\Microsoft SQL Server\150\Tools\Binn\;C:\Program Files\Microsoft SQL Server\150\Tools\Binn\;C:\Program Files\Microsoft SQL Server\150\DTS\Binn\;C:\Program Files (x86)\Microsoft SQL Server\150\DTS\Binn\;C:\Program Files\Docker\Docker\resources\bin;C:\Program Files\dotnet\;C:\Program Files\nodejs\;C:\Program Files\Git\cmd;C:\Program Files\Cloudflare\Cloudflare WARP\;C:\Users\ACER\AppData\Local\Programs\Python\Python312;C:\Users\ACER\AppData\Local\Programs\Python\Python312\Scripts;C:\Program Files\heroku\bin;C:\Users\ACER\AppData\Local\Programs\Python\Python312\Scripts\;C:\Users\ACER\AppData\Local\Programs\Python\Python312\;C:\Users\ACER\AppData\Local\Microsoft\WindowsApps;C:\Users\ACER\AppData\Local\Programs\Microsoft VS Code\bin;C:\Program Files\Azure Data Studio\bin;C:\Users\ACER\AppData\Local\GitHubDesktop\bin;E:\Barebone\Compiler\win_flex_bison-2.5.4;C:\Users\ACER\AppData\Roaming\Microsoft\Windows\Start Menu\Programs\Python 3.10;C:\Users\ACER\.dotnet\tools;C:\Users\ACER\AppData\Roaming\npm;C:\Program Files (x86)\GnuWin32\bin;E:\nlp;E:\nlp\access;C:\Users\ACER\AppData\Local\Android\Sdk\emulator;C:\Users\ACER\AppData\Local\Android\android-sdk;C:\Users\ACER\AppData\Local\Android\Sdk\platform-tools;C:\Users\ACER\AppData\Local\Android\Sdk;C:\Users\ACER\AppData\Local\Android\android-sdk;C:\Program Files\Java\jdk-22\bin;C:\Program Files\Java\jre-1.8\bin;C:\Users\ACER\AppData\Local\Programs\Python\Python312;
USERNAME=ACER
OS=Windows_NT
PROCESSOR_IDENTIFIER=Intel64 Family 6 Model 141 Stepping 1, GenuineIntel
TMP=C:\Users\ACER\AppData\Local\Temp
TEMP=C:\Users\ACER\AppData\Local\Temp




Periodic native trim disabled

---------------  S Y S T E M  ---------------

OS:
 Windows 11 , 64 bit Build 22621 (10.0.22621.3527)
OS uptime: 2 days 2:10 hours
Hyper-V role detected

CPU: total 16 (initial active 16) (8 cores per cpu, 2 threads per core) family 6 model 141 stepping 1 microcode 0x3c, cx8, cmov, fxsr, ht, mmx, 3dnowpref, sse, sse2, sse3, ssse3, sse4.1, sse4.2, popcnt, lzcnt, tsc, tscinvbit, avx, avx2, aes, erms, clmul, bmi1, bmi2, adx, avx512f, avx512dq, avx512cd, avx512bw, avx512vl, sha, fma, vzeroupper, avx512_vpopcntdq, avx512_vpclmulqdq, avx512_vaes, avx512_vnni, clflush, clflushopt, clwb, avx512_vbmi2, avx512_vbmi, hv, rdtscp, rdpid, fsrm, gfni, avx512_bitalg, f16c, cet_ibt, cet_ss, avx512_ifma
Processor Information for all 16 processors :
  Max Mhz: 2304, Current Mhz: 2304, Mhz Limit: 2304

Memory: 4k page, system-wide physical 16163M (1252M free)
TotalPageFile size 22307M (AvailPageFile size 5M)
current process WorkingSet (physical memory assigned to process): 173M, peak: 177M
current process commit charge ("private bytes"): 411M, peak: 415M

vm_info: Java HotSpot(TM) 64-Bit Server VM (22+36-2370) for windows-amd64 JRE (22+36-2370), built on 2024-02-15T22:15:19Z by "mach5one" with MS VC++ 17.6 (VS2022)

END.
